TpTrace Verbose: 0 : 34772, 1, 2024/11/04, 22:34:08.105, 10683643853180, vstest.console.dll, Version: 17.11.0-release-24352-05 Current process architecture: X64
TpTrace Verbose: 0 : 34772, 1, 2024/11/04, 22:34:08.111, 10683643912877, vstest.console.dll, Runtime location: C:\Program Files\dotnet\shared\Microsoft.NETCore.App\8.0.8
TpTrace Verbose: 0 : 34772, 1, 2024/11/04, 22:34:08.123, 10683644028261, vstest.console.dll, ArtifactProcessingPostProcessModeProcessorExecutor.Initialize: ArtifactProcessingMode.Collect
TpTrace Verbose: 0 : 34772, 1, 2024/11/04, 22:34:08.123, 10683644032847, vstest.console.dll, TestSessionCorrelationIdProcessorModeProcessorExecutor.Initialize: TestSessionCorrelationId '25816_eb19d028-0459-4d4c-a234-b987322e3efc'
TpTrace Information: 0 : 34772, 1, 2024/11/04, 22:34:08.141, 10683644207950, vstest.console.dll, FilePatternParser: The given file C:\Johnny\Celsior\SoftwareEngineerTrainee\Project\MovieRentWebAPISolution\MovieRentWebApiTesting\bin\Debug\net6.0\fine-code-coverage\build-output\MovieRentWebApiTesting.dll is a full path.
TpTrace Verbose: 0 : 34772, 1, 2024/11/04, 22:34:08.158, 10683644379907, vstest.console.dll, TestPluginCache.DiscoverTestExtensions: finding test extensions in assemblies ends with: RuntimeProvider.dll TPluginInfo: Microsoft.VisualStudio.TestPlatform.Common.ExtensionFramework.Utilities.TestRuntimePluginInformation TExtension: Microsoft.VisualStudio.TestPlatform.ObjectModel.Host.ITestRuntimeProvider
TpTrace Verbose: 0 : 34772, 1, 2024/11/04, 22:34:08.158, 10683644386728, vstest.console.dll, TestPluginCache.GetExtensionPaths: Filtered extension paths: 
TpTrace Verbose: 0 : 34772, 1, 2024/11/04, 22:34:08.159, 10683644388709, vstest.console.dll, TestPluginCache.GetExtensionPaths: Added default extension paths: C:\Program Files\dotnet\sdk\8.0.400\Extensions\Microsoft.Diagnostics.NETCore.Client.dll
C:\Program Files\dotnet\sdk\8.0.400\Extensions\Microsoft.TestPlatform.Extensions.BlameDataCollector.dll
C:\Program Files\dotnet\sdk\8.0.400\Extensions\Microsoft.TestPlatform.Extensions.EventLogCollector.dll
C:\Program Files\dotnet\sdk\8.0.400\Extensions\Microsoft.TestPlatform.TestHostRuntimeProvider.dll
C:\Program Files\dotnet\sdk\8.0.400\Extensions\Microsoft.VisualStudio.TestPlatform.Extensions.Html.TestLogger.dll
C:\Program Files\dotnet\sdk\8.0.400\Extensions\Microsoft.VisualStudio.TestPlatform.Extensions.Trx.TestLogger.dll
TpTrace Verbose: 0 : 34772, 1, 2024/11/04, 22:34:08.159, 10683644389656, vstest.console.dll, TestPluginCache.GetExtensionPaths: Added unfilterableExtensionPaths: 
TpTrace Information: 0 : 34772, 1, 2024/11/04, 22:34:08.160, 10683644399076, vstest.console.dll, AssemblyResolver.ctor: Creating AssemblyResolver with searchDirectories C:\Program Files\dotnet\sdk\8.0.400\Extensions,C:\Program Files\dotnet\sdk\8.0.400
TpTrace Verbose: 0 : 34772, 1, 2024/11/04, 22:34:08.166, 10683644463103, vstest.console.dll, TestPluginCache.DiscoverTestExtensions: Discovering the extensions using extension path.
TpTrace Verbose: 0 : 34772, 1, 2024/11/04, 22:34:08.166, 10683644467032, vstest.console.dll, TestPluginCache.GetExtensionPaths: Filtered extension paths: 
TpTrace Verbose: 0 : 34772, 1, 2024/11/04, 22:34:08.167, 10683644468869, vstest.console.dll, TestPluginCache.GetExtensionPaths: Added default extension paths: C:\Program Files\dotnet\sdk\8.0.400\Extensions\Microsoft.Diagnostics.NETCore.Client.dll
C:\Program Files\dotnet\sdk\8.0.400\Extensions\Microsoft.TestPlatform.Extensions.BlameDataCollector.dll
C:\Program Files\dotnet\sdk\8.0.400\Extensions\Microsoft.TestPlatform.Extensions.EventLogCollector.dll
C:\Program Files\dotnet\sdk\8.0.400\Extensions\Microsoft.TestPlatform.TestHostRuntimeProvider.dll
C:\Program Files\dotnet\sdk\8.0.400\Extensions\Microsoft.VisualStudio.TestPlatform.Extensions.Html.TestLogger.dll
C:\Program Files\dotnet\sdk\8.0.400\Extensions\Microsoft.VisualStudio.TestPlatform.Extensions.Trx.TestLogger.dll
TpTrace Verbose: 0 : 34772, 1, 2024/11/04, 22:34:08.167, 10683644470343, vstest.console.dll, TestPluginCache.GetExtensionPaths: Added unfilterableExtensionPaths: 
TpTrace Verbose: 0 : 34772, 1, 2024/11/04, 22:34:08.167, 10683644473316, vstest.console.dll, TestPluginCache.DiscoverTestExtensions: Discovering the extensions using allExtensionPaths: C:\Program Files\dotnet\sdk\8.0.400\Extensions\Microsoft.Diagnostics.NETCore.Client.dll
C:\Program Files\dotnet\sdk\8.0.400\Extensions\Microsoft.TestPlatform.Extensions.BlameDataCollector.dll
C:\Program Files\dotnet\sdk\8.0.400\Extensions\Microsoft.TestPlatform.Extensions.EventLogCollector.dll
C:\Program Files\dotnet\sdk\8.0.400\Extensions\Microsoft.TestPlatform.TestHostRuntimeProvider.dll
C:\Program Files\dotnet\sdk\8.0.400\Extensions\Microsoft.VisualStudio.TestPlatform.Extensions.Html.TestLogger.dll
C:\Program Files\dotnet\sdk\8.0.400\Extensions\Microsoft.VisualStudio.TestPlatform.Extensions.Trx.TestLogger.dll
TpTrace Information: 0 : 34772, 1, 2024/11/04, 22:34:08.167, 10683644476190, vstest.console.dll, AssemblyResolver.AddSearchDirectories: Adding more searchDirectories C:\Program Files\dotnet\sdk\8.0.400\Extensions,C:\Program Files\dotnet\sdk\8.0.400
TpTrace Information: 0 : 34772, 1, 2024/11/04, 22:34:08.168, 10683644478055, vstest.console.dll, AssemblyResolver.AddSearchDirectories: Adding more searchDirectories C:\Program Files\dotnet\sdk\8.0.400\Extensions,C:\Program Files\dotnet\sdk\8.0.400
TpTrace Information: 0 : 34772, 1, 2024/11/04, 22:34:08.168, 10683644479100, vstest.console.dll, AssemblyResolver.AddSearchDirectories: Adding more searchDirectories C:\Program Files\dotnet\sdk\8.0.400\Extensions,C:\Program Files\dotnet\sdk\8.0.400
TpTrace Information: 0 : 34772, 1, 2024/11/04, 22:34:08.168, 10683644480080, vstest.console.dll, AssemblyResolver.AddSearchDirectories: Adding more searchDirectories C:\Program Files\dotnet\sdk\8.0.400\Extensions,C:\Program Files\dotnet\sdk\8.0.400
TpTrace Information: 0 : 34772, 1, 2024/11/04, 22:34:08.168, 10683644480908, vstest.console.dll, AssemblyResolver.AddSearchDirectories: Adding more searchDirectories C:\Program Files\dotnet\sdk\8.0.400\Extensions,C:\Program Files\dotnet\sdk\8.0.400
TpTrace Information: 0 : 34772, 1, 2024/11/04, 22:34:08.168, 10683644481791, vstest.console.dll, AssemblyResolver.AddSearchDirectories: Adding more searchDirectories C:\Program Files\dotnet\sdk\8.0.400\Extensions,C:\Program Files\dotnet\sdk\8.0.400
TpTrace Information: 0 : 34772, 1, 2024/11/04, 22:34:08.169, 10683644491652, vstest.console.dll, AssemblyResolver.OnResolve: Microsoft.Diagnostics.NETCore.Client: Resolving assembly.
TpTrace Information: 0 : 34772, 1, 2024/11/04, 22:34:08.169, 10683644493869, vstest.console.dll, AssemblyResolver.OnResolve: Microsoft.Diagnostics.NETCore.Client: Searching in: 'C:\Program Files\dotnet\sdk\8.0.400\Extensions'.
TpTrace Information: 0 : 34772, 1, 2024/11/04, 22:34:08.201, 10683644808426, vstest.console.dll, AssemblyResolver.OnResolve: Microsoft.Diagnostics.NETCore.Client: Loading assembly 'C:\Program Files\dotnet\sdk\8.0.400\Extensions\Microsoft.Diagnostics.NETCore.Client.dll'.
TpTrace Information: 0 : 34772, 1, 2024/11/04, 22:34:08.205, 10683644849412, vstest.console.dll, AssemblyResolver.OnResolve: Resolved assembly: Microsoft.Diagnostics.NETCore.Client, from path: C:\Program Files\dotnet\sdk\8.0.400\Extensions\Microsoft.Diagnostics.NETCore.Client.dll
TpTrace Verbose: 0 : 34772, 1, 2024/11/04, 22:34:08.217, 10683644971046, vstest.console.dll, MetadataReaderExtensionsHelper: Discovering extensions inside assembly 'Microsoft.Diagnostics.NETCore.Client, Version=0.2.10.30701, Culture=neutral, PublicKeyToken=31bf3856ad364e35' file path 'C:\Program Files\dotnet\sdk\8.0.400\Extensions\Microsoft.Diagnostics.NETCore.Client.dll'
TpTrace Information: 0 : 34772, 1, 2024/11/04, 22:34:08.238, 10683645186086, vstest.console.dll, AssemblyResolver.OnResolve: Microsoft.Bcl.AsyncInterfaces: Resolving assembly.
TpTrace Information: 0 : 34772, 1, 2024/11/04, 22:34:08.239, 10683645188723, vstest.console.dll, AssemblyResolver.OnResolve: Microsoft.Bcl.AsyncInterfaces: Searching in: 'C:\Program Files\dotnet\sdk\8.0.400\Extensions'.
TpTrace Information: 0 : 34772, 1, 2024/11/04, 22:34:08.239, 10683645190745, vstest.console.dll, AssemblyResolver.OnResolve: Microsoft.Bcl.AsyncInterfaces: Assembly path does not exist: 'C:\Program Files\dotnet\sdk\8.0.400\Extensions\Microsoft.Bcl.AsyncInterfaces.dll', returning.
TpTrace Information: 0 : 34772, 1, 2024/11/04, 22:34:08.239, 10683645193086, vstest.console.dll, AssemblyResolver.OnResolve: Microsoft.Bcl.AsyncInterfaces: Assembly path does not exist: 'C:\Program Files\dotnet\sdk\8.0.400\Extensions\Microsoft.Bcl.AsyncInterfaces.exe', returning.
TpTrace Information: 0 : 34772, 1, 2024/11/04, 22:34:08.239, 10683645193835, vstest.console.dll, AssemblyResolver.OnResolve: Microsoft.Bcl.AsyncInterfaces: Searching in: 'C:\Program Files\dotnet\sdk\8.0.400'.
TpTrace Information: 0 : 34772, 1, 2024/11/04, 22:34:08.239, 10683645194969, vstest.console.dll, AssemblyResolver.OnResolve: Microsoft.Bcl.AsyncInterfaces: Assembly path does not exist: 'C:\Program Files\dotnet\sdk\8.0.400\Microsoft.Bcl.AsyncInterfaces.dll', returning.
TpTrace Information: 0 : 34772, 1, 2024/11/04, 22:34:08.239, 10683645196377, vstest.console.dll, AssemblyResolver.OnResolve: Microsoft.Bcl.AsyncInterfaces: Assembly path does not exist: 'C:\Program Files\dotnet\sdk\8.0.400\Microsoft.Bcl.AsyncInterfaces.exe', returning.
TpTrace Information: 0 : 34772, 1, 2024/11/04, 22:34:08.239, 10683645197140, vstest.console.dll, AssemblyResolver.OnResolve: Microsoft.Bcl.AsyncInterfaces: Failed to load assembly.
TpTrace Verbose: 0 : 34772, 1, 2024/11/04, 22:34:08.240, 10683645198041, vstest.console.dll, CurrentDomainAssemblyResolve: Resolving assembly 'Microsoft.Bcl.AsyncInterfaces'.
TpTrace Information: 0 : 34772, 1, 2024/11/04, 22:34:08.240, 10683645199488, vstest.console.dll, AssemblyResolver.OnResolve: Microsoft.Bcl.AsyncInterfaces: Resolving assembly.
TpTrace Information: 0 : 34772, 1, 2024/11/04, 22:34:08.240, 10683645201482, vstest.console.dll, AssemblyResolver.OnResolve: Microsoft.Bcl.AsyncInterfaces: Resolved from cache.
TpTrace Verbose: 0 : 34772, 1, 2024/11/04, 22:34:08.240, 10683645205730, vstest.console.dll, CurrentDomainAssemblyResolve: Resolving assembly 'Microsoft.Bcl.AsyncInterfaces'.
TpTrace Verbose: 0 : 34772, 1, 2024/11/04, 22:34:08.241, 10683645208056, vstest.console.dll, CurrentDomainAssemblyResolve: Failed to resolve assembly 'Microsoft.Bcl.AsyncInterfaces'.
TpTrace Verbose: 0 : 34772, 1, 2024/11/04, 22:34:08.245, 10683645251958, vstest.console.dll, CurrentDomainAssemblyResolve: Failed to resolve assembly 'Microsoft.Bcl.AsyncInterfaces'.
TpTrace Warning: 0 : 34772, 1, 2024/11/04, 22:34:08.282, 10683645624399, vstest.console.dll, TestPluginDiscoverer: Failed to get types from assembly 'Microsoft.Diagnostics.NETCore.Client, Version=0.2.10.30701, Culture=neutral, PublicKeyToken=31bf3856ad364e35'. Error: System.Reflection.ReflectionTypeLoadException: Unable to load one or more of the requested types.
Could not load file or assembly 'Microsoft.Bcl.AsyncInterfaces, Version=6.0.0.0, Culture=neutral, PublicKeyToken=cc7b13ffcd2ddd51'. The system cannot find the file specified.
   at System.Reflection.RuntimeModule.GetTypes(RuntimeModule module)
   at System.Reflection.RuntimeModule.GetTypes()
   at Microsoft.VisualStudio.TestPlatform.Common.ExtensionFramework.TestPluginDiscoverer.GetTestExtensionsFromAssembly[TPluginInfo,TExtension](Assembly assembly, Dictionary`2 pluginInfos, String filePath) in /_/src/Microsoft.TestPlatform.Common/ExtensionFramework/TestPluginDiscoverer.cs:line 158
System.IO.FileNotFoundException: Could not load file or assembly 'Microsoft.Bcl.AsyncInterfaces, Version=6.0.0.0, Culture=neutral, PublicKeyToken=cc7b13ffcd2ddd51'. The system cannot find the file specified.
File name: 'Microsoft.Bcl.AsyncInterfaces, Version=6.0.0.0, Culture=neutral, PublicKeyToken=cc7b13ffcd2ddd51'
 ---> System.IO.FileNotFoundException: Could not load file or assembly 'Microsoft.Bcl.AsyncInterfaces, Culture=neutral, PublicKeyToken=null'. The system cannot find the file specified.
File name: 'Microsoft.Bcl.AsyncInterfaces, Culture=neutral, PublicKeyToken=null'
   at System.Reflection.RuntimeAssembly.InternalLoad(AssemblyName assemblyName, StackCrawlMark& stackMark, AssemblyLoadContext assemblyLoadContext, RuntimeAssembly requestingAssembly, Boolean throwOnFileNotFound)
   at System.Reflection.Assembly.Load(AssemblyName assemblyRef)
   at Microsoft.VisualStudio.TestPlatform.Common.ExtensionFramework.TestPluginCache.CurrentDomainAssemblyResolve(Object sender, AssemblyResolveEventArgs args) in /_/src/Microsoft.TestPlatform.Common/ExtensionFramework/TestPluginCache.cs:line 513
   at System.Runtime.Loader.AssemblyLoadContext.GetFirstResolvedAssemblyFromResolvingEvent(AssemblyName assemblyName)
   at System.Runtime.Loader.AssemblyLoadContext.ResolveUsingEvent(AssemblyName assemblyName)
   at System.Runtime.Loader.AssemblyLoadContext.ResolveUsingResolvingEvent(IntPtr gchManagedAssemblyLoadContext, AssemblyName assemblyName)
TpTrace Warning: 0 : 34772, 1, 2024/11/04, 22:34:08.283, 10683645630871, vstest.console.dll, LoaderExceptions: System.IO.FileNotFoundException: Could not load file or assembly 'Microsoft.Bcl.AsyncInterfaces, Version=6.0.0.0, Culture=neutral, PublicKeyToken=cc7b13ffcd2ddd51'. The system cannot find the file specified.
File name: 'Microsoft.Bcl.AsyncInterfaces, Version=6.0.0.0, Culture=neutral, PublicKeyToken=cc7b13ffcd2ddd51'
 ---> System.IO.FileNotFoundException: Could not load file or assembly 'Microsoft.Bcl.AsyncInterfaces, Culture=neutral, PublicKeyToken=null'. The system cannot find the file specified.
File name: 'Microsoft.Bcl.AsyncInterfaces, Culture=neutral, PublicKeyToken=null'
   at System.Reflection.RuntimeAssembly.InternalLoad(AssemblyName assemblyName, StackCrawlMark& stackMark, AssemblyLoadContext assemblyLoadContext, RuntimeAssembly requestingAssembly, Boolean throwOnFileNotFound)
   at System.Reflection.Assembly.Load(AssemblyName assemblyRef)
   at Microsoft.VisualStudio.TestPlatform.Common.ExtensionFramework.TestPluginCache.CurrentDomainAssemblyResolve(Object sender, AssemblyResolveEventArgs args) in /_/src/Microsoft.TestPlatform.Common/ExtensionFramework/TestPluginCache.cs:line 513
   at System.Runtime.Loader.AssemblyLoadContext.GetFirstResolvedAssemblyFromResolvingEvent(AssemblyName assemblyName)
   at System.Runtime.Loader.AssemblyLoadContext.ResolveUsingEvent(AssemblyName assemblyName)
   at System.Runtime.Loader.AssemblyLoadContext.ResolveUsingResolvingEvent(IntPtr gchManagedAssemblyLoadContext, AssemblyName assemblyName)
TpTrace Information: 0 : 34772, 1, 2024/11/04, 22:34:08.283, 10683645633630, vstest.console.dll, AssemblyResolver.OnResolve: Microsoft.TestPlatform.Extensions.BlameDataCollector: Resolving assembly.
TpTrace Information: 0 : 34772, 1, 2024/11/04, 22:34:08.283, 10683645634613, vstest.console.dll, AssemblyResolver.OnResolve: Microsoft.TestPlatform.Extensions.BlameDataCollector: Searching in: 'C:\Program Files\dotnet\sdk\8.0.400\Extensions'.
TpTrace Information: 0 : 34772, 1, 2024/11/04, 22:34:08.285, 10683645657040, vstest.console.dll, AssemblyResolver.OnResolve: Microsoft.TestPlatform.Extensions.BlameDataCollector: Loading assembly 'C:\Program Files\dotnet\sdk\8.0.400\Extensions\Microsoft.TestPlatform.Extensions.BlameDataCollector.dll'.
TpTrace Information: 0 : 34772, 1, 2024/11/04, 22:34:08.289, 10683645696793, vstest.console.dll, AssemblyResolver.OnResolve: Resolved assembly: Microsoft.TestPlatform.Extensions.BlameDataCollector, from path: C:\Program Files\dotnet\sdk\8.0.400\Extensions\Microsoft.TestPlatform.Extensions.BlameDataCollector.dll
TpTrace Verbose: 0 : 34772, 1, 2024/11/04, 22:34:08.290, 10683645700857, vstest.console.dll, MetadataReaderExtensionsHelper: Discovering extensions inside assembly 'Microsoft.TestPlatform.Extensions.BlameDataCollector, Version=15.0.0.0, Culture=neutral, PublicKeyToken=b03f5f7f11d50a3a' file path 'C:\Program Files\dotnet\sdk\8.0.400\Extensions\Microsoft.TestPlatform.Extensions.BlameDataCollector.dll'
TpTrace Information: 0 : 34772, 1, 2024/11/04, 22:34:08.296, 10683645762011, vstest.console.dll, AssemblyResolver.OnResolve: Microsoft.TestPlatform.Extensions.EventLogCollector: Resolving assembly.
TpTrace Information: 0 : 34772, 1, 2024/11/04, 22:34:08.296, 10683645765362, vstest.console.dll, AssemblyResolver.OnResolve: Microsoft.TestPlatform.Extensions.EventLogCollector: Searching in: 'C:\Program Files\dotnet\sdk\8.0.400\Extensions'.
TpTrace Information: 0 : 34772, 1, 2024/11/04, 22:34:08.298, 10683645785204, vstest.console.dll, AssemblyResolver.OnResolve: Microsoft.TestPlatform.Extensions.EventLogCollector: Loading assembly 'C:\Program Files\dotnet\sdk\8.0.400\Extensions\Microsoft.TestPlatform.Extensions.EventLogCollector.dll'.
TpTrace Information: 0 : 34772, 1, 2024/11/04, 22:34:08.301, 10683645816025, vstest.console.dll, AssemblyResolver.OnResolve: Resolved assembly: Microsoft.TestPlatform.Extensions.EventLogCollector, from path: C:\Program Files\dotnet\sdk\8.0.400\Extensions\Microsoft.TestPlatform.Extensions.EventLogCollector.dll
TpTrace Verbose: 0 : 34772, 1, 2024/11/04, 22:34:08.301, 10683645817866, vstest.console.dll, MetadataReaderExtensionsHelper: Discovering extensions inside assembly 'Microsoft.TestPlatform.Extensions.EventLogCollector, Version=15.0.0.0, Culture=neutral, PublicKeyToken=b03f5f7f11d50a3a' file path 'C:\Program Files\dotnet\sdk\8.0.400\Extensions\Microsoft.TestPlatform.Extensions.EventLogCollector.dll'
TpTrace Information: 0 : 34772, 1, 2024/11/04, 22:34:08.315, 10683645952794, vstest.console.dll, AssemblyResolver.OnResolve: Microsoft.TestPlatform.TestHostRuntimeProvider: Resolving assembly.
TpTrace Information: 0 : 34772, 1, 2024/11/04, 22:34:08.315, 10683645954710, vstest.console.dll, AssemblyResolver.OnResolve: Microsoft.TestPlatform.TestHostRuntimeProvider: Searching in: 'C:\Program Files\dotnet\sdk\8.0.400\Extensions'.
TpTrace Information: 0 : 34772, 1, 2024/11/04, 22:34:08.317, 10683645970437, vstest.console.dll, AssemblyResolver.OnResolve: Microsoft.TestPlatform.TestHostRuntimeProvider: Loading assembly 'C:\Program Files\dotnet\sdk\8.0.400\Extensions\Microsoft.TestPlatform.TestHostRuntimeProvider.dll'.
TpTrace Information: 0 : 34772, 1, 2024/11/04, 22:34:08.321, 10683646009871, vstest.console.dll, AssemblyResolver.OnResolve: Resolved assembly: Microsoft.TestPlatform.TestHostRuntimeProvider, from path: C:\Program Files\dotnet\sdk\8.0.400\Extensions\Microsoft.TestPlatform.TestHostRuntimeProvider.dll
TpTrace Verbose: 0 : 34772, 1, 2024/11/04, 22:34:08.321, 10683646012194, vstest.console.dll, MetadataReaderExtensionsHelper: Discovering extensions inside assembly 'Microsoft.TestPlatform.TestHostRuntimeProvider, Version=15.0.0.0, Culture=neutral, PublicKeyToken=b03f5f7f11d50a3a' file path 'C:\Program Files\dotnet\sdk\8.0.400\Extensions\Microsoft.TestPlatform.TestHostRuntimeProvider.dll'
TpTrace Information: 0 : 34772, 1, 2024/11/04, 22:34:08.324, 10683646047119, vstest.console.dll, GetTestExtensionFromType: Register extension with identifier data 'HostProvider://DefaultTestHost' and type 'Microsoft.VisualStudio.TestPlatform.CrossPlatEngine.Hosting.DefaultTestHostManager, Microsoft.TestPlatform.TestHostRuntimeProvider, Version=15.0.0.0, Culture=neutral, PublicKeyToken=b03f5f7f11d50a3a' inside file 'C:\Program Files\dotnet\sdk\8.0.400\Extensions\Microsoft.TestPlatform.TestHostRuntimeProvider.dll'
TpTrace Information: 0 : 34772, 1, 2024/11/04, 22:34:08.325, 10683646051744, vstest.console.dll, GetTestExtensionFromType: Register extension with identifier data 'HostProvider://DotnetTestHost' and type 'Microsoft.VisualStudio.TestPlatform.CrossPlatEngine.Hosting.DotnetTestHostManager, Microsoft.TestPlatform.TestHostRuntimeProvider, Version=15.0.0.0, Culture=neutral, PublicKeyToken=b03f5f7f11d50a3a' inside file 'C:\Program Files\dotnet\sdk\8.0.400\Extensions\Microsoft.TestPlatform.TestHostRuntimeProvider.dll'
TpTrace Information: 0 : 34772, 1, 2024/11/04, 22:34:08.325, 10683646053279, vstest.console.dll, AssemblyResolver.OnResolve: Microsoft.VisualStudio.TestPlatform.Extensions.Html.TestLogger: Resolving assembly.
TpTrace Information: 0 : 34772, 1, 2024/11/04, 22:34:08.325, 10683646054116, vstest.console.dll, AssemblyResolver.OnResolve: Microsoft.VisualStudio.TestPlatform.Extensions.Html.TestLogger: Searching in: 'C:\Program Files\dotnet\sdk\8.0.400\Extensions'.
TpTrace Information: 0 : 34772, 1, 2024/11/04, 22:34:08.327, 10683646077107, vstest.console.dll, AssemblyResolver.OnResolve: Microsoft.VisualStudio.TestPlatform.Extensions.Html.TestLogger: Loading assembly 'C:\Program Files\dotnet\sdk\8.0.400\Extensions\Microsoft.VisualStudio.TestPlatform.Extensions.Html.TestLogger.dll'.
TpTrace Information: 0 : 34772, 1, 2024/11/04, 22:34:08.330, 10683646106325, vstest.console.dll, AssemblyResolver.OnResolve: Resolved assembly: Microsoft.VisualStudio.TestPlatform.Extensions.Html.TestLogger, from path: C:\Program Files\dotnet\sdk\8.0.400\Extensions\Microsoft.VisualStudio.TestPlatform.Extensions.Html.TestLogger.dll
TpTrace Verbose: 0 : 34772, 1, 2024/11/04, 22:34:08.331, 10683646108303, vstest.console.dll, MetadataReaderExtensionsHelper: Discovering extensions inside assembly 'Microsoft.VisualStudio.TestPlatform.Extensions.Html.TestLogger, Version=15.0.0.0, Culture=neutral, PublicKeyToken=b03f5f7f11d50a3a' file path 'C:\Program Files\dotnet\sdk\8.0.400\Extensions\Microsoft.VisualStudio.TestPlatform.Extensions.Html.TestLogger.dll'
TpTrace Information: 0 : 34772, 1, 2024/11/04, 22:34:08.333, 10683646136647, vstest.console.dll, AssemblyResolver.OnResolve: Microsoft.VisualStudio.TestPlatform.Extensions.Trx.TestLogger: Resolving assembly.
TpTrace Information: 0 : 34772, 1, 2024/11/04, 22:34:08.334, 10683646138613, vstest.console.dll, AssemblyResolver.OnResolve: Microsoft.VisualStudio.TestPlatform.Extensions.Trx.TestLogger: Searching in: 'C:\Program Files\dotnet\sdk\8.0.400\Extensions'.
TpTrace Information: 0 : 34772, 1, 2024/11/04, 22:34:08.335, 10683646156134, vstest.console.dll, AssemblyResolver.OnResolve: Microsoft.VisualStudio.TestPlatform.Extensions.Trx.TestLogger: Loading assembly 'C:\Program Files\dotnet\sdk\8.0.400\Extensions\Microsoft.VisualStudio.TestPlatform.Extensions.Trx.TestLogger.dll'.
TpTrace Information: 0 : 34772, 1, 2024/11/04, 22:34:08.338, 10683646187260, vstest.console.dll, AssemblyResolver.OnResolve: Resolved assembly: Microsoft.VisualStudio.TestPlatform.Extensions.Trx.TestLogger, from path: C:\Program Files\dotnet\sdk\8.0.400\Extensions\Microsoft.VisualStudio.TestPlatform.Extensions.Trx.TestLogger.dll
TpTrace Verbose: 0 : 34772, 1, 2024/11/04, 22:34:08.339, 10683646189227, vstest.console.dll, MetadataReaderExtensionsHelper: Discovering extensions inside assembly 'Microsoft.VisualStudio.TestPlatform.Extensions.Trx.TestLogger, Version=15.0.0.0, Culture=neutral, PublicKeyToken=b03f5f7f11d50a3a' file path 'C:\Program Files\dotnet\sdk\8.0.400\Extensions\Microsoft.VisualStudio.TestPlatform.Extensions.Trx.TestLogger.dll'
TpTrace Verbose: 0 : 34772, 1, 2024/11/04, 22:34:08.342, 10683646218700, vstest.console.dll, TestPluginCache: Discovered the extensions using extension path ''.
TpTrace Verbose: 0 : 34772, 1, 2024/11/04, 22:34:08.342, 10683646220688, vstest.console.dll, TestPluginCache: Discoverers are ''.
TpTrace Verbose: 0 : 34772, 1, 2024/11/04, 22:34:08.342, 10683646221453, vstest.console.dll, TestPluginCache: Executors are ''.
TpTrace Verbose: 0 : 34772, 1, 2024/11/04, 22:34:08.342, 10683646222052, vstest.console.dll, TestPluginCache: Executors2 are ''.
TpTrace Verbose: 0 : 34772, 1, 2024/11/04, 22:34:08.342, 10683646222568, vstest.console.dll, TestPluginCache: Setting providers are ''.
TpTrace Verbose: 0 : 34772, 1, 2024/11/04, 22:34:08.342, 10683646223277, vstest.console.dll, TestPluginCache: Loggers are ''.
TpTrace Verbose: 0 : 34772, 1, 2024/11/04, 22:34:08.342, 10683646226158, vstest.console.dll, TestPluginCache: TestHosts are 'HostProvider://DefaultTestHost,HostProvider://DotnetTestHost'.
TpTrace Verbose: 0 : 34772, 1, 2024/11/04, 22:34:08.342, 10683646227069, vstest.console.dll, TestPluginCache: DataCollectors are ''.
TpTrace Information: 0 : 34772, 1, 2024/11/04, 22:34:08.381, 10683646609555, vstest.console.dll, RunTestsArgumentProcessor:Execute: Test run is starting.
TpTrace Verbose: 0 : 34772, 1, 2024/11/04, 22:34:08.381, 10683646613026, vstest.console.dll, RunTestsArgumentProcessor:Execute: Queuing Test run.
TpTrace Information: 0 : 34772, 1, 2024/11/04, 22:34:08.382, 10683646622741, vstest.console.dll, TestRequestManager.RunTests: run tests started.
TpTrace Information: 0 : 34772, 1, 2024/11/04, 22:34:08.386, 10683646660837, vstest.console.dll, AssemblyMetadataProvider.GetFrameworkName: Determined framework:'.NETCoreApp,Version=v6.0' for source: 'C:\Johnny\Celsior\SoftwareEngineerTrainee\Project\MovieRentWebAPISolution\MovieRentWebApiTesting\bin\Debug\net6.0\fine-code-coverage\build-output\MovieRentWebApiTesting.dll'
TpTrace Information: 0 : 34772, 1, 2024/11/04, 22:34:08.386, 10683646663923, vstest.console.dll, Determined framework for all sources: .NETCoreApp,Version=v6.0
TpTrace Verbose: 0 : 34772, 1, 2024/11/04, 22:34:08.387, 10683646668532, vstest.console.dll, TestRequestManager.UpdateRunSettingsIfRequired: Default architecture: X64 IsDefaultTargetArchitecture: True, Current process architecture: X64 OperatingSystem: Windows.
TpTrace Information: 0 : 34772, 1, 2024/11/04, 22:34:08.392, 10683646720987, vstest.console.dll, AssemblyMetadataProvider.GetArchitecture: Determined architecture:AnyCPU info for assembly: C:\Johnny\Celsior\SoftwareEngineerTrainee\Project\MovieRentWebAPISolution\MovieRentWebApiTesting\bin\Debug\net6.0\fine-code-coverage\build-output\MovieRentWebApiTesting.dll
TpTrace Information: 0 : 34772, 1, 2024/11/04, 22:34:08.392, 10683646722620, vstest.console.dll, Determined platform for source 'C:\Johnny\Celsior\SoftwareEngineerTrainee\Project\MovieRentWebAPISolution\MovieRentWebApiTesting\bin\Debug\net6.0\fine-code-coverage\build-output\MovieRentWebApiTesting.dll' was AnyCPU and it will use the default plaform X64.
TpTrace Information: 0 : 34772, 1, 2024/11/04, 22:34:08.392, 10683646723180, vstest.console.dll, None of the sources provided any runnable platform, using the default platform: X64
TpTrace Information: 0 : 34772, 1, 2024/11/04, 22:34:08.392, 10683646724639, vstest.console.dll, Platform was updated to 'X64'.
TpTrace Information: 0 : 34772, 1, 2024/11/04, 22:34:08.397, 10683646774164, vstest.console.dll, InferRunSettingsHelper.IsTestSettingsEnabled: Unable to navigate to RunSettings/MSTest. Current node: RunSettings
TpTrace Information: 0 : 34772, 1, 2024/11/04, 22:34:08.398, 10683646787547, vstest.console.dll, AssemblyResolver.OnResolve: Microsoft.VisualStudio.TestPlatform.Fakes: Resolving assembly.
TpTrace Information: 0 : 34772, 1, 2024/11/04, 22:34:08.399, 10683646788827, vstest.console.dll, AssemblyResolver.OnResolve: Microsoft.VisualStudio.TestPlatform.Fakes: Searching in: 'C:\Program Files\dotnet\sdk\8.0.400\Extensions'.
TpTrace Information: 0 : 34772, 1, 2024/11/04, 22:34:08.399, 10683646790304, vstest.console.dll, AssemblyResolver.OnResolve: Microsoft.VisualStudio.TestPlatform.Fakes: Assembly path does not exist: 'C:\Program Files\dotnet\sdk\8.0.400\Extensions\Microsoft.VisualStudio.TestPlatform.Fakes.dll', returning.
TpTrace Information: 0 : 34772, 1, 2024/11/04, 22:34:08.399, 10683646791388, vstest.console.dll, AssemblyResolver.OnResolve: Microsoft.VisualStudio.TestPlatform.Fakes: Assembly path does not exist: 'C:\Program Files\dotnet\sdk\8.0.400\Extensions\Microsoft.VisualStudio.TestPlatform.Fakes.exe', returning.
TpTrace Information: 0 : 34772, 1, 2024/11/04, 22:34:08.399, 10683646792048, vstest.console.dll, AssemblyResolver.OnResolve: Microsoft.VisualStudio.TestPlatform.Fakes: Searching in: 'C:\Program Files\dotnet\sdk\8.0.400'.
TpTrace Information: 0 : 34772, 1, 2024/11/04, 22:34:08.399, 10683646792999, vstest.console.dll, AssemblyResolver.OnResolve: Microsoft.VisualStudio.TestPlatform.Fakes: Assembly path does not exist: 'C:\Program Files\dotnet\sdk\8.0.400\Microsoft.VisualStudio.TestPlatform.Fakes.dll', returning.
TpTrace Information: 0 : 34772, 1, 2024/11/04, 22:34:08.399, 10683646793870, vstest.console.dll, AssemblyResolver.OnResolve: Microsoft.VisualStudio.TestPlatform.Fakes: Assembly path does not exist: 'C:\Program Files\dotnet\sdk\8.0.400\Microsoft.VisualStudio.TestPlatform.Fakes.exe', returning.
TpTrace Information: 0 : 34772, 1, 2024/11/04, 22:34:08.399, 10683646794426, vstest.console.dll, AssemblyResolver.OnResolve: Microsoft.VisualStudio.TestPlatform.Fakes: Failed to load assembly.
TpTrace Information: 0 : 34772, 1, 2024/11/04, 22:34:08.400, 10683646798186, vstest.console.dll, Failed to load assembly Microsoft.VisualStudio.TestPlatform.Fakes, Version=17.0.0.0, Culture=neutral. Reason:System.IO.FileNotFoundException: Could not load file or assembly 'Microsoft.VisualStudio.TestPlatform.Fakes, Version=17.0.0.0, Culture=neutral, PublicKeyToken=null'. The system cannot find the file specified.
File name: 'Microsoft.VisualStudio.TestPlatform.Fakes, Version=17.0.0.0, Culture=neutral, PublicKeyToken=null'
   at System.Reflection.RuntimeAssembly.InternalLoad(AssemblyName assemblyName, StackCrawlMark& stackMark, AssemblyLoadContext assemblyLoadContext, RuntimeAssembly requestingAssembly, Boolean throwOnFileNotFound)
   at System.Reflection.Assembly.Load(AssemblyName assemblyRef)
   at Microsoft.VisualStudio.TestPlatform.Common.Utilities.FakesUtilities.LoadTestPlatformAssembly() in /_/src/Microsoft.TestPlatform.Common/Utilities/FakesUtilities.cs:line 272
TpTrace Verbose: 0 : 34772, 1, 2024/11/04, 22:34:08.404, 10683646844622, vstest.console.dll, TestPluginCache.DiscoverTestExtensions: finding test extensions in assemblies ends with: TestLogger.dll TPluginInfo: Microsoft.VisualStudio.TestPlatform.Common.ExtensionFramework.Utilities.TestLoggerPluginInformation TExtension: Microsoft.VisualStudio.TestPlatform.ObjectModel.Client.ITestLogger
TpTrace Verbose: 0 : 34772, 1, 2024/11/04, 22:34:08.404, 10683646846315, vstest.console.dll, TestPluginCache.GetExtensionPaths: Filtered extension paths: 
TpTrace Verbose: 0 : 34772, 1, 2024/11/04, 22:34:08.404, 10683646846980, vstest.console.dll, TestPluginCache.GetExtensionPaths: Added default extension paths: C:\Program Files\dotnet\sdk\8.0.400\Extensions\Microsoft.Diagnostics.NETCore.Client.dll
C:\Program Files\dotnet\sdk\8.0.400\Extensions\Microsoft.TestPlatform.Extensions.BlameDataCollector.dll
C:\Program Files\dotnet\sdk\8.0.400\Extensions\Microsoft.TestPlatform.Extensions.EventLogCollector.dll
C:\Program Files\dotnet\sdk\8.0.400\Extensions\Microsoft.TestPlatform.TestHostRuntimeProvider.dll
C:\Program Files\dotnet\sdk\8.0.400\Extensions\Microsoft.VisualStudio.TestPlatform.Extensions.Html.TestLogger.dll
C:\Program Files\dotnet\sdk\8.0.400\Extensions\Microsoft.VisualStudio.TestPlatform.Extensions.Trx.TestLogger.dll
TpTrace Verbose: 0 : 34772, 1, 2024/11/04, 22:34:08.404, 10683646847570, vstest.console.dll, TestPluginCache.GetExtensionPaths: Added unfilterableExtensionPaths: 
TpTrace Information: 0 : 34772, 1, 2024/11/04, 22:34:08.405, 10683646849465, vstest.console.dll, AssemblyResolver.AddSearchDirectories: Adding more searchDirectories C:\Program Files\dotnet\sdk\8.0.400\Extensions,C:\Program Files\dotnet\sdk\8.0.400
TpTrace Verbose: 0 : 34772, 1, 2024/11/04, 22:34:08.405, 10683646850311, vstest.console.dll, TestPluginCache.DiscoverTestExtensions: Discovering the extensions using extension path.
TpTrace Verbose: 0 : 34772, 1, 2024/11/04, 22:34:08.405, 10683646850980, vstest.console.dll, TestPluginCache.GetExtensionPaths: Filtered extension paths: 
TpTrace Verbose: 0 : 34772, 1, 2024/11/04, 22:34:08.405, 10683646851629, vstest.console.dll, TestPluginCache.GetExtensionPaths: Added default extension paths: C:\Program Files\dotnet\sdk\8.0.400\Extensions\Microsoft.Diagnostics.NETCore.Client.dll
C:\Program Files\dotnet\sdk\8.0.400\Extensions\Microsoft.TestPlatform.Extensions.BlameDataCollector.dll
C:\Program Files\dotnet\sdk\8.0.400\Extensions\Microsoft.TestPlatform.Extensions.EventLogCollector.dll
C:\Program Files\dotnet\sdk\8.0.400\Extensions\Microsoft.TestPlatform.TestHostRuntimeProvider.dll
C:\Program Files\dotnet\sdk\8.0.400\Extensions\Microsoft.VisualStudio.TestPlatform.Extensions.Html.TestLogger.dll
C:\Program Files\dotnet\sdk\8.0.400\Extensions\Microsoft.VisualStudio.TestPlatform.Extensions.Trx.TestLogger.dll
TpTrace Verbose: 0 : 34772, 1, 2024/11/04, 22:34:08.405, 10683646852180, vstest.console.dll, TestPluginCache.GetExtensionPaths: Added unfilterableExtensionPaths: 
TpTrace Verbose: 0 : 34772, 1, 2024/11/04, 22:34:08.405, 10683646853545, vstest.console.dll, TestPluginCache.DiscoverTestExtensions: Discovering the extensions using allExtensionPaths: C:\Program Files\dotnet\sdk\8.0.400\Extensions\Microsoft.Diagnostics.NETCore.Client.dll
C:\Program Files\dotnet\sdk\8.0.400\Extensions\Microsoft.TestPlatform.Extensions.BlameDataCollector.dll
C:\Program Files\dotnet\sdk\8.0.400\Extensions\Microsoft.TestPlatform.Extensions.EventLogCollector.dll
C:\Program Files\dotnet\sdk\8.0.400\Extensions\Microsoft.TestPlatform.TestHostRuntimeProvider.dll
C:\Program Files\dotnet\sdk\8.0.400\Extensions\Microsoft.VisualStudio.TestPlatform.Extensions.Html.TestLogger.dll
C:\Program Files\dotnet\sdk\8.0.400\Extensions\Microsoft.VisualStudio.TestPlatform.Extensions.Trx.TestLogger.dll
TpTrace Information: 0 : 34772, 1, 2024/11/04, 22:34:08.405, 10683646854301, vstest.console.dll, AssemblyResolver.AddSearchDirectories: Adding more searchDirectories C:\Program Files\dotnet\sdk\8.0.400\Extensions,C:\Program Files\dotnet\sdk\8.0.400
TpTrace Information: 0 : 34772, 1, 2024/11/04, 22:34:08.405, 10683646854959, vstest.console.dll, AssemblyResolver.AddSearchDirectories: Adding more searchDirectories C:\Program Files\dotnet\sdk\8.0.400\Extensions,C:\Program Files\dotnet\sdk\8.0.400
TpTrace Information: 0 : 34772, 1, 2024/11/04, 22:34:08.405, 10683646855495, vstest.console.dll, AssemblyResolver.AddSearchDirectories: Adding more searchDirectories C:\Program Files\dotnet\sdk\8.0.400\Extensions,C:\Program Files\dotnet\sdk\8.0.400
TpTrace Information: 0 : 34772, 1, 2024/11/04, 22:34:08.405, 10683646856066, vstest.console.dll, AssemblyResolver.AddSearchDirectories: Adding more searchDirectories C:\Program Files\dotnet\sdk\8.0.400\Extensions,C:\Program Files\dotnet\sdk\8.0.400
TpTrace Information: 0 : 34772, 1, 2024/11/04, 22:34:08.405, 10683646856594, vstest.console.dll, AssemblyResolver.AddSearchDirectories: Adding more searchDirectories C:\Program Files\dotnet\sdk\8.0.400\Extensions,C:\Program Files\dotnet\sdk\8.0.400
TpTrace Information: 0 : 34772, 1, 2024/11/04, 22:34:08.405, 10683646857199, vstest.console.dll, AssemblyResolver.AddSearchDirectories: Adding more searchDirectories C:\Program Files\dotnet\sdk\8.0.400\Extensions,C:\Program Files\dotnet\sdk\8.0.400
TpTrace Verbose: 0 : 34772, 1, 2024/11/04, 22:34:08.406, 10683646858690, vstest.console.dll, MetadataReaderExtensionsHelper: Discovering extensions inside assembly 'Microsoft.Diagnostics.NETCore.Client, Version=0.2.10.30701, Culture=neutral, PublicKeyToken=31bf3856ad364e35' file path 'C:\Program Files\dotnet\sdk\8.0.400\Extensions\Microsoft.Diagnostics.NETCore.Client.dll'
TpTrace Information: 0 : 34772, 1, 2024/11/04, 22:34:08.408, 10683646884175, vstest.console.dll, AssemblyResolver.OnResolve: Microsoft.Bcl.AsyncInterfaces: Resolving assembly.
TpTrace Information: 0 : 34772, 1, 2024/11/04, 22:34:08.408, 10683646885421, vstest.console.dll, AssemblyResolver.OnResolve: Microsoft.Bcl.AsyncInterfaces: Resolved from cache.
TpTrace Verbose: 0 : 34772, 1, 2024/11/04, 22:34:08.408, 10683646886120, vstest.console.dll, CurrentDomainAssemblyResolve: Resolving assembly 'Microsoft.Bcl.AsyncInterfaces'.
TpTrace Information: 0 : 34772, 1, 2024/11/04, 22:34:08.408, 10683646886845, vstest.console.dll, AssemblyResolver.OnResolve: Microsoft.Bcl.AsyncInterfaces: Resolving assembly.
TpTrace Information: 0 : 34772, 1, 2024/11/04, 22:34:08.408, 10683646887301, vstest.console.dll, AssemblyResolver.OnResolve: Microsoft.Bcl.AsyncInterfaces: Resolved from cache.
TpTrace Verbose: 0 : 34772, 1, 2024/11/04, 22:34:08.408, 10683646887787, vstest.console.dll, CurrentDomainAssemblyResolve: Resolving assembly 'Microsoft.Bcl.AsyncInterfaces'.
TpTrace Verbose: 0 : 34772, 1, 2024/11/04, 22:34:08.409, 10683646888255, vstest.console.dll, CurrentDomainAssemblyResolve: Failed to resolve assembly 'Microsoft.Bcl.AsyncInterfaces'.
TpTrace Verbose: 0 : 34772, 1, 2024/11/04, 22:34:08.409, 10683646890585, vstest.console.dll, CurrentDomainAssemblyResolve: Failed to resolve assembly 'Microsoft.Bcl.AsyncInterfaces'.
TpTrace Warning: 0 : 34772, 1, 2024/11/04, 22:34:08.409, 10683646894935, vstest.console.dll, TestPluginDiscoverer: Failed to get types from assembly 'Microsoft.Diagnostics.NETCore.Client, Version=0.2.10.30701, Culture=neutral, PublicKeyToken=31bf3856ad364e35'. Error: System.Reflection.ReflectionTypeLoadException: Unable to load one or more of the requested types.
Could not load file or assembly 'Microsoft.Bcl.AsyncInterfaces, Version=6.0.0.0, Culture=neutral, PublicKeyToken=cc7b13ffcd2ddd51'. The system cannot find the file specified.
   at System.Reflection.RuntimeModule.GetTypes(RuntimeModule module)
   at System.Reflection.RuntimeModule.GetTypes()
   at Microsoft.VisualStudio.TestPlatform.Common.ExtensionFramework.TestPluginDiscoverer.GetTestExtensionsFromAssembly[TPluginInfo,TExtension](Assembly assembly, Dictionary`2 pluginInfos, String filePath) in /_/src/Microsoft.TestPlatform.Common/ExtensionFramework/TestPluginDiscoverer.cs:line 158
System.IO.FileNotFoundException: Could not load file or assembly 'Microsoft.Bcl.AsyncInterfaces, Version=6.0.0.0, Culture=neutral, PublicKeyToken=cc7b13ffcd2ddd51'. The system cannot find the file specified.
File name: 'Microsoft.Bcl.AsyncInterfaces, Version=6.0.0.0, Culture=neutral, PublicKeyToken=cc7b13ffcd2ddd51'
 ---> System.IO.FileNotFoundException: Could not load file or assembly 'Microsoft.Bcl.AsyncInterfaces, Culture=neutral, PublicKeyToken=null'. The system cannot find the file specified.
File name: 'Microsoft.Bcl.AsyncInterfaces, Culture=neutral, PublicKeyToken=null'
   at System.Reflection.RuntimeAssembly.InternalLoad(AssemblyName assemblyName, StackCrawlMark& stackMark, AssemblyLoadContext assemblyLoadContext, RuntimeAssembly requestingAssembly, Boolean throwOnFileNotFound)
   at System.Reflection.Assembly.Load(AssemblyName assemblyRef)
   at Microsoft.VisualStudio.TestPlatform.Common.ExtensionFramework.TestPluginCache.CurrentDomainAssemblyResolve(Object sender, AssemblyResolveEventArgs args) in /_/src/Microsoft.TestPlatform.Common/ExtensionFramework/TestPluginCache.cs:line 513
   at System.Runtime.Loader.AssemblyLoadContext.GetFirstResolvedAssemblyFromResolvingEvent(AssemblyName assemblyName)
   at System.Runtime.Loader.AssemblyLoadContext.ResolveUsingEvent(AssemblyName assemblyName)
   at System.Runtime.Loader.AssemblyLoadContext.ResolveUsingResolvingEvent(IntPtr gchManagedAssemblyLoadContext, AssemblyName assemblyName)
TpTrace Warning: 0 : 34772, 1, 2024/11/04, 22:34:08.409, 10683646896927, vstest.console.dll, LoaderExceptions: System.IO.FileNotFoundException: Could not load file or assembly 'Microsoft.Bcl.AsyncInterfaces, Version=6.0.0.0, Culture=neutral, PublicKeyToken=cc7b13ffcd2ddd51'. The system cannot find the file specified.
File name: 'Microsoft.Bcl.AsyncInterfaces, Version=6.0.0.0, Culture=neutral, PublicKeyToken=cc7b13ffcd2ddd51'
 ---> System.IO.FileNotFoundException: Could not load file or assembly 'Microsoft.Bcl.AsyncInterfaces, Culture=neutral, PublicKeyToken=null'. The system cannot find the file specified.
File name: 'Microsoft.Bcl.AsyncInterfaces, Culture=neutral, PublicKeyToken=null'
   at System.Reflection.RuntimeAssembly.InternalLoad(AssemblyName assemblyName, StackCrawlMark& stackMark, AssemblyLoadContext assemblyLoadContext, RuntimeAssembly requestingAssembly, Boolean throwOnFileNotFound)
   at System.Reflection.Assembly.Load(AssemblyName assemblyRef)
   at Microsoft.VisualStudio.TestPlatform.Common.ExtensionFramework.TestPluginCache.CurrentDomainAssemblyResolve(Object sender, AssemblyResolveEventArgs args) in /_/src/Microsoft.TestPlatform.Common/ExtensionFramework/TestPluginCache.cs:line 513
   at System.Runtime.Loader.AssemblyLoadContext.GetFirstResolvedAssemblyFromResolvingEvent(AssemblyName assemblyName)
   at System.Runtime.Loader.AssemblyLoadContext.ResolveUsingEvent(AssemblyName assemblyName)
   at System.Runtime.Loader.AssemblyLoadContext.ResolveUsingResolvingEvent(IntPtr gchManagedAssemblyLoadContext, AssemblyName assemblyName)
TpTrace Verbose: 0 : 34772, 1, 2024/11/04, 22:34:08.410, 10683646897966, vstest.console.dll, MetadataReaderExtensionsHelper: Discovering extensions inside assembly 'Microsoft.TestPlatform.Extensions.BlameDataCollector, Version=15.0.0.0, Culture=neutral, PublicKeyToken=b03f5f7f11d50a3a' file path 'C:\Program Files\dotnet\sdk\8.0.400\Extensions\Microsoft.TestPlatform.Extensions.BlameDataCollector.dll'
TpTrace Information: 0 : 34772, 1, 2024/11/04, 22:34:08.411, 10683646916865, vstest.console.dll, GetTestExtensionFromType: Register extension with identifier data 'logger://Microsoft/TestPlatform/Extensions/Blame/v1' and type 'Microsoft.TestPlatform.Extensions.BlameDataCollector.BlameLogger, Microsoft.TestPlatform.Extensions.BlameDataCollector, Version=15.0.0.0, Culture=neutral, PublicKeyToken=b03f5f7f11d50a3a' inside file 'C:\Program Files\dotnet\sdk\8.0.400\Extensions\Microsoft.TestPlatform.Extensions.BlameDataCollector.dll'
TpTrace Verbose: 0 : 34772, 1, 2024/11/04, 22:34:08.412, 10683646918548, vstest.console.dll, MetadataReaderExtensionsHelper: Discovering extensions inside assembly 'Microsoft.TestPlatform.Extensions.EventLogCollector, Version=15.0.0.0, Culture=neutral, PublicKeyToken=b03f5f7f11d50a3a' file path 'C:\Program Files\dotnet\sdk\8.0.400\Extensions\Microsoft.TestPlatform.Extensions.EventLogCollector.dll'
TpTrace Verbose: 0 : 34772, 1, 2024/11/04, 22:34:08.413, 10683646937790, vstest.console.dll, MetadataReaderExtensionsHelper: Discovering extensions inside assembly 'Microsoft.TestPlatform.TestHostRuntimeProvider, Version=15.0.0.0, Culture=neutral, PublicKeyToken=b03f5f7f11d50a3a' file path 'C:\Program Files\dotnet\sdk\8.0.400\Extensions\Microsoft.TestPlatform.TestHostRuntimeProvider.dll'
TpTrace Verbose: 0 : 34772, 1, 2024/11/04, 22:34:08.415, 10683646955313, vstest.console.dll, MetadataReaderExtensionsHelper: Discovering extensions inside assembly 'Microsoft.VisualStudio.TestPlatform.Extensions.Html.TestLogger, Version=15.0.0.0, Culture=neutral, PublicKeyToken=b03f5f7f11d50a3a' file path 'C:\Program Files\dotnet\sdk\8.0.400\Extensions\Microsoft.VisualStudio.TestPlatform.Extensions.Html.TestLogger.dll'
TpTrace Information: 0 : 34772, 1, 2024/11/04, 22:34:08.417, 10683646976633, vstest.console.dll, GetTestExtensionFromType: Register extension with identifier data 'logger://Microsoft/TestPlatform/HtmlLogger/v1' and type 'Microsoft.VisualStudio.TestPlatform.Extensions.HtmlLogger.HtmlLogger, Microsoft.VisualStudio.TestPlatform.Extensions.Html.TestLogger, Version=15.0.0.0, Culture=neutral, PublicKeyToken=b03f5f7f11d50a3a' inside file 'C:\Program Files\dotnet\sdk\8.0.400\Extensions\Microsoft.VisualStudio.TestPlatform.Extensions.Html.TestLogger.dll'
TpTrace Verbose: 0 : 34772, 1, 2024/11/04, 22:34:08.418, 10683646978267, vstest.console.dll, MetadataReaderExtensionsHelper: Discovering extensions inside assembly 'Microsoft.VisualStudio.TestPlatform.Extensions.Trx.TestLogger, Version=15.0.0.0, Culture=neutral, PublicKeyToken=b03f5f7f11d50a3a' file path 'C:\Program Files\dotnet\sdk\8.0.400\Extensions\Microsoft.VisualStudio.TestPlatform.Extensions.Trx.TestLogger.dll'
TpTrace Information: 0 : 34772, 1, 2024/11/04, 22:34:08.419, 10683646991855, vstest.console.dll, GetTestExtensionFromType: Register extension with identifier data 'logger://Microsoft/TestPlatform/TrxLogger/v1' and type 'Microsoft.VisualStudio.TestPlatform.Extensions.TrxLogger.TrxLogger, Microsoft.VisualStudio.TestPlatform.Extensions.Trx.TestLogger, Version=15.0.0.0, Culture=neutral, PublicKeyToken=b03f5f7f11d50a3a' inside file 'C:\Program Files\dotnet\sdk\8.0.400\Extensions\Microsoft.VisualStudio.TestPlatform.Extensions.Trx.TestLogger.dll'
TpTrace Verbose: 0 : 34772, 1, 2024/11/04, 22:34:08.419, 10683646993088, vstest.console.dll, TestPluginCache: Discovered the extensions using extension path ''.
TpTrace Verbose: 0 : 34772, 1, 2024/11/04, 22:34:08.419, 10683646993581, vstest.console.dll, TestPluginCache: Discoverers are ''.
TpTrace Verbose: 0 : 34772, 1, 2024/11/04, 22:34:08.419, 10683646994043, vstest.console.dll, TestPluginCache: Executors are ''.
TpTrace Verbose: 0 : 34772, 1, 2024/11/04, 22:34:08.419, 10683646994632, vstest.console.dll, TestPluginCache: Executors2 are ''.
TpTrace Verbose: 0 : 34772, 1, 2024/11/04, 22:34:08.419, 10683646995099, vstest.console.dll, TestPluginCache: Setting providers are ''.
TpTrace Verbose: 0 : 34772, 1, 2024/11/04, 22:34:08.419, 10683646996218, vstest.console.dll, TestPluginCache: Loggers are 'logger://Microsoft/TestPlatform/Extensions/Blame/v1,logger://Microsoft/TestPlatform/HtmlLogger/v1,logger://Microsoft/TestPlatform/TrxLogger/v1'.
TpTrace Verbose: 0 : 34772, 1, 2024/11/04, 22:34:08.419, 10683646996849, vstest.console.dll, TestPluginCache: TestHosts are 'HostProvider://DefaultTestHost,HostProvider://DotnetTestHost'.
TpTrace Verbose: 0 : 34772, 1, 2024/11/04, 22:34:08.419, 10683646997305, vstest.console.dll, TestPluginCache: DataCollectors are ''.
TpTrace Information: 0 : 34772, 1, 2024/11/04, 22:34:08.420, 10683647007641, vstest.console.dll, TestPluginManager.CreateTestExtension: Attempting to load test extension: Microsoft.TestPlatform.Extensions.BlameDataCollector.BlameLogger
TpTrace Verbose: 0 : 34772, 1, 2024/11/04, 22:34:08.438, 10683647178782, vstest.console.dll, TestEngine: Initializing Parallel Execution as MaxCpuCount is set to: 1
TpTrace Information: 0 : 34772, 1, 2024/11/04, 22:34:08.440, 10683647201929, vstest.console.dll, TestPluginManager.CreateTestExtension: Attempting to load test extension: Microsoft.VisualStudio.TestPlatform.CrossPlatEngine.Hosting.DefaultTestHostManager
TpTrace Information: 0 : 34772, 1, 2024/11/04, 22:34:08.444, 10683647245238, vstest.console.dll, TestPluginManager.CreateTestExtension: Attempting to load test extension: Microsoft.VisualStudio.TestPlatform.CrossPlatEngine.Hosting.DotnetTestHostManager
TpTrace Verbose: 0 : 34772, 1, 2024/11/04, 22:34:08.445, 10683647252766, vstest.console.dll, TestHostManagerCallbacks.ctor: Forwarding output is enabled.
TpTrace Information: 0 : 34772, 1, 2024/11/04, 22:34:08.446, 10683647264235, vstest.console.dll, InferRunSettingsHelper.IsTestSettingsEnabled: Unable to navigate to RunSettings/MSTest. Current node: RunSettings
TpTrace Verbose: 0 : 34772, 1, 2024/11/04, 22:34:08.449, 10683647293124, vstest.console.dll, ParallelOperationManager.ClearSlots: Clearing all slots. Slots should accept more work: True
TpTrace Verbose: 0 : 34772, 1, 2024/11/04, 22:34:08.450, 10683647304397, vstest.console.dll, ParallelOperationManager.SetOccupiedSlotCount: Setting slot counts AvailableSlotCount = 1, OccupiedSlotCount = 0.
TpTrace Verbose: 0 : 34772, 1, 2024/11/04, 22:34:08.451, 10683647309651, vstest.console.dll, Occupied slots:

TpTrace Verbose: 0 : 34772, 1, 2024/11/04, 22:34:08.456, 10683647363445, vstest.console.dll, TestEngine.GetExecutionManager: Chosen execution manager 'Microsoft.VisualStudio.TestPlatform.CrossPlatEngine.Client.Parallel.ParallelProxyExecutionManager, Microsoft.TestPlatform.CrossPlatEngine, Version=15.0.0.0, Culture=neutral, PublicKeyToken=b03f5f7f11d50a3a' ParallelLevel '1'.
TpTrace Verbose: 0 : 34772, 1, 2024/11/04, 22:34:08.456, 10683647366439, vstest.console.dll, TestPlatform.GetSkipDefaultAdapters: Not skipping default adapters SkipDefaultAdapters was false.
TpTrace Verbose: 0 : 34772, 1, 2024/11/04, 22:34:08.456, 10683647367837, vstest.console.dll, TestRunRequest.ExecuteAsync: Creating test run request.
TpTrace Verbose: 0 : 34772, 1, 2024/11/04, 22:34:08.457, 10683647370604, vstest.console.dll, TestRunRequest.ExecuteAsync: Starting.
TpTrace Information: 0 : 34772, 1, 2024/11/04, 22:34:08.458, 10683647384993, vstest.console.dll, TestRunRequest.ExecuteAsync: Starting run with settings:TestRunCriteria:
   KeepAlive=False,FrequencyOfRunStatsChangeEvent=10,RunStatsChangeEventTimeout=00:00:01.5000000,TestCaseFilter=,TestExecutorLauncher=
   Settingsxml=<RunSettings>
  <RunConfiguration>
    <ResultsDirectory>C:\Johnny\Celsior\SoftwareEngineerTrainee\Project\MovieRentWebAPISolution\MovieRentWebApiTesting\bin\Debug\net6.0\fine-code-coverage\coverage-tool-output</ResultsDirectory>
    <TargetPlatform>X64</TargetPlatform>
    <TargetFrameworkVersion>.NETCoreApp,Version=v6.0</TargetFrameworkVersion>
    <DesignMode>False</DesignMode>
    <CollectSourceInformation>False</CollectSourceInformation>
  </RunConfiguration>
  <LoggerRunSettings>
    <Loggers>
      <Logger friendlyName="blame" enabled="True" />
      <Logger friendlyName="Console" uri="logger://microsoft/TestPlatform/ConsoleLogger/v1" assemblyQualifiedName="Microsoft.VisualStudio.TestPlatform.CommandLine.Internal.ConsoleLogger, vstest.console, Version=15.0.0.0, Culture=neutral, PublicKeyToken=b03f5f7f11d50a3a" codeBase="C:\Program Files\dotnet\sdk\8.0.400\vstest.console.dll" enabled="True" />
    </Loggers>
  </LoggerRunSettings>
  <DataCollectionRunSettings>
    <DataCollectors>
      <DataCollector friendlyName="blame" enabled="True">
        <Configuration>
          <ResultsDirectory>C:\Johnny\Celsior\SoftwareEngineerTrainee\Project\MovieRentWebAPISolution\MovieRentWebApiTesting\bin\Debug\net6.0\fine-code-coverage\coverage-tool-output</ResultsDirectory>
        </Configuration>
      </DataCollector>
    </DataCollectors>
  </DataCollectionRunSettings>
</RunSettings>

TpTrace Verbose: 0 : 34772, 1, 2024/11/04, 22:34:08.458, 10683647386205, vstest.console.dll, TestRunRequest.ExecuteAsync: Wait for the first run request is over.
TpTrace Verbose: 0 : 34772, 1, 2024/11/04, 22:34:08.459, 10683647389502, vstest.console.dll, MulticastDelegateUtilities.SafeInvoke: TestRun.TestRunStart: Invoking callbacks was skipped because there are no subscribers.
TpTrace Verbose: 0 : 34772, 4, 2024/11/04, 22:34:08.459, 10683647394354, vstest.console.dll, MulticastDelegateUtilities.SafeInvoke: InternalTestLoggerEvents.SendTestRunStart: Invoking callback 1/1 for Microsoft.VisualStudio.TestPlatform.CommandLine.Internal.ConsoleLogger., took 0 ms.
TpTrace Verbose: 0 : 34772, 1, 2024/11/04, 22:34:08.460, 10683647405154, vstest.console.dll, ParallelProxyExecutionManager: Start execution. Total sources: 1
TpTrace Verbose: 0 : 34772, 1, 2024/11/04, 22:34:08.461, 10683647410581, vstest.console.dll, ParallelOperationManager.StartWork: Starting adding 1 workloads.
TpTrace Verbose: 0 : 34772, 1, 2024/11/04, 22:34:08.461, 10683647415085, vstest.console.dll, ParallelOperationManager.ClearSlots: Clearing all slots. Slots should accept more work: True
TpTrace Verbose: 0 : 34772, 1, 2024/11/04, 22:34:08.461, 10683647416872, vstest.console.dll, ParallelOperationManager.SetOccupiedSlotCount: Setting slot counts AvailableSlotCount = 1, OccupiedSlotCount = 0.
TpTrace Verbose: 0 : 34772, 1, 2024/11/04, 22:34:08.461, 10683647417715, vstest.console.dll, Occupied slots:

TpTrace Verbose: 0 : 34772, 1, 2024/11/04, 22:34:08.464, 10683647439762, vstest.console.dll, TestHostManagerCallbacks.ctor: Forwarding output is enabled.
TpTrace Verbose: 0 : 34772, 1, 2024/11/04, 22:34:08.464, 10683647444057, vstest.console.dll, TestRequestSender is acting as server.
TpTrace Verbose: 0 : 34772, 1, 2024/11/04, 22:34:08.467, 10683647477381, vstest.console.dll, ParallelOperationManager.RunWorkInParallel: Adding 1 workload to slot, remaining workloads 0.
TpTrace Verbose: 0 : 34772, 1, 2024/11/04, 22:34:08.468, 10683647478570, vstest.console.dll, ParallelOperationManager.SetOccupiedSlotCount: Setting slot counts AvailableSlotCount = 0, OccupiedSlotCount = 1.
TpTrace Verbose: 0 : 34772, 1, 2024/11/04, 22:34:08.468, 10683647480320, vstest.console.dll, Occupied slots:
0: C:\Johnny\Celsior\SoftwareEngineerTrainee\Project\MovieRentWebAPISolution\MovieRentWebApiTesting\bin\Debug\net6.0\fine-code-coverage\build-output\MovieRentWebApiTesting.dll
TpTrace Verbose: 0 : 34772, 1, 2024/11/04, 22:34:08.469, 10683647497385, vstest.console.dll, ParallelOperationManager.RunWorkInParallel: Started host in slot number 0 for work (source): C:\Johnny\Celsior\SoftwareEngineerTrainee\Project\MovieRentWebAPISolution\MovieRentWebApiTesting\bin\Debug\net6.0\fine-code-coverage\build-output\MovieRentWebApiTesting.dll.
TpTrace Verbose: 0 : 34772, 1, 2024/11/04, 22:34:08.471, 10683647512499, vstest.console.dll, ParallelOperationManager.RunWorkInParallel: We started 1 work items, which is the max parallel level. Won't start more work.
TpTrace Verbose: 0 : 34772, 1, 2024/11/04, 22:34:08.471, 10683647514277, vstest.console.dll, ParallelOperationManager.RunWorkInParallel: We started 1 work items in here, returning True.
TpTrace Information: 0 : 34772, 1, 2024/11/04, 22:34:08.471, 10683647515297, vstest.console.dll, TestRunRequest.ExecuteAsync: Started.
TpTrace Verbose: 0 : 34772, 5, 2024/11/04, 22:34:08.471, 10683647517143, vstest.console.dll, ParallelProxyExecutionManager.StartTestRunOnConcurrentManager: Initializing uninitialized client. Started clients: 0
TpTrace Verbose: 0 : 34772, 5, 2024/11/04, 22:34:08.472, 10683647520698, vstest.console.dll, DataCollectionRequestSender.InitializeCommunication : Initialize communication. 
TpTrace Verbose: 0 : 34772, 1, 2024/11/04, 22:34:08.472, 10683647526814, vstest.console.dll, TestRunRequest.WaitForCompletion: Waiting with timeout -1.
TpTrace Information: 0 : 34772, 5, 2024/11/04, 22:34:08.488, 10683647687351, vstest.console.dll, Listening on Endpoint : 127.0.0.1:50462
TpTrace Verbose: 0 : 34772, 5, 2024/11/04, 22:34:08.500, 10683647799584, vstest.console.dll, DotnetDataCollectionLauncher: Adding  --runtimeconfig "C:\Program Files\dotnet\sdk\8.0.400\datacollector.runtimeconfig.json" in args
TpTrace Verbose: 0 : 34772, 5, 2024/11/04, 22:34:08.500, 10683647802486, vstest.console.dll, DotnetDataCollectionLauncher: Adding  --depsfile "C:\Program Files\dotnet\sdk\8.0.400\datacollector.deps.json" in args
TpTrace Verbose: 0 : 34772, 5, 2024/11/04, 22:34:08.502, 10683647825184, vstest.console.dll, DotnetDataCollectionLauncher: Full path of dotnet.exe is C:\Program Files\dotnet\dotnet.exe
TpTrace Information: 0 : 34772, 5, 2024/11/04, 22:34:08.518, 10683647983990, vstest.console.dll, ProxyDataCollectionManager.Initialize: Launched datacollector processId: 33776 port: 50462
TpTrace Information: 0 : 34772, 5, 2024/11/04, 22:34:08.518, 10683647986872, vstest.console.dll, ProxyDataCollectionManager.Initialize: waiting for connection with timeout: 90 seconds
TpTrace Verbose: 0 : 34772, 5, 2024/11/04, 22:34:08.519, 10683647988671, vstest.console.dll, DataCollectionRequestSender.WaitForRequestHandlerConnection : Waiting for connection with timeout: 90000
TpTrace Information: 0 : 34772, 7, 2024/11/04, 22:34:09.080, 10683653600540, vstest.console.dll, Using the buffer size of 16384 bytes
TpTrace Verbose: 0 : 34772, 5, 2024/11/04, 22:34:09.080, 10683653603405, vstest.console.dll, SocketCommunicationManager.WaitForClientConnection took: 561 ms, with 90000 ms timeout, and finished with True.
TpTrace Information: 0 : 34772, 7, 2024/11/04, 22:34:09.080, 10683653605473, vstest.console.dll, Accepted Client request and set the flag
TpTrace Verbose: 0 : 34772, 5, 2024/11/04, 22:34:09.081, 10683653609143, vstest.console.dll, ProxyDataCollectionManager.InvokeDataCollectionServiceAction: Starting.
TpTrace Information: 0 : 34772, 5, 2024/11/04, 22:34:09.081, 10683653611475, vstest.console.dll, ProxyDataCollectionManager.BeforeTestRunStart: Get environment variable and port for datacollector processId: 33776 port: 50462
TpTrace Verbose: 0 : 34772, 5, 2024/11/04, 22:34:09.082, 10683653620955, vstest.console.dll, DataCollectionRequestSender.SendBeforeTestRunStartAndGetResult: Send BeforeTestRunStart message with settingsXml <RunSettings><RunConfiguration><ResultsDirectory>C:\Johnny\Celsior\SoftwareEngineerTrainee\Project\MovieRentWebAPISolution\MovieRentWebApiTesting\bin\Debug\net6.0\fine-code-coverage\coverage-tool-output</ResultsDirectory><TargetPlatform>X64</TargetPlatform><TargetFrameworkVersion>.NETCoreApp,Version=v6.0</TargetFrameworkVersion><DesignMode>False</DesignMode><CollectSourceInformation>False</CollectSourceInformation><TestAdaptersPaths>C:\Program Files\dotnet\sdk\8.0.400\Extensions</TestAdaptersPaths></RunConfiguration><LoggerRunSettings><Loggers><Logger friendlyName="blame" enabled="True" /><Logger friendlyName="Console" uri="logger://microsoft/TestPlatform/ConsoleLogger/v1" assemblyQualifiedName="Microsoft.VisualStudio.TestPlatform.CommandLine.Internal.ConsoleLogger, vstest.console, Version=15.0.0.0, Culture=neutral, PublicKeyToken=b03f5f7f11d50a3a" codeBase="C:\Program Files\dotnet\sdk\8.0.400\vstest.console.dll" enabled="True" /></Loggers></LoggerRunSettings><DataCollectionRunSettings><DataCollectors><DataCollector friendlyName="blame" enabled="True"><Configuration><ResultsDirectory>C:\Johnny\Celsior\SoftwareEngineerTrainee\Project\MovieRentWebAPISolution\MovieRentWebApiTesting\bin\Debug\net6.0\fine-code-coverage\coverage-tool-output</ResultsDirectory></Configuration></DataCollector></DataCollectors></DataCollectionRunSettings></RunSettings> and sources System.Collections.Generic.List`1[System.String]: 
TpTrace Verbose: 0 : 34772, 5, 2024/11/04, 22:34:09.230, 10683655100969, vstest.console.dll, DataCollectionRequestSender.SendBeforeTestRunStartAndGetResult: Received message: (DataCollection.SendMessage) -> {"MessageType":"DataCollection.SendMessage","Payload":{"FriendlyName":null,"Uri":null,"TestCaseId":"00000000-0000-0000-0000-000000000000","Message":"Logging DataCollector Diagnostics in file: C:\\Johnny\\Celsior\\SoftwareEngineerTrainee\\Project\\MovieRentWebAPISolution\\MovieRentWebApiTesting\\bin\\Debug\\net6.0\\fine-code-coverage\\coverage-tool-output\\diagnostics.datacollector.24-11-04_22-34-08_49979_5.log","Level":0}}
TpTrace Verbose: 0 : 34772, 5, 2024/11/04, 22:34:09.456, 10683657367584, vstest.console.dll, DataCollectionRequestSender.SendBeforeTestRunStartAndGetResult: Received message: (DataCollection.BeforeTestRunStartResult) -> {"MessageType":"DataCollection.BeforeTestRunStartResult","Payload":{"EnvironmentVariables":{},"DataCollectionEventsPort":50464}}
TpTrace Information: 0 : 34772, 5, 2024/11/04, 22:34:09.465, 10683657450493, vstest.console.dll, ProxyDataCollectionManager.BeforeTestRunStart: SendBeforeTestRunStartAndGetResult successful, env variable from datacollector:   and testhost port: 50464
TpTrace Information: 0 : 34772, 5, 2024/11/04, 22:34:09.465, 10683657452788, vstest.console.dll, ProxyDataCollectionManager.InvokeDataCollectionServiceAction: Completed.
TpTrace Verbose: 0 : 34772, 5, 2024/11/04, 22:34:09.465, 10683657453607, vstest.console.dll, ParallelProxyExecutionManager.StartTestRunOnConcurrentManager: Initializing test run. Started clients: 0
TpTrace Verbose: 0 : 34772, 5, 2024/11/04, 22:34:09.465, 10683657454941, vstest.console.dll, ProxyExecutionManager: Test host is always Lazy initialize.
TpTrace Verbose: 0 : 34772, 5, 2024/11/04, 22:34:09.466, 10683657458259, vstest.console.dll, TestRequestSender.InitializeCommunication: initialize communication. 
TpTrace Information: 0 : 34772, 5, 2024/11/04, 22:34:09.467, 10683657469412, vstest.console.dll, SocketServer.Start: Listening on endpoint : 127.0.0.1:50465
TpTrace Verbose: 0 : 34772, 5, 2024/11/04, 22:34:09.468, 10683657480860, vstest.console.dll, DotnetTestHostmanager.GetTestHostProcessStartInfo: Platform environment 'X64' target architecture 'X64' framework '.NETCoreApp,Version=v6.0' OS 'Windows'
TpTrace Verbose: 0 : 34772, 5, 2024/11/04, 22:34:09.468, 10683657484797, vstest.console.dll, DotnetTestHostmanager: Adding  --runtimeconfig "C:\Johnny\Celsior\SoftwareEngineerTrainee\Project\MovieRentWebAPISolution\MovieRentWebApiTesting\bin\Debug\net6.0\fine-code-coverage\build-output\MovieRentWebApiTesting.runtimeconfig.json" in args
TpTrace Verbose: 0 : 34772, 5, 2024/11/04, 22:34:09.468, 10683657486504, vstest.console.dll, DotnetTestHostmanager: Adding  --depsfile "C:\Johnny\Celsior\SoftwareEngineerTrainee\Project\MovieRentWebAPISolution\MovieRentWebApiTesting\bin\Debug\net6.0\fine-code-coverage\build-output\MovieRentWebApiTesting.deps.json" in args
TpTrace Verbose: 0 : 34772, 5, 2024/11/04, 22:34:09.469, 10683657491583, vstest.console.dll, DotnetTestHostmanager.IsWinOnArm: Current PROCESSOR_ARCHITECTURE from environment variable 'AMD64'
TpTrace Verbose: 0 : 34772, 5, 2024/11/04, 22:34:09.469, 10683657493045, vstest.console.dll, DotnetTestHostmanager.IsWinOnArm: Is Windows on ARM 'False'
TpTrace Verbose: 0 : 34772, 5, 2024/11/04, 22:34:09.469, 10683657494763, vstest.console.dll, DotnetTestHostManager: testhost.exe found at path: C:\Johnny\Celsior\SoftwareEngineerTrainee\Project\MovieRentWebAPISolution\MovieRentWebApiTesting\bin\Debug\net6.0\fine-code-coverage\build-output\testhost.exe
TpTrace Verbose: 0 : 34772, 5, 2024/11/04, 22:34:09.469, 10683657495577, vstest.console.dll, DotnetTestHostmanager: Full path of host exe is C:\Johnny\Celsior\SoftwareEngineerTrainee\Project\MovieRentWebAPISolution\MovieRentWebApiTesting\bin\Debug\net6.0\fine-code-coverage\build-output\testhost.exe
TpTrace Verbose: 0 : 34772, 5, 2024/11/04, 22:34:09.469, 10683657497240, vstest.console.dll, DotnetTestHostmanager.LaunchTestHostAsync: Found 'VSTEST_WINAPPHOST_DOTNET_ROOT' in env variables, value 'C:\Program Files\dotnet', forwarding to 'DOTNET_ROOT'
TpTrace Verbose: 0 : 34772, 5, 2024/11/04, 22:34:09.470, 10683657499318, vstest.console.dll, DotnetTestHostManager: Starting process 'C:\Johnny\Celsior\SoftwareEngineerTrainee\Project\MovieRentWebAPISolution\MovieRentWebApiTesting\bin\Debug\net6.0\fine-code-coverage\build-output\testhost.exe' with command line ' --runtimeconfig "C:\Johnny\Celsior\SoftwareEngineerTrainee\Project\MovieRentWebAPISolution\MovieRentWebApiTesting\bin\Debug\net6.0\fine-code-coverage\build-output\MovieRentWebApiTesting.runtimeconfig.json" --depsfile "C:\Johnny\Celsior\SoftwareEngineerTrainee\Project\MovieRentWebAPISolution\MovieRentWebApiTesting\bin\Debug\net6.0\fine-code-coverage\build-output\MovieRentWebApiTesting.deps.json" --port 50465 --endpoint 127.0.0.1:050465 --role client --parentprocessid 34772 --diag "C:\Johnny\Celsior\SoftwareEngineerTrainee\Project\MovieRentWebAPISolution\MovieRentWebApiTesting\bin\Debug\net6.0\fine-code-coverage\coverage-tool-output\diagnostics.host.24-11-04_22-34-09_46783_5.log" --tracelevel 4 --datacollectionport 50464 --telemetryoptedin false'
TpTrace Verbose: 0 : 34772, 5, 2024/11/04, 22:34:09.488, 10683657687284, vstest.console.dll, MulticastDelegateUtilities.SafeInvoke: HostProviderEvents.OnHostLaunched: Invoking callback 1/2 for Microsoft.VisualStudio.TestPlatform.CrossPlatEngine.Client.ProxyExecutionManagerWithDataCollection., took 1 ms.
TpTrace Verbose: 0 : 34772, 5, 2024/11/04, 22:34:09.489, 10683657692716, vstest.console.dll, Test Runtime launched
TpTrace Verbose: 0 : 34772, 5, 2024/11/04, 22:34:09.489, 10683657695439, vstest.console.dll, MulticastDelegateUtilities.SafeInvoke: HostProviderEvents.OnHostLaunched: Invoking callback 2/2 for Microsoft.VisualStudio.TestPlatform.CrossPlatEngine.Client.ProxyOperationManager., took 0 ms.
TpTrace Verbose: 0 : 34772, 5, 2024/11/04, 22:34:09.490, 10683657698745, vstest.console.dll, TestRequestSender.WaitForRequestHandlerConnection: waiting for connection with timeout: 90000.
TpTrace Verbose: 0 : 34772, 11, 2024/11/04, 22:34:10.032, 10683663120373, vstest.console.dll, MulticastDelegateUtilities.SafeInvoke: SocketServer: ClientConnected: Invoking callback 1/1 for Microsoft.VisualStudio.TestPlatform.CommunicationUtilities.TestRequestSender., took 0 ms.
TpTrace Verbose: 0 : 34772, 5, 2024/11/04, 22:34:10.032, 10683663120593, vstest.console.dll, TestRequestSender.WaitForRequestHandlerConnection: waiting took 542 ms, with timeout 90000 ms, and result 0, which is success.
TpTrace Verbose: 0 : 34772, 11, 2024/11/04, 22:34:10.032, 10683663123919, vstest.console.dll, SocketServer.OnClientConnected: Client connected for endPoint: 127.0.0.1:50465, starting MessageLoopAsync:
TpTrace Verbose: 0 : 34772, 11, 2024/11/04, 22:34:10.034, 10683663139290, vstest.console.dll, TcpClientExtensions.MessageLoopAsync: Polling on remoteEndPoint: 127.0.0.1:50468 localEndPoint: 127.0.0.1:50465 after 0 ms
TpTrace Verbose: 0 : 34772, 5, 2024/11/04, 22:34:10.035, 10683663151939, vstest.console.dll, TestRequestSender.CheckVersionWithTestHost: Sending check version message: {"MessageType":"ProtocolVersion","Payload":7}
TpTrace Verbose: 0 : 34772, 11, 2024/11/04, 22:34:10.296, 10683665763159, vstest.console.dll, TcpClientExtensions.MessageLoopAsync: NotifyDataAvailable remoteEndPoint: 127.0.0.1:50468 localEndPoint: 127.0.0.1:50465
TpTrace Verbose: 0 : 34772, 11, 2024/11/04, 22:34:10.297, 10683665768878, vstest.console.dll, TestRequestSender.CheckVersionWithTestHost: onMessageReceived received message: (ProtocolVersion) -> {"MessageType":"ProtocolVersion","Payload":5}
TpTrace Verbose: 0 : 34772, 11, 2024/11/04, 22:34:10.297, 10683665777407, vstest.console.dll, MulticastDelegateUtilities.SafeInvoke: LengthPrefixCommunicationChannel: MessageReceived: Invoking callback 1/1 for Microsoft.VisualStudio.TestPlatform.CommunicationUtilities.TestRequestSender+<>c__DisplayClass29_0., took 0 ms.
TpTrace Verbose: 0 : 34772, 11, 2024/11/04, 22:34:10.298, 10683665778702, vstest.console.dll, TcpClientExtensions.MessageLoopAsync: Polling on remoteEndPoint: 127.0.0.1:50468 localEndPoint: 127.0.0.1:50465 after 263 ms
TpTrace Verbose: 0 : 34772, 5, 2024/11/04, 22:34:10.298, 10683665781569, vstest.console.dll, TestPluginCache.GetExtensionPaths: Filtered extension paths: 
TpTrace Verbose: 0 : 34772, 5, 2024/11/04, 22:34:10.298, 10683665782336, vstest.console.dll, TestPluginCache.GetExtensionPaths: Added default extension paths: C:\Program Files\dotnet\sdk\8.0.400\Extensions\Microsoft.Diagnostics.NETCore.Client.dll
C:\Program Files\dotnet\sdk\8.0.400\Extensions\Microsoft.TestPlatform.Extensions.BlameDataCollector.dll
C:\Program Files\dotnet\sdk\8.0.400\Extensions\Microsoft.TestPlatform.Extensions.EventLogCollector.dll
C:\Program Files\dotnet\sdk\8.0.400\Extensions\Microsoft.TestPlatform.TestHostRuntimeProvider.dll
C:\Program Files\dotnet\sdk\8.0.400\Extensions\Microsoft.VisualStudio.TestPlatform.Extensions.Html.TestLogger.dll
C:\Program Files\dotnet\sdk\8.0.400\Extensions\Microsoft.VisualStudio.TestPlatform.Extensions.Trx.TestLogger.dll
TpTrace Verbose: 0 : 34772, 5, 2024/11/04, 22:34:10.298, 10683665782986, vstest.console.dll, TestPluginCache.GetExtensionPaths: Added unfilterableExtensionPaths: 
TpTrace Verbose: 0 : 34772, 5, 2024/11/04, 22:34:10.303, 10683665832914, vstest.console.dll, TestRequestSender.InitializeExecution: Sending initialize execution with message: {"Version":5,"MessageType":"TestExecution.Initialize","Payload":["C:\\Johnny\\Celsior\\SoftwareEngineerTrainee\\Project\\MovieRentWebAPISolution\\MovieRentWebApiTesting\\bin\\Debug\\net6.0\\fine-code-coverage\\build-output\\NUnit3.TestAdapter.dll"]}
TpTrace Verbose: 0 : 34772, 5, 2024/11/04, 22:34:10.303, 10683665836752, vstest.console.dll, ParallelProxyExecutionManager.StartTestRunOnConcurrentManager: Execution starting. Started clients: 1
TpTrace Verbose: 0 : 34772, 5, 2024/11/04, 22:34:10.304, 10683665840729, vstest.console.dll, TestRunRequest:SendTestRunMessage: Starting.
TpTrace Verbose: 0 : 34772, 5, 2024/11/04, 22:34:10.304, 10683665843395, vstest.console.dll, MulticastDelegateUtilities.SafeInvoke: TestRun.LogMessages: Invoking callback 1/1 for Microsoft.VisualStudio.TestPlatform.CommandLine.TestRunResultAggregator., took 0 ms.
TpTrace Information: 0 : 34772, 5, 2024/11/04, 22:34:10.304, 10683665844728, vstest.console.dll, TestRunRequest:SendTestRunMessage: Completed.
TpTrace Verbose: 0 : 34772, 4, 2024/11/04, 22:34:10.305, 10683665847922, vstest.console.dll, MulticastDelegateUtilities.SafeInvoke: InternalTestLoggerEvents.SendTestRunMessage: Invoking callback 1/1 for Microsoft.VisualStudio.TestPlatform.CommandLine.Internal.ConsoleLogger., took 0 ms.
TpTrace Warning: 0 : 34772, 5, 2024/11/04, 22:34:10.305, 10683665851530, vstest.console.dll, InferRunSettingsHelper.MakeRunsettingsCompatible: Removing the following settings: TargetPlatform from RunSettings file. To use those settings please move to latest version of Microsoft.NET.Test.Sdk
TpTrace Verbose: 0 : 34772, 11, 2024/11/04, 22:34:10.313, 10683665933666, vstest.console.dll, TcpClientExtensions.MessageLoopAsync: NotifyDataAvailable remoteEndPoint: 127.0.0.1:50468 localEndPoint: 127.0.0.1:50465
TpTrace Verbose: 0 : 34772, 5, 2024/11/04, 22:34:10.314, 10683665942984, vstest.console.dll, TestRequestSender.StartTestRun: Sending test run with message: {"Version":5,"MessageType":"TestExecution.StartWithSources","Payload":{"AdapterSourceMap":{"_none_":["C:\\Johnny\\Celsior\\SoftwareEngineerTrainee\\Project\\MovieRentWebAPISolution\\MovieRentWebApiTesting\\bin\\Debug\\net6.0\\fine-code-coverage\\build-output\\MovieRentWebApiTesting.dll"]},"RunSettings":"<RunSettings>\r\n  <RunConfiguration>\r\n    <ResultsDirectory>C:\\Johnny\\Celsior\\SoftwareEngineerTrainee\\Project\\MovieRentWebAPISolution\\MovieRentWebApiTesting\\bin\\Debug\\net6.0\\fine-code-coverage\\coverage-tool-output</ResultsDirectory>\r\n    <TargetFrameworkVersion>.NETCoreApp,Version=v6.0</TargetFrameworkVersion>\r\n    <DesignMode>False</DesignMode>\r\n    <CollectSourceInformation>False</CollectSourceInformation>\r\n  </RunConfiguration>\r\n  <LoggerRunSettings>\r\n    <Loggers>\r\n      <Logger friendlyName=\"blame\" enabled=\"True\" />\r\n      <Logger friendlyName=\"Console\" uri=\"logger://microsoft/TestPlatform/ConsoleLogger/v1\" assemblyQualifiedName=\"Microsoft.VisualStudio.TestPlatform.CommandLine.Internal.ConsoleLogger, vstest.console, Version=15.0.0.0, Culture=neutral, PublicKeyToken=b03f5f7f11d50a3a\" codeBase=\"C:\\Program Files\\dotnet\\sdk\\8.0.400\\vstest.console.dll\" enabled=\"True\" />\r\n    </Loggers>\r\n  </LoggerRunSettings>\r\n  <DataCollectionRunSettings>\r\n    <DataCollectors>\r\n      <DataCollector friendlyName=\"blame\" enabled=\"True\">\r\n        <Configuration>\r\n          <ResultsDirectory>C:\\Johnny\\Celsior\\SoftwareEngineerTrainee\\Project\\MovieRentWebAPISolution\\MovieRentWebApiTesting\\bin\\Debug\\net6.0\\fine-code-coverage\\coverage-tool-output</ResultsDirectory>\r\n        </Configuration>\r\n      </DataCollector>\r\n    </DataCollectors>\r\n  </DataCollectionRunSettings>\r\n</RunSettings>","TestExecutionContext":{"FrequencyOfRunStatsChangeEvent":10,"RunStatsChangeEventTimeout":"00:00:01.5000000","InIsolation":false,"KeepAlive":false,"AreTestCaseLevelEventsRequired":false,"IsDebug":false,"TestCaseFilter":null,"FilterOptions":null},"Package":null}}
TpTrace Verbose: 0 : 34772, 11, 2024/11/04, 22:34:10.314, 10683665943374, vstest.console.dll, TestRequestSender.OnExecutionMessageReceived: Received message: {"Version":5,"MessageType":"TestSession.Message","Payload":{"MessageLevel":0,"Message":"Logging TestHost Diagnostics in file: C:\\Johnny\\Celsior\\SoftwareEngineerTrainee\\Project\\MovieRentWebAPISolution\\MovieRentWebApiTesting\\bin\\Debug\\net6.0\\fine-code-coverage\\coverage-tool-output\\diagnostics.host.24-11-04_22-34-09_46783_5.log"}}
TpTrace Verbose: 0 : 34772, 5, 2024/11/04, 22:34:10.314, 10683665947206, vstest.console.dll, ParallelProxyExecutionManager.StartTestRunOnConcurrentManager: Execution started. Started clients: 1
TpTrace Verbose: 0 : 34772, 11, 2024/11/04, 22:34:10.319, 10683665991965, vstest.console.dll, TestRunRequest:SendTestRunMessage: Starting.
TpTrace Verbose: 0 : 34772, 11, 2024/11/04, 22:34:10.320, 10683666001463, vstest.console.dll, MulticastDelegateUtilities.SafeInvoke: TestRun.LogMessages: Invoking callback 1/1 for Microsoft.VisualStudio.TestPlatform.CommandLine.TestRunResultAggregator., took 0 ms.
TpTrace Information: 0 : 34772, 11, 2024/11/04, 22:34:10.320, 10683666002959, vstest.console.dll, TestRunRequest:SendTestRunMessage: Completed.
TpTrace Verbose: 0 : 34772, 11, 2024/11/04, 22:34:10.320, 10683666005996, vstest.console.dll, MulticastDelegateUtilities.SafeInvoke: LengthPrefixCommunicationChannel: MessageReceived: Invoking callback 1/1 for Microsoft.VisualStudio.TestPlatform.CommunicationUtilities.TestRequestSender+<>c__DisplayClass34_0., took 6 ms.
TpTrace Verbose: 0 : 34772, 4, 2024/11/04, 22:34:10.320, 10683666002900, vstest.console.dll, MulticastDelegateUtilities.SafeInvoke: InternalTestLoggerEvents.SendTestRunMessage: Invoking callback 1/1 for Microsoft.VisualStudio.TestPlatform.CommandLine.Internal.ConsoleLogger., took 0 ms.
TpTrace Verbose: 0 : 34772, 11, 2024/11/04, 22:34:10.320, 10683666007440, vstest.console.dll, TcpClientExtensions.MessageLoopAsync: Polling on remoteEndPoint: 127.0.0.1:50468 localEndPoint: 127.0.0.1:50465 after 22 ms
TpTrace Verbose: 0 : 34772, 11, 2024/11/04, 22:34:10.771, 10683670509336, vstest.console.dll, TcpClientExtensions.MessageLoopAsync: NotifyDataAvailable remoteEndPoint: 127.0.0.1:50468 localEndPoint: 127.0.0.1:50465
TpTrace Verbose: 0 : 34772, 11, 2024/11/04, 22:34:10.771, 10683670513451, vstest.console.dll, TestRequestSender.OnExecutionMessageReceived: Received message: {"Version":5,"MessageType":"TestSession.Message","Payload":{"MessageLevel":0,"Message":"NUnit Adapter 4.2.0.0: Test execution started"}}
TpTrace Verbose: 0 : 34772, 11, 2024/11/04, 22:34:10.772, 10683670519078, vstest.console.dll, TestRunRequest:SendTestRunMessage: Starting.
TpTrace Verbose: 0 : 34772, 11, 2024/11/04, 22:34:10.772, 10683670521452, vstest.console.dll, MulticastDelegateUtilities.SafeInvoke: TestRun.LogMessages: Invoking callback 1/1 for Microsoft.VisualStudio.TestPlatform.CommandLine.TestRunResultAggregator., took 0 ms.
TpTrace Verbose: 0 : 34772, 4, 2024/11/04, 22:34:10.772, 10683670522522, vstest.console.dll, MulticastDelegateUtilities.SafeInvoke: InternalTestLoggerEvents.SendTestRunMessage: Invoking callback 1/1 for Microsoft.VisualStudio.TestPlatform.CommandLine.Internal.ConsoleLogger., took 0 ms.
TpTrace Information: 0 : 34772, 11, 2024/11/04, 22:34:10.772, 10683670522877, vstest.console.dll, TestRunRequest:SendTestRunMessage: Completed.
TpTrace Verbose: 0 : 34772, 11, 2024/11/04, 22:34:10.772, 10683670527748, vstest.console.dll, MulticastDelegateUtilities.SafeInvoke: LengthPrefixCommunicationChannel: MessageReceived: Invoking callback 1/1 for Microsoft.VisualStudio.TestPlatform.CommunicationUtilities.TestRequestSender+<>c__DisplayClass34_0., took 1 ms.
TpTrace Verbose: 0 : 34772, 11, 2024/11/04, 22:34:10.773, 10683670529196, vstest.console.dll, TcpClientExtensions.MessageLoopAsync: Polling on remoteEndPoint: 127.0.0.1:50468 localEndPoint: 127.0.0.1:50465 after 451 ms
TpTrace Verbose: 0 : 34772, 11, 2024/11/04, 22:34:10.847, 10683671271235, vstest.console.dll, TcpClientExtensions.MessageLoopAsync: NotifyDataAvailable remoteEndPoint: 127.0.0.1:50468 localEndPoint: 127.0.0.1:50465
TpTrace Verbose: 0 : 34772, 11, 2024/11/04, 22:34:10.847, 10683671274996, vstest.console.dll, TestRequestSender.OnExecutionMessageReceived: Received message: {"Version":5,"MessageType":"TestSession.Message","Payload":{"MessageLevel":0,"Message":"Running all tests in C:\\Johnny\\Celsior\\SoftwareEngineerTrainee\\Project\\MovieRentWebAPISolution\\MovieRentWebApiTesting\\bin\\Debug\\net6.0\\fine-code-coverage\\build-output\\MovieRentWebApiTesting.dll"}}
TpTrace Verbose: 0 : 34772, 11, 2024/11/04, 22:34:10.848, 10683671279434, vstest.console.dll, TestRunRequest:SendTestRunMessage: Starting.
TpTrace Verbose: 0 : 34772, 11, 2024/11/04, 22:34:10.848, 10683671282972, vstest.console.dll, MulticastDelegateUtilities.SafeInvoke: TestRun.LogMessages: Invoking callback 1/1 for Microsoft.VisualStudio.TestPlatform.CommandLine.TestRunResultAggregator., took 0 ms.
TpTrace Information: 0 : 34772, 11, 2024/11/04, 22:34:10.848, 10683671284874, vstest.console.dll, TestRunRequest:SendTestRunMessage: Completed.
TpTrace Verbose: 0 : 34772, 11, 2024/11/04, 22:34:10.848, 10683671286376, vstest.console.dll, MulticastDelegateUtilities.SafeInvoke: LengthPrefixCommunicationChannel: MessageReceived: Invoking callback 1/1 for Microsoft.VisualStudio.TestPlatform.CommunicationUtilities.TestRequestSender+<>c__DisplayClass34_0., took 1 ms.
TpTrace Verbose: 0 : 34772, 11, 2024/11/04, 22:34:10.848, 10683671287711, vstest.console.dll, TcpClientExtensions.MessageLoopAsync: Polling on remoteEndPoint: 127.0.0.1:50468 localEndPoint: 127.0.0.1:50465 after 75 ms
TpTrace Verbose: 0 : 34772, 4, 2024/11/04, 22:34:10.848, 10683671284042, vstest.console.dll, MulticastDelegateUtilities.SafeInvoke: InternalTestLoggerEvents.SendTestRunMessage: Invoking callback 1/1 for Microsoft.VisualStudio.TestPlatform.CommandLine.Internal.ConsoleLogger., took 0 ms.
TpTrace Verbose: 0 : 34772, 11, 2024/11/04, 22:34:11.134, 10683674141869, vstest.console.dll, TcpClientExtensions.MessageLoopAsync: NotifyDataAvailable remoteEndPoint: 127.0.0.1:50468 localEndPoint: 127.0.0.1:50465
TpTrace Verbose: 0 : 34772, 11, 2024/11/04, 22:34:11.134, 10683674145567, vstest.console.dll, TestRequestSender.OnExecutionMessageReceived: Received message: {"Version":5,"MessageType":"TestSession.Message","Payload":{"MessageLevel":0,"Message":"   NUnit3TestExecutor discovered 34 of 34 NUnit test cases using Current Discovery mode, Non-Explicit run"}}
TpTrace Verbose: 0 : 34772, 11, 2024/11/04, 22:34:11.135, 10683674148228, vstest.console.dll, TestRunRequest:SendTestRunMessage: Starting.
TpTrace Verbose: 0 : 34772, 11, 2024/11/04, 22:34:11.135, 10683674150128, vstest.console.dll, MulticastDelegateUtilities.SafeInvoke: TestRun.LogMessages: Invoking callback 1/1 for Microsoft.VisualStudio.TestPlatform.CommandLine.TestRunResultAggregator., took 0 ms.
TpTrace Information: 0 : 34772, 11, 2024/11/04, 22:34:11.135, 10683674151102, vstest.console.dll, TestRunRequest:SendTestRunMessage: Completed.
TpTrace Verbose: 0 : 34772, 11, 2024/11/04, 22:34:11.135, 10683674152251, vstest.console.dll, MulticastDelegateUtilities.SafeInvoke: LengthPrefixCommunicationChannel: MessageReceived: Invoking callback 1/1 for Microsoft.VisualStudio.TestPlatform.CommunicationUtilities.TestRequestSender+<>c__DisplayClass34_0., took 0 ms.
TpTrace Verbose: 0 : 34772, 11, 2024/11/04, 22:34:11.135, 10683674153163, vstest.console.dll, TcpClientExtensions.MessageLoopAsync: Polling on remoteEndPoint: 127.0.0.1:50468 localEndPoint: 127.0.0.1:50465 after 286 ms
TpTrace Verbose: 0 : 34772, 4, 2024/11/04, 22:34:11.135, 10683674151174, vstest.console.dll, MulticastDelegateUtilities.SafeInvoke: InternalTestLoggerEvents.SendTestRunMessage: Invoking callback 1/1 for Microsoft.VisualStudio.TestPlatform.CommandLine.Internal.ConsoleLogger., took 0 ms.
TpTrace Verbose: 0 : 34772, 11, 2024/11/04, 22:34:12.000, 10683682798270, vstest.console.dll, TcpClientExtensions.MessageLoopAsync: NotifyDataAvailable remoteEndPoint: 127.0.0.1:50468 localEndPoint: 127.0.0.1:50465
TpTrace Verbose: 0 : 34772, 11, 2024/11/04, 22:34:12.000, 10683682801489, vstest.console.dll, TestRequestSender.OnExecutionMessageReceived: Received message: {"Version":5,"MessageType":"TestExecution.StatsChange","Payload":{"NewTestResults":[],"TestRunStatistics":{"ExecutedTests":0,"Stats":{}},"ActiveTests":[{"Id":"d6d87430-d586-9082-ab29-e65c00edea04","FullyQualifiedName":"MovieRentWebApiTesting.MovieControllerTest.FilterMovies_Test","DisplayName":"FilterMovies_Test","ExecutorUri":"executor://NUnit3TestExecutor","Source":"C:\\Johnny\\Celsior\\SoftwareEngineerTrainee\\Project\\MovieRentWebAPISolution\\MovieRentWebApiTesting\\bin\\Debug\\net6.0\\fine-code-coverage\\build-output\\MovieRentWebApiTesting.dll","CodeFilePath":null,"LineNumber":0,"Properties":[{"Key":{"Id":"NUnit.Seed","Label":"Seed","Category":"","Description":"","Attributes":0,"ValueType":"System.String"},"Value":"1750063023"}]}]}}
TpTrace Verbose: 0 : 34772, 11, 2024/11/04, 22:34:12.022, 10683683017914, vstest.console.dll, TestRunRequest:SendTestRunStatsChange: Starting.
TpTrace Verbose: 0 : 34772, 11, 2024/11/04, 22:34:12.022, 10683683020385, vstest.console.dll, InProgress is FilterMovies_Test
TpTrace Verbose: 0 : 34772, 11, 2024/11/04, 22:34:12.022, 10683683021906, vstest.console.dll, MulticastDelegateUtilities.SafeInvoke: TestRun.RunStatsChanged: Invoking callbacks was skipped because there are no subscribers.
TpTrace Information: 0 : 34772, 11, 2024/11/04, 22:34:12.022, 10683683022610, vstest.console.dll, TestRunRequest:SendTestRunStatsChange: Completed.
TpTrace Verbose: 0 : 34772, 11, 2024/11/04, 22:34:12.022, 10683683023429, vstest.console.dll, MulticastDelegateUtilities.SafeInvoke: LengthPrefixCommunicationChannel: MessageReceived: Invoking callback 1/1 for Microsoft.VisualStudio.TestPlatform.CommunicationUtilities.TestRequestSender+<>c__DisplayClass34_0., took 22 ms.
TpTrace Verbose: 0 : 34772, 11, 2024/11/04, 22:34:12.022, 10683683024146, vstest.console.dll, TcpClientExtensions.MessageLoopAsync: Polling on remoteEndPoint: 127.0.0.1:50468 localEndPoint: 127.0.0.1:50465 after 887 ms
TpTrace Verbose: 0 : 34772, 11, 2024/11/04, 22:34:12.898, 10683691779619, vstest.console.dll, TcpClientExtensions.MessageLoopAsync: NotifyDataAvailable remoteEndPoint: 127.0.0.1:50468 localEndPoint: 127.0.0.1:50465
TpTrace Verbose: 0 : 34772, 11, 2024/11/04, 22:34:12.898, 10683691786539, vstest.console.dll, TestRequestSender.OnExecutionMessageReceived: Received message: {"Version":5,"MessageType":"TestExecution.StatsChange","Payload":{"NewTestResults":[{"TestCase":{"Id":"d6d87430-d586-9082-ab29-e65c00edea04","FullyQualifiedName":"MovieRentWebApiTesting.MovieControllerTest.FilterMovies_Test","DisplayName":"FilterMovies_Test","ExecutorUri":"executor://NUnit3TestExecutor","Source":"C:\\Johnny\\Celsior\\SoftwareEngineerTrainee\\Project\\MovieRentWebAPISolution\\MovieRentWebApiTesting\\bin\\Debug\\net6.0\\fine-code-coverage\\build-output\\MovieRentWebApiTesting.dll","CodeFilePath":null,"LineNumber":0,"Properties":[{"Key":{"Id":"NUnit.Seed","Label":"Seed","Category":"","Description":"","Attributes":0,"ValueType":"System.String"},"Value":"1750063023"}]},"Attachments":[],"Outcome":1,"ErrorMessage":null,"ErrorStackTrace":null,"DisplayName":"FilterMovies_Test","Messages":[],"ComputerName":"5CD413DKRZ","Duration":"00:00:01.5504210","StartTime":"2024-11-04T17:04:11.192993+00:00","EndTime":"2024-11-04T17:04:12.7433633+00:00","Properties":[{"Key":{"Id":"NUnit.Seed","Label":"Seed","Category":"","Description":"","Attributes":0,"ValueType":"System.String"},"Value":"1750063023"}]},{"TestCase":{"Id":"04f25c7a-00a2-00cd-9679-c2aab5bab530","FullyQualifiedName":"MovieRentWebApiTesting.MovieControllerTest.GetAllMovies_Test","DisplayName":"GetAllMovies_Test","ExecutorUri":"executor://NUnit3TestExecutor","Source":"C:\\Johnny\\Celsior\\SoftwareEngineerTrainee\\Project\\MovieRentWebAPISolution\\MovieRentWebApiTesting\\bin\\Debug\\net6.0\\fine-code-coverage\\build-output\\MovieRentWebApiTesting.dll","CodeFilePath":null,"LineNumber":0,"Properties":[{"Key":{"Id":"NUnit.Seed","Label":"Seed","Category":"","Description":"","Attributes":0,"ValueType":"System.String"},"Value":"1337164040"}]},"Attachments":[],"Outcome":1,"ErrorMessage":null,"ErrorStackTrace":null,"DisplayName":"GetAllMovies_Test","Messages":[],"ComputerName":"5CD413DKRZ","Duration":"00:00:00.0379160","StartTime":"2024-11-04T17:04:12.7447751+00:00","EndTime":"2024-11-04T17:04:12.7826914+00:00","Properties":[{"Key":{"Id":"NUnit.Seed","Label":"Seed","Category":"","Description":"","Attributes":0,"ValueType":"System.String"},"Value":"1337164040"}]},{"TestCase":{"Id":"611b7341-0d7a-f511-f227-3b408c0cfae0","FullyQualifiedName":"MovieRentWebApiTesting.MovieControllerTest.GetAllMoviesName_Test","DisplayName":"GetAllMoviesName_Test","ExecutorUri":"executor://NUnit3TestExecutor","Source":"C:\\Johnny\\Celsior\\SoftwareEngineerTrainee\\Project\\MovieRentWebAPISolution\\MovieRentWebApiTesting\\bin\\Debug\\net6.0\\fine-code-coverage\\build-output\\MovieRentWebApiTesting.dll","CodeFilePath":null,"LineNumber":0,"Properties":[{"Key":{"Id":"NUnit.Seed","Label":"Seed","Category":"","Description":"","Attributes":0,"ValueType":"System.String"},"Value":"610652677"}]},"Attachments":[],"Outcome":1,"ErrorMessage":null,"ErrorStackTrace":null,"DisplayName":"GetAllMoviesName_Test","Messages":[],"ComputerName":"5CD413DKRZ","Duration":"00:00:00.0148890","StartTime":"2024-11-04T17:04:12.7827285+00:00","EndTime":"2024-11-04T17:04:12.7976174+00:00","Properties":[{"Key":{"Id":"NUnit.Seed","Label":"Seed","Category":"","Description":"","Attributes":0,"ValueType":"System.String"},"Value":"610652677"}]},{"TestCase":{"Id":"fa1cc3bb-20bb-748c-e668-96934920b139","FullyQualifiedName":"MovieRentWebApiTesting.MovieControllerTest.MovieCreate_Test","DisplayName":"MovieCreate_Test","ExecutorUri":"executor://NUnit3TestExecutor","Source":"C:\\Johnny\\Celsior\\SoftwareEngineerTrainee\\Project\\MovieRentWebAPISolution\\MovieRentWebApiTesting\\bin\\Debug\\net6.0\\fine-code-coverage\\build-output\\MovieRentWebApiTesting.dll","CodeFilePath":null,"LineNumber":0,"Properties":[{"Key":{"Id":"NUnit.Seed","Label":"Seed","Category":"","Description":"","Attributes":0,"ValueType":"System.String"},"Value":"465883499"}]},"Attachments":[],"Outcome":1,"ErrorMessage":null,"ErrorStackTrace":null,"DisplayName":"MovieCreate_Test","Messages":[],"ComputerName":"5CD413DKRZ","Duration":"00:00:00.0027670","StartTime":"2024-11-04T17:04:12.7976471+00:00","EndTime":"2024-11-04T17:04:12.8004135+00:00","Properties":[{"Key":{"Id":"NUnit.Seed","Label":"Seed","Category":"","Description":"","Attributes":0,"ValueType":"System.String"},"Value":"465883499"}]},{"TestCase":{"Id":"ee218e98-f995-3548-d9f5-fba923da2a1f","FullyQualifiedName":"MovieRentWebApiTesting.MovieRepositoryTest.AddMovie_Test","DisplayName":"AddMovie_Test","ExecutorUri":"executor://NUnit3TestExecutor","Source":"C:\\Johnny\\Celsior\\SoftwareEngineerTrainee\\Project\\MovieRentWebAPISolution\\MovieRentWebApiTesting\\bin\\Debug\\net6.0\\fine-code-coverage\\build-output\\MovieRentWebApiTesting.dll","CodeFilePath":null,"LineNumber":0,"Properties":[{"Key":{"Id":"NUnit.Seed","Label":"Seed","Category":"","Description":"","Attributes":0,"ValueType":"System.String"},"Value":"696747083"}]},"Attachments":[],"Outcome":1,"ErrorMessage":null,"ErrorStackTrace":null,"DisplayName":"AddMovie_Test","Messages":[],"ComputerName":"5CD413DKRZ","Duration":"00:00:00.0238940","StartTime":"2024-11-04T17:04:12.8026697+00:00","EndTime":"2024-11-04T17:04:12.826563+00:00","Properties":[{"Key":{"Id":"NUnit.Seed","Label":"Seed","Category":"","Description":"","Attributes":0,"ValueType":"System.String"},"Value":"696747083"}]},{"TestCase":{"Id":"81ab607c-5756-ad44-098b-48f71cc1de63","FullyQualifiedName":"MovieRentWebApiTesting.MovieRepositoryTest.GetAllMovies_test(\"Test1\",\"test Genre1\",\"Test Description1\",8,20,200,\"TestHashKey1\")","DisplayName":"GetAllMovies_test(\"Test1\",\"test Genre1\",\"Test Description1\",8,20,200,\"TestHashKey1\")","ExecutorUri":"executor://NUnit3TestExecutor","Source":"C:\\Johnny\\Celsior\\SoftwareEngineerTrainee\\Project\\MovieRentWebAPISolution\\MovieRentWebApiTesting\\bin\\Debug\\net6.0\\fine-code-coverage\\build-output\\MovieRentWebApiTesting.dll","CodeFilePath":null,"LineNumber":0,"Properties":[{"Key":{"Id":"NUnit.Seed","Label":"Seed","Category":"","Description":"","Attributes":0,"ValueType":"System.String"},"Value":"882750717"}]},"Attachments":[],"Outcome":1,"ErrorMessage":null,"ErrorStackTrace":null,"DisplayName":"GetAllMovies_test(\"Test1\",\"test Genre1\",\"Test Description1\",8,20,200,\"TestHashKey1\")","Messages":[],"ComputerName":"5CD413DKRZ","Duration":"00:00:00.0013010","StartTime":"2024-11-04T17:04:12.8266305+00:00","EndTime":"2024-11-04T17:04:12.8279312+00:00","Properties":[{"Key":{"Id":"NUnit.Seed","Label":"Seed","Category":"","Description":"","Attributes":0,"ValueType":"System.String"},"Value":"882750717"}]},{"TestCase":{"Id":"7113be82-e127-0dc1-fe98-44e548180511","FullyQualifiedName":"MovieRentWebApiTesting.MovieRepositoryTest.GetAllMovies_test(\"Test2\",\"test Genre2\",\"Test Description2\",5,10,100,\"TestHashKey2\")","DisplayName":"GetAllMovies_test(\"Test2\",\"test Genre2\",\"Test Description2\",5,10,100,\"TestHashKey2\")","ExecutorUri":"executor://NUnit3TestExecutor","Source":"C:\\Johnny\\Celsior\\SoftwareEngineerTrainee\\Project\\MovieRentWebAPISolution\\MovieRentWebApiTesting\\bin\\Debug\\net6.0\\fine-code-coverage\\build-output\\MovieRentWebApiTesting.dll","CodeFilePath":null,"LineNumber":0,"Properties":[{"Key":{"Id":"NUnit.Seed","Label":"Seed","Category":"","Description":"","Attributes":0,"ValueType":"System.String"},"Value":"1246160165"}]},"Attachments":[],"Outcome":1,"ErrorMessage":null,"ErrorStackTrace":null,"DisplayName":"GetAllMovies_test(\"Test2\",\"test Genre2\",\"Test Description2\",5,10,100,\"TestHashKey2\")","Messages":[],"ComputerName":"5CD413DKRZ","Duration":"00:00:00.0004210","StartTime":"2024-11-04T17:04:12.8279493+00:00","EndTime":"2024-11-04T17:04:12.8283705+00:00","Properties":[{"Key":{"Id":"NUnit.Seed","Label":"Seed","Category":"","Description":"","Attributes":0,"ValueType":"System.String"},"Value":"1246160165"}]},{"TestCase":{"Id":"21ddc28f-809d-5e3a-9a3e-d61a818d2846","FullyQualifiedName":"MovieRentWebApiTesting.MovieRepositoryTest.GetMovie_test","DisplayName":"GetMovie_test","ExecutorUri":"executor://NUnit3TestExecutor","Source":"C:\\Johnny\\Celsior\\SoftwareEngineerTrainee\\Project\\MovieRentWebAPISolution\\MovieRentWebApiTesting\\bin\\Debug\\net6.0\\fine-code-coverage\\build-output\\MovieRentWebApiTesting.dll","CodeFilePath":null,"LineNumber":0,"Properties":[{"Key":{"Id":"NUnit.Seed","Label":"Seed","Category":"","Description":"","Attributes":0,"ValueType":"System.String"},"Value":"66772966"}]},"Attachments":[],"Outcome":1,"ErrorMessage":null,"ErrorStackTrace":null,"DisplayName":"GetMovie_test","Messages":[],"ComputerName":"5CD413DKRZ","Duration":"00:00:00.0457580","StartTime":"2024-11-04T17:04:12.8285097+00:00","EndTime":"2024-11-04T17:04:12.874267+00:00","Properties":[{"Key":{"Id":"NUnit.Seed","Label":"Seed","Category":"","Description":"","Attributes":0,"ValueType":"System.String"},"Value":"66772966"}]},{"TestCase":{"Id":"de20a8fc-c195-18a6-628e-c4734143150a","FullyQualifiedName":"MovieRentWebApiTesting.MovieRepositoryTest.MovieAdd_CouldNotAddException_Test","DisplayName":"MovieAdd_CouldNotAddException_Test","ExecutorUri":"executor://NUnit3TestExecutor","Source":"C:\\Johnny\\Celsior\\SoftwareEngineerTrainee\\Project\\MovieRentWebAPISolution\\MovieRentWebApiTesting\\bin\\Debug\\net6.0\\fine-code-coverage\\build-output\\MovieRentWebApiTesting.dll","CodeFilePath":null,"LineNumber":0,"Properties":[{"Key":{"Id":"NUnit.Seed","Label":"Seed","Category":"","Description":"","Attributes":0,"ValueType":"System.String"},"Value":"79998364"}]},"Attachments":[],"Outcome":1,"ErrorMessage":null,"ErrorStackTrace":null,"DisplayName":"MovieAdd_CouldNotAddException_Test","Messages":[],"ComputerName":"5CD413DKRZ","Duration":"00:00:00.0082650","StartTime":"2024-11-04T17:04:12.8745517+00:00","EndTime":"2024-11-04T17:04:12.8828168+00:00","Properties":[{"Key":{"Id":"NUnit.Seed","Label":"Seed","Category":"","Description":"","Attributes":0,"ValueType":"System.String"},"Value":"79998364"}]}],"TestRunStatistics":{"ExecutedTests":9,"Stats":{"Passed":9}},"ActiveTests":[{"Id":"2ff83ed3-6065-6c4d-7d7d-48077b27bddb","FullyQualifiedName":"MovieRentWebApiTesting.MovieRepositoryTest.MovieDelete_Exception_Test","DisplayName":"MovieDelete_Exception_Test","ExecutorUri":"executor://NUnit3TestExecutor","Source":"C:\\Johnny\\Celsior\\SoftwareEngineerTrainee\\Project\\MovieRentWebAPISolution\\MovieRentWebApiTesting\\bin\\Debug\\net6.0\\fine-code-coverage\\build-output\\MovieRentWebApiTesting.dll","CodeFilePath":null,"LineNumber":0,"Properties":[{"Key":{"Id":"NUnit.Seed","Label":"Seed","Category":"","Description":"","Attributes":0,"ValueType":"System.String"},"Value":"1167180039"}]}]}}
TpTrace Verbose: 0 : 34772, 11, 2024/11/04, 22:34:12.911, 10683691909178, vstest.console.dll, TestRunRequest:SendTestRunStatsChange: Starting.
TpTrace Verbose: 0 : 34772, 11, 2024/11/04, 22:34:12.911, 10683691910618, vstest.console.dll, InProgress is MovieDelete_Exception_Test
TpTrace Verbose: 0 : 34772, 11, 2024/11/04, 22:34:12.911, 10683691913495, vstest.console.dll, MulticastDelegateUtilities.SafeInvoke: TestRun.RunStatsChanged: Invoking callbacks was skipped because there are no subscribers.
TpTrace Information: 0 : 34772, 11, 2024/11/04, 22:34:12.911, 10683691914535, vstest.console.dll, TestRunRequest:SendTestRunStatsChange: Completed.
TpTrace Verbose: 0 : 34772, 11, 2024/11/04, 22:34:12.911, 10683691915201, vstest.console.dll, MulticastDelegateUtilities.SafeInvoke: LengthPrefixCommunicationChannel: MessageReceived: Invoking callback 1/1 for Microsoft.VisualStudio.TestPlatform.CommunicationUtilities.TestRequestSender+<>c__DisplayClass34_0., took 12 ms.
TpTrace Verbose: 0 : 34772, 11, 2024/11/04, 22:34:12.911, 10683691915855, vstest.console.dll, TcpClientExtensions.MessageLoopAsync: Polling on remoteEndPoint: 127.0.0.1:50468 localEndPoint: 127.0.0.1:50465 after 889 ms
TpTrace Verbose: 0 : 34772, 4, 2024/11/04, 22:34:12.913, 10683691936624, vstest.console.dll, MulticastDelegateUtilities.SafeInvoke: InternalTestLoggerEvents.SendTestResult: Invoking callback 1/1 for Microsoft.VisualStudio.TestPlatform.CommandLine.Internal.ConsoleLogger., took 2 ms.
TpTrace Verbose: 0 : 34772, 4, 2024/11/04, 22:34:12.914, 10683691940697, vstest.console.dll, MulticastDelegateUtilities.SafeInvoke: InternalTestLoggerEvents.SendTestResult: Invoking callback 1/1 for Microsoft.VisualStudio.TestPlatform.CommandLine.Internal.ConsoleLogger., took 0 ms.
TpTrace Verbose: 0 : 34772, 4, 2024/11/04, 22:34:12.914, 10683691941806, vstest.console.dll, MulticastDelegateUtilities.SafeInvoke: InternalTestLoggerEvents.SendTestResult: Invoking callback 1/1 for Microsoft.VisualStudio.TestPlatform.CommandLine.Internal.ConsoleLogger., took 0 ms.
TpTrace Verbose: 0 : 34772, 4, 2024/11/04, 22:34:12.914, 10683691942311, vstest.console.dll, MulticastDelegateUtilities.SafeInvoke: InternalTestLoggerEvents.SendTestResult: Invoking callback 1/1 for Microsoft.VisualStudio.TestPlatform.CommandLine.Internal.ConsoleLogger., took 0 ms.
TpTrace Verbose: 0 : 34772, 4, 2024/11/04, 22:34:12.914, 10683691942745, vstest.console.dll, MulticastDelegateUtilities.SafeInvoke: InternalTestLoggerEvents.SendTestResult: Invoking callback 1/1 for Microsoft.VisualStudio.TestPlatform.CommandLine.Internal.ConsoleLogger., took 0 ms.
TpTrace Verbose: 0 : 34772, 4, 2024/11/04, 22:34:12.914, 10683691943279, vstest.console.dll, MulticastDelegateUtilities.SafeInvoke: InternalTestLoggerEvents.SendTestResult: Invoking callback 1/1 for Microsoft.VisualStudio.TestPlatform.CommandLine.Internal.ConsoleLogger., took 0 ms.
TpTrace Verbose: 0 : 34772, 4, 2024/11/04, 22:34:12.914, 10683691943754, vstest.console.dll, MulticastDelegateUtilities.SafeInvoke: InternalTestLoggerEvents.SendTestResult: Invoking callback 1/1 for Microsoft.VisualStudio.TestPlatform.CommandLine.Internal.ConsoleLogger., took 0 ms.
TpTrace Verbose: 0 : 34772, 4, 2024/11/04, 22:34:12.914, 10683691944279, vstest.console.dll, MulticastDelegateUtilities.SafeInvoke: InternalTestLoggerEvents.SendTestResult: Invoking callback 1/1 for Microsoft.VisualStudio.TestPlatform.CommandLine.Internal.ConsoleLogger., took 0 ms.
TpTrace Verbose: 0 : 34772, 4, 2024/11/04, 22:34:12.914, 10683691945061, vstest.console.dll, MulticastDelegateUtilities.SafeInvoke: InternalTestLoggerEvents.SendTestResult: Invoking callback 1/1 for Microsoft.VisualStudio.TestPlatform.CommandLine.Internal.ConsoleLogger., took 0 ms.
TpTrace Verbose: 0 : 34772, 11, 2024/11/04, 22:34:13.016, 10683692966408, vstest.console.dll, TcpClientExtensions.MessageLoopAsync: NotifyDataAvailable remoteEndPoint: 127.0.0.1:50468 localEndPoint: 127.0.0.1:50465
TpTrace Verbose: 0 : 34772, 11, 2024/11/04, 22:34:13.017, 10683692974954, vstest.console.dll, TestRequestSender.OnExecutionMessageReceived: Received message: {"Version":5,"MessageType":"TestExecution.StatsChange","Payload":{"NewTestResults":[{"TestCase":{"Id":"2ff83ed3-6065-6c4d-7d7d-48077b27bddb","FullyQualifiedName":"MovieRentWebApiTesting.MovieRepositoryTest.MovieDelete_Exception_Test","DisplayName":"MovieDelete_Exception_Test","ExecutorUri":"executor://NUnit3TestExecutor","Source":"C:\\Johnny\\Celsior\\SoftwareEngineerTrainee\\Project\\MovieRentWebAPISolution\\MovieRentWebApiTesting\\bin\\Debug\\net6.0\\fine-code-coverage\\build-output\\MovieRentWebApiTesting.dll","CodeFilePath":null,"LineNumber":0,"Properties":[{"Key":{"Id":"NUnit.Seed","Label":"Seed","Category":"","Description":"","Attributes":0,"ValueType":"System.String"},"Value":"1167180039"}]},"Attachments":[],"Outcome":2,"ErrorMessage":"  Expected: <System.Exception>\r\n  But was:  null\r\n","ErrorStackTrace":"   at MovieRentWebApiTesting.MovieRepositoryTest.MovieDelete_Exception_Test() in C:\\Johnny\\Celsior\\SoftwareEngineerTrainee\\Project\\MovieRentWebAPISolution\\MovieRentWebApiTesting\\MovieRepositoryTest.cs:line 168\r\n   at NUnit.Framework.Internal.TaskAwaitAdapter.GenericAdapter`1.GetResult()\r\n   at NUnit.Framework.Internal.AsyncToSyncAdapter.Await(Func`1 invoke)\r\n   at NUnit.Framework.Internal.Commands.TestMethodCommand.RunTestMethod(TestExecutionContext context)\r\n   at NUnit.Framework.Internal.Commands.TestMethodCommand.Execute(TestExecutionContext context)\r\n   at NUnit.Framework.Internal.Commands.BeforeAndAfterTestCommand.<>c__DisplayClass1_0.<Execute>b__0()\r\n   at NUnit.Framework.Internal.Commands.DelegatingTestCommand.RunTestMethodInThreadAbortSafeZone(TestExecutionContext context, Action action)\r\n","DisplayName":"MovieDelete_Exception_Test","Messages":[],"ComputerName":"5CD413DKRZ","Duration":"00:00:00.0767300","StartTime":"2024-11-04T17:04:12.8828484+00:00","EndTime":"2024-11-04T17:04:12.9595778+00:00","Properties":[{"Key":{"Id":"NUnit.Seed","Label":"Seed","Category":"","Description":"","Attributes":0,"ValueType":"System.String"},"Value":"1167180039"}]},{"TestCase":{"Id":"a0fe184f-e0ef-b7fc-6d4c-1bc2df34242d","FullyQualifiedName":"MovieRentWebApiTesting.MovieRepositoryTest.MovieDelete_Test","DisplayName":"MovieDelete_Test","ExecutorUri":"executor://NUnit3TestExecutor","Source":"C:\\Johnny\\Celsior\\SoftwareEngineerTrainee\\Project\\MovieRentWebAPISolution\\MovieRentWebApiTesting\\bin\\Debug\\net6.0\\fine-code-coverage\\build-output\\MovieRentWebApiTesting.dll","CodeFilePath":null,"LineNumber":0,"Properties":[{"Key":{"Id":"NUnit.Seed","Label":"Seed","Category":"","Description":"","Attributes":0,"ValueType":"System.String"},"Value":"1055228933"}]},"Attachments":[],"Outcome":1,"ErrorMessage":null,"ErrorStackTrace":null,"DisplayName":"MovieDelete_Test","Messages":[],"ComputerName":"5CD413DKRZ","Duration":"00:00:00.0015140","StartTime":"2024-11-04T17:04:12.9599067+00:00","EndTime":"2024-11-04T17:04:12.9614202+00:00","Properties":[{"Key":{"Id":"NUnit.Seed","Label":"Seed","Category":"","Description":"","Attributes":0,"ValueType":"System.String"},"Value":"1055228933"}]},{"TestCase":{"Id":"4093d50f-243d-1fe3-a32d-acd94c34e73e","FullyQualifiedName":"MovieRentWebApiTesting.MovieRepositoryTest.MovieGetAll_EmptyCollectionException_Test","DisplayName":"MovieGetAll_EmptyCollectionException_Test","ExecutorUri":"executor://NUnit3TestExecutor","Source":"C:\\Johnny\\Celsior\\SoftwareEngineerTrainee\\Project\\MovieRentWebAPISolution\\MovieRentWebApiTesting\\bin\\Debug\\net6.0\\fine-code-coverage\\build-output\\MovieRentWebApiTesting.dll","CodeFilePath":null,"LineNumber":0,"Properties":[{"Key":{"Id":"NUnit.Seed","Label":"Seed","Category":"","Description":"","Attributes":0,"ValueType":"System.String"},"Value":"1777949213"}]},"Attachments":[],"Outcome":2,"ErrorMessage":"  Expected: <MovieRentWebAPI.Exceptions.EmptyCollectionException>\r\n  But was:  null\r\n","ErrorStackTrace":"   at MovieRentWebApiTesting.MovieRepositoryTest.MovieGetAll_EmptyCollectionException_Test() in C:\\Johnny\\Celsior\\SoftwareEngineerTrainee\\Project\\MovieRentWebAPISolution\\MovieRentWebApiTesting\\MovieRepositoryTest.cs:line 161\r\n   at NUnit.Framework.Internal.TaskAwaitAdapter.GenericAdapter`1.GetResult()\r\n   at NUnit.Framework.Internal.AsyncToSyncAdapter.Await(Func`1 invoke)\r\n   at NUnit.Framework.Internal.Commands.TestMethodCommand.RunTestMethod(TestExecutionContext context)\r\n   at NUnit.Framework.Internal.Commands.TestMethodCommand.Execute(TestExecutionContext context)\r\n   at NUnit.Framework.Internal.Commands.BeforeAndAfterTestCommand.<>c__DisplayClass1_0.<Execute>b__0()\r\n   at NUnit.Framework.Internal.Commands.DelegatingTestCommand.RunTestMethodInThreadAbortSafeZone(TestExecutionContext context, Action action)\r\n","DisplayName":"MovieGetAll_EmptyCollectionException_Test","Messages":[],"ComputerName":"5CD413DKRZ","Duration":"00:00:00.0016940","StartTime":"2024-11-04T17:04:12.9614384+00:00","EndTime":"2024-11-04T17:04:12.963132+00:00","Properties":[{"Key":{"Id":"NUnit.Seed","Label":"Seed","Category":"","Description":"","Attributes":0,"ValueType":"System.String"},"Value":"1777949213"}]},{"TestCase":{"Id":"0d9b3807-bc99-ecf1-80bf-d12e968b1ae7","FullyQualifiedName":"MovieRentWebApiTesting.MovieRepositoryTest.MovieUpdate_KeyNotFoundException_Test","DisplayName":"MovieUpdate_KeyNotFoundException_Test","ExecutorUri":"executor://NUnit3TestExecutor","Source":"C:\\Johnny\\Celsior\\SoftwareEngineerTrainee\\Project\\MovieRentWebAPISolution\\MovieRentWebApiTesting\\bin\\Debug\\net6.0\\fine-code-coverage\\build-output\\MovieRentWebApiTesting.dll","CodeFilePath":null,"LineNumber":0,"Properties":[{"Key":{"Id":"NUnit.Seed","Label":"Seed","Category":"","Description":"","Attributes":0,"ValueType":"System.String"},"Value":"806627787"}]},"Attachments":[],"Outcome":1,"ErrorMessage":null,"ErrorStackTrace":null,"DisplayName":"MovieUpdate_KeyNotFoundException_Test","Messages":[],"ComputerName":"5CD413DKRZ","Duration":"00:00:00.0024260","StartTime":"2024-11-04T17:04:12.9631494+00:00","EndTime":"2024-11-04T17:04:12.9655748+00:00","Properties":[{"Key":{"Id":"NUnit.Seed","Label":"Seed","Category":"","Description":"","Attributes":0,"ValueType":"System.String"},"Value":"806627787"}]},{"TestCase":{"Id":"8ab3c4ae-0cc1-6963-a1bd-10bd9ac6ab04","FullyQualifiedName":"MovieRentWebApiTesting.MovieRepositoryTest.UpdateMovie_Test","DisplayName":"UpdateMovie_Test","ExecutorUri":"executor://NUnit3TestExecutor","Source":"C:\\Johnny\\Celsior\\SoftwareEngineerTrainee\\Project\\MovieRentWebAPISolution\\MovieRentWebApiTesting\\bin\\Debug\\net6.0\\fine-code-coverage\\build-output\\MovieRentWebApiTesting.dll","CodeFilePath":null,"LineNumber":0,"Properties":[{"Key":{"Id":"NUnit.Seed","Label":"Seed","Category":"","Description":"","Attributes":0,"ValueType":"System.String"},"Value":"2048972602"}]},"Attachments":[],"Outcome":1,"ErrorMessage":null,"ErrorStackTrace":null,"DisplayName":"UpdateMovie_Test","Messages":[],"ComputerName":"5CD413DKRZ","Duration":"00:00:00.0062610","StartTime":"2024-11-04T17:04:12.9655919+00:00","EndTime":"2024-11-04T17:04:12.9718521+00:00","Properties":[{"Key":{"Id":"NUnit.Seed","Label":"Seed","Category":"","Description":"","Attributes":0,"ValueType":"System.String"},"Value":"2048972602"}]},{"TestCase":{"Id":"b0dc2e27-38c6-dac7-2ff9-eee4e24a6cd1","FullyQualifiedName":"MovieRentWebApiTesting.MovieServiceTest.CreateMovie_Test","DisplayName":"CreateMovie_Test","ExecutorUri":"executor://NUnit3TestExecutor","Source":"C:\\Johnny\\Celsior\\SoftwareEngineerTrainee\\Project\\MovieRentWebAPISolution\\MovieRentWebApiTesting\\bin\\Debug\\net6.0\\fine-code-coverage\\build-output\\MovieRentWebApiTesting.dll","CodeFilePath":null,"LineNumber":0,"Properties":[{"Key":{"Id":"NUnit.Seed","Label":"Seed","Category":"","Description":"","Attributes":0,"ValueType":"System.String"},"Value":"2071765345"}]},"Attachments":[],"Outcome":2,"ErrorMessage":"  Expected: 1\r\n  But was:  8\r\n","ErrorStackTrace":"   at MovieRentWebApiTesting.MovieServiceTest.CreateMovie_Test() in C:\\Johnny\\Celsior\\SoftwareEngineerTrainee\\Project\\MovieRentWebAPISolution\\MovieRentWebApiTesting\\MovieServiceTest.cs:line 53\r\n   at NUnit.Framework.Internal.TaskAwaitAdapter.GenericAdapter`1.GetResult()\r\n   at NUnit.Framework.Internal.AsyncToSyncAdapter.Await(Func`1 invoke)\r\n   at NUnit.Framework.Internal.Commands.TestMethodCommand.RunTestMethod(TestExecutionContext context)\r\n   at NUnit.Framework.Internal.Commands.TestMethodCommand.Execute(TestExecutionContext context)\r\n   at NUnit.Framework.Internal.Commands.BeforeAndAfterTestCommand.<>c__DisplayClass1_0.<Execute>b__0()\r\n   at NUnit.Framework.Internal.Commands.DelegatingTestCommand.RunTestMethodInThreadAbortSafeZone(TestExecutionContext context, Action action)\r\n","DisplayName":"CreateMovie_Test","Messages":[],"ComputerName":"5CD413DKRZ","Duration":"00:00:00.0035450","StartTime":"2024-11-04T17:04:12.9721498+00:00","EndTime":"2024-11-04T17:04:12.975695+00:00","Properties":[{"Key":{"Id":"NUnit.Seed","Label":"Seed","Category":"","Description":"","Attributes":0,"ValueType":"System.String"},"Value":"2071765345"}]},{"TestCase":{"Id":"bccd53c1-31f8-93bc-2c8b-fe0b68f04226","FullyQualifiedName":"MovieRentWebApiTesting.MovieServiceTest.GetAllMovies_test(\"Test1\",\"test Genre1\",\"Test Description1\",8,20,200,\"TestHashKey1\")","DisplayName":"GetAllMovies_test(\"Test1\",\"test Genre1\",\"Test Description1\",8,20,200,\"TestHashKey1\")","ExecutorUri":"executor://NUnit3TestExecutor","Source":"C:\\Johnny\\Celsior\\SoftwareEngineerTrainee\\Project\\MovieRentWebAPISolution\\MovieRentWebApiTesting\\bin\\Debug\\net6.0\\fine-code-coverage\\build-output\\MovieRentWebApiTesting.dll","CodeFilePath":null,"LineNumber":0,"Properties":[{"Key":{"Id":"NUnit.Seed","Label":"Seed","Category":"","Description":"","Attributes":0,"ValueType":"System.String"},"Value":"2045862822"}]},"Attachments":[],"Outcome":1,"ErrorMessage":null,"ErrorStackTrace":null,"DisplayName":"GetAllMovies_test(\"Test1\",\"test Genre1\",\"Test Description1\",8,20,200,\"TestHashKey1\")","Messages":[],"ComputerName":"5CD413DKRZ","Duration":"00:00:00.0013070","StartTime":"2024-11-04T17:04:12.9757395+00:00","EndTime":"2024-11-04T17:04:12.9770464+00:00","Properties":[{"Key":{"Id":"NUnit.Seed","Label":"Seed","Category":"","Description":"","Attributes":0,"ValueType":"System.String"},"Value":"2045862822"}]},{"TestCase":{"Id":"b8e5f876-c0c7-42bb-2e0a-8b8e0d0549e4","FullyQualifiedName":"MovieRentWebApiTesting.MovieServiceTest.GetAllMovies_test(\"Test2\",\"test Genre2\",\"Test Description2\",5,10,100,\"TestHashKey2\")","DisplayName":"GetAllMovies_test(\"Test2\",\"test Genre2\",\"Test Description2\",5,10,100,\"TestHashKey2\")","ExecutorUri":"executor://NUnit3TestExecutor","Source":"C:\\Johnny\\Celsior\\SoftwareEngineerTrainee\\Project\\MovieRentWebAPISolution\\MovieRentWebApiTesting\\bin\\Debug\\net6.0\\fine-code-coverage\\build-output\\MovieRentWebApiTesting.dll","CodeFilePath":null,"LineNumber":0,"Properties":[{"Key":{"Id":"NUnit.Seed","Label":"Seed","Category":"","Description":"","Attributes":0,"ValueType":"System.String"},"Value":"1505602620"}]},"Attachments":[],"Outcome":1,"ErrorMessage":null,"ErrorStackTrace":null,"DisplayName":"GetAllMovies_test(\"Test2\",\"test Genre2\",\"Test Description2\",5,10,100,\"TestHashKey2\")","Messages":[],"ComputerName":"5CD413DKRZ","Duration":"00:00:00.0003900","StartTime":"2024-11-04T17:04:12.9770631+00:00","EndTime":"2024-11-04T17:04:12.9774531+00:00","Properties":[{"Key":{"Id":"NUnit.Seed","Label":"Seed","Category":"","Description":"","Attributes":0,"ValueType":"System.String"},"Value":"1505602620"}]},{"TestCase":{"Id":"a8e2b383-fd4b-16ac-2b0f-5f80710db349","FullyQualifiedName":"MovieRentWebApiTesting.MovieServiceTest.GetMovie_test(\"Test1\",\"test Genre1\",\"Test Description1\",8,20,200,\"TestHashKey1\")","DisplayName":"GetMovie_test(\"Test1\",\"test Genre1\",\"Test Description1\",8,20,200,\"TestHashKey1\")","ExecutorUri":"executor://NUnit3TestExecutor","Source":"C:\\Johnny\\Celsior\\SoftwareEngineerTrainee\\Project\\MovieRentWebAPISolution\\MovieRentWebApiTesting\\bin\\Debug\\net6.0\\fine-code-coverage\\build-output\\MovieRentWebApiTesting.dll","CodeFilePath":null,"LineNumber":0,"Properties":[{"Key":{"Id":"NUnit.Seed","Label":"Seed","Category":"","Description":"","Attributes":0,"ValueType":"System.String"},"Value":"243819277"}]},"Attachments":[],"Outcome":2,"ErrorMessage":"  Expected string length 5 but was 4. Strings differ at index 0.\r\n  Expected: \"Test1\"\r\n  But was:  \"test\"\r\n  -----------^\r\n","ErrorStackTrace":"   at MovieRentWebApiTesting.MovieServiceTest.GetMovie_test(String Title, String Genre, String Description, Double rating, Int32 avilCopy, Double rentalPrice, String image) in C:\\Johnny\\Celsior\\SoftwareEngineerTrainee\\Project\\MovieRentWebAPISolution\\MovieRentWebApiTesting\\MovieServiceTest.cs:line 98\r\n   at NUnit.Framework.Internal.TaskAwaitAdapter.GenericAdapter`1.GetResult()\r\n   at NUnit.Framework.Internal.AsyncToSyncAdapter.Await(Func`1 invoke)\r\n   at NUnit.Framework.Internal.Commands.TestMethodCommand.RunTestMethod(TestExecutionContext context)\r\n   at NUnit.Framework.Internal.Commands.TestMethodCommand.Execute(TestExecutionContext context)\r\n   at NUnit.Framework.Internal.Commands.BeforeAndAfterTestCommand.<>c__DisplayClass1_0.<Execute>b__0()\r\n   at NUnit.Framework.Internal.Commands.DelegatingTestCommand.RunTestMethodInThreadAbortSafeZone(TestExecutionContext context, Action action)\r\n","DisplayName":"GetMovie_test(\"Test1\",\"test Genre1\",\"Test Description1\",8,20,200,\"TestHashKey1\")","Messages":[],"ComputerName":"5CD413DKRZ","Duration":"00:00:00.0042170","StartTime":"2024-11-04T17:04:12.9775094+00:00","EndTime":"2024-11-04T17:04:12.9817263+00:00","Properties":[{"Key":{"Id":"NUnit.Seed","Label":"Seed","Category":"","Description":"","Attributes":0,"ValueType":"System.String"},"Value":"243819277"}]}],"TestRunStatistics":{"ExecutedTests":18,"Stats":{"Passed":14,"Failed":4}},"ActiveTests":[{"Id":"7c54b933-447a-3df4-73fa-4970e9fa4602","FullyQualifiedName":"MovieRentWebApiTesting.MovieServiceTest.GetMovie_test(\"Test2\",\"test Genre2\",\"Test Description2\",5,10,100,\"TestHashKey2\")","DisplayName":"GetMovie_test(\"Test2\",\"test Genre2\",\"Test Description2\",5,10,100,\"TestHashKey2\")","ExecutorUri":"executor://NUnit3TestExecutor","Source":"C:\\Johnny\\Celsior\\SoftwareEngineerTrainee\\Project\\MovieRentWebAPISolution\\MovieRentWebApiTesting\\bin\\Debug\\net6.0\\fine-code-coverage\\build-output\\MovieRentWebApiTesting.dll","CodeFilePath":null,"LineNumber":0,"Properties":[{"Key":{"Id":"NUnit.Seed","Label":"Seed","Category":"","Description":"","Attributes":0,"ValueType":"System.String"},"Value":"1472563056"}]}]}}
TpTrace Verbose: 0 : 34772, 11, 2024/11/04, 22:34:13.021, 10683693008382, vstest.console.dll, TestRunRequest:SendTestRunStatsChange: Starting.
TpTrace Verbose: 0 : 34772, 11, 2024/11/04, 22:34:13.021, 10683693009580, vstest.console.dll, InProgress is GetMovie_test("Test2","test Genre2","Test Description2",5,10,100,"TestHashKey2")
TpTrace Verbose: 0 : 34772, 11, 2024/11/04, 22:34:13.021, 10683693011098, vstest.console.dll, MulticastDelegateUtilities.SafeInvoke: TestRun.RunStatsChanged: Invoking callbacks was skipped because there are no subscribers.
TpTrace Information: 0 : 34772, 11, 2024/11/04, 22:34:13.021, 10683693012038, vstest.console.dll, TestRunRequest:SendTestRunStatsChange: Completed.
TpTrace Verbose: 0 : 34772, 11, 2024/11/04, 22:34:13.021, 10683693013317, vstest.console.dll, MulticastDelegateUtilities.SafeInvoke: LengthPrefixCommunicationChannel: MessageReceived: Invoking callback 1/1 for Microsoft.VisualStudio.TestPlatform.CommunicationUtilities.TestRequestSender+<>c__DisplayClass34_0., took 3 ms.
TpTrace Verbose: 0 : 34772, 11, 2024/11/04, 22:34:13.021, 10683693014075, vstest.console.dll, TcpClientExtensions.MessageLoopAsync: Polling on remoteEndPoint: 127.0.0.1:50468 localEndPoint: 127.0.0.1:50465 after 109 ms
TpTrace Verbose: 0 : 34772, 4, 2024/11/04, 22:34:13.022, 10683693022864, vstest.console.dll, MulticastDelegateUtilities.SafeInvoke: InternalTestLoggerEvents.SendTestResult: Invoking callback 1/1 for Microsoft.VisualStudio.TestPlatform.CommandLine.Internal.ConsoleLogger., took 0 ms.
TpTrace Verbose: 0 : 34772, 4, 2024/11/04, 22:34:13.022, 10683693025751, vstest.console.dll, MulticastDelegateUtilities.SafeInvoke: InternalTestLoggerEvents.SendTestResult: Invoking callback 1/1 for Microsoft.VisualStudio.TestPlatform.CommandLine.Internal.ConsoleLogger., took 0 ms.
TpTrace Verbose: 0 : 34772, 4, 2024/11/04, 22:34:13.023, 10683693030507, vstest.console.dll, MulticastDelegateUtilities.SafeInvoke: InternalTestLoggerEvents.SendTestResult: Invoking callback 1/1 for Microsoft.VisualStudio.TestPlatform.CommandLine.Internal.ConsoleLogger., took 0 ms.
TpTrace Verbose: 0 : 34772, 4, 2024/11/04, 22:34:13.023, 10683693031895, vstest.console.dll, MulticastDelegateUtilities.SafeInvoke: InternalTestLoggerEvents.SendTestResult: Invoking callback 1/1 for Microsoft.VisualStudio.TestPlatform.CommandLine.Internal.ConsoleLogger., took 0 ms.
TpTrace Verbose: 0 : 34772, 4, 2024/11/04, 22:34:13.023, 10683693032918, vstest.console.dll, MulticastDelegateUtilities.SafeInvoke: InternalTestLoggerEvents.SendTestResult: Invoking callback 1/1 for Microsoft.VisualStudio.TestPlatform.CommandLine.Internal.ConsoleLogger., took 0 ms.
TpTrace Verbose: 0 : 34772, 4, 2024/11/04, 22:34:13.024, 10683693038319, vstest.console.dll, MulticastDelegateUtilities.SafeInvoke: InternalTestLoggerEvents.SendTestResult: Invoking callback 1/1 for Microsoft.VisualStudio.TestPlatform.CommandLine.Internal.ConsoleLogger., took 0 ms.
TpTrace Verbose: 0 : 34772, 4, 2024/11/04, 22:34:13.025, 10683693052655, vstest.console.dll, MulticastDelegateUtilities.SafeInvoke: InternalTestLoggerEvents.SendTestResult: Invoking callback 1/1 for Microsoft.VisualStudio.TestPlatform.CommandLine.Internal.ConsoleLogger., took 1 ms.
TpTrace Verbose: 0 : 34772, 4, 2024/11/04, 22:34:13.025, 10683693054051, vstest.console.dll, MulticastDelegateUtilities.SafeInvoke: InternalTestLoggerEvents.SendTestResult: Invoking callback 1/1 for Microsoft.VisualStudio.TestPlatform.CommandLine.Internal.ConsoleLogger., took 0 ms.
TpTrace Verbose: 0 : 34772, 4, 2024/11/04, 22:34:13.025, 10683693057469, vstest.console.dll, MulticastDelegateUtilities.SafeInvoke: InternalTestLoggerEvents.SendTestResult: Invoking callback 1/1 for Microsoft.VisualStudio.TestPlatform.CommandLine.Internal.ConsoleLogger., took 0 ms.
TpTrace Verbose: 0 : 34772, 11, 2024/11/04, 22:34:13.153, 10683694333055, vstest.console.dll, TcpClientExtensions.MessageLoopAsync: NotifyDataAvailable remoteEndPoint: 127.0.0.1:50468 localEndPoint: 127.0.0.1:50465
TpTrace Verbose: 0 : 34772, 11, 2024/11/04, 22:34:13.154, 10683694340857, vstest.console.dll, TestRequestSender.OnExecutionMessageReceived: Received message: {"Version":5,"MessageType":"TestExecution.StatsChange","Payload":{"NewTestResults":[{"TestCase":{"Id":"7c54b933-447a-3df4-73fa-4970e9fa4602","FullyQualifiedName":"MovieRentWebApiTesting.MovieServiceTest.GetMovie_test(\"Test2\",\"test Genre2\",\"Test Description2\",5,10,100,\"TestHashKey2\")","DisplayName":"GetMovie_test(\"Test2\",\"test Genre2\",\"Test Description2\",5,10,100,\"TestHashKey2\")","ExecutorUri":"executor://NUnit3TestExecutor","Source":"C:\\Johnny\\Celsior\\SoftwareEngineerTrainee\\Project\\MovieRentWebAPISolution\\MovieRentWebApiTesting\\bin\\Debug\\net6.0\\fine-code-coverage\\build-output\\MovieRentWebApiTesting.dll","CodeFilePath":null,"LineNumber":0,"Properties":[{"Key":{"Id":"NUnit.Seed","Label":"Seed","Category":"","Description":"","Attributes":0,"ValueType":"System.String"},"Value":"1472563056"}]},"Attachments":[],"Outcome":2,"ErrorMessage":"  Expected string length 5 but was 4. Strings differ at index 0.\r\n  Expected: \"Test1\"\r\n  But was:  \"test\"\r\n  -----------^\r\n","ErrorStackTrace":"   at MovieRentWebApiTesting.MovieServiceTest.GetMovie_test(String Title, String Genre, String Description, Double rating, Int32 avilCopy, Double rentalPrice, String image) in C:\\Johnny\\Celsior\\SoftwareEngineerTrainee\\Project\\MovieRentWebAPISolution\\MovieRentWebApiTesting\\MovieServiceTest.cs:line 98\r\n   at NUnit.Framework.Internal.TaskAwaitAdapter.GenericAdapter`1.GetResult()\r\n   at NUnit.Framework.Internal.AsyncToSyncAdapter.Await(Func`1 invoke)\r\n   at NUnit.Framework.Internal.Commands.TestMethodCommand.RunTestMethod(TestExecutionContext context)\r\n   at NUnit.Framework.Internal.Commands.TestMethodCommand.Execute(TestExecutionContext context)\r\n   at NUnit.Framework.Internal.Commands.BeforeAndAfterTestCommand.<>c__DisplayClass1_0.<Execute>b__0()\r\n   at NUnit.Framework.Internal.Commands.DelegatingTestCommand.RunTestMethodInThreadAbortSafeZone(TestExecutionContext context, Action action)\r\n","DisplayName":"GetMovie_test(\"Test2\",\"test Genre2\",\"Test Description2\",5,10,100,\"TestHashKey2\")","Messages":[],"ComputerName":"5CD413DKRZ","Duration":"00:00:00.0017340","StartTime":"2024-11-04T17:04:12.9817453+00:00","EndTime":"2024-11-04T17:04:12.9834787+00:00","Properties":[{"Key":{"Id":"NUnit.Seed","Label":"Seed","Category":"","Description":"","Attributes":0,"ValueType":"System.String"},"Value":"1472563056"}]},{"TestCase":{"Id":"60ce3eee-1a82-9ce8-aaa7-e8a3b986be29","FullyQualifiedName":"MovieRentWebApiTesting.UserControllerTest.AddUserControllerTest(\"TestUser2\",\"TestPassword2\",\"TestHashKey\",Admin)","DisplayName":"AddUserControllerTest(\"TestUser2\",\"TestPassword2\",\"TestHashKey\",Admin)","ExecutorUri":"executor://NUnit3TestExecutor","Source":"C:\\Johnny\\Celsior\\SoftwareEngineerTrainee\\Project\\MovieRentWebAPISolution\\MovieRentWebApiTesting\\bin\\Debug\\net6.0\\fine-code-coverage\\build-output\\MovieRentWebApiTesting.dll","CodeFilePath":null,"LineNumber":0,"Properties":[{"Key":{"Id":"NUnit.Seed","Label":"Seed","Category":"","Description":"","Attributes":0,"ValueType":"System.String"},"Value":"1902072921"}]},"Attachments":[],"Outcome":1,"ErrorMessage":null,"ErrorStackTrace":null,"DisplayName":"AddUserControllerTest(\"TestUser2\",\"TestPassword2\",\"TestHashKey\",Admin)","Messages":[],"ComputerName":"5CD413DKRZ","Duration":"00:00:00.1078310","StartTime":"2024-11-04T17:04:12.9837478+00:00","EndTime":"2024-11-04T17:04:13.0915784+00:00","Properties":[{"Key":{"Id":"NUnit.Seed","Label":"Seed","Category":"","Description":"","Attributes":0,"ValueType":"System.String"},"Value":"1902072921"}]},{"TestCase":{"Id":"f3a2f6bf-488a-991e-1dee-9e3afd1c86fa","FullyQualifiedName":"MovieRentWebApiTesting.UserControllerTest.CreateUser_ReturnsInternalServerError_OnException","DisplayName":"CreateUser_ReturnsInternalServerError_OnException","ExecutorUri":"executor://NUnit3TestExecutor","Source":"C:\\Johnny\\Celsior\\SoftwareEngineerTrainee\\Project\\MovieRentWebAPISolution\\MovieRentWebApiTesting\\bin\\Debug\\net6.0\\fine-code-coverage\\build-output\\MovieRentWebApiTesting.dll","CodeFilePath":null,"LineNumber":0,"Properties":[{"Key":{"Id":"NUnit.Seed","Label":"Seed","Category":"","Description":"","Attributes":0,"ValueType":"System.String"},"Value":"822139772"}]},"Attachments":[],"Outcome":1,"ErrorMessage":null,"ErrorStackTrace":null,"DisplayName":"CreateUser_ReturnsInternalServerError_OnException","Messages":[],"ComputerName":"5CD413DKRZ","Duration":"00:00:00.0128140","StartTime":"2024-11-04T17:04:13.0916493+00:00","EndTime":"2024-11-04T17:04:13.1044628+00:00","Properties":[{"Key":{"Id":"NUnit.Seed","Label":"Seed","Category":"","Description":"","Attributes":0,"ValueType":"System.String"},"Value":"822139772"}]},{"TestCase":{"Id":"bd13852b-87d5-842f-f583-acff62e6db54","FullyQualifiedName":"MovieRentWebApiTesting.UserControllerTest.LoginIn_UserController_Testing(\"TestUser2\",\"TestPassword2\",\"TestHashKey\",Admin)","DisplayName":"LoginIn_UserController_Testing(\"TestUser2\",\"TestPassword2\",\"TestHashKey\",Admin)","ExecutorUri":"executor://NUnit3TestExecutor","Source":"C:\\Johnny\\Celsior\\SoftwareEngineerTrainee\\Project\\MovieRentWebAPISolution\\MovieRentWebApiTesting\\bin\\Debug\\net6.0\\fine-code-coverage\\build-output\\MovieRentWebApiTesting.dll","CodeFilePath":null,"LineNumber":0,"Properties":[{"Key":{"Id":"NUnit.Seed","Label":"Seed","Category":"","Description":"","Attributes":0,"ValueType":"System.String"},"Value":"153357188"}]},"Attachments":[],"Outcome":1,"ErrorMessage":null,"ErrorStackTrace":null,"DisplayName":"LoginIn_UserController_Testing(\"TestUser2\",\"TestPassword2\",\"TestHashKey\",Admin)","Messages":[],"ComputerName":"5CD413DKRZ","Duration":"00:00:00.0146110","StartTime":"2024-11-04T17:04:13.1045356+00:00","EndTime":"2024-11-04T17:04:13.1191464+00:00","Properties":[{"Key":{"Id":"NUnit.Seed","Label":"Seed","Category":"","Description":"","Attributes":0,"ValueType":"System.String"},"Value":"153357188"}]},{"TestCase":{"Id":"9d1fe9c4-0e75-95b6-9c99-45388e2a8829","FullyQualifiedName":"MovieRentWebApiTesting.UserControllerTest.LoginUser_ReturnsUnauthorizeError_OnException(\"test13\",\"test@gmail.com\",\"testPassword\",\"wrongPassword\")","DisplayName":"LoginUser_ReturnsUnauthorizeError_OnException(\"test13\",\"test@gmail.com\",\"testPassword\",\"wrongPassword\")","ExecutorUri":"executor://NUnit3TestExecutor","Source":"C:\\Johnny\\Celsior\\SoftwareEngineerTrainee\\Project\\MovieRentWebAPISolution\\MovieRentWebApiTesting\\bin\\Debug\\net6.0\\fine-code-coverage\\build-output\\MovieRentWebApiTesting.dll","CodeFilePath":null,"LineNumber":0,"Properties":[{"Key":{"Id":"NUnit.Seed","Label":"Seed","Category":"","Description":"","Attributes":0,"ValueType":"System.String"},"Value":"63347665"}]},"Attachments":[],"Outcome":1,"ErrorMessage":null,"ErrorStackTrace":null,"DisplayName":"LoginUser_ReturnsUnauthorizeError_OnException(\"test13\",\"test@gmail.com\",\"testPassword\",\"wrongPassword\")","Messages":[],"ComputerName":"5CD413DKRZ","Duration":"00:00:00.0044929","StartTime":"2024-11-04T17:04:13.1192496+00:00","EndTime":"2024-11-04T17:04:13.1237424+00:00","Properties":[{"Key":{"Id":"NUnit.Seed","Label":"Seed","Category":"","Description":"","Attributes":0,"ValueType":"System.String"},"Value":"63347665"}]},{"TestCase":{"Id":"930f6ff5-8202-d996-2c0b-429777a4e367","FullyQualifiedName":"MovieRentWebApiTesting.UserRepositoryTest.AddUser_Test","DisplayName":"AddUser_Test","ExecutorUri":"executor://NUnit3TestExecutor","Source":"C:\\Johnny\\Celsior\\SoftwareEngineerTrainee\\Project\\MovieRentWebAPISolution\\MovieRentWebApiTesting\\bin\\Debug\\net6.0\\fine-code-coverage\\build-output\\MovieRentWebApiTesting.dll","CodeFilePath":null,"LineNumber":0,"Properties":[{"Key":{"Id":"NUnit.Seed","Label":"Seed","Category":"","Description":"","Attributes":0,"ValueType":"System.String"},"Value":"979899223"}]},"Attachments":[],"Outcome":1,"ErrorMessage":null,"ErrorStackTrace":null,"DisplayName":"AddUser_Test","Messages":[],"ComputerName":"5CD413DKRZ","Duration":"00:00:00.0030730","StartTime":"2024-11-04T17:04:13.1241967+00:00","EndTime":"2024-11-04T17:04:13.1272699+00:00","Properties":[{"Key":{"Id":"NUnit.Seed","Label":"Seed","Category":"","Description":"","Attributes":0,"ValueType":"System.String"},"Value":"979899223"}]},{"TestCase":{"Id":"d8018231-4d91-8fa6-411e-8e24e45143a5","FullyQualifiedName":"MovieRentWebApiTesting.UserRepositoryTest.DeleteUser_test","DisplayName":"DeleteUser_test","ExecutorUri":"executor://NUnit3TestExecutor","Source":"C:\\Johnny\\Celsior\\SoftwareEngineerTrainee\\Project\\MovieRentWebAPISolution\\MovieRentWebApiTesting\\bin\\Debug\\net6.0\\fine-code-coverage\\build-output\\MovieRentWebApiTesting.dll","CodeFilePath":null,"LineNumber":0,"Properties":[{"Key":{"Id":"NUnit.Seed","Label":"Seed","Category":"","Description":"","Attributes":0,"ValueType":"System.String"},"Value":"1931322134"}]},"Attachments":[],"Outcome":1,"ErrorMessage":null,"ErrorStackTrace":null,"DisplayName":"DeleteUser_test","Messages":[],"ComputerName":"5CD413DKRZ","Duration":"00:00:00.0075090","StartTime":"2024-11-04T17:04:13.1273074+00:00","EndTime":"2024-11-04T17:04:13.1348163+00:00","Properties":[{"Key":{"Id":"NUnit.Seed","Label":"Seed","Category":"","Description":"","Attributes":0,"ValueType":"System.String"},"Value":"1931322134"}]},{"TestCase":{"Id":"ac824168-ad21-518d-4c06-f75fc6935c9e","FullyQualifiedName":"MovieRentWebApiTesting.UserRepositoryTest.DeleteUserFail_test","DisplayName":"DeleteUserFail_test","ExecutorUri":"executor://NUnit3TestExecutor","Source":"C:\\Johnny\\Celsior\\SoftwareEngineerTrainee\\Project\\MovieRentWebAPISolution\\MovieRentWebApiTesting\\bin\\Debug\\net6.0\\fine-code-coverage\\build-output\\MovieRentWebApiTesting.dll","CodeFilePath":null,"LineNumber":0,"Properties":[{"Key":{"Id":"NUnit.Seed","Label":"Seed","Category":"","Description":"","Attributes":0,"ValueType":"System.String"},"Value":"1506467334"}]},"Attachments":[],"Outcome":1,"ErrorMessage":null,"ErrorStackTrace":null,"DisplayName":"DeleteUserFail_test","Messages":[],"ComputerName":"5CD413DKRZ","Duration":"00:00:00.0017090","StartTime":"2024-11-04T17:04:13.1348418+00:00","EndTime":"2024-11-04T17:04:13.1365501+00:00","Properties":[{"Key":{"Id":"NUnit.Seed","Label":"Seed","Category":"","Description":"","Attributes":0,"ValueType":"System.String"},"Value":"1506467334"}]},{"TestCase":{"Id":"581c8ad5-0ead-92f2-72da-dfe55b587a06","FullyQualifiedName":"MovieRentWebApiTesting.UserRepositoryTest.GetAllUsers_ShouldThrowEmptyCollectionException_WhenNoUsersExist","DisplayName":"GetAllUsers_ShouldThrowEmptyCollectionException_WhenNoUsersExist","ExecutorUri":"executor://NUnit3TestExecutor","Source":"C:\\Johnny\\Celsior\\SoftwareEngineerTrainee\\Project\\MovieRentWebAPISolution\\MovieRentWebApiTesting\\bin\\Debug\\net6.0\\fine-code-coverage\\build-output\\MovieRentWebApiTesting.dll","CodeFilePath":null,"LineNumber":0,"Properties":[{"Key":{"Id":"NUnit.Seed","Label":"Seed","Category":"","Description":"","Attributes":0,"ValueType":"System.String"},"Value":"1545263158"}]},"Attachments":[],"Outcome":2,"ErrorMessage":"  Expected: <MovieRentWebAPI.Exceptions.EmptyCollectionException>\r\n  But was:  null\r\n","ErrorStackTrace":"   at MovieRentWebApiTesting.UserRepositoryTest.GetAllUsers_ShouldThrowEmptyCollectionException_WhenNoUsersExist() in C:\\Johnny\\Celsior\\SoftwareEngineerTrainee\\Project\\MovieRentWebAPISolution\\MovieRentWebApiTesting\\UserRepositoryTest.cs:line 140\r\n   at NUnit.Framework.Internal.TaskAwaitAdapter.GenericAdapter`1.GetResult()\r\n   at NUnit.Framework.Internal.AsyncToSyncAdapter.Await(Func`1 invoke)\r\n   at NUnit.Framework.Internal.Commands.TestMethodCommand.RunTestMethod(TestExecutionContext context)\r\n   at NUnit.Framework.Internal.Commands.TestMethodCommand.Execute(TestExecutionContext context)\r\n   at NUnit.Framework.Internal.Commands.BeforeAndAfterTestCommand.<>c__DisplayClass1_0.<Execute>b__0()\r\n   at NUnit.Framework.Internal.Commands.DelegatingTestCommand.RunTestMethodInThreadAbortSafeZone(TestExecutionContext context, Action action)\r\n","DisplayName":"GetAllUsers_ShouldThrowEmptyCollectionException_WhenNoUsersExist","Messages":[],"ComputerName":"5CD413DKRZ","Duration":"00:00:00.0105720","StartTime":"2024-11-04T17:04:13.1365761+00:00","EndTime":"2024-11-04T17:04:13.1471475+00:00","Properties":[{"Key":{"Id":"NUnit.Seed","Label":"Seed","Category":"","Description":"","Attributes":0,"ValueType":"System.String"},"Value":"1545263158"}]}],"TestRunStatistics":{"ExecutedTests":27,"Stats":{"Passed":21,"Failed":6}},"ActiveTests":[{"Id":"83b05a61-9fd4-7d32-9564-59a8b95fe57c","FullyQualifiedName":"MovieRentWebApiTesting.UserRepositoryTest.GetAllUsers_test(\"TestUser1\",\"johnnynaorem7@gmail.com\",\"TestPassword1\",\"TestHashKey1\",Admin)","DisplayName":"GetAllUsers_test(\"TestUser1\",\"johnnynaorem7@gmail.com\",\"TestPassword1\",\"TestHashKey1\",Admin)","ExecutorUri":"executor://NUnit3TestExecutor","Source":"C:\\Johnny\\Celsior\\SoftwareEngineerTrainee\\Project\\MovieRentWebAPISolution\\MovieRentWebApiTesting\\bin\\Debug\\net6.0\\fine-code-coverage\\build-output\\MovieRentWebApiTesting.dll","CodeFilePath":null,"LineNumber":0,"Properties":[{"Key":{"Id":"NUnit.Seed","Label":"Seed","Category":"","Description":"","Attributes":0,"ValueType":"System.String"},"Value":"1971769301"}]}]}}
TpTrace Verbose: 0 : 34772, 11, 2024/11/04, 22:34:13.165, 10683694449268, vstest.console.dll, TestRunRequest:SendTestRunStatsChange: Starting.
TpTrace Verbose: 0 : 34772, 11, 2024/11/04, 22:34:13.165, 10683694451219, vstest.console.dll, InProgress is GetAllUsers_test("TestUser1","johnnynaorem7@gmail.com","TestPassword1","TestHashKey1",Admin)
TpTrace Verbose: 0 : 34772, 11, 2024/11/04, 22:34:13.165, 10683694452895, vstest.console.dll, MulticastDelegateUtilities.SafeInvoke: TestRun.RunStatsChanged: Invoking callbacks was skipped because there are no subscribers.
TpTrace Information: 0 : 34772, 11, 2024/11/04, 22:34:13.165, 10683694453650, vstest.console.dll, TestRunRequest:SendTestRunStatsChange: Completed.
TpTrace Verbose: 0 : 34772, 11, 2024/11/04, 22:34:13.165, 10683694454564, vstest.console.dll, MulticastDelegateUtilities.SafeInvoke: LengthPrefixCommunicationChannel: MessageReceived: Invoking callback 1/1 for Microsoft.VisualStudio.TestPlatform.CommunicationUtilities.TestRequestSender+<>c__DisplayClass34_0., took 11 ms.
TpTrace Verbose: 0 : 34772, 11, 2024/11/04, 22:34:13.165, 10683694455408, vstest.console.dll, TcpClientExtensions.MessageLoopAsync: Polling on remoteEndPoint: 127.0.0.1:50468 localEndPoint: 127.0.0.1:50465 after 144 ms
TpTrace Verbose: 0 : 34772, 4, 2024/11/04, 22:34:13.166, 10683694458124, vstest.console.dll, MulticastDelegateUtilities.SafeInvoke: InternalTestLoggerEvents.SendTestResult: Invoking callback 1/1 for Microsoft.VisualStudio.TestPlatform.CommandLine.Internal.ConsoleLogger., took 0 ms.
TpTrace Verbose: 0 : 34772, 4, 2024/11/04, 22:34:13.166, 10683694461259, vstest.console.dll, MulticastDelegateUtilities.SafeInvoke: InternalTestLoggerEvents.SendTestResult: Invoking callback 1/1 for Microsoft.VisualStudio.TestPlatform.CommandLine.Internal.ConsoleLogger., took 0 ms.
TpTrace Verbose: 0 : 34772, 4, 2024/11/04, 22:34:13.166, 10683694462963, vstest.console.dll, MulticastDelegateUtilities.SafeInvoke: InternalTestLoggerEvents.SendTestResult: Invoking callback 1/1 for Microsoft.VisualStudio.TestPlatform.CommandLine.Internal.ConsoleLogger., took 0 ms.
TpTrace Verbose: 0 : 34772, 4, 2024/11/04, 22:34:13.166, 10683694465398, vstest.console.dll, MulticastDelegateUtilities.SafeInvoke: InternalTestLoggerEvents.SendTestResult: Invoking callback 1/1 for Microsoft.VisualStudio.TestPlatform.CommandLine.Internal.ConsoleLogger., took 0 ms.
TpTrace Verbose: 0 : 34772, 4, 2024/11/04, 22:34:13.166, 10683694466237, vstest.console.dll, MulticastDelegateUtilities.SafeInvoke: InternalTestLoggerEvents.SendTestResult: Invoking callback 1/1 for Microsoft.VisualStudio.TestPlatform.CommandLine.Internal.ConsoleLogger., took 0 ms.
TpTrace Verbose: 0 : 34772, 4, 2024/11/04, 22:34:13.166, 10683694466961, vstest.console.dll, MulticastDelegateUtilities.SafeInvoke: InternalTestLoggerEvents.SendTestResult: Invoking callback 1/1 for Microsoft.VisualStudio.TestPlatform.CommandLine.Internal.ConsoleLogger., took 0 ms.
TpTrace Verbose: 0 : 34772, 4, 2024/11/04, 22:34:13.166, 10683694467660, vstest.console.dll, MulticastDelegateUtilities.SafeInvoke: InternalTestLoggerEvents.SendTestResult: Invoking callback 1/1 for Microsoft.VisualStudio.TestPlatform.CommandLine.Internal.ConsoleLogger., took 0 ms.
TpTrace Verbose: 0 : 34772, 4, 2024/11/04, 22:34:13.167, 10683694468288, vstest.console.dll, MulticastDelegateUtilities.SafeInvoke: InternalTestLoggerEvents.SendTestResult: Invoking callback 1/1 for Microsoft.VisualStudio.TestPlatform.CommandLine.Internal.ConsoleLogger., took 0 ms.
TpTrace Verbose: 0 : 34772, 4, 2024/11/04, 22:34:13.167, 10683694472826, vstest.console.dll, MulticastDelegateUtilities.SafeInvoke: InternalTestLoggerEvents.SendTestResult: Invoking callback 1/1 for Microsoft.VisualStudio.TestPlatform.CommandLine.Internal.ConsoleLogger., took 0 ms.
TpTrace Verbose: 0 : 34772, 11, 2024/11/04, 22:34:13.208, 10683694880985, vstest.console.dll, TcpClientExtensions.MessageLoopAsync: NotifyDataAvailable remoteEndPoint: 127.0.0.1:50468 localEndPoint: 127.0.0.1:50465
TpTrace Verbose: 0 : 34772, 11, 2024/11/04, 22:34:13.208, 10683694882768, vstest.console.dll, TestRequestSender.OnExecutionMessageReceived: Received message: {"Version":5,"MessageType":"TestSession.Message","Payload":{"MessageLevel":0,"Message":"NUnit Adapter 4.2.0.0: Test execution complete"}}
TpTrace Verbose: 0 : 34772, 11, 2024/11/04, 22:34:13.208, 10683694884331, vstest.console.dll, TestRunRequest:SendTestRunMessage: Starting.
TpTrace Verbose: 0 : 34772, 11, 2024/11/04, 22:34:13.208, 10683694885144, vstest.console.dll, MulticastDelegateUtilities.SafeInvoke: TestRun.LogMessages: Invoking callback 1/1 for Microsoft.VisualStudio.TestPlatform.CommandLine.TestRunResultAggregator., took 0 ms.
TpTrace Information: 0 : 34772, 11, 2024/11/04, 22:34:13.208, 10683694885614, vstest.console.dll, TestRunRequest:SendTestRunMessage: Completed.
TpTrace Verbose: 0 : 34772, 11, 2024/11/04, 22:34:13.208, 10683694886100, vstest.console.dll, MulticastDelegateUtilities.SafeInvoke: LengthPrefixCommunicationChannel: MessageReceived: Invoking callback 1/1 for Microsoft.VisualStudio.TestPlatform.CommunicationUtilities.TestRequestSender+<>c__DisplayClass34_0., took 0 ms.
TpTrace Verbose: 0 : 34772, 11, 2024/11/04, 22:34:13.208, 10683694886685, vstest.console.dll, TcpClientExtensions.MessageLoopAsync: Polling on remoteEndPoint: 127.0.0.1:50468 localEndPoint: 127.0.0.1:50465 after 43 ms
TpTrace Verbose: 0 : 34772, 4, 2024/11/04, 22:34:13.208, 10683694886804, vstest.console.dll, MulticastDelegateUtilities.SafeInvoke: InternalTestLoggerEvents.SendTestRunMessage: Invoking callback 1/1 for Microsoft.VisualStudio.TestPlatform.CommandLine.Internal.ConsoleLogger., took 0 ms.
TpTrace Verbose: 0 : 34772, 11, 2024/11/04, 22:34:13.223, 10683695033305, vstest.console.dll, TcpClientExtensions.MessageLoopAsync: NotifyDataAvailable remoteEndPoint: 127.0.0.1:50468 localEndPoint: 127.0.0.1:50465
TpTrace Verbose: 0 : 34772, 11, 2024/11/04, 22:34:13.223, 10683695037880, vstest.console.dll, TestRequestSender.OnExecutionMessageReceived: Received message: {"Version":5,"MessageType":"TestExecution.Completed","Payload":{"TestRunCompleteArgs":{"TestRunStatistics":{"ExecutedTests":34,"Stats":{"Passed":24,"Failed":10}},"IsCanceled":false,"IsAborted":false,"Error":null,"AttachmentSets":[],"ElapsedTimeInRunningTests":"00:00:02.5439464","Metrics":{}},"LastRunTests":{"NewTestResults":[{"TestCase":{"Id":"83b05a61-9fd4-7d32-9564-59a8b95fe57c","FullyQualifiedName":"MovieRentWebApiTesting.UserRepositoryTest.GetAllUsers_test(\"TestUser1\",\"johnnynaorem7@gmail.com\",\"TestPassword1\",\"TestHashKey1\",Admin)","DisplayName":"GetAllUsers_test(\"TestUser1\",\"johnnynaorem7@gmail.com\",\"TestPassword1\",\"TestHashKey1\",Admin)","ExecutorUri":"executor://NUnit3TestExecutor","Source":"C:\\Johnny\\Celsior\\SoftwareEngineerTrainee\\Project\\MovieRentWebAPISolution\\MovieRentWebApiTesting\\bin\\Debug\\net6.0\\fine-code-coverage\\build-output\\MovieRentWebApiTesting.dll","CodeFilePath":null,"LineNumber":0,"Properties":[{"Key":{"Id":"NUnit.Seed","Label":"Seed","Category":"","Description":"","Attributes":0,"ValueType":"System.String"},"Value":"1971769301"}]},"Attachments":[],"Outcome":1,"ErrorMessage":null,"ErrorStackTrace":null,"DisplayName":"GetAllUsers_test(\"TestUser1\",\"johnnynaorem7@gmail.com\",\"TestPassword1\",\"TestHashKey1\",Admin)","Messages":[],"ComputerName":"5CD413DKRZ","Duration":"00:00:00.0016040","StartTime":"2024-11-04T17:04:13.147196+00:00","EndTime":"2024-11-04T17:04:13.1487974+00:00","Properties":[{"Key":{"Id":"NUnit.Seed","Label":"Seed","Category":"","Description":"","Attributes":0,"ValueType":"System.String"},"Value":"1971769301"}]},{"TestCase":{"Id":"bed674ca-7abf-c3dd-5155-f525b65929d5","FullyQualifiedName":"MovieRentWebApiTesting.UserRepositoryTest.GetAllUsers_test(\"TestUser2\",\"johnnynao10@gmail.com\",\"TestPassword2\",\"TestHashKey2\",user)","DisplayName":"GetAllUsers_test(\"TestUser2\",\"johnnynao10@gmail.com\",\"TestPassword2\",\"TestHashKey2\",user)","ExecutorUri":"executor://NUnit3TestExecutor","Source":"C:\\Johnny\\Celsior\\SoftwareEngineerTrainee\\Project\\MovieRentWebAPISolution\\MovieRentWebApiTesting\\bin\\Debug\\net6.0\\fine-code-coverage\\build-output\\MovieRentWebApiTesting.dll","CodeFilePath":null,"LineNumber":0,"Properties":[{"Key":{"Id":"NUnit.Seed","Label":"Seed","Category":"","Description":"","Attributes":0,"ValueType":"System.String"},"Value":"966678880"}]},"Attachments":[],"Outcome":1,"ErrorMessage":null,"ErrorStackTrace":null,"DisplayName":"GetAllUsers_test(\"TestUser2\",\"johnnynao10@gmail.com\",\"TestPassword2\",\"TestHashKey2\",user)","Messages":[],"ComputerName":"5CD413DKRZ","Duration":"00:00:00.0005130","StartTime":"2024-11-04T17:04:13.1488255+00:00","EndTime":"2024-11-04T17:04:13.149338+00:00","Properties":[{"Key":{"Id":"NUnit.Seed","Label":"Seed","Category":"","Description":"","Attributes":0,"ValueType":"System.String"},"Value":"966678880"}]},{"TestCase":{"Id":"95a18c24-efba-ed80-5886-4acc1f2d41c1","FullyQualifiedName":"MovieRentWebApiTesting.UserRepositoryTest.GetUsers_test","DisplayName":"GetUsers_test","ExecutorUri":"executor://NUnit3TestExecutor","Source":"C:\\Johnny\\Celsior\\SoftwareEngineerTrainee\\Project\\MovieRentWebAPISolution\\MovieRentWebApiTesting\\bin\\Debug\\net6.0\\fine-code-coverage\\build-output\\MovieRentWebApiTesting.dll","CodeFilePath":null,"LineNumber":0,"Properties":[{"Key":{"Id":"NUnit.Seed","Label":"Seed","Category":"","Description":"","Attributes":0,"ValueType":"System.String"},"Value":"1572788636"}]},"Attachments":[],"Outcome":2,"ErrorMessage":"MovieRentWebAPI.Exceptions.CouldNotAddException : User Add Failed....User already Exist.... Please LogIn","ErrorStackTrace":"   at MovieRentWebAPI.Repositories.UserRepository.Add(User entity) in C:\\Johnny\\Celsior\\SoftwareEngineerTrainee\\Project\\MovieRentWebAPISolution\\MovieRentWebAPI\\Repositories\\UserRepository.cs:line 34\r\n   at MovieRentWebApiTesting.UserRepositoryTest.GetUsers_test() in C:\\Johnny\\Celsior\\SoftwareEngineerTrainee\\Project\\MovieRentWebAPISolution\\MovieRentWebApiTesting\\UserRepositoryTest.cs:line 60\r\n   at NUnit.Framework.Internal.TaskAwaitAdapter.GenericAdapter`1.GetResult()\r\n   at NUnit.Framework.Internal.AsyncToSyncAdapter.Await(Func`1 invoke)\r\n   at NUnit.Framework.Internal.Commands.TestMethodCommand.RunTestMethod(TestExecutionContext context)\r\n   at NUnit.Framework.Internal.Commands.TestMethodCommand.Execute(TestExecutionContext context)\r\n   at NUnit.Framework.Internal.Commands.BeforeAndAfterTestCommand.<>c__DisplayClass1_0.<Execute>b__0()\r\n   at NUnit.Framework.Internal.Commands.DelegatingTestCommand.RunTestMethodInThreadAbortSafeZone(TestExecutionContext context, Action action)","DisplayName":"GetUsers_test","Messages":[],"ComputerName":"5CD413DKRZ","Duration":"00:00:00.0210760","StartTime":"2024-11-04T17:04:13.14937+00:00","EndTime":"2024-11-04T17:04:13.1704455+00:00","Properties":[{"Key":{"Id":"NUnit.Seed","Label":"Seed","Category":"","Description":"","Attributes":0,"ValueType":"System.String"},"Value":"1572788636"}]},{"TestCase":{"Id":"bfec6d27-4cd2-f8d2-8e01-5ce5d1438f7e","FullyQualifiedName":"MovieRentWebApiTesting.UserRepositoryTest.UpdateUser_test","DisplayName":"UpdateUser_test","ExecutorUri":"executor://NUnit3TestExecutor","Source":"C:\\Johnny\\Celsior\\SoftwareEngineerTrainee\\Project\\MovieRentWebAPISolution\\MovieRentWebApiTesting\\bin\\Debug\\net6.0\\fine-code-coverage\\build-output\\MovieRentWebApiTesting.dll","CodeFilePath":null,"LineNumber":0,"Properties":[{"Key":{"Id":"NUnit.Seed","Label":"Seed","Category":"","Description":"","Attributes":0,"ValueType":"System.String"},"Value":"1291706881"}]},"Attachments":[],"Outcome":2,"ErrorMessage":"MovieRentWebAPI.Exceptions.CouldNotAddException : User Add Failed....User already Exist.... Please LogIn","ErrorStackTrace":"   at MovieRentWebAPI.Repositories.UserRepository.Add(User entity) in C:\\Johnny\\Celsior\\SoftwareEngineerTrainee\\Project\\MovieRentWebAPISolution\\MovieRentWebAPI\\Repositories\\UserRepository.cs:line 34\r\n   at MovieRentWebApiTesting.UserRepositoryTest.UpdateUser_test() in C:\\Johnny\\Celsior\\SoftwareEngineerTrainee\\Project\\MovieRentWebAPISolution\\MovieRentWebApiTesting\\UserRepositoryTest.cs:line 105\r\n   at NUnit.Framework.Internal.TaskAwaitAdapter.GenericAdapter`1.GetResult()\r\n   at NUnit.Framework.Internal.AsyncToSyncAdapter.Await(Func`1 invoke)\r\n   at NUnit.Framework.Internal.Commands.TestMethodCommand.RunTestMethod(TestExecutionContext context)\r\n   at NUnit.Framework.Internal.Commands.TestMethodCommand.Execute(TestExecutionContext context)\r\n   at NUnit.Framework.Internal.Commands.BeforeAndAfterTestCommand.<>c__DisplayClass1_0.<Execute>b__0()\r\n   at NUnit.Framework.Internal.Commands.DelegatingTestCommand.RunTestMethodInThreadAbortSafeZone(TestExecutionContext context, Action action)","DisplayName":"UpdateUser_test","Messages":[],"ComputerName":"5CD413DKRZ","Duration":"00:00:00.0022500","StartTime":"2024-11-04T17:04:13.1704826+00:00","EndTime":"2024-11-04T17:04:13.1727317+00:00","Properties":[{"Key":{"Id":"NUnit.Seed","Label":"Seed","Category":"","Description":"","Attributes":0,"ValueType":"System.String"},"Value":"1291706881"}]},{"TestCase":{"Id":"ceed342b-9bad-48ea-1027-a339405b03dc","FullyQualifiedName":"MovieRentWebApiTesting.UserRepositoryTest.UpdateUserFail_test","DisplayName":"UpdateUserFail_test","ExecutorUri":"executor://NUnit3TestExecutor","Source":"C:\\Johnny\\Celsior\\SoftwareEngineerTrainee\\Project\\MovieRentWebAPISolution\\MovieRentWebApiTesting\\bin\\Debug\\net6.0\\fine-code-coverage\\build-output\\MovieRentWebApiTesting.dll","CodeFilePath":null,"LineNumber":0,"Properties":[{"Key":{"Id":"NUnit.Seed","Label":"Seed","Category":"","Description":"","Attributes":0,"ValueType":"System.String"},"Value":"71610680"}]},"Attachments":[],"Outcome":2,"ErrorMessage":"  Expected: <MovieRentWebAPI.Exceptions.CouldNotUpdateException>\r\n  But was:  null\r\n","ErrorStackTrace":"   at MovieRentWebApiTesting.UserRepositoryTest.UpdateUserFail_test() in C:\\Johnny\\Celsior\\SoftwareEngineerTrainee\\Project\\MovieRentWebAPISolution\\MovieRentWebApiTesting\\UserRepositoryTest.cs:line 147\r\n   at NUnit.Framework.Internal.TaskAwaitAdapter.GenericAdapter`1.GetResult()\r\n   at NUnit.Framework.Internal.AsyncToSyncAdapter.Await(Func`1 invoke)\r\n   at NUnit.Framework.Internal.Commands.TestMethodCommand.RunTestMethod(TestExecutionContext context)\r\n   at NUnit.Framework.Internal.Commands.TestMethodCommand.Execute(TestExecutionContext context)\r\n   at NUnit.Framework.Internal.Commands.BeforeAndAfterTestCommand.<>c__DisplayClass1_0.<Execute>b__0()\r\n   at NUnit.Framework.Internal.Commands.DelegatingTestCommand.RunTestMethodInThreadAbortSafeZone(TestExecutionContext context, Action action)\r\n","DisplayName":"UpdateUserFail_test","Messages":[],"ComputerName":"5CD413DKRZ","Duration":"00:00:00.0039910","StartTime":"2024-11-04T17:04:13.1727617+00:00","EndTime":"2024-11-04T17:04:13.1767521+00:00","Properties":[{"Key":{"Id":"NUnit.Seed","Label":"Seed","Category":"","Description":"","Attributes":0,"ValueType":"System.String"},"Value":"71610680"}]},{"TestCase":{"Id":"519f113a-c858-5f04-9735-c9a893e9b8ec","FullyQualifiedName":"MovieRentWebApiTesting.UserServiceTest.CreateUser_Test(\"TestUser2\",\"TestPassword2\",\"TestHashKey\",Admin)","DisplayName":"CreateUser_Test(\"TestUser2\",\"TestPassword2\",\"TestHashKey\",Admin)","ExecutorUri":"executor://NUnit3TestExecutor","Source":"C:\\Johnny\\Celsior\\SoftwareEngineerTrainee\\Project\\MovieRentWebAPISolution\\MovieRentWebApiTesting\\bin\\Debug\\net6.0\\fine-code-coverage\\build-output\\MovieRentWebApiTesting.dll","CodeFilePath":null,"LineNumber":0,"Properties":[{"Key":{"Id":"NUnit.Seed","Label":"Seed","Category":"","Description":"","Attributes":0,"ValueType":"System.String"},"Value":"515425657"}]},"Attachments":[],"Outcome":1,"ErrorMessage":null,"ErrorStackTrace":null,"DisplayName":"CreateUser_Test(\"TestUser2\",\"TestPassword2\",\"TestHashKey\",Admin)","Messages":[],"ComputerName":"5CD413DKRZ","Duration":"00:00:00.0032690","StartTime":"2024-11-04T17:04:13.177052+00:00","EndTime":"2024-11-04T17:04:13.1803202+00:00","Properties":[{"Key":{"Id":"NUnit.Seed","Label":"Seed","Category":"","Description":"","Attributes":0,"ValueType":"System.String"},"Value":"515425657"}]},{"TestCase":{"Id":"d120e096-2377-b064-ceb8-fb6e8d3dfdc4","FullyQualifiedName":"MovieRentWebApiTesting.UserServiceTest.UserLogin_Test(\"TestUser2\",\"TestPassword2\",\"TestHashKey\",Admin)","DisplayName":"UserLogin_Test(\"TestUser2\",\"TestPassword2\",\"TestHashKey\",Admin)","ExecutorUri":"executor://NUnit3TestExecutor","Source":"C:\\Johnny\\Celsior\\SoftwareEngineerTrainee\\Project\\MovieRentWebAPISolution\\MovieRentWebApiTesting\\bin\\Debug\\net6.0\\fine-code-coverage\\build-output\\MovieRentWebApiTesting.dll","CodeFilePath":null,"LineNumber":0,"Properties":[{"Key":{"Id":"NUnit.Seed","Label":"Seed","Category":"","Description":"","Attributes":0,"ValueType":"System.String"},"Value":"1709326771"}]},"Attachments":[],"Outcome":2,"ErrorMessage":"System.Exception : Could not register user","ErrorStackTrace":"   at MovieRentWebAPI.Services.UserService.CreateUser(UserCreateDTO userCreate) in C:\\Johnny\\Celsior\\SoftwareEngineerTrainee\\Project\\MovieRentWebAPISolution\\MovieRentWebAPI\\Services\\UserService.cs:line 126\r\n   at MovieRentWebApiTesting.UserServiceTest.UserLogin_Test(String username, String password, String hashKey, UserRole role) in C:\\Johnny\\Celsior\\SoftwareEngineerTrainee\\Project\\MovieRentWebAPISolution\\MovieRentWebApiTesting\\UserServiceTest.cs:line 68\r\n   at NUnit.Framework.Internal.TaskAwaitAdapter.GenericAdapter`1.GetResult()\r\n   at NUnit.Framework.Internal.AsyncToSyncAdapter.Await(Func`1 invoke)\r\n   at NUnit.Framework.Internal.Commands.TestMethodCommand.RunTestMethod(TestExecutionContext context)\r\n   at NUnit.Framework.Internal.Commands.TestMethodCommand.Execute(TestExecutionContext context)\r\n   at NUnit.Framework.Internal.Commands.BeforeAndAfterTestCommand.<>c__DisplayClass1_0.<Execute>b__0()\r\n   at NUnit.Framework.Internal.Commands.DelegatingTestCommand.RunTestMethodInThreadAbortSafeZone(TestExecutionContext context, Action action)","DisplayName":"UserLogin_Test(\"TestUser2\",\"TestPassword2\",\"TestHashKey\",Admin)","Messages":[],"ComputerName":"5CD413DKRZ","Duration":"00:00:00.0122160","StartTime":"2024-11-04T17:04:13.1803986+00:00","EndTime":"2024-11-04T17:04:13.1926137+00:00","Properties":[{"Key":{"Id":"NUnit.Seed","Label":"Seed","Category":"","Description":"","Attributes":0,"ValueType":"System.String"},"Value":"1709326771"}]}],"TestRunStatistics":{"ExecutedTests":34,"Stats":{"Passed":24,"Failed":10}},"ActiveTests":[]},"RunAttachments":[],"ExecutorUris":["executor://nunit3testexecutor/"]}}
TpTrace Verbose: 0 : 34772, 11, 2024/11/04, 22:34:13.224, 10683695040497, vstest.console.dll, TestRequestSender.EndSession: Sending end session.
TpTrace Verbose: 0 : 34772, 11, 2024/11/04, 22:34:13.224, 10683695042389, vstest.console.dll, ProxyOperationManager.Close: waiting for test host to exit for 100 ms
TpTrace Verbose: 0 : 34772, 12, 2024/11/04, 22:34:13.245, 10683695250374, vstest.console.dll, TestHostManagerCallbacks.StandardOutputReceivedCallback Test host standard output line: 
TpTrace Warning: 0 : 34772, 7, 2024/11/04, 22:34:13.245, 10683695250434, vstest.console.dll, TestHostManagerCallbacks.ErrorReceivedCallback Test host standard error line: 
TpTrace Verbose: 0 : 34772, 12, 2024/11/04, 22:34:13.262, 10683695426254, vstest.console.dll, TestHostProvider.ExitCallBack: Host exited starting callback.
TpTrace Information: 0 : 34772, 12, 2024/11/04, 22:34:13.263, 10683695428977, vstest.console.dll, TestHostManagerCallbacks.ExitCallBack: Testhost processId: 25168 exited with exitcode: 0 error: ''
TpTrace Verbose: 0 : 34772, 12, 2024/11/04, 22:34:13.263, 10683695430002, vstest.console.dll, DotnetTestHostManager.OnHostExited: invoking OnHostExited callback
TpTrace Verbose: 0 : 34772, 12, 2024/11/04, 22:34:13.263, 10683695431103, vstest.console.dll, CrossPlatEngine.TestHostManagerHostExited: calling on client process exit callback.
TpTrace Information: 0 : 34772, 12, 2024/11/04, 22:34:13.263, 10683695432331, vstest.console.dll, TestRequestSender.OnClientProcessExit: Test host process exited. Standard error: 
TpTrace Information: 0 : 34772, 11, 2024/11/04, 22:34:13.263, 10683695432787, vstest.console.dll, SocketServer.Stop: Stop server endPoint: 127.0.0.1:50465
TpTrace Information: 0 : 34772, 12, 2024/11/04, 22:34:13.263, 10683695433760, vstest.console.dll, SocketServer.Stop: Stop server endPoint: 127.0.0.1:50465
TpTrace Information: 0 : 34772, 12, 2024/11/04, 22:34:13.263, 10683695435328, vstest.console.dll, SocketServer.Stop: Cancellation requested. Stopping message loop.
TpTrace Information: 0 : 34772, 11, 2024/11/04, 22:34:13.263, 10683695436511, vstest.console.dll, SocketServer.Stop: Cancellation requested. Stopping message loop.
TpTrace Information: 0 : 34772, 11, 2024/11/04, 22:34:13.264, 10683695438057, vstest.console.dll, Closing the connection
TpTrace Verbose: 0 : 34772, 12, 2024/11/04, 22:34:13.264, 10683695438377, vstest.console.dll, MulticastDelegateUtilities.SafeInvoke: HostProviderEvents.OnHostExited: Invoking callback 1/1 for Microsoft.VisualStudio.TestPlatform.CrossPlatEngine.Client.ProxyOperationManager., took 0 ms.
TpTrace Verbose: 0 : 34772, 11, 2024/11/04, 22:34:13.264, 10683695444783, vstest.console.dll, ProxyDataCollectionManager.InvokeDataCollectionServiceAction: Starting.
TpTrace Information: 0 : 34772, 11, 2024/11/04, 22:34:13.264, 10683695446157, vstest.console.dll, ProxyDataCollectionManager.AfterTestRunEnd: Get attachment set and invoked data collectors processId: 33776 port: 50462
TpTrace Verbose: 0 : 34772, 11, 2024/11/04, 22:34:13.264, 10683695447437, vstest.console.dll, DataCollectionRequestSender.SendAfterTestRunStartAndGetResult: Send AfterTestRunEnd message with isCancelled: False
TpTrace Verbose: 0 : 34772, 11, 2024/11/04, 22:34:13.273, 10683695534911, vstest.console.dll, DataCollectionRequestSender.SendAfterTestRunStartAndGetResult: Received message: (DataCollection.AfterTestRunEndResult) -> {"MessageType":"DataCollection.AfterTestRunEndResult","Payload":{"AttachmentSets":[],"InvokedDataCollectors":[{"Uri":"datacollector://Microsoft/TestPlatform/Extensions/Blame/v1","FriendlyName":"Blame","AssemblyQualifiedName":"Microsoft.TestPlatform.Extensions.BlameDataCollector.BlameCollector, Microsoft.TestPlatform.Extensions.BlameDataCollector, Version=15.0.0.0, Culture=neutral, PublicKeyToken=b03f5f7f11d50a3a","FilePath":"C:\\Program Files\\dotnet\\sdk\\8.0.400\\Extensions\\Microsoft.TestPlatform.Extensions.BlameDataCollector.dll","HasAttachmentProcessor":false}],"Metrics":{}}}
TpTrace Information: 0 : 34772, 11, 2024/11/04, 22:34:13.279, 10683695597035, vstest.console.dll, ProxyDataCollectionManager.InvokeDataCollectionServiceAction: Completed.
TpTrace Warning: 0 : 34772, 10, 2024/11/04, 22:34:13.285, 10683695651404, vstest.console.dll, DataCollectionLauncher.ErrorReceivedCallback datacollector standard error line: 
TpTrace Information: 0 : 34772, 10, 2024/11/04, 22:34:13.295, 10683695751147, vstest.console.dll, DataCollectionLauncher.ExitCallBack: Data collector exited with exitcode: 0 error: ''
TpTrace Verbose: 0 : 34772, 11, 2024/11/04, 22:34:13.316, 10683695962394, vstest.console.dll, TestRunRequest:SendTestRunStatsChange: Starting.
TpTrace Verbose: 0 : 34772, 11, 2024/11/04, 22:34:13.316, 10683695964957, vstest.console.dll, MulticastDelegateUtilities.SafeInvoke: TestRun.RunStatsChanged: Invoking callbacks was skipped because there are no subscribers.
TpTrace Information: 0 : 34772, 11, 2024/11/04, 22:34:13.316, 10683695965546, vstest.console.dll, TestRunRequest:SendTestRunStatsChange: Completed.
TpTrace Verbose: 0 : 34772, 4, 2024/11/04, 22:34:13.316, 10683695965661, vstest.console.dll, MulticastDelegateUtilities.SafeInvoke: InternalTestLoggerEvents.SendTestResult: Invoking callback 1/1 for Microsoft.VisualStudio.TestPlatform.CommandLine.Internal.ConsoleLogger., took 0 ms.
TpTrace Verbose: 0 : 34772, 4, 2024/11/04, 22:34:13.317, 10683695967970, vstest.console.dll, MulticastDelegateUtilities.SafeInvoke: InternalTestLoggerEvents.SendTestResult: Invoking callback 1/1 for Microsoft.VisualStudio.TestPlatform.CommandLine.Internal.ConsoleLogger., took 0 ms.
TpTrace Verbose: 0 : 34772, 11, 2024/11/04, 22:34:13.317, 10683695969883, vstest.console.dll, ParallelProxyExecutionManager: HandlePartialRunComplete: Total workloads = 1, Total started clients = 1 Total completed clients = 1, Run complete = True, Run canceled: False.
TpTrace Verbose: 0 : 34772, 11, 2024/11/04, 22:34:13.317, 10683695970658, vstest.console.dll, ParallelProxyExecutionManager: HandlePartialRunComplete: All runs completed stopping all managers.
TpTrace Verbose: 0 : 34772, 11, 2024/11/04, 22:34:13.317, 10683695971319, vstest.console.dll, ParallelOperationManager.StopAllManagers: Stopping all managers.
TpTrace Verbose: 0 : 34772, 11, 2024/11/04, 22:34:13.317, 10683695972134, vstest.console.dll, ParallelOperationManager.ClearSlots: Clearing all slots. Slots should accept more work: False
TpTrace Verbose: 0 : 34772, 4, 2024/11/04, 22:34:13.317, 10683695971653, vstest.console.dll, MulticastDelegateUtilities.SafeInvoke: InternalTestLoggerEvents.SendTestResult: Invoking callback 1/1 for Microsoft.VisualStudio.TestPlatform.CommandLine.Internal.ConsoleLogger., took 0 ms.
TpTrace Verbose: 0 : 34772, 11, 2024/11/04, 22:34:13.317, 10683695973303, vstest.console.dll, ParallelOperationManager.SetOccupiedSlotCount: Setting slot counts AvailableSlotCount = 1, OccupiedSlotCount = 0.
TpTrace Verbose: 0 : 34772, 11, 2024/11/04, 22:34:13.317, 10683695977414, vstest.console.dll, Occupied slots:

TpTrace Verbose: 0 : 34772, 4, 2024/11/04, 22:34:13.318, 10683695979939, vstest.console.dll, MulticastDelegateUtilities.SafeInvoke: InternalTestLoggerEvents.SendTestResult: Invoking callback 1/1 for Microsoft.VisualStudio.TestPlatform.CommandLine.Internal.ConsoleLogger., took 0 ms.
TpTrace Verbose: 0 : 34772, 4, 2024/11/04, 22:34:13.318, 10683695984929, vstest.console.dll, MulticastDelegateUtilities.SafeInvoke: InternalTestLoggerEvents.SendTestResult: Invoking callback 1/1 for Microsoft.VisualStudio.TestPlatform.CommandLine.Internal.ConsoleLogger., took 0 ms.
TpTrace Verbose: 0 : 34772, 4, 2024/11/04, 22:34:13.318, 10683695986684, vstest.console.dll, MulticastDelegateUtilities.SafeInvoke: InternalTestLoggerEvents.SendTestResult: Invoking callback 1/1 for Microsoft.VisualStudio.TestPlatform.CommandLine.Internal.ConsoleLogger., took 0 ms.
TpTrace Verbose: 0 : 34772, 4, 2024/11/04, 22:34:13.319, 10683695992205, vstest.console.dll, MulticastDelegateUtilities.SafeInvoke: InternalTestLoggerEvents.SendTestResult: Invoking callback 1/1 for Microsoft.VisualStudio.TestPlatform.CommandLine.Internal.ConsoleLogger., took 0 ms.
TpTrace Verbose: 0 : 34772, 4, 2024/11/04, 22:34:13.329, 10683696090378, vstest.console.dll, MulticastDelegateUtilities.SafeInvoke: InternalTestLoggerEvents.SendTestRunComplete: Invoking callback 1/2 for Microsoft.TestPlatform.Extensions.BlameDataCollector.BlameLogger., took 0 ms.
TpTrace Verbose: 0 : 34772, 4, 2024/11/04, 22:34:13.336, 10683696166078, vstest.console.dll, MulticastDelegateUtilities.SafeInvoke: InternalTestLoggerEvents.SendTestRunComplete: Invoking callback 2/2 for Microsoft.VisualStudio.TestPlatform.CommandLine.Internal.ConsoleLogger., took 7 ms.
TpTrace Verbose: 0 : 34772, 11, 2024/11/04, 22:34:13.337, 10683696173422, vstest.console.dll, TestRunRequest:TestRunComplete: Starting. IsAborted:False IsCanceled:False.
TpTrace Verbose: 0 : 34772, 11, 2024/11/04, 22:34:13.337, 10683696177039, vstest.console.dll, ParallelOperationManager.DoActionOnAllManagers: Calling an action on all managers.
TpTrace Verbose: 0 : 34772, 11, 2024/11/04, 22:34:13.339, 10683696189200, vstest.console.dll, TestLoggerManager.HandleTestRunComplete: Ignoring as the object is disposed.
TpTrace Verbose: 0 : 34772, 11, 2024/11/04, 22:34:13.339, 10683696191947, vstest.console.dll, MulticastDelegateUtilities.SafeInvoke: TestRun.TestRunComplete: Invoking callback 1/2 for Microsoft.VisualStudio.TestPlatform.CommandLine.TestRunResultAggregator., took 0 ms.
TpTrace Verbose: 0 : 34772, 11, 2024/11/04, 22:34:13.339, 10683696193301, vstest.console.dll, MulticastDelegateUtilities.SafeInvoke: TestRun.TestRunComplete: Invoking callback 2/2 for Microsoft.VisualStudio.TestPlatform.CommandLine.Processors.RunTestsArgumentExecutor+TestRunRequestEventsRegistrar., took 0 ms.
TpTrace Information: 0 : 34772, 11, 2024/11/04, 22:34:13.339, 10683696194480, vstest.console.dll, TestRunRequest:TestRunComplete: Completed.
TpTrace Verbose: 0 : 34772, 11, 2024/11/04, 22:34:13.339, 10683696195044, vstest.console.dll, TestRequestSender.SetOperationComplete: Setting operation complete.
TpTrace Information: 0 : 34772, 11, 2024/11/04, 22:34:13.339, 10683696195528, vstest.console.dll, SocketServer.Stop: Stop server endPoint: 127.0.0.1:50465
TpTrace Verbose: 0 : 34772, 1, 2024/11/04, 22:34:13.339, 10683696195472, vstest.console.dll, TestRunRequest.Dispose: Starting.
TpTrace Information: 0 : 34772, 11, 2024/11/04, 22:34:13.339, 10683696196376, vstest.console.dll, SocketServer.Stop: Cancellation requested. Stopping message loop.
TpTrace Verbose: 0 : 34772, 11, 2024/11/04, 22:34:13.340, 10683696199427, vstest.console.dll, MulticastDelegateUtilities.SafeInvoke: LengthPrefixCommunicationChannel: MessageReceived: Invoking callback 1/1 for Microsoft.VisualStudio.TestPlatform.CommunicationUtilities.TestRequestSender+<>c__DisplayClass34_0., took 116 ms.
TpTrace Information: 0 : 34772, 11, 2024/11/04, 22:34:13.340, 10683696200351, vstest.console.dll, SocketServer.PrivateStop: Stopping server endPoint: 127.0.0.1:50465 error: 
TpTrace Information: 0 : 34772, 1, 2024/11/04, 22:34:13.340, 10683696198020, vstest.console.dll, TestRunRequest.Dispose: Completed.
TpTrace Information: 0 : 34772, 1, 2024/11/04, 22:34:13.340, 10683696201844, vstest.console.dll, TestRequestManager.RunTests: run tests completed.
TpTrace Information: 0 : 34772, 1, 2024/11/04, 22:34:13.340, 10683696202966, vstest.console.dll, RunTestsArgumentProcessor:Execute: Test run is completed.
TpTrace Verbose: 0 : 34772, 11, 2024/11/04, 22:34:13.340, 10683696205866, vstest.console.dll, LengthPrefixCommunicationChannel.Dispose: Dispose reader and writer.
TpTrace Verbose: 0 : 34772, 1, 2024/11/04, 22:34:13.340, 10683696206329, vstest.console.dll, Executor.Execute: Exiting with exit code of 1
TpTrace Information: 0 : 34772, 11, 2024/11/04, 22:34:13.340, 10683696207729, vstest.console.dll, SocketServer.Stop: Raise disconnected event endPoint: 127.0.0.1:50465 error: 
TpTrace Verbose: 0 : 34772, 11, 2024/11/04, 22:34:13.341, 10683696209964, vstest.console.dll, TestRequestSender: OnTestRunAbort: Operation is already complete. Skip error message.
TpTrace Verbose: 0 : 34772, 11, 2024/11/04, 22:34:13.341, 10683696210939, vstest.console.dll, MulticastDelegateUtilities.SafeInvoke: SocketServer: ClientDisconnected: Invoking callback 1/1 for Microsoft.VisualStudio.TestPlatform.CommunicationUtilities.TestRequestSender., took 0 ms.
TpTrace Verbose: 0 : 34772, 11, 2024/11/04, 22:34:13.341, 10683696211570, vstest.console.dll, TcpClientExtensions.MessageLoopAsync: exiting MessageLoopAsync remoteEndPoint: 127.0.0.1:50468 localEndPoint: 127.0.0.1:50465
