TpTrace Verbose: 0 : 26476, 1, 2024/10/28, 10:49:43.428, 4212706713571, vstest.console.dll, Version: 17.11.0-release-24352-05 Current process architecture: X64
TpTrace Verbose: 0 : 26476, 1, 2024/10/28, 10:49:43.431, 4212706745207, vstest.console.dll, Runtime location: C:\Program Files\dotnet\shared\Microsoft.NETCore.App\8.0.8
TpTrace Verbose: 0 : 26476, 1, 2024/10/28, 10:49:43.437, 4212706800208, vstest.console.dll, ArtifactProcessingPostProcessModeProcessorExecutor.Initialize: ArtifactProcessingMode.Collect
TpTrace Verbose: 0 : 26476, 1, 2024/10/28, 10:49:43.437, 4212706801998, vstest.console.dll, TestSessionCorrelationIdProcessorModeProcessorExecutor.Initialize: TestSessionCorrelationId '15852_02a1eeca-6a03-450f-8233-84d0b5bc8e63'
TpTrace Information: 0 : 26476, 1, 2024/10/28, 10:49:43.462, 4212707048870, vstest.console.dll, FilePatternParser: The given file C:\Johnny\Celsior_Training\Day31\PolicyClaimWebApiSolution\PolicyClaimTest\bin\Debug\net6.0\fine-code-coverage\build-output\PolicyClaimTest.dll is a full path.
TpTrace Verbose: 0 : 26476, 1, 2024/10/28, 10:49:43.471, 4212707145520, vstest.console.dll, TestPluginCache.DiscoverTestExtensions: finding test extensions in assemblies ends with: RuntimeProvider.dll TPluginInfo: Microsoft.VisualStudio.TestPlatform.Common.ExtensionFramework.Utilities.TestRuntimePluginInformation TExtension: Microsoft.VisualStudio.TestPlatform.ObjectModel.Host.ITestRuntimeProvider
TpTrace Verbose: 0 : 26476, 1, 2024/10/28, 10:49:43.472, 4212707149835, vstest.console.dll, TestPluginCache.GetExtensionPaths: Filtered extension paths: 
TpTrace Verbose: 0 : 26476, 1, 2024/10/28, 10:49:43.472, 4212707150920, vstest.console.dll, TestPluginCache.GetExtensionPaths: Added default extension paths: C:\Program Files\dotnet\sdk\8.0.400\Extensions\Microsoft.Diagnostics.NETCore.Client.dll
C:\Program Files\dotnet\sdk\8.0.400\Extensions\Microsoft.TestPlatform.Extensions.BlameDataCollector.dll
C:\Program Files\dotnet\sdk\8.0.400\Extensions\Microsoft.TestPlatform.Extensions.EventLogCollector.dll
C:\Program Files\dotnet\sdk\8.0.400\Extensions\Microsoft.TestPlatform.TestHostRuntimeProvider.dll
C:\Program Files\dotnet\sdk\8.0.400\Extensions\Microsoft.VisualStudio.TestPlatform.Extensions.Html.TestLogger.dll
C:\Program Files\dotnet\sdk\8.0.400\Extensions\Microsoft.VisualStudio.TestPlatform.Extensions.Trx.TestLogger.dll
TpTrace Verbose: 0 : 26476, 1, 2024/10/28, 10:49:43.472, 4212707151340, vstest.console.dll, TestPluginCache.GetExtensionPaths: Added unfilterableExtensionPaths: 
TpTrace Information: 0 : 26476, 1, 2024/10/28, 10:49:43.472, 4212707156552, vstest.console.dll, AssemblyResolver.ctor: Creating AssemblyResolver with searchDirectories C:\Program Files\dotnet\sdk\8.0.400\Extensions,C:\Program Files\dotnet\sdk\8.0.400
TpTrace Verbose: 0 : 26476, 1, 2024/10/28, 10:49:43.476, 4212707190172, vstest.console.dll, TestPluginCache.DiscoverTestExtensions: Discovering the extensions using extension path.
TpTrace Verbose: 0 : 26476, 1, 2024/10/28, 10:49:43.476, 4212707192595, vstest.console.dll, TestPluginCache.GetExtensionPaths: Filtered extension paths: 
TpTrace Verbose: 0 : 26476, 1, 2024/10/28, 10:49:43.476, 4212707193361, vstest.console.dll, TestPluginCache.GetExtensionPaths: Added default extension paths: C:\Program Files\dotnet\sdk\8.0.400\Extensions\Microsoft.Diagnostics.NETCore.Client.dll
C:\Program Files\dotnet\sdk\8.0.400\Extensions\Microsoft.TestPlatform.Extensions.BlameDataCollector.dll
C:\Program Files\dotnet\sdk\8.0.400\Extensions\Microsoft.TestPlatform.Extensions.EventLogCollector.dll
C:\Program Files\dotnet\sdk\8.0.400\Extensions\Microsoft.TestPlatform.TestHostRuntimeProvider.dll
C:\Program Files\dotnet\sdk\8.0.400\Extensions\Microsoft.VisualStudio.TestPlatform.Extensions.Html.TestLogger.dll
C:\Program Files\dotnet\sdk\8.0.400\Extensions\Microsoft.VisualStudio.TestPlatform.Extensions.Trx.TestLogger.dll
TpTrace Verbose: 0 : 26476, 1, 2024/10/28, 10:49:43.476, 4212707193745, vstest.console.dll, TestPluginCache.GetExtensionPaths: Added unfilterableExtensionPaths: 
TpTrace Verbose: 0 : 26476, 1, 2024/10/28, 10:49:43.476, 4212707194567, vstest.console.dll, TestPluginCache.DiscoverTestExtensions: Discovering the extensions using allExtensionPaths: C:\Program Files\dotnet\sdk\8.0.400\Extensions\Microsoft.Diagnostics.NETCore.Client.dll
C:\Program Files\dotnet\sdk\8.0.400\Extensions\Microsoft.TestPlatform.Extensions.BlameDataCollector.dll
C:\Program Files\dotnet\sdk\8.0.400\Extensions\Microsoft.TestPlatform.Extensions.EventLogCollector.dll
C:\Program Files\dotnet\sdk\8.0.400\Extensions\Microsoft.TestPlatform.TestHostRuntimeProvider.dll
C:\Program Files\dotnet\sdk\8.0.400\Extensions\Microsoft.VisualStudio.TestPlatform.Extensions.Html.TestLogger.dll
C:\Program Files\dotnet\sdk\8.0.400\Extensions\Microsoft.VisualStudio.TestPlatform.Extensions.Trx.TestLogger.dll
TpTrace Information: 0 : 26476, 1, 2024/10/28, 10:49:43.476, 4212707196390, vstest.console.dll, AssemblyResolver.AddSearchDirectories: Adding more searchDirectories C:\Program Files\dotnet\sdk\8.0.400\Extensions,C:\Program Files\dotnet\sdk\8.0.400
TpTrace Information: 0 : 26476, 1, 2024/10/28, 10:49:43.476, 4212707197077, vstest.console.dll, AssemblyResolver.AddSearchDirectories: Adding more searchDirectories C:\Program Files\dotnet\sdk\8.0.400\Extensions,C:\Program Files\dotnet\sdk\8.0.400
TpTrace Information: 0 : 26476, 1, 2024/10/28, 10:49:43.476, 4212707197592, vstest.console.dll, AssemblyResolver.AddSearchDirectories: Adding more searchDirectories C:\Program Files\dotnet\sdk\8.0.400\Extensions,C:\Program Files\dotnet\sdk\8.0.400
TpTrace Information: 0 : 26476, 1, 2024/10/28, 10:49:43.476, 4212707197996, vstest.console.dll, AssemblyResolver.AddSearchDirectories: Adding more searchDirectories C:\Program Files\dotnet\sdk\8.0.400\Extensions,C:\Program Files\dotnet\sdk\8.0.400
TpTrace Information: 0 : 26476, 1, 2024/10/28, 10:49:43.477, 4212707198503, vstest.console.dll, AssemblyResolver.AddSearchDirectories: Adding more searchDirectories C:\Program Files\dotnet\sdk\8.0.400\Extensions,C:\Program Files\dotnet\sdk\8.0.400
TpTrace Information: 0 : 26476, 1, 2024/10/28, 10:49:43.477, 4212707198927, vstest.console.dll, AssemblyResolver.AddSearchDirectories: Adding more searchDirectories C:\Program Files\dotnet\sdk\8.0.400\Extensions,C:\Program Files\dotnet\sdk\8.0.400
TpTrace Information: 0 : 26476, 1, 2024/10/28, 10:49:43.477, 4212707206281, vstest.console.dll, AssemblyResolver.OnResolve: Microsoft.Diagnostics.NETCore.Client: Resolving assembly.
TpTrace Information: 0 : 26476, 1, 2024/10/28, 10:49:43.477, 4212707207661, vstest.console.dll, AssemblyResolver.OnResolve: Microsoft.Diagnostics.NETCore.Client: Searching in: 'C:\Program Files\dotnet\sdk\8.0.400\Extensions'.
TpTrace Information: 0 : 26476, 1, 2024/10/28, 10:49:43.492, 4212707354448, vstest.console.dll, AssemblyResolver.OnResolve: Microsoft.Diagnostics.NETCore.Client: Loading assembly 'C:\Program Files\dotnet\sdk\8.0.400\Extensions\Microsoft.Diagnostics.NETCore.Client.dll'.
TpTrace Information: 0 : 26476, 1, 2024/10/28, 10:49:43.495, 4212707378542, vstest.console.dll, AssemblyResolver.OnResolve: Resolved assembly: Microsoft.Diagnostics.NETCore.Client, from path: C:\Program Files\dotnet\sdk\8.0.400\Extensions\Microsoft.Diagnostics.NETCore.Client.dll
TpTrace Verbose: 0 : 26476, 1, 2024/10/28, 10:49:43.500, 4212707436029, vstest.console.dll, MetadataReaderExtensionsHelper: Discovering extensions inside assembly 'Microsoft.Diagnostics.NETCore.Client, Version=0.2.10.30701, Culture=neutral, PublicKeyToken=31bf3856ad364e35' file path 'C:\Program Files\dotnet\sdk\8.0.400\Extensions\Microsoft.Diagnostics.NETCore.Client.dll'
TpTrace Information: 0 : 26476, 1, 2024/10/28, 10:49:43.511, 4212707542223, vstest.console.dll, AssemblyResolver.OnResolve: Microsoft.Bcl.AsyncInterfaces: Resolving assembly.
TpTrace Information: 0 : 26476, 1, 2024/10/28, 10:49:43.511, 4212707543454, vstest.console.dll, AssemblyResolver.OnResolve: Microsoft.Bcl.AsyncInterfaces: Searching in: 'C:\Program Files\dotnet\sdk\8.0.400\Extensions'.
TpTrace Information: 0 : 26476, 1, 2024/10/28, 10:49:43.511, 4212707544245, vstest.console.dll, AssemblyResolver.OnResolve: Microsoft.Bcl.AsyncInterfaces: Assembly path does not exist: 'C:\Program Files\dotnet\sdk\8.0.400\Extensions\Microsoft.Bcl.AsyncInterfaces.dll', returning.
TpTrace Information: 0 : 26476, 1, 2024/10/28, 10:49:43.511, 4212707545286, vstest.console.dll, AssemblyResolver.OnResolve: Microsoft.Bcl.AsyncInterfaces: Assembly path does not exist: 'C:\Program Files\dotnet\sdk\8.0.400\Extensions\Microsoft.Bcl.AsyncInterfaces.exe', returning.
TpTrace Information: 0 : 26476, 1, 2024/10/28, 10:49:43.511, 4212707545609, vstest.console.dll, AssemblyResolver.OnResolve: Microsoft.Bcl.AsyncInterfaces: Searching in: 'C:\Program Files\dotnet\sdk\8.0.400'.
TpTrace Information: 0 : 26476, 1, 2024/10/28, 10:49:43.511, 4212707546130, vstest.console.dll, AssemblyResolver.OnResolve: Microsoft.Bcl.AsyncInterfaces: Assembly path does not exist: 'C:\Program Files\dotnet\sdk\8.0.400\Microsoft.Bcl.AsyncInterfaces.dll', returning.
TpTrace Information: 0 : 26476, 1, 2024/10/28, 10:49:43.511, 4212707546547, vstest.console.dll, AssemblyResolver.OnResolve: Microsoft.Bcl.AsyncInterfaces: Assembly path does not exist: 'C:\Program Files\dotnet\sdk\8.0.400\Microsoft.Bcl.AsyncInterfaces.exe', returning.
TpTrace Information: 0 : 26476, 1, 2024/10/28, 10:49:43.511, 4212707546918, vstest.console.dll, AssemblyResolver.OnResolve: Microsoft.Bcl.AsyncInterfaces: Failed to load assembly.
TpTrace Verbose: 0 : 26476, 1, 2024/10/28, 10:49:43.511, 4212707547299, vstest.console.dll, CurrentDomainAssemblyResolve: Resolving assembly 'Microsoft.Bcl.AsyncInterfaces'.
TpTrace Information: 0 : 26476, 1, 2024/10/28, 10:49:43.511, 4212707547837, vstest.console.dll, AssemblyResolver.OnResolve: Microsoft.Bcl.AsyncInterfaces: Resolving assembly.
TpTrace Information: 0 : 26476, 1, 2024/10/28, 10:49:43.511, 4212707548186, vstest.console.dll, AssemblyResolver.OnResolve: Microsoft.Bcl.AsyncInterfaces: Resolved from cache.
TpTrace Verbose: 0 : 26476, 1, 2024/10/28, 10:49:43.512, 4212707548441, vstest.console.dll, CurrentDomainAssemblyResolve: Resolving assembly 'Microsoft.Bcl.AsyncInterfaces'.
TpTrace Verbose: 0 : 26476, 1, 2024/10/28, 10:49:43.512, 4212707548753, vstest.console.dll, CurrentDomainAssemblyResolve: Failed to resolve assembly 'Microsoft.Bcl.AsyncInterfaces'.
TpTrace Verbose: 0 : 26476, 1, 2024/10/28, 10:49:43.513, 4212707565468, vstest.console.dll, CurrentDomainAssemblyResolve: Failed to resolve assembly 'Microsoft.Bcl.AsyncInterfaces'.
TpTrace Warning: 0 : 26476, 1, 2024/10/28, 10:49:43.532, 4212707757494, vstest.console.dll, TestPluginDiscoverer: Failed to get types from assembly 'Microsoft.Diagnostics.NETCore.Client, Version=0.2.10.30701, Culture=neutral, PublicKeyToken=31bf3856ad364e35'. Error: System.Reflection.ReflectionTypeLoadException: Unable to load one or more of the requested types.
Could not load file or assembly 'Microsoft.Bcl.AsyncInterfaces, Version=6.0.0.0, Culture=neutral, PublicKeyToken=cc7b13ffcd2ddd51'. The system cannot find the file specified.
   at System.Reflection.RuntimeModule.GetTypes(RuntimeModule module)
   at System.Reflection.RuntimeModule.GetTypes()
   at Microsoft.VisualStudio.TestPlatform.Common.ExtensionFramework.TestPluginDiscoverer.GetTestExtensionsFromAssembly[TPluginInfo,TExtension](Assembly assembly, Dictionary`2 pluginInfos, String filePath) in /_/src/Microsoft.TestPlatform.Common/ExtensionFramework/TestPluginDiscoverer.cs:line 158
System.IO.FileNotFoundException: Could not load file or assembly 'Microsoft.Bcl.AsyncInterfaces, Version=6.0.0.0, Culture=neutral, PublicKeyToken=cc7b13ffcd2ddd51'. The system cannot find the file specified.
File name: 'Microsoft.Bcl.AsyncInterfaces, Version=6.0.0.0, Culture=neutral, PublicKeyToken=cc7b13ffcd2ddd51'
 ---> System.IO.FileNotFoundException: Could not load file or assembly 'Microsoft.Bcl.AsyncInterfaces, Culture=neutral, PublicKeyToken=null'. The system cannot find the file specified.
File name: 'Microsoft.Bcl.AsyncInterfaces, Culture=neutral, PublicKeyToken=null'
   at System.Reflection.RuntimeAssembly.InternalLoad(AssemblyName assemblyName, StackCrawlMark& stackMark, AssemblyLoadContext assemblyLoadContext, RuntimeAssembly requestingAssembly, Boolean throwOnFileNotFound)
   at System.Reflection.Assembly.Load(AssemblyName assemblyRef)
   at Microsoft.VisualStudio.TestPlatform.Common.ExtensionFramework.TestPluginCache.CurrentDomainAssemblyResolve(Object sender, AssemblyResolveEventArgs args) in /_/src/Microsoft.TestPlatform.Common/ExtensionFramework/TestPluginCache.cs:line 513
   at System.Runtime.Loader.AssemblyLoadContext.GetFirstResolvedAssemblyFromResolvingEvent(AssemblyName assemblyName)
   at System.Runtime.Loader.AssemblyLoadContext.ResolveUsingEvent(AssemblyName assemblyName)
   at System.Runtime.Loader.AssemblyLoadContext.ResolveUsingResolvingEvent(IntPtr gchManagedAssemblyLoadContext, AssemblyName assemblyName)
TpTrace Warning: 0 : 26476, 1, 2024/10/28, 10:49:43.533, 4212707760412, vstest.console.dll, LoaderExceptions: System.IO.FileNotFoundException: Could not load file or assembly 'Microsoft.Bcl.AsyncInterfaces, Version=6.0.0.0, Culture=neutral, PublicKeyToken=cc7b13ffcd2ddd51'. The system cannot find the file specified.
File name: 'Microsoft.Bcl.AsyncInterfaces, Version=6.0.0.0, Culture=neutral, PublicKeyToken=cc7b13ffcd2ddd51'
 ---> System.IO.FileNotFoundException: Could not load file or assembly 'Microsoft.Bcl.AsyncInterfaces, Culture=neutral, PublicKeyToken=null'. The system cannot find the file specified.
File name: 'Microsoft.Bcl.AsyncInterfaces, Culture=neutral, PublicKeyToken=null'
   at System.Reflection.RuntimeAssembly.InternalLoad(AssemblyName assemblyName, StackCrawlMark& stackMark, AssemblyLoadContext assemblyLoadContext, RuntimeAssembly requestingAssembly, Boolean throwOnFileNotFound)
   at System.Reflection.Assembly.Load(AssemblyName assemblyRef)
   at Microsoft.VisualStudio.TestPlatform.Common.ExtensionFramework.TestPluginCache.CurrentDomainAssemblyResolve(Object sender, AssemblyResolveEventArgs args) in /_/src/Microsoft.TestPlatform.Common/ExtensionFramework/TestPluginCache.cs:line 513
   at System.Runtime.Loader.AssemblyLoadContext.GetFirstResolvedAssemblyFromResolvingEvent(AssemblyName assemblyName)
   at System.Runtime.Loader.AssemblyLoadContext.ResolveUsingEvent(AssemblyName assemblyName)
   at System.Runtime.Loader.AssemblyLoadContext.ResolveUsingResolvingEvent(IntPtr gchManagedAssemblyLoadContext, AssemblyName assemblyName)
TpTrace Information: 0 : 26476, 1, 2024/10/28, 10:49:43.533, 4212707761614, vstest.console.dll, AssemblyResolver.OnResolve: Microsoft.TestPlatform.Extensions.BlameDataCollector: Resolving assembly.
TpTrace Information: 0 : 26476, 1, 2024/10/28, 10:49:43.533, 4212707761948, vstest.console.dll, AssemblyResolver.OnResolve: Microsoft.TestPlatform.Extensions.BlameDataCollector: Searching in: 'C:\Program Files\dotnet\sdk\8.0.400\Extensions'.
TpTrace Information: 0 : 26476, 1, 2024/10/28, 10:49:43.534, 4212707774743, vstest.console.dll, AssemblyResolver.OnResolve: Microsoft.TestPlatform.Extensions.BlameDataCollector: Loading assembly 'C:\Program Files\dotnet\sdk\8.0.400\Extensions\Microsoft.TestPlatform.Extensions.BlameDataCollector.dll'.
TpTrace Information: 0 : 26476, 1, 2024/10/28, 10:49:43.537, 4212707800611, vstest.console.dll, AssemblyResolver.OnResolve: Resolved assembly: Microsoft.TestPlatform.Extensions.BlameDataCollector, from path: C:\Program Files\dotnet\sdk\8.0.400\Extensions\Microsoft.TestPlatform.Extensions.BlameDataCollector.dll
TpTrace Verbose: 0 : 26476, 1, 2024/10/28, 10:49:43.537, 4212707801663, vstest.console.dll, MetadataReaderExtensionsHelper: Discovering extensions inside assembly 'Microsoft.TestPlatform.Extensions.BlameDataCollector, Version=15.0.0.0, Culture=neutral, PublicKeyToken=b03f5f7f11d50a3a' file path 'C:\Program Files\dotnet\sdk\8.0.400\Extensions\Microsoft.TestPlatform.Extensions.BlameDataCollector.dll'
TpTrace Information: 0 : 26476, 1, 2024/10/28, 10:49:43.539, 4212707819827, vstest.console.dll, AssemblyResolver.OnResolve: Microsoft.TestPlatform.Extensions.EventLogCollector: Resolving assembly.
TpTrace Information: 0 : 26476, 1, 2024/10/28, 10:49:43.539, 4212707820738, vstest.console.dll, AssemblyResolver.OnResolve: Microsoft.TestPlatform.Extensions.EventLogCollector: Searching in: 'C:\Program Files\dotnet\sdk\8.0.400\Extensions'.
TpTrace Information: 0 : 26476, 1, 2024/10/28, 10:49:43.540, 4212707831290, vstest.console.dll, AssemblyResolver.OnResolve: Microsoft.TestPlatform.Extensions.EventLogCollector: Loading assembly 'C:\Program Files\dotnet\sdk\8.0.400\Extensions\Microsoft.TestPlatform.Extensions.EventLogCollector.dll'.
TpTrace Information: 0 : 26476, 1, 2024/10/28, 10:49:43.542, 4212707857411, vstest.console.dll, AssemblyResolver.OnResolve: Resolved assembly: Microsoft.TestPlatform.Extensions.EventLogCollector, from path: C:\Program Files\dotnet\sdk\8.0.400\Extensions\Microsoft.TestPlatform.Extensions.EventLogCollector.dll
TpTrace Verbose: 0 : 26476, 1, 2024/10/28, 10:49:43.543, 4212707858494, vstest.console.dll, MetadataReaderExtensionsHelper: Discovering extensions inside assembly 'Microsoft.TestPlatform.Extensions.EventLogCollector, Version=15.0.0.0, Culture=neutral, PublicKeyToken=b03f5f7f11d50a3a' file path 'C:\Program Files\dotnet\sdk\8.0.400\Extensions\Microsoft.TestPlatform.Extensions.EventLogCollector.dll'
TpTrace Information: 0 : 26476, 1, 2024/10/28, 10:49:43.550, 4212707934227, vstest.console.dll, AssemblyResolver.OnResolve: Microsoft.TestPlatform.TestHostRuntimeProvider: Resolving assembly.
TpTrace Information: 0 : 26476, 1, 2024/10/28, 10:49:43.550, 4212707935201, vstest.console.dll, AssemblyResolver.OnResolve: Microsoft.TestPlatform.TestHostRuntimeProvider: Searching in: 'C:\Program Files\dotnet\sdk\8.0.400\Extensions'.
TpTrace Information: 0 : 26476, 1, 2024/10/28, 10:49:43.551, 4212707948093, vstest.console.dll, AssemblyResolver.OnResolve: Microsoft.TestPlatform.TestHostRuntimeProvider: Loading assembly 'C:\Program Files\dotnet\sdk\8.0.400\Extensions\Microsoft.TestPlatform.TestHostRuntimeProvider.dll'.
TpTrace Information: 0 : 26476, 1, 2024/10/28, 10:49:43.553, 4212707967627, vstest.console.dll, AssemblyResolver.OnResolve: Resolved assembly: Microsoft.TestPlatform.TestHostRuntimeProvider, from path: C:\Program Files\dotnet\sdk\8.0.400\Extensions\Microsoft.TestPlatform.TestHostRuntimeProvider.dll
TpTrace Verbose: 0 : 26476, 1, 2024/10/28, 10:49:43.554, 4212707968568, vstest.console.dll, MetadataReaderExtensionsHelper: Discovering extensions inside assembly 'Microsoft.TestPlatform.TestHostRuntimeProvider, Version=15.0.0.0, Culture=neutral, PublicKeyToken=b03f5f7f11d50a3a' file path 'C:\Program Files\dotnet\sdk\8.0.400\Extensions\Microsoft.TestPlatform.TestHostRuntimeProvider.dll'
TpTrace Information: 0 : 26476, 1, 2024/10/28, 10:49:43.556, 4212707989077, vstest.console.dll, GetTestExtensionFromType: Register extension with identifier data 'HostProvider://DefaultTestHost' and type 'Microsoft.VisualStudio.TestPlatform.CrossPlatEngine.Hosting.DefaultTestHostManager, Microsoft.TestPlatform.TestHostRuntimeProvider, Version=15.0.0.0, Culture=neutral, PublicKeyToken=b03f5f7f11d50a3a' inside file 'C:\Program Files\dotnet\sdk\8.0.400\Extensions\Microsoft.TestPlatform.TestHostRuntimeProvider.dll'
TpTrace Information: 0 : 26476, 1, 2024/10/28, 10:49:43.556, 4212707991322, vstest.console.dll, GetTestExtensionFromType: Register extension with identifier data 'HostProvider://DotnetTestHost' and type 'Microsoft.VisualStudio.TestPlatform.CrossPlatEngine.Hosting.DotnetTestHostManager, Microsoft.TestPlatform.TestHostRuntimeProvider, Version=15.0.0.0, Culture=neutral, PublicKeyToken=b03f5f7f11d50a3a' inside file 'C:\Program Files\dotnet\sdk\8.0.400\Extensions\Microsoft.TestPlatform.TestHostRuntimeProvider.dll'
TpTrace Information: 0 : 26476, 1, 2024/10/28, 10:49:43.556, 4212707992085, vstest.console.dll, AssemblyResolver.OnResolve: Microsoft.VisualStudio.TestPlatform.Extensions.Html.TestLogger: Resolving assembly.
TpTrace Information: 0 : 26476, 1, 2024/10/28, 10:49:43.556, 4212707992398, vstest.console.dll, AssemblyResolver.OnResolve: Microsoft.VisualStudio.TestPlatform.Extensions.Html.TestLogger: Searching in: 'C:\Program Files\dotnet\sdk\8.0.400\Extensions'.
TpTrace Information: 0 : 26476, 1, 2024/10/28, 10:49:43.557, 4212708005251, vstest.console.dll, AssemblyResolver.OnResolve: Microsoft.VisualStudio.TestPlatform.Extensions.Html.TestLogger: Loading assembly 'C:\Program Files\dotnet\sdk\8.0.400\Extensions\Microsoft.VisualStudio.TestPlatform.Extensions.Html.TestLogger.dll'.
TpTrace Information: 0 : 26476, 1, 2024/10/28, 10:49:43.559, 4212708024302, vstest.console.dll, AssemblyResolver.OnResolve: Resolved assembly: Microsoft.VisualStudio.TestPlatform.Extensions.Html.TestLogger, from path: C:\Program Files\dotnet\sdk\8.0.400\Extensions\Microsoft.VisualStudio.TestPlatform.Extensions.Html.TestLogger.dll
TpTrace Verbose: 0 : 26476, 1, 2024/10/28, 10:49:43.559, 4212708025479, vstest.console.dll, MetadataReaderExtensionsHelper: Discovering extensions inside assembly 'Microsoft.VisualStudio.TestPlatform.Extensions.Html.TestLogger, Version=15.0.0.0, Culture=neutral, PublicKeyToken=b03f5f7f11d50a3a' file path 'C:\Program Files\dotnet\sdk\8.0.400\Extensions\Microsoft.VisualStudio.TestPlatform.Extensions.Html.TestLogger.dll'
TpTrace Information: 0 : 26476, 1, 2024/10/28, 10:49:43.560, 4212708038187, vstest.console.dll, AssemblyResolver.OnResolve: Microsoft.VisualStudio.TestPlatform.Extensions.Trx.TestLogger: Resolving assembly.
TpTrace Information: 0 : 26476, 1, 2024/10/28, 10:49:43.561, 4212708038844, vstest.console.dll, AssemblyResolver.OnResolve: Microsoft.VisualStudio.TestPlatform.Extensions.Trx.TestLogger: Searching in: 'C:\Program Files\dotnet\sdk\8.0.400\Extensions'.
TpTrace Information: 0 : 26476, 1, 2024/10/28, 10:49:43.561, 4212708046945, vstest.console.dll, AssemblyResolver.OnResolve: Microsoft.VisualStudio.TestPlatform.Extensions.Trx.TestLogger: Loading assembly 'C:\Program Files\dotnet\sdk\8.0.400\Extensions\Microsoft.VisualStudio.TestPlatform.Extensions.Trx.TestLogger.dll'.
TpTrace Information: 0 : 26476, 1, 2024/10/28, 10:49:43.563, 4212708068133, vstest.console.dll, AssemblyResolver.OnResolve: Resolved assembly: Microsoft.VisualStudio.TestPlatform.Extensions.Trx.TestLogger, from path: C:\Program Files\dotnet\sdk\8.0.400\Extensions\Microsoft.VisualStudio.TestPlatform.Extensions.Trx.TestLogger.dll
TpTrace Verbose: 0 : 26476, 1, 2024/10/28, 10:49:43.564, 4212708068860, vstest.console.dll, MetadataReaderExtensionsHelper: Discovering extensions inside assembly 'Microsoft.VisualStudio.TestPlatform.Extensions.Trx.TestLogger, Version=15.0.0.0, Culture=neutral, PublicKeyToken=b03f5f7f11d50a3a' file path 'C:\Program Files\dotnet\sdk\8.0.400\Extensions\Microsoft.VisualStudio.TestPlatform.Extensions.Trx.TestLogger.dll'
TpTrace Verbose: 0 : 26476, 1, 2024/10/28, 10:49:43.565, 4212708083046, vstest.console.dll, TestPluginCache: Discovered the extensions using extension path ''.
TpTrace Verbose: 0 : 26476, 1, 2024/10/28, 10:49:43.565, 4212708083712, vstest.console.dll, TestPluginCache: Discoverers are ''.
TpTrace Verbose: 0 : 26476, 1, 2024/10/28, 10:49:43.565, 4212708083991, vstest.console.dll, TestPluginCache: Executors are ''.
TpTrace Verbose: 0 : 26476, 1, 2024/10/28, 10:49:43.565, 4212708084238, vstest.console.dll, TestPluginCache: Executors2 are ''.
TpTrace Verbose: 0 : 26476, 1, 2024/10/28, 10:49:43.565, 4212708084476, vstest.console.dll, TestPluginCache: Setting providers are ''.
TpTrace Verbose: 0 : 26476, 1, 2024/10/28, 10:49:43.565, 4212708084711, vstest.console.dll, TestPluginCache: Loggers are ''.
TpTrace Verbose: 0 : 26476, 1, 2024/10/28, 10:49:43.565, 4212708086105, vstest.console.dll, TestPluginCache: TestHosts are 'HostProvider://DefaultTestHost,HostProvider://DotnetTestHost'.
TpTrace Verbose: 0 : 26476, 1, 2024/10/28, 10:49:43.565, 4212708086497, vstest.console.dll, TestPluginCache: DataCollectors are ''.
TpTrace Information: 0 : 26476, 1, 2024/10/28, 10:49:43.586, 4212708297085, vstest.console.dll, RunTestsArgumentProcessor:Execute: Test run is starting.
TpTrace Verbose: 0 : 26476, 1, 2024/10/28, 10:49:43.587, 4212708298604, vstest.console.dll, RunTestsArgumentProcessor:Execute: Queuing Test run.
TpTrace Information: 0 : 26476, 1, 2024/10/28, 10:49:43.587, 4212708301136, vstest.console.dll, TestRequestManager.RunTests: run tests started.
TpTrace Information: 0 : 26476, 1, 2024/10/28, 10:49:43.589, 4212708321605, vstest.console.dll, AssemblyMetadataProvider.GetFrameworkName: Determined framework:'.NETCoreApp,Version=v6.0' for source: 'C:\Johnny\Celsior_Training\Day31\PolicyClaimWebApiSolution\PolicyClaimTest\bin\Debug\net6.0\fine-code-coverage\build-output\PolicyClaimTest.dll'
TpTrace Information: 0 : 26476, 1, 2024/10/28, 10:49:43.589, 4212708324855, vstest.console.dll, Determined framework for all sources: .NETCoreApp,Version=v6.0
TpTrace Verbose: 0 : 26476, 1, 2024/10/28, 10:49:43.589, 4212708327595, vstest.console.dll, TestRequestManager.UpdateRunSettingsIfRequired: Default architecture: X64 IsDefaultTargetArchitecture: True, Current process architecture: X64 OperatingSystem: Windows.
TpTrace Information: 0 : 26476, 1, 2024/10/28, 10:49:43.593, 4212708362806, vstest.console.dll, AssemblyMetadataProvider.GetArchitecture: Determined architecture:AnyCPU info for assembly: C:\Johnny\Celsior_Training\Day31\PolicyClaimWebApiSolution\PolicyClaimTest\bin\Debug\net6.0\fine-code-coverage\build-output\PolicyClaimTest.dll
TpTrace Information: 0 : 26476, 1, 2024/10/28, 10:49:43.593, 4212708363423, vstest.console.dll, Determined platform for source 'C:\Johnny\Celsior_Training\Day31\PolicyClaimWebApiSolution\PolicyClaimTest\bin\Debug\net6.0\fine-code-coverage\build-output\PolicyClaimTest.dll' was AnyCPU and it will use the default plaform X64.
TpTrace Information: 0 : 26476, 1, 2024/10/28, 10:49:43.593, 4212708363700, vstest.console.dll, None of the sources provided any runnable platform, using the default platform: X64
TpTrace Information: 0 : 26476, 1, 2024/10/28, 10:49:43.593, 4212708364464, vstest.console.dll, Platform was updated to 'X64'.
TpTrace Information: 0 : 26476, 1, 2024/10/28, 10:49:43.595, 4212708387546, vstest.console.dll, InferRunSettingsHelper.IsTestSettingsEnabled: Unable to navigate to RunSettings/MSTest. Current node: RunSettings
TpTrace Information: 0 : 26476, 1, 2024/10/28, 10:49:43.596, 4212708392240, vstest.console.dll, AssemblyResolver.OnResolve: Microsoft.VisualStudio.TestPlatform.Fakes: Resolving assembly.
TpTrace Information: 0 : 26476, 1, 2024/10/28, 10:49:43.596, 4212708392841, vstest.console.dll, AssemblyResolver.OnResolve: Microsoft.VisualStudio.TestPlatform.Fakes: Searching in: 'C:\Program Files\dotnet\sdk\8.0.400\Extensions'.
TpTrace Information: 0 : 26476, 1, 2024/10/28, 10:49:43.596, 4212708393562, vstest.console.dll, AssemblyResolver.OnResolve: Microsoft.VisualStudio.TestPlatform.Fakes: Assembly path does not exist: 'C:\Program Files\dotnet\sdk\8.0.400\Extensions\Microsoft.VisualStudio.TestPlatform.Fakes.dll', returning.
TpTrace Information: 0 : 26476, 1, 2024/10/28, 10:49:43.596, 4212708394106, vstest.console.dll, AssemblyResolver.OnResolve: Microsoft.VisualStudio.TestPlatform.Fakes: Assembly path does not exist: 'C:\Program Files\dotnet\sdk\8.0.400\Extensions\Microsoft.VisualStudio.TestPlatform.Fakes.exe', returning.
TpTrace Information: 0 : 26476, 1, 2024/10/28, 10:49:43.596, 4212708394362, vstest.console.dll, AssemblyResolver.OnResolve: Microsoft.VisualStudio.TestPlatform.Fakes: Searching in: 'C:\Program Files\dotnet\sdk\8.0.400'.
TpTrace Information: 0 : 26476, 1, 2024/10/28, 10:49:43.596, 4212708394862, vstest.console.dll, AssemblyResolver.OnResolve: Microsoft.VisualStudio.TestPlatform.Fakes: Assembly path does not exist: 'C:\Program Files\dotnet\sdk\8.0.400\Microsoft.VisualStudio.TestPlatform.Fakes.dll', returning.
TpTrace Information: 0 : 26476, 1, 2024/10/28, 10:49:43.596, 4212708395396, vstest.console.dll, AssemblyResolver.OnResolve: Microsoft.VisualStudio.TestPlatform.Fakes: Assembly path does not exist: 'C:\Program Files\dotnet\sdk\8.0.400\Microsoft.VisualStudio.TestPlatform.Fakes.exe', returning.
TpTrace Information: 0 : 26476, 1, 2024/10/28, 10:49:43.596, 4212708395688, vstest.console.dll, AssemblyResolver.OnResolve: Microsoft.VisualStudio.TestPlatform.Fakes: Failed to load assembly.
TpTrace Information: 0 : 26476, 1, 2024/10/28, 10:49:43.596, 4212708397702, vstest.console.dll, Failed to load assembly Microsoft.VisualStudio.TestPlatform.Fakes, Version=17.0.0.0, Culture=neutral. Reason:System.IO.FileNotFoundException: Could not load file or assembly 'Microsoft.VisualStudio.TestPlatform.Fakes, Version=17.0.0.0, Culture=neutral, PublicKeyToken=null'. The system cannot find the file specified.
File name: 'Microsoft.VisualStudio.TestPlatform.Fakes, Version=17.0.0.0, Culture=neutral, PublicKeyToken=null'
   at System.Reflection.RuntimeAssembly.InternalLoad(AssemblyName assemblyName, StackCrawlMark& stackMark, AssemblyLoadContext assemblyLoadContext, RuntimeAssembly requestingAssembly, Boolean throwOnFileNotFound)
   at System.Reflection.Assembly.Load(AssemblyName assemblyRef)
   at Microsoft.VisualStudio.TestPlatform.Common.Utilities.FakesUtilities.LoadTestPlatformAssembly() in /_/src/Microsoft.TestPlatform.Common/Utilities/FakesUtilities.cs:line 272
TpTrace Verbose: 0 : 26476, 1, 2024/10/28, 10:49:43.599, 4212708427578, vstest.console.dll, TestPluginCache.DiscoverTestExtensions: finding test extensions in assemblies ends with: TestLogger.dll TPluginInfo: Microsoft.VisualStudio.TestPlatform.Common.ExtensionFramework.Utilities.TestLoggerPluginInformation TExtension: Microsoft.VisualStudio.TestPlatform.ObjectModel.Client.ITestLogger
TpTrace Verbose: 0 : 26476, 1, 2024/10/28, 10:49:43.600, 4212708428727, vstest.console.dll, TestPluginCache.GetExtensionPaths: Filtered extension paths: 
TpTrace Verbose: 0 : 26476, 1, 2024/10/28, 10:49:43.600, 4212708429062, vstest.console.dll, TestPluginCache.GetExtensionPaths: Added default extension paths: C:\Program Files\dotnet\sdk\8.0.400\Extensions\Microsoft.Diagnostics.NETCore.Client.dll
C:\Program Files\dotnet\sdk\8.0.400\Extensions\Microsoft.TestPlatform.Extensions.BlameDataCollector.dll
C:\Program Files\dotnet\sdk\8.0.400\Extensions\Microsoft.TestPlatform.Extensions.EventLogCollector.dll
C:\Program Files\dotnet\sdk\8.0.400\Extensions\Microsoft.TestPlatform.TestHostRuntimeProvider.dll
C:\Program Files\dotnet\sdk\8.0.400\Extensions\Microsoft.VisualStudio.TestPlatform.Extensions.Html.TestLogger.dll
C:\Program Files\dotnet\sdk\8.0.400\Extensions\Microsoft.VisualStudio.TestPlatform.Extensions.Trx.TestLogger.dll
TpTrace Verbose: 0 : 26476, 1, 2024/10/28, 10:49:43.600, 4212708429382, vstest.console.dll, TestPluginCache.GetExtensionPaths: Added unfilterableExtensionPaths: 
TpTrace Information: 0 : 26476, 1, 2024/10/28, 10:49:43.600, 4212708430348, vstest.console.dll, AssemblyResolver.AddSearchDirectories: Adding more searchDirectories C:\Program Files\dotnet\sdk\8.0.400\Extensions,C:\Program Files\dotnet\sdk\8.0.400
TpTrace Verbose: 0 : 26476, 1, 2024/10/28, 10:49:43.600, 4212708430691, vstest.console.dll, TestPluginCache.DiscoverTestExtensions: Discovering the extensions using extension path.
TpTrace Verbose: 0 : 26476, 1, 2024/10/28, 10:49:43.600, 4212708430977, vstest.console.dll, TestPluginCache.GetExtensionPaths: Filtered extension paths: 
TpTrace Verbose: 0 : 26476, 1, 2024/10/28, 10:49:43.600, 4212708431278, vstest.console.dll, TestPluginCache.GetExtensionPaths: Added default extension paths: C:\Program Files\dotnet\sdk\8.0.400\Extensions\Microsoft.Diagnostics.NETCore.Client.dll
C:\Program Files\dotnet\sdk\8.0.400\Extensions\Microsoft.TestPlatform.Extensions.BlameDataCollector.dll
C:\Program Files\dotnet\sdk\8.0.400\Extensions\Microsoft.TestPlatform.Extensions.EventLogCollector.dll
C:\Program Files\dotnet\sdk\8.0.400\Extensions\Microsoft.TestPlatform.TestHostRuntimeProvider.dll
C:\Program Files\dotnet\sdk\8.0.400\Extensions\Microsoft.VisualStudio.TestPlatform.Extensions.Html.TestLogger.dll
C:\Program Files\dotnet\sdk\8.0.400\Extensions\Microsoft.VisualStudio.TestPlatform.Extensions.Trx.TestLogger.dll
TpTrace Verbose: 0 : 26476, 1, 2024/10/28, 10:49:43.600, 4212708431545, vstest.console.dll, TestPluginCache.GetExtensionPaths: Added unfilterableExtensionPaths: 
TpTrace Verbose: 0 : 26476, 1, 2024/10/28, 10:49:43.600, 4212708431849, vstest.console.dll, TestPluginCache.DiscoverTestExtensions: Discovering the extensions using allExtensionPaths: C:\Program Files\dotnet\sdk\8.0.400\Extensions\Microsoft.Diagnostics.NETCore.Client.dll
C:\Program Files\dotnet\sdk\8.0.400\Extensions\Microsoft.TestPlatform.Extensions.BlameDataCollector.dll
C:\Program Files\dotnet\sdk\8.0.400\Extensions\Microsoft.TestPlatform.Extensions.EventLogCollector.dll
C:\Program Files\dotnet\sdk\8.0.400\Extensions\Microsoft.TestPlatform.TestHostRuntimeProvider.dll
C:\Program Files\dotnet\sdk\8.0.400\Extensions\Microsoft.VisualStudio.TestPlatform.Extensions.Html.TestLogger.dll
C:\Program Files\dotnet\sdk\8.0.400\Extensions\Microsoft.VisualStudio.TestPlatform.Extensions.Trx.TestLogger.dll
TpTrace Information: 0 : 26476, 1, 2024/10/28, 10:49:43.600, 4212708432661, vstest.console.dll, AssemblyResolver.AddSearchDirectories: Adding more searchDirectories C:\Program Files\dotnet\sdk\8.0.400\Extensions,C:\Program Files\dotnet\sdk\8.0.400
TpTrace Information: 0 : 26476, 1, 2024/10/28, 10:49:43.600, 4212708432970, vstest.console.dll, AssemblyResolver.AddSearchDirectories: Adding more searchDirectories C:\Program Files\dotnet\sdk\8.0.400\Extensions,C:\Program Files\dotnet\sdk\8.0.400
TpTrace Information: 0 : 26476, 1, 2024/10/28, 10:49:43.600, 4212708433221, vstest.console.dll, AssemblyResolver.AddSearchDirectories: Adding more searchDirectories C:\Program Files\dotnet\sdk\8.0.400\Extensions,C:\Program Files\dotnet\sdk\8.0.400
TpTrace Information: 0 : 26476, 1, 2024/10/28, 10:49:43.600, 4212708433461, vstest.console.dll, AssemblyResolver.AddSearchDirectories: Adding more searchDirectories C:\Program Files\dotnet\sdk\8.0.400\Extensions,C:\Program Files\dotnet\sdk\8.0.400
TpTrace Information: 0 : 26476, 1, 2024/10/28, 10:49:43.600, 4212708433781, vstest.console.dll, AssemblyResolver.AddSearchDirectories: Adding more searchDirectories C:\Program Files\dotnet\sdk\8.0.400\Extensions,C:\Program Files\dotnet\sdk\8.0.400
TpTrace Information: 0 : 26476, 1, 2024/10/28, 10:49:43.600, 4212708434024, vstest.console.dll, AssemblyResolver.AddSearchDirectories: Adding more searchDirectories C:\Program Files\dotnet\sdk\8.0.400\Extensions,C:\Program Files\dotnet\sdk\8.0.400
TpTrace Verbose: 0 : 26476, 1, 2024/10/28, 10:49:43.600, 4212708434796, vstest.console.dll, MetadataReaderExtensionsHelper: Discovering extensions inside assembly 'Microsoft.Diagnostics.NETCore.Client, Version=0.2.10.30701, Culture=neutral, PublicKeyToken=31bf3856ad364e35' file path 'C:\Program Files\dotnet\sdk\8.0.400\Extensions\Microsoft.Diagnostics.NETCore.Client.dll'
TpTrace Information: 0 : 26476, 1, 2024/10/28, 10:49:43.602, 4212708454318, vstest.console.dll, AssemblyResolver.OnResolve: Microsoft.Bcl.AsyncInterfaces: Resolving assembly.
TpTrace Information: 0 : 26476, 1, 2024/10/28, 10:49:43.602, 4212708454974, vstest.console.dll, AssemblyResolver.OnResolve: Microsoft.Bcl.AsyncInterfaces: Resolved from cache.
TpTrace Verbose: 0 : 26476, 1, 2024/10/28, 10:49:43.602, 4212708455269, vstest.console.dll, CurrentDomainAssemblyResolve: Resolving assembly 'Microsoft.Bcl.AsyncInterfaces'.
TpTrace Information: 0 : 26476, 1, 2024/10/28, 10:49:43.602, 4212708455636, vstest.console.dll, AssemblyResolver.OnResolve: Microsoft.Bcl.AsyncInterfaces: Resolving assembly.
TpTrace Information: 0 : 26476, 1, 2024/10/28, 10:49:43.602, 4212708455945, vstest.console.dll, AssemblyResolver.OnResolve: Microsoft.Bcl.AsyncInterfaces: Resolved from cache.
TpTrace Verbose: 0 : 26476, 1, 2024/10/28, 10:49:43.602, 4212708456179, vstest.console.dll, CurrentDomainAssemblyResolve: Resolving assembly 'Microsoft.Bcl.AsyncInterfaces'.
TpTrace Verbose: 0 : 26476, 1, 2024/10/28, 10:49:43.602, 4212708456412, vstest.console.dll, CurrentDomainAssemblyResolve: Failed to resolve assembly 'Microsoft.Bcl.AsyncInterfaces'.
TpTrace Verbose: 0 : 26476, 1, 2024/10/28, 10:49:43.602, 4212708457487, vstest.console.dll, CurrentDomainAssemblyResolve: Failed to resolve assembly 'Microsoft.Bcl.AsyncInterfaces'.
TpTrace Warning: 0 : 26476, 1, 2024/10/28, 10:49:43.603, 4212708460522, vstest.console.dll, TestPluginDiscoverer: Failed to get types from assembly 'Microsoft.Diagnostics.NETCore.Client, Version=0.2.10.30701, Culture=neutral, PublicKeyToken=31bf3856ad364e35'. Error: System.Reflection.ReflectionTypeLoadException: Unable to load one or more of the requested types.
Could not load file or assembly 'Microsoft.Bcl.AsyncInterfaces, Version=6.0.0.0, Culture=neutral, PublicKeyToken=cc7b13ffcd2ddd51'. The system cannot find the file specified.
   at System.Reflection.RuntimeModule.GetTypes(RuntimeModule module)
   at System.Reflection.RuntimeModule.GetTypes()
   at Microsoft.VisualStudio.TestPlatform.Common.ExtensionFramework.TestPluginDiscoverer.GetTestExtensionsFromAssembly[TPluginInfo,TExtension](Assembly assembly, Dictionary`2 pluginInfos, String filePath) in /_/src/Microsoft.TestPlatform.Common/ExtensionFramework/TestPluginDiscoverer.cs:line 158
System.IO.FileNotFoundException: Could not load file or assembly 'Microsoft.Bcl.AsyncInterfaces, Version=6.0.0.0, Culture=neutral, PublicKeyToken=cc7b13ffcd2ddd51'. The system cannot find the file specified.
File name: 'Microsoft.Bcl.AsyncInterfaces, Version=6.0.0.0, Culture=neutral, PublicKeyToken=cc7b13ffcd2ddd51'
 ---> System.IO.FileNotFoundException: Could not load file or assembly 'Microsoft.Bcl.AsyncInterfaces, Culture=neutral, PublicKeyToken=null'. The system cannot find the file specified.
File name: 'Microsoft.Bcl.AsyncInterfaces, Culture=neutral, PublicKeyToken=null'
   at System.Reflection.RuntimeAssembly.InternalLoad(AssemblyName assemblyName, StackCrawlMark& stackMark, AssemblyLoadContext assemblyLoadContext, RuntimeAssembly requestingAssembly, Boolean throwOnFileNotFound)
   at System.Reflection.Assembly.Load(AssemblyName assemblyRef)
   at Microsoft.VisualStudio.TestPlatform.Common.ExtensionFramework.TestPluginCache.CurrentDomainAssemblyResolve(Object sender, AssemblyResolveEventArgs args) in /_/src/Microsoft.TestPlatform.Common/ExtensionFramework/TestPluginCache.cs:line 513
   at System.Runtime.Loader.AssemblyLoadContext.GetFirstResolvedAssemblyFromResolvingEvent(AssemblyName assemblyName)
   at System.Runtime.Loader.AssemblyLoadContext.ResolveUsingEvent(AssemblyName assemblyName)
   at System.Runtime.Loader.AssemblyLoadContext.ResolveUsingResolvingEvent(IntPtr gchManagedAssemblyLoadContext, AssemblyName assemblyName)
TpTrace Warning: 0 : 26476, 1, 2024/10/28, 10:49:43.603, 4212708461975, vstest.console.dll, LoaderExceptions: System.IO.FileNotFoundException: Could not load file or assembly 'Microsoft.Bcl.AsyncInterfaces, Version=6.0.0.0, Culture=neutral, PublicKeyToken=cc7b13ffcd2ddd51'. The system cannot find the file specified.
File name: 'Microsoft.Bcl.AsyncInterfaces, Version=6.0.0.0, Culture=neutral, PublicKeyToken=cc7b13ffcd2ddd51'
 ---> System.IO.FileNotFoundException: Could not load file or assembly 'Microsoft.Bcl.AsyncInterfaces, Culture=neutral, PublicKeyToken=null'. The system cannot find the file specified.
File name: 'Microsoft.Bcl.AsyncInterfaces, Culture=neutral, PublicKeyToken=null'
   at System.Reflection.RuntimeAssembly.InternalLoad(AssemblyName assemblyName, StackCrawlMark& stackMark, AssemblyLoadContext assemblyLoadContext, RuntimeAssembly requestingAssembly, Boolean throwOnFileNotFound)
   at System.Reflection.Assembly.Load(AssemblyName assemblyRef)
   at Microsoft.VisualStudio.TestPlatform.Common.ExtensionFramework.TestPluginCache.CurrentDomainAssemblyResolve(Object sender, AssemblyResolveEventArgs args) in /_/src/Microsoft.TestPlatform.Common/ExtensionFramework/TestPluginCache.cs:line 513
   at System.Runtime.Loader.AssemblyLoadContext.GetFirstResolvedAssemblyFromResolvingEvent(AssemblyName assemblyName)
   at System.Runtime.Loader.AssemblyLoadContext.ResolveUsingEvent(AssemblyName assemblyName)
   at System.Runtime.Loader.AssemblyLoadContext.ResolveUsingResolvingEvent(IntPtr gchManagedAssemblyLoadContext, AssemblyName assemblyName)
TpTrace Verbose: 0 : 26476, 1, 2024/10/28, 10:49:43.603, 4212708462793, vstest.console.dll, MetadataReaderExtensionsHelper: Discovering extensions inside assembly 'Microsoft.TestPlatform.Extensions.BlameDataCollector, Version=15.0.0.0, Culture=neutral, PublicKeyToken=b03f5f7f11d50a3a' file path 'C:\Program Files\dotnet\sdk\8.0.400\Extensions\Microsoft.TestPlatform.Extensions.BlameDataCollector.dll'
TpTrace Information: 0 : 26476, 1, 2024/10/28, 10:49:43.604, 4212708477478, vstest.console.dll, GetTestExtensionFromType: Register extension with identifier data 'logger://Microsoft/TestPlatform/Extensions/Blame/v1' and type 'Microsoft.TestPlatform.Extensions.BlameDataCollector.BlameLogger, Microsoft.TestPlatform.Extensions.BlameDataCollector, Version=15.0.0.0, Culture=neutral, PublicKeyToken=b03f5f7f11d50a3a' inside file 'C:\Program Files\dotnet\sdk\8.0.400\Extensions\Microsoft.TestPlatform.Extensions.BlameDataCollector.dll'
TpTrace Verbose: 0 : 26476, 1, 2024/10/28, 10:49:43.604, 4212708478254, vstest.console.dll, MetadataReaderExtensionsHelper: Discovering extensions inside assembly 'Microsoft.TestPlatform.Extensions.EventLogCollector, Version=15.0.0.0, Culture=neutral, PublicKeyToken=b03f5f7f11d50a3a' file path 'C:\Program Files\dotnet\sdk\8.0.400\Extensions\Microsoft.TestPlatform.Extensions.EventLogCollector.dll'
TpTrace Verbose: 0 : 26476, 1, 2024/10/28, 10:49:43.606, 4212708492637, vstest.console.dll, MetadataReaderExtensionsHelper: Discovering extensions inside assembly 'Microsoft.TestPlatform.TestHostRuntimeProvider, Version=15.0.0.0, Culture=neutral, PublicKeyToken=b03f5f7f11d50a3a' file path 'C:\Program Files\dotnet\sdk\8.0.400\Extensions\Microsoft.TestPlatform.TestHostRuntimeProvider.dll'
TpTrace Verbose: 0 : 26476, 1, 2024/10/28, 10:49:43.607, 4212708506633, vstest.console.dll, MetadataReaderExtensionsHelper: Discovering extensions inside assembly 'Microsoft.VisualStudio.TestPlatform.Extensions.Html.TestLogger, Version=15.0.0.0, Culture=neutral, PublicKeyToken=b03f5f7f11d50a3a' file path 'C:\Program Files\dotnet\sdk\8.0.400\Extensions\Microsoft.VisualStudio.TestPlatform.Extensions.Html.TestLogger.dll'
TpTrace Information: 0 : 26476, 1, 2024/10/28, 10:49:43.609, 4212708519546, vstest.console.dll, GetTestExtensionFromType: Register extension with identifier data 'logger://Microsoft/TestPlatform/HtmlLogger/v1' and type 'Microsoft.VisualStudio.TestPlatform.Extensions.HtmlLogger.HtmlLogger, Microsoft.VisualStudio.TestPlatform.Extensions.Html.TestLogger, Version=15.0.0.0, Culture=neutral, PublicKeyToken=b03f5f7f11d50a3a' inside file 'C:\Program Files\dotnet\sdk\8.0.400\Extensions\Microsoft.VisualStudio.TestPlatform.Extensions.Html.TestLogger.dll'
TpTrace Verbose: 0 : 26476, 1, 2024/10/28, 10:49:43.609, 4212708520496, vstest.console.dll, MetadataReaderExtensionsHelper: Discovering extensions inside assembly 'Microsoft.VisualStudio.TestPlatform.Extensions.Trx.TestLogger, Version=15.0.0.0, Culture=neutral, PublicKeyToken=b03f5f7f11d50a3a' file path 'C:\Program Files\dotnet\sdk\8.0.400\Extensions\Microsoft.VisualStudio.TestPlatform.Extensions.Trx.TestLogger.dll'
TpTrace Information: 0 : 26476, 1, 2024/10/28, 10:49:43.610, 4212708536406, vstest.console.dll, GetTestExtensionFromType: Register extension with identifier data 'logger://Microsoft/TestPlatform/TrxLogger/v1' and type 'Microsoft.VisualStudio.TestPlatform.Extensions.TrxLogger.TrxLogger, Microsoft.VisualStudio.TestPlatform.Extensions.Trx.TestLogger, Version=15.0.0.0, Culture=neutral, PublicKeyToken=b03f5f7f11d50a3a' inside file 'C:\Program Files\dotnet\sdk\8.0.400\Extensions\Microsoft.VisualStudio.TestPlatform.Extensions.Trx.TestLogger.dll'
TpTrace Verbose: 0 : 26476, 1, 2024/10/28, 10:49:43.610, 4212708537230, vstest.console.dll, TestPluginCache: Discovered the extensions using extension path ''.
TpTrace Verbose: 0 : 26476, 1, 2024/10/28, 10:49:43.610, 4212708537526, vstest.console.dll, TestPluginCache: Discoverers are ''.
TpTrace Verbose: 0 : 26476, 1, 2024/10/28, 10:49:43.610, 4212708538305, vstest.console.dll, TestPluginCache: Executors are ''.
TpTrace Verbose: 0 : 26476, 1, 2024/10/28, 10:49:43.611, 4212708538591, vstest.console.dll, TestPluginCache: Executors2 are ''.
TpTrace Verbose: 0 : 26476, 1, 2024/10/28, 10:49:43.611, 4212708538918, vstest.console.dll, TestPluginCache: Setting providers are ''.
TpTrace Verbose: 0 : 26476, 1, 2024/10/28, 10:49:43.611, 4212708539587, vstest.console.dll, TestPluginCache: Loggers are 'logger://Microsoft/TestPlatform/Extensions/Blame/v1,logger://Microsoft/TestPlatform/HtmlLogger/v1,logger://Microsoft/TestPlatform/TrxLogger/v1'.
TpTrace Verbose: 0 : 26476, 1, 2024/10/28, 10:49:43.611, 4212708539926, vstest.console.dll, TestPluginCache: TestHosts are 'HostProvider://DefaultTestHost,HostProvider://DotnetTestHost'.
TpTrace Verbose: 0 : 26476, 1, 2024/10/28, 10:49:43.611, 4212708540183, vstest.console.dll, TestPluginCache: DataCollectors are ''.
TpTrace Information: 0 : 26476, 1, 2024/10/28, 10:49:43.611, 4212708547579, vstest.console.dll, TestPluginManager.CreateTestExtension: Attempting to load test extension: Microsoft.TestPlatform.Extensions.BlameDataCollector.BlameLogger
TpTrace Verbose: 0 : 26476, 1, 2024/10/28, 10:49:43.622, 4212708653055, vstest.console.dll, TestEngine: Initializing Parallel Execution as MaxCpuCount is set to: 1
TpTrace Information: 0 : 26476, 1, 2024/10/28, 10:49:43.623, 4212708663930, vstest.console.dll, TestPluginManager.CreateTestExtension: Attempting to load test extension: Microsoft.VisualStudio.TestPlatform.CrossPlatEngine.Hosting.DefaultTestHostManager
TpTrace Information: 0 : 26476, 1, 2024/10/28, 10:49:43.627, 4212708700844, vstest.console.dll, TestPluginManager.CreateTestExtension: Attempting to load test extension: Microsoft.VisualStudio.TestPlatform.CrossPlatEngine.Hosting.DotnetTestHostManager
TpTrace Verbose: 0 : 26476, 1, 2024/10/28, 10:49:43.627, 4212708702722, vstest.console.dll, TestHostManagerCallbacks.ctor: Forwarding output is enabled.
TpTrace Information: 0 : 26476, 1, 2024/10/28, 10:49:43.627, 4212708705466, vstest.console.dll, InferRunSettingsHelper.IsTestSettingsEnabled: Unable to navigate to RunSettings/MSTest. Current node: RunSettings
TpTrace Verbose: 0 : 26476, 1, 2024/10/28, 10:49:43.628, 4212708716774, vstest.console.dll, ParallelOperationManager.ClearSlots: Clearing all slots. Slots should accept more work: True
TpTrace Verbose: 0 : 26476, 1, 2024/10/28, 10:49:43.629, 4212708721612, vstest.console.dll, ParallelOperationManager.SetOccupiedSlotCount: Setting slot counts AvailableSlotCount = 1, OccupiedSlotCount = 0.
TpTrace Verbose: 0 : 26476, 1, 2024/10/28, 10:49:43.629, 4212708723849, vstest.console.dll, Occupied slots:

TpTrace Verbose: 0 : 26476, 1, 2024/10/28, 10:49:43.631, 4212708746595, vstest.console.dll, TestEngine.GetExecutionManager: Chosen execution manager 'Microsoft.VisualStudio.TestPlatform.CrossPlatEngine.Client.Parallel.ParallelProxyExecutionManager, Microsoft.TestPlatform.CrossPlatEngine, Version=15.0.0.0, Culture=neutral, PublicKeyToken=b03f5f7f11d50a3a' ParallelLevel '1'.
TpTrace Verbose: 0 : 26476, 1, 2024/10/28, 10:49:43.631, 4212708748373, vstest.console.dll, TestPlatform.GetSkipDefaultAdapters: Not skipping default adapters SkipDefaultAdapters was false.
TpTrace Verbose: 0 : 26476, 1, 2024/10/28, 10:49:43.632, 4212708749230, vstest.console.dll, TestRunRequest.ExecuteAsync: Creating test run request.
TpTrace Verbose: 0 : 26476, 1, 2024/10/28, 10:49:43.632, 4212708750834, vstest.console.dll, TestRunRequest.ExecuteAsync: Starting.
TpTrace Information: 0 : 26476, 1, 2024/10/28, 10:49:43.633, 4212708758845, vstest.console.dll, TestRunRequest.ExecuteAsync: Starting run with settings:TestRunCriteria:
   KeepAlive=False,FrequencyOfRunStatsChangeEvent=10,RunStatsChangeEventTimeout=00:00:01.5000000,TestCaseFilter=,TestExecutorLauncher=
   Settingsxml=<RunSettings>
  <RunConfiguration>
    <ResultsDirectory>C:\Johnny\Celsior_Training\Day31\PolicyClaimWebApiSolution\PolicyClaimTest\bin\Debug\net6.0\fine-code-coverage\coverage-tool-output</ResultsDirectory>
    <TargetPlatform>X64</TargetPlatform>
    <TargetFrameworkVersion>.NETCoreApp,Version=v6.0</TargetFrameworkVersion>
    <DesignMode>False</DesignMode>
    <CollectSourceInformation>False</CollectSourceInformation>
  </RunConfiguration>
  <LoggerRunSettings>
    <Loggers>
      <Logger friendlyName="blame" enabled="True" />
      <Logger friendlyName="Console" uri="logger://microsoft/TestPlatform/ConsoleLogger/v1" assemblyQualifiedName="Microsoft.VisualStudio.TestPlatform.CommandLine.Internal.ConsoleLogger, vstest.console, Version=15.0.0.0, Culture=neutral, PublicKeyToken=b03f5f7f11d50a3a" codeBase="C:\Program Files\dotnet\sdk\8.0.400\vstest.console.dll" enabled="True" />
    </Loggers>
  </LoggerRunSettings>
  <DataCollectionRunSettings>
    <DataCollectors>
      <DataCollector friendlyName="blame" enabled="True">
        <Configuration>
          <ResultsDirectory>C:\Johnny\Celsior_Training\Day31\PolicyClaimWebApiSolution\PolicyClaimTest\bin\Debug\net6.0\fine-code-coverage\coverage-tool-output</ResultsDirectory>
        </Configuration>
      </DataCollector>
    </DataCollectors>
  </DataCollectionRunSettings>
</RunSettings>

TpTrace Verbose: 0 : 26476, 1, 2024/10/28, 10:49:43.633, 4212708759475, vstest.console.dll, TestRunRequest.ExecuteAsync: Wait for the first run request is over.
TpTrace Verbose: 0 : 26476, 1, 2024/10/28, 10:49:43.633, 4212708761382, vstest.console.dll, MulticastDelegateUtilities.SafeInvoke: TestRun.TestRunStart: Invoking callbacks was skipped because there are no subscribers.
TpTrace Verbose: 0 : 26476, 4, 2024/10/28, 10:49:43.633, 4212708764372, vstest.console.dll, MulticastDelegateUtilities.SafeInvoke: InternalTestLoggerEvents.SendTestRunStart: Invoking callback 1/1 for Microsoft.VisualStudio.TestPlatform.CommandLine.Internal.ConsoleLogger., took 0 ms.
TpTrace Verbose: 0 : 26476, 1, 2024/10/28, 10:49:43.633, 4212708767876, vstest.console.dll, ParallelProxyExecutionManager: Start execution. Total sources: 1
TpTrace Verbose: 0 : 26476, 1, 2024/10/28, 10:49:43.634, 4212708770810, vstest.console.dll, ParallelOperationManager.StartWork: Starting adding 1 workloads.
TpTrace Verbose: 0 : 26476, 1, 2024/10/28, 10:49:43.634, 4212708771430, vstest.console.dll, ParallelOperationManager.ClearSlots: Clearing all slots. Slots should accept more work: True
TpTrace Verbose: 0 : 26476, 1, 2024/10/28, 10:49:43.634, 4212708771949, vstest.console.dll, ParallelOperationManager.SetOccupiedSlotCount: Setting slot counts AvailableSlotCount = 1, OccupiedSlotCount = 0.
TpTrace Verbose: 0 : 26476, 1, 2024/10/28, 10:49:43.634, 4212708772343, vstest.console.dll, Occupied slots:

TpTrace Verbose: 0 : 26476, 1, 2024/10/28, 10:49:43.635, 4212708780809, vstest.console.dll, TestHostManagerCallbacks.ctor: Forwarding output is enabled.
TpTrace Verbose: 0 : 26476, 1, 2024/10/28, 10:49:43.635, 4212708782454, vstest.console.dll, TestRequestSender is acting as server.
TpTrace Verbose: 0 : 26476, 1, 2024/10/28, 10:49:43.636, 4212708797422, vstest.console.dll, ParallelOperationManager.RunWorkInParallel: Adding 1 workload to slot, remaining workloads 0.
TpTrace Verbose: 0 : 26476, 1, 2024/10/28, 10:49:43.636, 4212708797985, vstest.console.dll, ParallelOperationManager.SetOccupiedSlotCount: Setting slot counts AvailableSlotCount = 0, OccupiedSlotCount = 1.
TpTrace Verbose: 0 : 26476, 1, 2024/10/28, 10:49:43.637, 4212708798735, vstest.console.dll, Occupied slots:
0: C:\Johnny\Celsior_Training\Day31\PolicyClaimWebApiSolution\PolicyClaimTest\bin\Debug\net6.0\fine-code-coverage\build-output\PolicyClaimTest.dll
TpTrace Verbose: 0 : 26476, 1, 2024/10/28, 10:49:43.637, 4212708806040, vstest.console.dll, ParallelOperationManager.RunWorkInParallel: Started host in slot number 0 for work (source): C:\Johnny\Celsior_Training\Day31\PolicyClaimWebApiSolution\PolicyClaimTest\bin\Debug\net6.0\fine-code-coverage\build-output\PolicyClaimTest.dll.
TpTrace Verbose: 0 : 26476, 1, 2024/10/28, 10:49:43.638, 4212708817754, vstest.console.dll, ParallelOperationManager.RunWorkInParallel: We started 1 work items, which is the max parallel level. Won't start more work.
TpTrace Verbose: 0 : 26476, 1, 2024/10/28, 10:49:43.638, 4212708818282, vstest.console.dll, ParallelOperationManager.RunWorkInParallel: We started 1 work items in here, returning True.
TpTrace Information: 0 : 26476, 1, 2024/10/28, 10:49:43.639, 4212708818599, vstest.console.dll, TestRunRequest.ExecuteAsync: Started.
TpTrace Verbose: 0 : 26476, 5, 2024/10/28, 10:49:43.639, 4212708820070, vstest.console.dll, ParallelProxyExecutionManager.StartTestRunOnConcurrentManager: Initializing uninitialized client. Started clients: 0
TpTrace Verbose: 0 : 26476, 5, 2024/10/28, 10:49:43.639, 4212708821819, vstest.console.dll, DataCollectionRequestSender.InitializeCommunication : Initialize communication. 
TpTrace Verbose: 0 : 26476, 1, 2024/10/28, 10:49:43.639, 4212708822434, vstest.console.dll, TestRunRequest.WaitForCompletion: Waiting with timeout -1.
TpTrace Information: 0 : 26476, 5, 2024/10/28, 10:49:43.648, 4212708918060, vstest.console.dll, Listening on Endpoint : 127.0.0.1:54743
TpTrace Verbose: 0 : 26476, 5, 2024/10/28, 10:49:43.656, 4212708992465, vstest.console.dll, DotnetDataCollectionLauncher: Adding  --runtimeconfig "C:\Program Files\dotnet\sdk\8.0.400\datacollector.runtimeconfig.json" in args
TpTrace Verbose: 0 : 26476, 5, 2024/10/28, 10:49:43.656, 4212708993888, vstest.console.dll, DotnetDataCollectionLauncher: Adding  --depsfile "C:\Program Files\dotnet\sdk\8.0.400\datacollector.deps.json" in args
TpTrace Verbose: 0 : 26476, 5, 2024/10/28, 10:49:43.657, 4212709004717, vstest.console.dll, DotnetDataCollectionLauncher: Full path of dotnet.exe is C:\Program Files\dotnet\dotnet.exe
TpTrace Information: 0 : 26476, 5, 2024/10/28, 10:49:43.669, 4212709118970, vstest.console.dll, ProxyDataCollectionManager.Initialize: Launched datacollector processId: 21692 port: 54743
TpTrace Information: 0 : 26476, 5, 2024/10/28, 10:49:43.669, 4212709120341, vstest.console.dll, ProxyDataCollectionManager.Initialize: waiting for connection with timeout: 90 seconds
TpTrace Verbose: 0 : 26476, 5, 2024/10/28, 10:49:43.669, 4212709120783, vstest.console.dll, DataCollectionRequestSender.WaitForRequestHandlerConnection : Waiting for connection with timeout: 90000
TpTrace Information: 0 : 26476, 7, 2024/10/28, 10:49:43.948, 4212711913352, vstest.console.dll, Using the buffer size of 16384 bytes
TpTrace Verbose: 0 : 26476, 5, 2024/10/28, 10:49:43.948, 4212711914285, vstest.console.dll, SocketCommunicationManager.WaitForClientConnection took: 279 ms, with 90000 ms timeout, and finished with True.
TpTrace Information: 0 : 26476, 7, 2024/10/28, 10:49:43.948, 4212711915402, vstest.console.dll, Accepted Client request and set the flag
TpTrace Verbose: 0 : 26476, 5, 2024/10/28, 10:49:43.948, 4212711917243, vstest.console.dll, ProxyDataCollectionManager.InvokeDataCollectionServiceAction: Starting.
TpTrace Information: 0 : 26476, 5, 2024/10/28, 10:49:43.949, 4212711919384, vstest.console.dll, ProxyDataCollectionManager.BeforeTestRunStart: Get environment variable and port for datacollector processId: 21692 port: 54743
TpTrace Verbose: 0 : 26476, 5, 2024/10/28, 10:49:43.949, 4212711921258, vstest.console.dll, DataCollectionRequestSender.SendBeforeTestRunStartAndGetResult: Send BeforeTestRunStart message with settingsXml <RunSettings><RunConfiguration><ResultsDirectory>C:\Johnny\Celsior_Training\Day31\PolicyClaimWebApiSolution\PolicyClaimTest\bin\Debug\net6.0\fine-code-coverage\coverage-tool-output</ResultsDirectory><TargetPlatform>X64</TargetPlatform><TargetFrameworkVersion>.NETCoreApp,Version=v6.0</TargetFrameworkVersion><DesignMode>False</DesignMode><CollectSourceInformation>False</CollectSourceInformation><TestAdaptersPaths>C:\Program Files\dotnet\sdk\8.0.400\Extensions</TestAdaptersPaths></RunConfiguration><LoggerRunSettings><Loggers><Logger friendlyName="blame" enabled="True" /><Logger friendlyName="Console" uri="logger://microsoft/TestPlatform/ConsoleLogger/v1" assemblyQualifiedName="Microsoft.VisualStudio.TestPlatform.CommandLine.Internal.ConsoleLogger, vstest.console, Version=15.0.0.0, Culture=neutral, PublicKeyToken=b03f5f7f11d50a3a" codeBase="C:\Program Files\dotnet\sdk\8.0.400\vstest.console.dll" enabled="True" /></Loggers></LoggerRunSettings><DataCollectionRunSettings><DataCollectors><DataCollector friendlyName="blame" enabled="True"><Configuration><ResultsDirectory>C:\Johnny\Celsior_Training\Day31\PolicyClaimWebApiSolution\PolicyClaimTest\bin\Debug\net6.0\fine-code-coverage\coverage-tool-output</ResultsDirectory></Configuration></DataCollector></DataCollectors></DataCollectionRunSettings></RunSettings> and sources System.Collections.Generic.List`1[System.String]: 
TpTrace Verbose: 0 : 26476, 5, 2024/10/28, 10:49:44.029, 4212712728414, vstest.console.dll, DataCollectionRequestSender.SendBeforeTestRunStartAndGetResult: Received message: (DataCollection.SendMessage) -> {"MessageType":"DataCollection.SendMessage","Payload":{"FriendlyName":null,"Uri":null,"TestCaseId":"00000000-0000-0000-0000-000000000000","Message":"Logging DataCollector Diagnostics in file: C:\\Johnny\\Celsior_Training\\Day31\\PolicyClaimWebApiSolution\\PolicyClaimTest\\bin\\Debug\\net6.0\\fine-code-coverage\\coverage-tool-output\\diagnostics.datacollector.24-10-28_10-49-43_65621_5.log","Level":0}}
TpTrace Verbose: 0 : 26476, 5, 2024/10/28, 10:49:44.121, 4212713638462, vstest.console.dll, DataCollectionRequestSender.SendBeforeTestRunStartAndGetResult: Received message: (DataCollection.BeforeTestRunStartResult) -> {"MessageType":"DataCollection.BeforeTestRunStartResult","Payload":{"EnvironmentVariables":{},"DataCollectionEventsPort":54745}}
TpTrace Information: 0 : 26476, 5, 2024/10/28, 10:49:44.124, 4212713670397, vstest.console.dll, ProxyDataCollectionManager.BeforeTestRunStart: SendBeforeTestRunStartAndGetResult successful, env variable from datacollector:   and testhost port: 54745
TpTrace Information: 0 : 26476, 5, 2024/10/28, 10:49:44.124, 4212713671359, vstest.console.dll, ProxyDataCollectionManager.InvokeDataCollectionServiceAction: Completed.
TpTrace Verbose: 0 : 26476, 5, 2024/10/28, 10:49:44.124, 4212713671684, vstest.console.dll, ParallelProxyExecutionManager.StartTestRunOnConcurrentManager: Initializing test run. Started clients: 0
TpTrace Verbose: 0 : 26476, 5, 2024/10/28, 10:49:44.124, 4212713672400, vstest.console.dll, ProxyExecutionManager: Test host is always Lazy initialize.
TpTrace Verbose: 0 : 26476, 5, 2024/10/28, 10:49:44.124, 4212713673889, vstest.console.dll, TestRequestSender.InitializeCommunication: initialize communication. 
TpTrace Information: 0 : 26476, 5, 2024/10/28, 10:49:44.124, 4212713677357, vstest.console.dll, SocketServer.Start: Listening on endpoint : 127.0.0.1:54746
TpTrace Verbose: 0 : 26476, 5, 2024/10/28, 10:49:44.125, 4212713682770, vstest.console.dll, DotnetTestHostmanager.GetTestHostProcessStartInfo: Platform environment 'X64' target architecture 'X64' framework '.NETCoreApp,Version=v6.0' OS 'Windows'
TpTrace Verbose: 0 : 26476, 5, 2024/10/28, 10:49:44.125, 4212713684622, vstest.console.dll, DotnetTestHostmanager: Adding  --runtimeconfig "C:\Johnny\Celsior_Training\Day31\PolicyClaimWebApiSolution\PolicyClaimTest\bin\Debug\net6.0\fine-code-coverage\build-output\PolicyClaimTest.runtimeconfig.json" in args
TpTrace Verbose: 0 : 26476, 5, 2024/10/28, 10:49:44.125, 4212713685412, vstest.console.dll, DotnetTestHostmanager: Adding  --depsfile "C:\Johnny\Celsior_Training\Day31\PolicyClaimWebApiSolution\PolicyClaimTest\bin\Debug\net6.0\fine-code-coverage\build-output\PolicyClaimTest.deps.json" in args
TpTrace Verbose: 0 : 26476, 5, 2024/10/28, 10:49:44.125, 4212713688399, vstest.console.dll, DotnetTestHostmanager.IsWinOnArm: Current PROCESSOR_ARCHITECTURE from environment variable 'AMD64'
TpTrace Verbose: 0 : 26476, 5, 2024/10/28, 10:49:44.126, 4212713689057, vstest.console.dll, DotnetTestHostmanager.IsWinOnArm: Is Windows on ARM 'False'
TpTrace Verbose: 0 : 26476, 5, 2024/10/28, 10:49:44.126, 4212713689937, vstest.console.dll, DotnetTestHostManager: testhost.exe found at path: C:\Johnny\Celsior_Training\Day31\PolicyClaimWebApiSolution\PolicyClaimTest\bin\Debug\net6.0\fine-code-coverage\build-output\testhost.exe
TpTrace Verbose: 0 : 26476, 5, 2024/10/28, 10:49:44.126, 4212713690268, vstest.console.dll, DotnetTestHostmanager: Full path of host exe is C:\Johnny\Celsior_Training\Day31\PolicyClaimWebApiSolution\PolicyClaimTest\bin\Debug\net6.0\fine-code-coverage\build-output\testhost.exe
TpTrace Verbose: 0 : 26476, 5, 2024/10/28, 10:49:44.126, 4212713691230, vstest.console.dll, DotnetTestHostmanager.LaunchTestHostAsync: Found 'VSTEST_WINAPPHOST_DOTNET_ROOT' in env variables, value 'C:\Program Files\dotnet', forwarding to 'DOTNET_ROOT'
TpTrace Verbose: 0 : 26476, 5, 2024/10/28, 10:49:44.126, 4212713692337, vstest.console.dll, DotnetTestHostManager: Starting process 'C:\Johnny\Celsior_Training\Day31\PolicyClaimWebApiSolution\PolicyClaimTest\bin\Debug\net6.0\fine-code-coverage\build-output\testhost.exe' with command line ' --runtimeconfig "C:\Johnny\Celsior_Training\Day31\PolicyClaimWebApiSolution\PolicyClaimTest\bin\Debug\net6.0\fine-code-coverage\build-output\PolicyClaimTest.runtimeconfig.json" --depsfile "C:\Johnny\Celsior_Training\Day31\PolicyClaimWebApiSolution\PolicyClaimTest\bin\Debug\net6.0\fine-code-coverage\build-output\PolicyClaimTest.deps.json" --port 54746 --endpoint 127.0.0.1:054746 --role client --parentprocessid 26476 --diag "C:\Johnny\Celsior_Training\Day31\PolicyClaimWebApiSolution\PolicyClaimTest\bin\Debug\net6.0\fine-code-coverage\coverage-tool-output\diagnostics.host.24-10-28_10-49-44_12517_5.log" --tracelevel 4 --datacollectionport 54745 --telemetryoptedin false'
TpTrace Verbose: 0 : 26476, 5, 2024/10/28, 10:49:44.137, 4212713799946, vstest.console.dll, MulticastDelegateUtilities.SafeInvoke: HostProviderEvents.OnHostLaunched: Invoking callback 1/2 for Microsoft.VisualStudio.TestPlatform.CrossPlatEngine.Client.ProxyExecutionManagerWithDataCollection., took 0 ms.
TpTrace Verbose: 0 : 26476, 5, 2024/10/28, 10:49:44.137, 4212713803903, vstest.console.dll, Test Runtime launched
TpTrace Verbose: 0 : 26476, 5, 2024/10/28, 10:49:44.137, 4212713804576, vstest.console.dll, MulticastDelegateUtilities.SafeInvoke: HostProviderEvents.OnHostLaunched: Invoking callback 2/2 for Microsoft.VisualStudio.TestPlatform.CrossPlatEngine.Client.ProxyOperationManager., took 0 ms.
TpTrace Verbose: 0 : 26476, 5, 2024/10/28, 10:49:44.137, 4212713805875, vstest.console.dll, TestRequestSender.WaitForRequestHandlerConnection: waiting for connection with timeout: 90000.
TpTrace Verbose: 0 : 26476, 5, 2024/10/28, 10:49:44.475, 4212717182904, vstest.console.dll, TestRequestSender.WaitForRequestHandlerConnection: waiting took 337 ms, with timeout 90000 ms, and result 0, which is success.
TpTrace Verbose: 0 : 26476, 11, 2024/10/28, 10:49:44.475, 4212717182931, vstest.console.dll, MulticastDelegateUtilities.SafeInvoke: SocketServer: ClientConnected: Invoking callback 1/1 for Microsoft.VisualStudio.TestPlatform.CommunicationUtilities.TestRequestSender., took 0 ms.
TpTrace Verbose: 0 : 26476, 11, 2024/10/28, 10:49:44.477, 4212717207682, vstest.console.dll, SocketServer.OnClientConnected: Client connected for endPoint: 127.0.0.1:54746, starting MessageLoopAsync:
TpTrace Verbose: 0 : 26476, 5, 2024/10/28, 10:49:44.477, 4212717208356, vstest.console.dll, TestRequestSender.CheckVersionWithTestHost: Sending check version message: {"MessageType":"ProtocolVersion","Payload":7}
TpTrace Verbose: 0 : 26476, 11, 2024/10/28, 10:49:44.478, 4212717215325, vstest.console.dll, TcpClientExtensions.MessageLoopAsync: Polling on remoteEndPoint: 127.0.0.1:54747 localEndPoint: 127.0.0.1:54746 after 0 ms
TpTrace Verbose: 0 : 26476, 11, 2024/10/28, 10:49:44.616, 4212718589493, vstest.console.dll, TcpClientExtensions.MessageLoopAsync: NotifyDataAvailable remoteEndPoint: 127.0.0.1:54747 localEndPoint: 127.0.0.1:54746
TpTrace Verbose: 0 : 26476, 11, 2024/10/28, 10:49:44.616, 4212718592135, vstest.console.dll, TestRequestSender.CheckVersionWithTestHost: onMessageReceived received message: (ProtocolVersion) -> {"MessageType":"ProtocolVersion","Payload":7}
TpTrace Verbose: 0 : 26476, 11, 2024/10/28, 10:49:44.616, 4212718597191, vstest.console.dll, MulticastDelegateUtilities.SafeInvoke: LengthPrefixCommunicationChannel: MessageReceived: Invoking callback 1/1 for Microsoft.VisualStudio.TestPlatform.CommunicationUtilities.TestRequestSender+<>c__DisplayClass29_0., took 0 ms.
TpTrace Verbose: 0 : 26476, 11, 2024/10/28, 10:49:44.616, 4212718598041, vstest.console.dll, TcpClientExtensions.MessageLoopAsync: Polling on remoteEndPoint: 127.0.0.1:54747 localEndPoint: 127.0.0.1:54746 after 138 ms
TpTrace Verbose: 0 : 26476, 5, 2024/10/28, 10:49:44.617, 4212718599281, vstest.console.dll, TestPluginCache.GetExtensionPaths: Filtered extension paths: 
TpTrace Verbose: 0 : 26476, 5, 2024/10/28, 10:49:44.617, 4212718600157, vstest.console.dll, TestPluginCache.GetExtensionPaths: Added default extension paths: C:\Program Files\dotnet\sdk\8.0.400\Extensions\Microsoft.Diagnostics.NETCore.Client.dll
C:\Program Files\dotnet\sdk\8.0.400\Extensions\Microsoft.TestPlatform.Extensions.BlameDataCollector.dll
C:\Program Files\dotnet\sdk\8.0.400\Extensions\Microsoft.TestPlatform.Extensions.EventLogCollector.dll
C:\Program Files\dotnet\sdk\8.0.400\Extensions\Microsoft.TestPlatform.TestHostRuntimeProvider.dll
C:\Program Files\dotnet\sdk\8.0.400\Extensions\Microsoft.VisualStudio.TestPlatform.Extensions.Html.TestLogger.dll
C:\Program Files\dotnet\sdk\8.0.400\Extensions\Microsoft.VisualStudio.TestPlatform.Extensions.Trx.TestLogger.dll
TpTrace Verbose: 0 : 26476, 5, 2024/10/28, 10:49:44.617, 4212718600520, vstest.console.dll, TestPluginCache.GetExtensionPaths: Added unfilterableExtensionPaths: 
TpTrace Verbose: 0 : 26476, 11, 2024/10/28, 10:49:44.619, 4212718625913, vstest.console.dll, TcpClientExtensions.MessageLoopAsync: NotifyDataAvailable remoteEndPoint: 127.0.0.1:54747 localEndPoint: 127.0.0.1:54746
TpTrace Verbose: 0 : 26476, 5, 2024/10/28, 10:49:44.619, 4212718626370, vstest.console.dll, TestRequestSender.InitializeExecution: Sending initialize execution with message: {"Version":7,"MessageType":"TestExecution.Initialize","Payload":["C:\\Johnny\\Celsior_Training\\Day31\\PolicyClaimWebApiSolution\\PolicyClaimTest\\bin\\Debug\\net6.0\\fine-code-coverage\\build-output\\NUnit3.TestAdapter.dll"]}
TpTrace Verbose: 0 : 26476, 5, 2024/10/28, 10:49:44.619, 4212718628080, vstest.console.dll, ParallelProxyExecutionManager.StartTestRunOnConcurrentManager: Execution starting. Started clients: 1
TpTrace Verbose: 0 : 26476, 5, 2024/10/28, 10:49:44.620, 4212718630068, vstest.console.dll, TestRunRequest:SendTestRunMessage: Starting.
TpTrace Verbose: 0 : 26476, 5, 2024/10/28, 10:49:44.620, 4212718631346, vstest.console.dll, MulticastDelegateUtilities.SafeInvoke: TestRun.LogMessages: Invoking callback 1/1 for Microsoft.VisualStudio.TestPlatform.CommandLine.TestRunResultAggregator., took 0 ms.
TpTrace Information: 0 : 26476, 5, 2024/10/28, 10:49:44.620, 4212718631738, vstest.console.dll, TestRunRequest:SendTestRunMessage: Completed.
TpTrace Verbose: 0 : 26476, 4, 2024/10/28, 10:49:44.620, 4212718634371, vstest.console.dll, MulticastDelegateUtilities.SafeInvoke: InternalTestLoggerEvents.SendTestRunMessage: Invoking callback 1/1 for Microsoft.VisualStudio.TestPlatform.CommandLine.Internal.ConsoleLogger., took 0 ms.
TpTrace Warning: 0 : 26476, 5, 2024/10/28, 10:49:44.620, 4212718635208, vstest.console.dll, InferRunSettingsHelper.MakeRunsettingsCompatible: Removing the following settings: TargetPlatform from RunSettings file. To use those settings please move to latest version of Microsoft.NET.Test.Sdk
TpTrace Verbose: 0 : 26476, 11, 2024/10/28, 10:49:44.621, 4212718642616, vstest.console.dll, TestRequestSender.OnExecutionMessageReceived: Received message: {"Version":7,"MessageType":"TestSession.Message","Payload":{"MessageLevel":0,"Message":"Logging TestHost Diagnostics in file: C:\\Johnny\\Celsior_Training\\Day31\\PolicyClaimWebApiSolution\\PolicyClaimTest\\bin\\Debug\\net6.0\\fine-code-coverage\\coverage-tool-output\\diagnostics.host.24-10-28_10-49-44_12517_5.log"}}
TpTrace Verbose: 0 : 26476, 11, 2024/10/28, 10:49:44.623, 4212718666247, vstest.console.dll, TestRunRequest:SendTestRunMessage: Starting.
TpTrace Verbose: 0 : 26476, 11, 2024/10/28, 10:49:44.623, 4212718667675, vstest.console.dll, MulticastDelegateUtilities.SafeInvoke: TestRun.LogMessages: Invoking callback 1/1 for Microsoft.VisualStudio.TestPlatform.CommandLine.TestRunResultAggregator., took 0 ms.
TpTrace Information: 0 : 26476, 11, 2024/10/28, 10:49:44.623, 4212718668086, vstest.console.dll, TestRunRequest:SendTestRunMessage: Completed.
TpTrace Verbose: 0 : 26476, 11, 2024/10/28, 10:49:44.623, 4212718668426, vstest.console.dll, MulticastDelegateUtilities.SafeInvoke: LengthPrefixCommunicationChannel: MessageReceived: Invoking callback 1/1 for Microsoft.VisualStudio.TestPlatform.CommunicationUtilities.TestRequestSender+<>c__DisplayClass34_0., took 2 ms.
TpTrace Verbose: 0 : 26476, 4, 2024/10/28, 10:49:44.624, 4212718668557, vstest.console.dll, MulticastDelegateUtilities.SafeInvoke: InternalTestLoggerEvents.SendTestRunMessage: Invoking callback 1/1 for Microsoft.VisualStudio.TestPlatform.CommandLine.Internal.ConsoleLogger., took 0 ms.
TpTrace Verbose: 0 : 26476, 11, 2024/10/28, 10:49:44.624, 4212718668730, vstest.console.dll, TcpClientExtensions.MessageLoopAsync: Polling on remoteEndPoint: 127.0.0.1:54747 localEndPoint: 127.0.0.1:54746 after 6 ms
TpTrace Verbose: 0 : 26476, 5, 2024/10/28, 10:49:44.625, 4212718679869, vstest.console.dll, TestRequestSender.StartTestRun: Sending test run with message: {"Version":7,"MessageType":"TestExecution.StartWithSources","Payload":{"AdapterSourceMap":{"_none_":["C:\\Johnny\\Celsior_Training\\Day31\\PolicyClaimWebApiSolution\\PolicyClaimTest\\bin\\Debug\\net6.0\\fine-code-coverage\\build-output\\PolicyClaimTest.dll"]},"RunSettings":"<RunSettings>\r\n  <RunConfiguration>\r\n    <ResultsDirectory>C:\\Johnny\\Celsior_Training\\Day31\\PolicyClaimWebApiSolution\\PolicyClaimTest\\bin\\Debug\\net6.0\\fine-code-coverage\\coverage-tool-output</ResultsDirectory>\r\n    <TargetFrameworkVersion>.NETCoreApp,Version=v6.0</TargetFrameworkVersion>\r\n    <DesignMode>False</DesignMode>\r\n    <CollectSourceInformation>False</CollectSourceInformation>\r\n  </RunConfiguration>\r\n  <LoggerRunSettings>\r\n    <Loggers>\r\n      <Logger friendlyName=\"blame\" enabled=\"True\" />\r\n      <Logger friendlyName=\"Console\" uri=\"logger://microsoft/TestPlatform/ConsoleLogger/v1\" assemblyQualifiedName=\"Microsoft.VisualStudio.TestPlatform.CommandLine.Internal.ConsoleLogger, vstest.console, Version=15.0.0.0, Culture=neutral, PublicKeyToken=b03f5f7f11d50a3a\" codeBase=\"C:\\Program Files\\dotnet\\sdk\\8.0.400\\vstest.console.dll\" enabled=\"True\" />\r\n    </Loggers>\r\n  </LoggerRunSettings>\r\n  <DataCollectionRunSettings>\r\n    <DataCollectors>\r\n      <DataCollector friendlyName=\"blame\" enabled=\"True\">\r\n        <Configuration>\r\n          <ResultsDirectory>C:\\Johnny\\Celsior_Training\\Day31\\PolicyClaimWebApiSolution\\PolicyClaimTest\\bin\\Debug\\net6.0\\fine-code-coverage\\coverage-tool-output</ResultsDirectory>\r\n        </Configuration>\r\n      </DataCollector>\r\n    </DataCollectors>\r\n  </DataCollectionRunSettings>\r\n</RunSettings>","TestExecutionContext":{"FrequencyOfRunStatsChangeEvent":10,"RunStatsChangeEventTimeout":"00:00:01.5000000","InIsolation":false,"KeepAlive":false,"AreTestCaseLevelEventsRequired":false,"IsDebug":false,"TestCaseFilter":null,"FilterOptions":null},"Package":null}}
TpTrace Verbose: 0 : 26476, 5, 2024/10/28, 10:49:44.625, 4212718681697, vstest.console.dll, ParallelProxyExecutionManager.StartTestRunOnConcurrentManager: Execution started. Started clients: 1
TpTrace Verbose: 0 : 26476, 11, 2024/10/28, 10:49:44.833, 4212720763451, vstest.console.dll, TcpClientExtensions.MessageLoopAsync: NotifyDataAvailable remoteEndPoint: 127.0.0.1:54747 localEndPoint: 127.0.0.1:54746
TpTrace Verbose: 0 : 26476, 11, 2024/10/28, 10:49:44.833, 4212720765824, vstest.console.dll, TestRequestSender.OnExecutionMessageReceived: Received message: {"Version":7,"MessageType":"TestSession.Message","Payload":{"MessageLevel":0,"Message":"NUnit Adapter 4.4.0.0: Test execution started"}}
TpTrace Verbose: 0 : 26476, 11, 2024/10/28, 10:49:44.833, 4212720768112, vstest.console.dll, TestRunRequest:SendTestRunMessage: Starting.
TpTrace Verbose: 0 : 26476, 11, 2024/10/28, 10:49:44.834, 4212720769216, vstest.console.dll, MulticastDelegateUtilities.SafeInvoke: TestRun.LogMessages: Invoking callback 1/1 for Microsoft.VisualStudio.TestPlatform.CommandLine.TestRunResultAggregator., took 0 ms.
TpTrace Verbose: 0 : 26476, 4, 2024/10/28, 10:49:44.834, 4212720769751, vstest.console.dll, MulticastDelegateUtilities.SafeInvoke: InternalTestLoggerEvents.SendTestRunMessage: Invoking callback 1/1 for Microsoft.VisualStudio.TestPlatform.CommandLine.Internal.ConsoleLogger., took 0 ms.
TpTrace Information: 0 : 26476, 11, 2024/10/28, 10:49:44.834, 4212720769834, vstest.console.dll, TestRunRequest:SendTestRunMessage: Completed.
TpTrace Verbose: 0 : 26476, 11, 2024/10/28, 10:49:44.834, 4212720771997, vstest.console.dll, MulticastDelegateUtilities.SafeInvoke: LengthPrefixCommunicationChannel: MessageReceived: Invoking callback 1/1 for Microsoft.VisualStudio.TestPlatform.CommunicationUtilities.TestRequestSender+<>c__DisplayClass34_0., took 0 ms.
TpTrace Verbose: 0 : 26476, 11, 2024/10/28, 10:49:44.834, 4212720772538, vstest.console.dll, TcpClientExtensions.MessageLoopAsync: Polling on remoteEndPoint: 127.0.0.1:54747 localEndPoint: 127.0.0.1:54746 after 210 ms
TpTrace Verbose: 0 : 26476, 11, 2024/10/28, 10:49:44.873, 4212721165185, vstest.console.dll, TcpClientExtensions.MessageLoopAsync: NotifyDataAvailable remoteEndPoint: 127.0.0.1:54747 localEndPoint: 127.0.0.1:54746
TpTrace Verbose: 0 : 26476, 11, 2024/10/28, 10:49:44.873, 4212721167453, vstest.console.dll, TestRequestSender.OnExecutionMessageReceived: Received message: {"Version":7,"MessageType":"TestSession.Message","Payload":{"MessageLevel":0,"Message":"Running all tests in C:\\Johnny\\Celsior_Training\\Day31\\PolicyClaimWebApiSolution\\PolicyClaimTest\\bin\\Debug\\net6.0\\fine-code-coverage\\build-output\\PolicyClaimTest.dll"}}
TpTrace Verbose: 0 : 26476, 11, 2024/10/28, 10:49:44.874, 4212721168960, vstest.console.dll, TestRunRequest:SendTestRunMessage: Starting.
TpTrace Verbose: 0 : 26476, 11, 2024/10/28, 10:49:44.874, 4212721169752, vstest.console.dll, MulticastDelegateUtilities.SafeInvoke: TestRun.LogMessages: Invoking callback 1/1 for Microsoft.VisualStudio.TestPlatform.CommandLine.TestRunResultAggregator., took 0 ms.
TpTrace Verbose: 0 : 26476, 4, 2024/10/28, 10:49:44.874, 4212721170096, vstest.console.dll, MulticastDelegateUtilities.SafeInvoke: InternalTestLoggerEvents.SendTestRunMessage: Invoking callback 1/1 for Microsoft.VisualStudio.TestPlatform.CommandLine.Internal.ConsoleLogger., took 0 ms.
TpTrace Information: 0 : 26476, 11, 2024/10/28, 10:49:44.874, 4212721170203, vstest.console.dll, TestRunRequest:SendTestRunMessage: Completed.
TpTrace Verbose: 0 : 26476, 11, 2024/10/28, 10:49:44.874, 4212721171083, vstest.console.dll, MulticastDelegateUtilities.SafeInvoke: LengthPrefixCommunicationChannel: MessageReceived: Invoking callback 1/1 for Microsoft.VisualStudio.TestPlatform.CommunicationUtilities.TestRequestSender+<>c__DisplayClass34_0., took 0 ms.
TpTrace Verbose: 0 : 26476, 11, 2024/10/28, 10:49:44.874, 4212721171643, vstest.console.dll, TcpClientExtensions.MessageLoopAsync: Polling on remoteEndPoint: 127.0.0.1:54747 localEndPoint: 127.0.0.1:54746 after 39 ms
TpTrace Verbose: 0 : 26476, 11, 2024/10/28, 10:49:45.036, 4212722788766, vstest.console.dll, TcpClientExtensions.MessageLoopAsync: NotifyDataAvailable remoteEndPoint: 127.0.0.1:54747 localEndPoint: 127.0.0.1:54746
TpTrace Verbose: 0 : 26476, 11, 2024/10/28, 10:49:45.036, 4212722791233, vstest.console.dll, TestRequestSender.OnExecutionMessageReceived: Received message: {"Version":7,"MessageType":"TestSession.Message","Payload":{"MessageLevel":0,"Message":"   NUnit3TestExecutor discovered 31 of 31 NUnit test cases using Current Discovery mode, Non-Explicit run"}}
TpTrace Verbose: 0 : 26476, 11, 2024/10/28, 10:49:45.036, 4212722792888, vstest.console.dll, TestRunRequest:SendTestRunMessage: Starting.
TpTrace Verbose: 0 : 26476, 11, 2024/10/28, 10:49:45.036, 4212722793720, vstest.console.dll, MulticastDelegateUtilities.SafeInvoke: TestRun.LogMessages: Invoking callback 1/1 for Microsoft.VisualStudio.TestPlatform.CommandLine.TestRunResultAggregator., took 0 ms.
TpTrace Information: 0 : 26476, 11, 2024/10/28, 10:49:45.036, 4212722794304, vstest.console.dll, TestRunRequest:SendTestRunMessage: Completed.
TpTrace Verbose: 0 : 26476, 4, 2024/10/28, 10:49:45.036, 4212722794434, vstest.console.dll, MulticastDelegateUtilities.SafeInvoke: InternalTestLoggerEvents.SendTestRunMessage: Invoking callback 1/1 for Microsoft.VisualStudio.TestPlatform.CommandLine.Internal.ConsoleLogger., took 0 ms.
TpTrace Verbose: 0 : 26476, 11, 2024/10/28, 10:49:45.036, 4212722796439, vstest.console.dll, MulticastDelegateUtilities.SafeInvoke: LengthPrefixCommunicationChannel: MessageReceived: Invoking callback 1/1 for Microsoft.VisualStudio.TestPlatform.CommunicationUtilities.TestRequestSender+<>c__DisplayClass34_0., took 0 ms.
TpTrace Verbose: 0 : 26476, 11, 2024/10/28, 10:49:45.036, 4212722797584, vstest.console.dll, TcpClientExtensions.MessageLoopAsync: Polling on remoteEndPoint: 127.0.0.1:54747 localEndPoint: 127.0.0.1:54746 after 162 ms
TpTrace Verbose: 0 : 26476, 11, 2024/10/28, 10:49:45.867, 4212731100402, vstest.console.dll, TcpClientExtensions.MessageLoopAsync: NotifyDataAvailable remoteEndPoint: 127.0.0.1:54747 localEndPoint: 127.0.0.1:54746
TpTrace Verbose: 0 : 26476, 11, 2024/10/28, 10:49:45.867, 4212731106203, vstest.console.dll, TestRequestSender.OnExecutionMessageReceived: Received message: {"Version":7,"MessageType":"TestExecution.StatsChange","Payload":{"NewTestResults":[{"TestCase":{"Id":"8e8acc7b-e036-c451-97f5-0fd65a014010","FullyQualifiedName":"PolicyClaimTest.ClaimantRepositoryTest.AddClaimant_Test","DisplayName":"AddClaimant_Test","ExecutorUri":"executor://NUnit3TestExecutor","Source":"C:\\Johnny\\Celsior_Training\\Day31\\PolicyClaimWebApiSolution\\PolicyClaimTest\\bin\\Debug\\net6.0\\fine-code-coverage\\build-output\\PolicyClaimTest.dll","CodeFilePath":null,"LineNumber":0,"Properties":[{"Key":{"Id":"NUnit.Seed","Label":"Seed","Category":"","Description":"","Attributes":0,"ValueType":"System.String"},"Value":"2025434668"}]},"Attachments":[],"Outcome":1,"ErrorMessage":null,"ErrorStackTrace":null,"DisplayName":"AddClaimant_Test","Messages":[],"ComputerName":"5CD413DKRZ","Duration":"00:00:00.5753270","StartTime":"2024-10-28T05:19:45.0622579+00:00","EndTime":"2024-10-28T05:19:45.6375369+00:00","Properties":[{"Key":{"Id":"NUnit.Seed","Label":"Seed","Category":"","Description":"","Attributes":0,"ValueType":"System.String"},"Value":"2025434668"}]},{"TestCase":{"Id":"14f3cc11-a8e3-991d-278f-2a83338787ae","FullyQualifiedName":"PolicyClaimTest.ClaimantRepositoryTest.ClaimantRepositoryAdd_CouldNotAddException","DisplayName":"ClaimantRepositoryAdd_CouldNotAddException","ExecutorUri":"executor://NUnit3TestExecutor","Source":"C:\\Johnny\\Celsior_Training\\Day31\\PolicyClaimWebApiSolution\\PolicyClaimTest\\bin\\Debug\\net6.0\\fine-code-coverage\\build-output\\PolicyClaimTest.dll","CodeFilePath":null,"LineNumber":0,"Properties":[{"Key":{"Id":"NUnit.Seed","Label":"Seed","Category":"","Description":"","Attributes":0,"ValueType":"System.String"},"Value":"2132445480"}]},"Attachments":[],"Outcome":1,"ErrorMessage":null,"ErrorStackTrace":null,"DisplayName":"ClaimantRepositoryAdd_CouldNotAddException","Messages":[],"ComputerName":"5CD413DKRZ","Duration":"00:00:00.0231430","StartTime":"2024-10-28T05:19:45.6385295+00:00","EndTime":"2024-10-28T05:19:45.6616725+00:00","Properties":[{"Key":{"Id":"NUnit.Seed","Label":"Seed","Category":"","Description":"","Attributes":0,"ValueType":"System.String"},"Value":"2132445480"}]},{"TestCase":{"Id":"e8bf8610-0f59-58d7-6692-90e8ae5571a5","FullyQualifiedName":"PolicyClaimTest.ClaimantRepositoryTest.ClaimantRepositoryGetAll_EmptyCollectionException","DisplayName":"ClaimantRepositoryGetAll_EmptyCollectionException","ExecutorUri":"executor://NUnit3TestExecutor","Source":"C:\\Johnny\\Celsior_Training\\Day31\\PolicyClaimWebApiSolution\\PolicyClaimTest\\bin\\Debug\\net6.0\\fine-code-coverage\\build-output\\PolicyClaimTest.dll","CodeFilePath":null,"LineNumber":0,"Properties":[{"Key":{"Id":"NUnit.Seed","Label":"Seed","Category":"","Description":"","Attributes":0,"ValueType":"System.String"},"Value":"1055484438"}]},"Attachments":[],"Outcome":2,"ErrorMessage":"  Expected: <PolicyClaimWebApi.Exceptions.EmptyCollectionException>\r\n  But was:  null\r\n","ErrorStackTrace":"   at PolicyClaimTest.ClaimantRepositoryTest.ClaimantRepositoryGetAll_EmptyCollectionException() in C:\\Johnny\\Celsior_Training\\Day31\\PolicyClaimWebApiSolution\\PolicyClaimTest\\ClaimantRepositoryTest.cs:line 87\r\n   at NUnit.Framework.Internal.TaskAwaitAdapter.GenericAdapter`1.GetResult()\r\n   at NUnit.Framework.Internal.AsyncToSyncAdapter.Await(Func`1 invoke)\r\n   at NUnit.Framework.Internal.Commands.TestMethodCommand.RunTestMethod(TestExecutionContext context)\r\n   at NUnit.Framework.Internal.Commands.TestMethodCommand.Execute(TestExecutionContext context)\r\n   at NUnit.Framework.Internal.Commands.BeforeAndAfterTestCommand.<>c__DisplayClass1_0.<Execute>b__0()\r\n   at NUnit.Framework.Internal.Commands.DelegatingTestCommand.RunTestMethodInThreadAbortSafeZone(TestExecutionContext context, Action action)\r\n\n1)    at PolicyClaimTest.ClaimantRepositoryTest.ClaimantRepositoryGetAll_EmptyCollectionException() in C:\\Johnny\\Celsior_Training\\Day31\\PolicyClaimWebApiSolution\\PolicyClaimTest\\ClaimantRepositoryTest.cs:line 87\r\n   at System.Runtime.CompilerServices.AsyncMethodBuilderCore.Start[TStateMachine](TStateMachine& stateMachine)\r\n   at PolicyClaimTest.ClaimantRepositoryTest.ClaimantRepositoryGetAll_EmptyCollectionException()\r\n\n","DisplayName":"ClaimantRepositoryGetAll_EmptyCollectionException","Messages":[],"ComputerName":"5CD413DKRZ","Duration":"00:00:00.1229920","StartTime":"2024-10-28T05:19:45.6618508+00:00","EndTime":"2024-10-28T05:19:45.7848421+00:00","Properties":[{"Key":{"Id":"NUnit.Seed","Label":"Seed","Category":"","Description":"","Attributes":0,"ValueType":"System.String"},"Value":"1055484438"}]},{"TestCase":{"Id":"627a6454-80aa-4be0-0e4a-db112fbb5316","FullyQualifiedName":"PolicyClaimTest.ClaimantRepositoryTest.GetClaimant_Test","DisplayName":"GetClaimant_Test","ExecutorUri":"executor://NUnit3TestExecutor","Source":"C:\\Johnny\\Celsior_Training\\Day31\\PolicyClaimWebApiSolution\\PolicyClaimTest\\bin\\Debug\\net6.0\\fine-code-coverage\\build-output\\PolicyClaimTest.dll","CodeFilePath":null,"LineNumber":0,"Properties":[{"Key":{"Id":"NUnit.Seed","Label":"Seed","Category":"","Description":"","Attributes":0,"ValueType":"System.String"},"Value":"638643221"}]},"Attachments":[],"Outcome":1,"ErrorMessage":null,"ErrorStackTrace":null,"DisplayName":"GetClaimant_Test","Messages":[],"ComputerName":"5CD413DKRZ","Duration":"00:00:00.0010120","StartTime":"2024-10-28T05:19:45.7849246+00:00","EndTime":"2024-10-28T05:19:45.7859362+00:00","Properties":[{"Key":{"Id":"NUnit.Seed","Label":"Seed","Category":"","Description":"","Attributes":0,"ValueType":"System.String"},"Value":"638643221"}]},{"TestCase":{"Id":"128499e4-8d96-857d-94b4-47d177759880","FullyQualifiedName":"PolicyClaimTest.ClaimantServiceTest.ClaimantCreate_Test","DisplayName":"ClaimantCreate_Test","ExecutorUri":"executor://NUnit3TestExecutor","Source":"C:\\Johnny\\Celsior_Training\\Day31\\PolicyClaimWebApiSolution\\PolicyClaimTest\\bin\\Debug\\net6.0\\fine-code-coverage\\build-output\\PolicyClaimTest.dll","CodeFilePath":null,"LineNumber":0,"Properties":[{"Key":{"Id":"NUnit.Seed","Label":"Seed","Category":"","Description":"","Attributes":0,"ValueType":"System.String"},"Value":"1465357931"}]},"Attachments":[],"Outcome":2,"ErrorMessage":"  Expected: 4\r\n  But was:  1\r\n","ErrorStackTrace":"   at PolicyClaimTest.ClaimantServiceTest.ClaimantCreate_Test() in C:\\Johnny\\Celsior_Training\\Day31\\PolicyClaimWebApiSolution\\PolicyClaimTest\\ClaimantServiceTest.cs:line 54\r\n   at NUnit.Framework.Internal.TaskAwaitAdapter.GenericAdapter`1.GetResult()\r\n   at NUnit.Framework.Internal.AsyncToSyncAdapter.Await(Func`1 invoke)\r\n   at NUnit.Framework.Internal.Commands.TestMethodCommand.RunTestMethod(TestExecutionContext context)\r\n   at NUnit.Framework.Internal.Commands.TestMethodCommand.Execute(TestExecutionContext context)\r\n   at NUnit.Framework.Internal.Commands.BeforeAndAfterTestCommand.<>c__DisplayClass1_0.<Execute>b__0()\r\n   at NUnit.Framework.Internal.Commands.DelegatingTestCommand.RunTestMethodInThreadAbortSafeZone(TestExecutionContext context, Action action)\r\n\n1)    at PolicyClaimTest.ClaimantServiceTest.ClaimantCreate_Test() in C:\\Johnny\\Celsior_Training\\Day31\\PolicyClaimWebApiSolution\\PolicyClaimTest\\ClaimantServiceTest.cs:line 54\r\n   at System.Runtime.CompilerServices.AsyncMethodBuilderCore.Start[TStateMachine](TStateMachine& stateMachine)\r\n   at PolicyClaimTest.ClaimantServiceTest.ClaimantCreate_Test()\r\n\n","DisplayName":"ClaimantCreate_Test","Messages":[],"ComputerName":"5CD413DKRZ","Duration":"00:00:00.0029600","StartTime":"2024-10-28T05:19:45.787781+00:00","EndTime":"2024-10-28T05:19:45.7907399+00:00","Properties":[{"Key":{"Id":"NUnit.Seed","Label":"Seed","Category":"","Description":"","Attributes":0,"ValueType":"System.String"},"Value":"1465357931"}]},{"TestCase":{"Id":"05ef669e-3653-3e64-c5bc-a5cd36138c01","FullyQualifiedName":"PolicyClaimTest.ClaimantServiceTest.ClaimantGet_Test","DisplayName":"ClaimantGet_Test","ExecutorUri":"executor://NUnit3TestExecutor","Source":"C:\\Johnny\\Celsior_Training\\Day31\\PolicyClaimWebApiSolution\\PolicyClaimTest\\bin\\Debug\\net6.0\\fine-code-coverage\\build-output\\PolicyClaimTest.dll","CodeFilePath":null,"LineNumber":0,"Properties":[{"Key":{"Id":"NUnit.Seed","Label":"Seed","Category":"","Description":"","Attributes":0,"ValueType":"System.String"},"Value":"942757174"}]},"Attachments":[],"Outcome":1,"ErrorMessage":null,"ErrorStackTrace":null,"DisplayName":"ClaimantGet_Test","Messages":[],"ComputerName":"5CD413DKRZ","Duration":"00:00:00.0013710","StartTime":"2024-10-28T05:19:45.7907539+00:00","EndTime":"2024-10-28T05:19:45.7921244+00:00","Properties":[{"Key":{"Id":"NUnit.Seed","Label":"Seed","Category":"","Description":"","Attributes":0,"ValueType":"System.String"},"Value":"942757174"}]},{"TestCase":{"Id":"832fbfb2-9098-22a1-1ec9-717230fffd80","FullyQualifiedName":"PolicyClaimTest.ClaimControllerTest.claimController_StatusCode200_Test","DisplayName":"claimController_StatusCode200_Test","ExecutorUri":"executor://NUnit3TestExecutor","Source":"C:\\Johnny\\Celsior_Training\\Day31\\PolicyClaimWebApiSolution\\PolicyClaimTest\\bin\\Debug\\net6.0\\fine-code-coverage\\build-output\\PolicyClaimTest.dll","CodeFilePath":null,"LineNumber":0,"Properties":[{"Key":{"Id":"NUnit.Seed","Label":"Seed","Category":"","Description":"","Attributes":0,"ValueType":"System.String"},"Value":"442270131"}]},"Attachments":[],"Outcome":1,"ErrorMessage":null,"ErrorStackTrace":null,"DisplayName":"claimController_StatusCode200_Test","Messages":[],"ComputerName":"5CD413DKRZ","Duration":"00:00:00.0375800","StartTime":"2024-10-28T05:19:45.7922287+00:00","EndTime":"2024-10-28T05:19:45.8298085+00:00","Properties":[{"Key":{"Id":"NUnit.Seed","Label":"Seed","Category":"","Description":"","Attributes":0,"ValueType":"System.String"},"Value":"442270131"}]},{"TestCase":{"Id":"006de6c2-d91e-c909-fde9-2ea7bdfd5a23","FullyQualifiedName":"PolicyClaimTest.ClaimFileRepositoryTest.AddClaimFile_Test","DisplayName":"AddClaimFile_Test","ExecutorUri":"executor://NUnit3TestExecutor","Source":"C:\\Johnny\\Celsior_Training\\Day31\\PolicyClaimWebApiSolution\\PolicyClaimTest\\bin\\Debug\\net6.0\\fine-code-coverage\\build-output\\PolicyClaimTest.dll","CodeFilePath":null,"LineNumber":0,"Properties":[{"Key":{"Id":"NUnit.Seed","Label":"Seed","Category":"","Description":"","Attributes":0,"ValueType":"System.String"},"Value":"265957583"}]},"Attachments":[],"Outcome":1,"ErrorMessage":null,"ErrorStackTrace":null,"DisplayName":"AddClaimFile_Test","Messages":[],"ComputerName":"5CD413DKRZ","Duration":"00:00:00.0057130","StartTime":"2024-10-28T05:19:45.8299322+00:00","EndTime":"2024-10-28T05:19:45.8356447+00:00","Properties":[{"Key":{"Id":"NUnit.Seed","Label":"Seed","Category":"","Description":"","Attributes":0,"ValueType":"System.String"},"Value":"265957583"}]},{"TestCase":{"Id":"741e949e-e77a-5101-a3f3-d3e16f82cf56","FullyQualifiedName":"PolicyClaimTest.ClaimFileRepositoryTest.ClaimFileRepositoryAdd_CouldNotAddException","DisplayName":"ClaimFileRepositoryAdd_CouldNotAddException","ExecutorUri":"executor://NUnit3TestExecutor","Source":"C:\\Johnny\\Celsior_Training\\Day31\\PolicyClaimWebApiSolution\\PolicyClaimTest\\bin\\Debug\\net6.0\\fine-code-coverage\\build-output\\PolicyClaimTest.dll","CodeFilePath":null,"LineNumber":0,"Properties":[{"Key":{"Id":"NUnit.Seed","Label":"Seed","Category":"","Description":"","Attributes":0,"ValueType":"System.String"},"Value":"857724614"}]},"Attachments":[],"Outcome":1,"ErrorMessage":null,"ErrorStackTrace":null,"DisplayName":"ClaimFileRepositoryAdd_CouldNotAddException","Messages":[],"ComputerName":"5CD413DKRZ","Duration":"00:00:00.0010470","StartTime":"2024-10-28T05:19:45.8356749+00:00","EndTime":"2024-10-28T05:19:45.8367216+00:00","Properties":[{"Key":{"Id":"NUnit.Seed","Label":"Seed","Category":"","Description":"","Attributes":0,"ValueType":"System.String"},"Value":"857724614"}]}],"TestRunStatistics":{"ExecutedTests":9,"Stats":{"Passed":7,"Failed":2}},"ActiveTests":[{"Id":"1ebcaf50-4127-5764-fe40-9c78630c85f5","FullyQualifiedName":"PolicyClaimTest.ClaimFileRepositoryTest.ClaimFileRepositoryGetAll_EmptyCollectionException","DisplayName":"ClaimFileRepositoryGetAll_EmptyCollectionException","ExecutorUri":"executor://NUnit3TestExecutor","Source":"C:\\Johnny\\Celsior_Training\\Day31\\PolicyClaimWebApiSolution\\PolicyClaimTest\\bin\\Debug\\net6.0\\fine-code-coverage\\build-output\\PolicyClaimTest.dll","CodeFilePath":null,"LineNumber":0,"Properties":[{"Key":{"Id":"NUnit.Seed","Label":"Seed","Category":"","Description":"","Attributes":0,"ValueType":"System.String"},"Value":"1893144253"}]}]}}
TpTrace Verbose: 0 : 26476, 11, 2024/10/28, 10:49:45.885, 4212731287253, vstest.console.dll, TestRunRequest:SendTestRunStatsChange: Starting.
TpTrace Verbose: 0 : 26476, 11, 2024/10/28, 10:49:45.886, 4212731288495, vstest.console.dll, InProgress is ClaimFileRepositoryGetAll_EmptyCollectionException
TpTrace Verbose: 0 : 26476, 11, 2024/10/28, 10:49:45.886, 4212731290312, vstest.console.dll, MulticastDelegateUtilities.SafeInvoke: TestRun.RunStatsChanged: Invoking callbacks was skipped because there are no subscribers.
TpTrace Information: 0 : 26476, 11, 2024/10/28, 10:49:45.886, 4212731291777, vstest.console.dll, TestRunRequest:SendTestRunStatsChange: Completed.
TpTrace Verbose: 0 : 26476, 11, 2024/10/28, 10:49:45.886, 4212731292314, vstest.console.dll, MulticastDelegateUtilities.SafeInvoke: LengthPrefixCommunicationChannel: MessageReceived: Invoking callback 1/1 for Microsoft.VisualStudio.TestPlatform.CommunicationUtilities.TestRequestSender+<>c__DisplayClass34_0., took 18 ms.
TpTrace Verbose: 0 : 26476, 11, 2024/10/28, 10:49:45.886, 4212731292882, vstest.console.dll, TcpClientExtensions.MessageLoopAsync: Polling on remoteEndPoint: 127.0.0.1:54747 localEndPoint: 127.0.0.1:54746 after 849 ms
TpTrace Verbose: 0 : 26476, 4, 2024/10/28, 10:49:45.888, 4212731312213, vstest.console.dll, MulticastDelegateUtilities.SafeInvoke: InternalTestLoggerEvents.SendTestResult: Invoking callback 1/1 for Microsoft.VisualStudio.TestPlatform.CommandLine.Internal.ConsoleLogger., took 2 ms.
TpTrace Verbose: 0 : 26476, 4, 2024/10/28, 10:49:45.888, 4212731317373, vstest.console.dll, MulticastDelegateUtilities.SafeInvoke: InternalTestLoggerEvents.SendTestResult: Invoking callback 1/1 for Microsoft.VisualStudio.TestPlatform.CommandLine.Internal.ConsoleLogger., took 0 ms.
TpTrace Verbose: 0 : 26476, 4, 2024/10/28, 10:49:45.889, 4212731324281, vstest.console.dll, MulticastDelegateUtilities.SafeInvoke: InternalTestLoggerEvents.SendTestResult: Invoking callback 1/1 for Microsoft.VisualStudio.TestPlatform.CommandLine.Internal.ConsoleLogger., took 0 ms.
TpTrace Verbose: 0 : 26476, 4, 2024/10/28, 10:49:45.889, 4212731325700, vstest.console.dll, MulticastDelegateUtilities.SafeInvoke: InternalTestLoggerEvents.SendTestResult: Invoking callback 1/1 for Microsoft.VisualStudio.TestPlatform.CommandLine.Internal.ConsoleLogger., took 0 ms.
TpTrace Verbose: 0 : 26476, 4, 2024/10/28, 10:49:45.890, 4212731328900, vstest.console.dll, MulticastDelegateUtilities.SafeInvoke: InternalTestLoggerEvents.SendTestResult: Invoking callback 1/1 for Microsoft.VisualStudio.TestPlatform.CommandLine.Internal.ConsoleLogger., took 0 ms.
TpTrace Verbose: 0 : 26476, 4, 2024/10/28, 10:49:45.890, 4212731330310, vstest.console.dll, MulticastDelegateUtilities.SafeInvoke: InternalTestLoggerEvents.SendTestResult: Invoking callback 1/1 for Microsoft.VisualStudio.TestPlatform.CommandLine.Internal.ConsoleLogger., took 0 ms.
TpTrace Verbose: 0 : 26476, 4, 2024/10/28, 10:49:45.890, 4212731331307, vstest.console.dll, MulticastDelegateUtilities.SafeInvoke: InternalTestLoggerEvents.SendTestResult: Invoking callback 1/1 for Microsoft.VisualStudio.TestPlatform.CommandLine.Internal.ConsoleLogger., took 0 ms.
TpTrace Verbose: 0 : 26476, 4, 2024/10/28, 10:49:45.890, 4212731331904, vstest.console.dll, MulticastDelegateUtilities.SafeInvoke: InternalTestLoggerEvents.SendTestResult: Invoking callback 1/1 for Microsoft.VisualStudio.TestPlatform.CommandLine.Internal.ConsoleLogger., took 0 ms.
TpTrace Verbose: 0 : 26476, 4, 2024/10/28, 10:49:45.890, 4212731333336, vstest.console.dll, MulticastDelegateUtilities.SafeInvoke: InternalTestLoggerEvents.SendTestResult: Invoking callback 1/1 for Microsoft.VisualStudio.TestPlatform.CommandLine.Internal.ConsoleLogger., took 0 ms.
TpTrace Verbose: 0 : 26476, 11, 2024/10/28, 10:49:45.897, 4212731402058, vstest.console.dll, TcpClientExtensions.MessageLoopAsync: NotifyDataAvailable remoteEndPoint: 127.0.0.1:54747 localEndPoint: 127.0.0.1:54746
TpTrace Verbose: 0 : 26476, 11, 2024/10/28, 10:49:45.897, 4212731406042, vstest.console.dll, TestRequestSender.OnExecutionMessageReceived: Received message: {"Version":7,"MessageType":"TestExecution.StatsChange","Payload":{"NewTestResults":[{"TestCase":{"Id":"1ebcaf50-4127-5764-fe40-9c78630c85f5","FullyQualifiedName":"PolicyClaimTest.ClaimFileRepositoryTest.ClaimFileRepositoryGetAll_EmptyCollectionException","DisplayName":"ClaimFileRepositoryGetAll_EmptyCollectionException","ExecutorUri":"executor://NUnit3TestExecutor","Source":"C:\\Johnny\\Celsior_Training\\Day31\\PolicyClaimWebApiSolution\\PolicyClaimTest\\bin\\Debug\\net6.0\\fine-code-coverage\\build-output\\PolicyClaimTest.dll","CodeFilePath":null,"LineNumber":0,"Properties":[{"Key":{"Id":"NUnit.Seed","Label":"Seed","Category":"","Description":"","Attributes":0,"ValueType":"System.String"},"Value":"1893144253"}]},"Attachments":[],"Outcome":2,"ErrorMessage":"  Expected: <PolicyClaimWebApi.Exceptions.EmptyCollectionException>\r\n  But was:  null\r\n","ErrorStackTrace":"   at PolicyClaimTest.ClaimFileRepositoryTest.ClaimFileRepositoryGetAll_EmptyCollectionException() in C:\\Johnny\\Celsior_Training\\Day31\\PolicyClaimWebApiSolution\\PolicyClaimTest\\ClaimFileRepositoryTest.cs:line 84\r\n   at NUnit.Framework.Internal.TaskAwaitAdapter.GenericAdapter`1.GetResult()\r\n   at NUnit.Framework.Internal.AsyncToSyncAdapter.Await(Func`1 invoke)\r\n   at NUnit.Framework.Internal.Commands.TestMethodCommand.RunTestMethod(TestExecutionContext context)\r\n   at NUnit.Framework.Internal.Commands.TestMethodCommand.Execute(TestExecutionContext context)\r\n   at NUnit.Framework.Internal.Commands.BeforeAndAfterTestCommand.<>c__DisplayClass1_0.<Execute>b__0()\r\n   at NUnit.Framework.Internal.Commands.DelegatingTestCommand.RunTestMethodInThreadAbortSafeZone(TestExecutionContext context, Action action)\r\n\n1)    at PolicyClaimTest.ClaimFileRepositoryTest.ClaimFileRepositoryGetAll_EmptyCollectionException() in C:\\Johnny\\Celsior_Training\\Day31\\PolicyClaimWebApiSolution\\PolicyClaimTest\\ClaimFileRepositoryTest.cs:line 84\r\n   at System.Runtime.CompilerServices.AsyncMethodBuilderCore.Start[TStateMachine](TStateMachine& stateMachine)\r\n   at PolicyClaimTest.ClaimFileRepositoryTest.ClaimFileRepositoryGetAll_EmptyCollectionException()\r\n\n","DisplayName":"ClaimFileRepositoryGetAll_EmptyCollectionException","Messages":[],"ComputerName":"5CD413DKRZ","Duration":"00:00:00.0043780","StartTime":"2024-10-28T05:19:45.8368334+00:00","EndTime":"2024-10-28T05:19:45.8412116+00:00","Properties":[{"Key":{"Id":"NUnit.Seed","Label":"Seed","Category":"","Description":"","Attributes":0,"ValueType":"System.String"},"Value":"1893144253"}]},{"TestCase":{"Id":"fd2a2523-702c-d1ab-27c3-81ad11b206b2","FullyQualifiedName":"PolicyClaimTest.ClaimFileRepositoryTest.GetClaimFile_Test","DisplayName":"GetClaimFile_Test","ExecutorUri":"executor://NUnit3TestExecutor","Source":"C:\\Johnny\\Celsior_Training\\Day31\\PolicyClaimWebApiSolution\\PolicyClaimTest\\bin\\Debug\\net6.0\\fine-code-coverage\\build-output\\PolicyClaimTest.dll","CodeFilePath":null,"LineNumber":0,"Properties":[{"Key":{"Id":"NUnit.Seed","Label":"Seed","Category":"","Description":"","Attributes":0,"ValueType":"System.String"},"Value":"1018060765"}]},"Attachments":[],"Outcome":1,"ErrorMessage":null,"ErrorStackTrace":null,"DisplayName":"GetClaimFile_Test","Messages":[],"ComputerName":"5CD413DKRZ","Duration":"00:00:00.0007730","StartTime":"2024-10-28T05:19:45.8412273+00:00","EndTime":"2024-10-28T05:19:45.8420005+00:00","Properties":[{"Key":{"Id":"NUnit.Seed","Label":"Seed","Category":"","Description":"","Attributes":0,"ValueType":"System.String"},"Value":"1018060765"}]},{"TestCase":{"Id":"16e66cfc-7c6f-318c-9adc-9779b72e0875","FullyQualifiedName":"PolicyClaimTest.ClaimRepositoryTest.AddClaim_Test","DisplayName":"AddClaim_Test","ExecutorUri":"executor://NUnit3TestExecutor","Source":"C:\\Johnny\\Celsior_Training\\Day31\\PolicyClaimWebApiSolution\\PolicyClaimTest\\bin\\Debug\\net6.0\\fine-code-coverage\\build-output\\PolicyClaimTest.dll","CodeFilePath":null,"LineNumber":0,"Properties":[{"Key":{"Id":"NUnit.Seed","Label":"Seed","Category":"","Description":"","Attributes":0,"ValueType":"System.String"},"Value":"2086262103"}]},"Attachments":[],"Outcome":2,"ErrorMessage":"  Expected: 1\r\n  But was:  2\r\n","ErrorStackTrace":"   at PolicyClaimTest.ClaimRepositoryTest.AddClaim_Test() in C:\\Johnny\\Celsior_Training\\Day31\\PolicyClaimWebApiSolution\\PolicyClaimTest\\ClaimRepositoryTest.cs:line 46\r\n   at NUnit.Framework.Internal.TaskAwaitAdapter.GenericAdapter`1.GetResult()\r\n   at NUnit.Framework.Internal.AsyncToSyncAdapter.Await(Func`1 invoke)\r\n   at NUnit.Framework.Internal.Commands.TestMethodCommand.RunTestMethod(TestExecutionContext context)\r\n   at NUnit.Framework.Internal.Commands.TestMethodCommand.Execute(TestExecutionContext context)\r\n   at NUnit.Framework.Internal.Commands.BeforeAndAfterTestCommand.<>c__DisplayClass1_0.<Execute>b__0()\r\n   at NUnit.Framework.Internal.Commands.DelegatingTestCommand.RunTestMethodInThreadAbortSafeZone(TestExecutionContext context, Action action)\r\n\n1)    at PolicyClaimTest.ClaimRepositoryTest.AddClaim_Test() in C:\\Johnny\\Celsior_Training\\Day31\\PolicyClaimWebApiSolution\\PolicyClaimTest\\ClaimRepositoryTest.cs:line 46\r\n   at System.Runtime.CompilerServices.AsyncMethodBuilderCore.Start[TStateMachine](TStateMachine& stateMachine)\r\n   at PolicyClaimTest.ClaimRepositoryTest.AddClaim_Test()\r\n\n","DisplayName":"AddClaim_Test","Messages":[],"ComputerName":"5CD413DKRZ","Duration":"00:00:00.0010800","StartTime":"2024-10-28T05:19:45.8421009+00:00","EndTime":"2024-10-28T05:19:45.8431808+00:00","Properties":[{"Key":{"Id":"NUnit.Seed","Label":"Seed","Category":"","Description":"","Attributes":0,"ValueType":"System.String"},"Value":"2086262103"}]},{"TestCase":{"Id":"cabb3e43-fe90-e60a-277a-791beccc12f6","FullyQualifiedName":"PolicyClaimTest.ClaimRepositoryTest.ClaimRepositoryAdd_CouldNotAddException","DisplayName":"ClaimRepositoryAdd_CouldNotAddException","ExecutorUri":"executor://NUnit3TestExecutor","Source":"C:\\Johnny\\Celsior_Training\\Day31\\PolicyClaimWebApiSolution\\PolicyClaimTest\\bin\\Debug\\net6.0\\fine-code-coverage\\build-output\\PolicyClaimTest.dll","CodeFilePath":null,"LineNumber":0,"Properties":[{"Key":{"Id":"NUnit.Seed","Label":"Seed","Category":"","Description":"","Attributes":0,"ValueType":"System.String"},"Value":"1524017317"}]},"Attachments":[],"Outcome":1,"ErrorMessage":null,"ErrorStackTrace":null,"DisplayName":"ClaimRepositoryAdd_CouldNotAddException","Messages":[],"ComputerName":"5CD413DKRZ","Duration":"00:00:00.0016530","StartTime":"2024-10-28T05:19:45.8431907+00:00","EndTime":"2024-10-28T05:19:45.8448432+00:00","Properties":[{"Key":{"Id":"NUnit.Seed","Label":"Seed","Category":"","Description":"","Attributes":0,"ValueType":"System.String"},"Value":"1524017317"}]},{"TestCase":{"Id":"7d1c8fa4-0b25-5a45-f9d4-ff08e6fdf0b9","FullyQualifiedName":"PolicyClaimTest.ClaimRepositoryTest.ClaimRepositoryGetAll_EmptyCollectionException","DisplayName":"ClaimRepositoryGetAll_EmptyCollectionException","ExecutorUri":"executor://NUnit3TestExecutor","Source":"C:\\Johnny\\Celsior_Training\\Day31\\PolicyClaimWebApiSolution\\PolicyClaimTest\\bin\\Debug\\net6.0\\fine-code-coverage\\build-output\\PolicyClaimTest.dll","CodeFilePath":null,"LineNumber":0,"Properties":[{"Key":{"Id":"NUnit.Seed","Label":"Seed","Category":"","Description":"","Attributes":0,"ValueType":"System.String"},"Value":"1449830535"}]},"Attachments":[],"Outcome":2,"ErrorMessage":"  Expected: <PolicyClaimWebApi.Exceptions.EmptyCollectionException>\r\n  But was:  null\r\n","ErrorStackTrace":"   at PolicyClaimTest.ClaimRepositoryTest.ClaimRepositoryGetAll_EmptyCollectionException() in C:\\Johnny\\Celsior_Training\\Day31\\PolicyClaimWebApiSolution\\PolicyClaimTest\\ClaimRepositoryTest.cs:line 90\r\n   at NUnit.Framework.Internal.TaskAwaitAdapter.GenericAdapter`1.GetResult()\r\n   at NUnit.Framework.Internal.AsyncToSyncAdapter.Await(Func`1 invoke)\r\n   at NUnit.Framework.Internal.Commands.TestMethodCommand.RunTestMethod(TestExecutionContext context)\r\n   at NUnit.Framework.Internal.Commands.TestMethodCommand.Execute(TestExecutionContext context)\r\n   at NUnit.Framework.Internal.Commands.BeforeAndAfterTestCommand.<>c__DisplayClass1_0.<Execute>b__0()\r\n   at NUnit.Framework.Internal.Commands.DelegatingTestCommand.RunTestMethodInThreadAbortSafeZone(TestExecutionContext context, Action action)\r\n\n1)    at PolicyClaimTest.ClaimRepositoryTest.ClaimRepositoryGetAll_EmptyCollectionException() in C:\\Johnny\\Celsior_Training\\Day31\\PolicyClaimWebApiSolution\\PolicyClaimTest\\ClaimRepositoryTest.cs:line 90\r\n   at System.Runtime.CompilerServices.AsyncMethodBuilderCore.Start[TStateMachine](TStateMachine& stateMachine)\r\n   at PolicyClaimTest.ClaimRepositoryTest.ClaimRepositoryGetAll_EmptyCollectionException()\r\n\n","DisplayName":"ClaimRepositoryGetAll_EmptyCollectionException","Messages":[],"ComputerName":"5CD413DKRZ","Duration":"00:00:00.0099760","StartTime":"2024-10-28T05:19:45.8448531+00:00","EndTime":"2024-10-28T05:19:45.8548292+00:00","Properties":[{"Key":{"Id":"NUnit.Seed","Label":"Seed","Category":"","Description":"","Attributes":0,"ValueType":"System.String"},"Value":"1449830535"}]},{"TestCase":{"Id":"5e8c1a8b-fe31-bc89-057f-60b992daaf83","FullyQualifiedName":"PolicyClaimTest.ClaimRepositoryTest.GetClaim_Test","DisplayName":"GetClaim_Test","ExecutorUri":"executor://NUnit3TestExecutor","Source":"C:\\Johnny\\Celsior_Training\\Day31\\PolicyClaimWebApiSolution\\PolicyClaimTest\\bin\\Debug\\net6.0\\fine-code-coverage\\build-output\\PolicyClaimTest.dll","CodeFilePath":null,"LineNumber":0,"Properties":[{"Key":{"Id":"NUnit.Seed","Label":"Seed","Category":"","Description":"","Attributes":0,"ValueType":"System.String"},"Value":"2026404364"}]},"Attachments":[],"Outcome":1,"ErrorMessage":null,"ErrorStackTrace":null,"DisplayName":"GetClaim_Test","Messages":[],"ComputerName":"5CD413DKRZ","Duration":"00:00:00.0007870","StartTime":"2024-10-28T05:19:45.8548469+00:00","EndTime":"2024-10-28T05:19:45.8556332+00:00","Properties":[{"Key":{"Id":"NUnit.Seed","Label":"Seed","Category":"","Description":"","Attributes":0,"ValueType":"System.String"},"Value":"2026404364"}]},{"TestCase":{"Id":"6624436a-b336-50a0-9cc2-a9808c7389dc","FullyQualifiedName":"PolicyClaimTest.ClaimServiceTest.ClaimCreate_Test","DisplayName":"ClaimCreate_Test","ExecutorUri":"executor://NUnit3TestExecutor","Source":"C:\\Johnny\\Celsior_Training\\Day31\\PolicyClaimWebApiSolution\\PolicyClaimTest\\bin\\Debug\\net6.0\\fine-code-coverage\\build-output\\PolicyClaimTest.dll","CodeFilePath":null,"LineNumber":0,"Properties":[{"Key":{"Id":"NUnit.Seed","Label":"Seed","Category":"","Description":"","Attributes":0,"ValueType":"System.String"},"Value":"117817896"}]},"Attachments":[],"Outcome":1,"ErrorMessage":null,"ErrorStackTrace":null,"DisplayName":"ClaimCreate_Test","Messages":[],"ComputerName":"5CD413DKRZ","Duration":"00:00:00.0009790","StartTime":"2024-10-28T05:19:45.855733+00:00","EndTime":"2024-10-28T05:19:45.8567113+00:00","Properties":[{"Key":{"Id":"NUnit.Seed","Label":"Seed","Category":"","Description":"","Attributes":0,"ValueType":"System.String"},"Value":"117817896"}]},{"TestCase":{"Id":"7a9d448e-4c89-7921-969a-bc42b5e094eb","FullyQualifiedName":"PolicyClaimTest.ClaimServiceTest.ClaimGet_Test","DisplayName":"ClaimGet_Test","ExecutorUri":"executor://NUnit3TestExecutor","Source":"C:\\Johnny\\Celsior_Training\\Day31\\PolicyClaimWebApiSolution\\PolicyClaimTest\\bin\\Debug\\net6.0\\fine-code-coverage\\build-output\\PolicyClaimTest.dll","CodeFilePath":null,"LineNumber":0,"Properties":[{"Key":{"Id":"NUnit.Seed","Label":"Seed","Category":"","Description":"","Attributes":0,"ValueType":"System.String"},"Value":"312837282"}]},"Attachments":[],"Outcome":1,"ErrorMessage":null,"ErrorStackTrace":null,"DisplayName":"ClaimGet_Test","Messages":[],"ComputerName":"5CD413DKRZ","Duration":"00:00:00.0012080","StartTime":"2024-10-28T05:19:45.8567231+00:00","EndTime":"2024-10-28T05:19:45.8579308+00:00","Properties":[{"Key":{"Id":"NUnit.Seed","Label":"Seed","Category":"","Description":"","Attributes":0,"ValueType":"System.String"},"Value":"312837282"}]},{"TestCase":{"Id":"4b37efd5-2d45-405b-f41d-6cbd285089b3","FullyQualifiedName":"PolicyClaimTest.ClaimTypeControllerTesting.claimTypeController_StatusCode200_Test","DisplayName":"claimTypeController_StatusCode200_Test","ExecutorUri":"executor://NUnit3TestExecutor","Source":"C:\\Johnny\\Celsior_Training\\Day31\\PolicyClaimWebApiSolution\\PolicyClaimTest\\bin\\Debug\\net6.0\\fine-code-coverage\\build-output\\PolicyClaimTest.dll","CodeFilePath":null,"LineNumber":0,"Properties":[{"Key":{"Id":"NUnit.Seed","Label":"Seed","Category":"","Description":"","Attributes":0,"ValueType":"System.String"},"Value":"229230263"}]},"Attachments":[],"Outcome":1,"ErrorMessage":null,"ErrorStackTrace":null,"DisplayName":"claimTypeController_StatusCode200_Test","Messages":[],"ComputerName":"5CD413DKRZ","Duration":"00:00:00.0142040","StartTime":"2024-10-28T05:19:45.8580199+00:00","EndTime":"2024-10-28T05:19:45.8722233+00:00","Properties":[{"Key":{"Id":"NUnit.Seed","Label":"Seed","Category":"","Description":"","Attributes":0,"ValueType":"System.String"},"Value":"229230263"}]}],"TestRunStatistics":{"ExecutedTests":18,"Stats":{"Passed":13,"Failed":5}},"ActiveTests":[{"Id":"03ea43e1-e43d-91c4-bd2c-952d6278f047","FullyQualifiedName":"PolicyClaimTest.ClaimTypeControllerTesting.Validate_Fail_Exception_ClaimType","DisplayName":"Validate_Fail_Exception_ClaimType","ExecutorUri":"executor://NUnit3TestExecutor","Source":"C:\\Johnny\\Celsior_Training\\Day31\\PolicyClaimWebApiSolution\\PolicyClaimTest\\bin\\Debug\\net6.0\\fine-code-coverage\\build-output\\PolicyClaimTest.dll","CodeFilePath":null,"LineNumber":0,"Properties":[{"Key":{"Id":"NUnit.Seed","Label":"Seed","Category":"","Description":"","Attributes":0,"ValueType":"System.String"},"Value":"1417769674"}]}]}}
TpTrace Verbose: 0 : 26476, 11, 2024/10/28, 10:49:45.898, 4212731415727, vstest.console.dll, TestRunRequest:SendTestRunStatsChange: Starting.
TpTrace Verbose: 0 : 26476, 11, 2024/10/28, 10:49:45.898, 4212731416198, vstest.console.dll, InProgress is Validate_Fail_Exception_ClaimType
TpTrace Verbose: 0 : 26476, 11, 2024/10/28, 10:49:45.898, 4212731416879, vstest.console.dll, MulticastDelegateUtilities.SafeInvoke: TestRun.RunStatsChanged: Invoking callbacks was skipped because there are no subscribers.
TpTrace Information: 0 : 26476, 11, 2024/10/28, 10:49:45.898, 4212731417154, vstest.console.dll, TestRunRequest:SendTestRunStatsChange: Completed.
TpTrace Verbose: 0 : 26476, 11, 2024/10/28, 10:49:45.898, 4212731417416, vstest.console.dll, MulticastDelegateUtilities.SafeInvoke: LengthPrefixCommunicationChannel: MessageReceived: Invoking callback 1/1 for Microsoft.VisualStudio.TestPlatform.CommunicationUtilities.TestRequestSender+<>c__DisplayClass34_0., took 1 ms.
TpTrace Verbose: 0 : 26476, 11, 2024/10/28, 10:49:45.898, 4212731417709, vstest.console.dll, TcpClientExtensions.MessageLoopAsync: Polling on remoteEndPoint: 127.0.0.1:54747 localEndPoint: 127.0.0.1:54746 after 12 ms
TpTrace Verbose: 0 : 26476, 4, 2024/10/28, 10:49:45.899, 4212731420345, vstest.console.dll, MulticastDelegateUtilities.SafeInvoke: InternalTestLoggerEvents.SendTestResult: Invoking callback 1/1 for Microsoft.VisualStudio.TestPlatform.CommandLine.Internal.ConsoleLogger., took 0 ms.
TpTrace Verbose: 0 : 26476, 4, 2024/10/28, 10:49:45.899, 4212731420981, vstest.console.dll, MulticastDelegateUtilities.SafeInvoke: InternalTestLoggerEvents.SendTestResult: Invoking callback 1/1 for Microsoft.VisualStudio.TestPlatform.CommandLine.Internal.ConsoleLogger., took 0 ms.
TpTrace Verbose: 0 : 26476, 4, 2024/10/28, 10:49:45.900, 4212731429887, vstest.console.dll, MulticastDelegateUtilities.SafeInvoke: InternalTestLoggerEvents.SendTestResult: Invoking callback 1/1 for Microsoft.VisualStudio.TestPlatform.CommandLine.Internal.ConsoleLogger., took 0 ms.
TpTrace Verbose: 0 : 26476, 4, 2024/10/28, 10:49:45.900, 4212731430759, vstest.console.dll, MulticastDelegateUtilities.SafeInvoke: InternalTestLoggerEvents.SendTestResult: Invoking callback 1/1 for Microsoft.VisualStudio.TestPlatform.CommandLine.Internal.ConsoleLogger., took 0 ms.
TpTrace Verbose: 0 : 26476, 4, 2024/10/28, 10:49:45.900, 4212731432876, vstest.console.dll, MulticastDelegateUtilities.SafeInvoke: InternalTestLoggerEvents.SendTestResult: Invoking callback 1/1 for Microsoft.VisualStudio.TestPlatform.CommandLine.Internal.ConsoleLogger., took 0 ms.
TpTrace Verbose: 0 : 26476, 4, 2024/10/28, 10:49:45.900, 4212731433493, vstest.console.dll, MulticastDelegateUtilities.SafeInvoke: InternalTestLoggerEvents.SendTestResult: Invoking callback 1/1 for Microsoft.VisualStudio.TestPlatform.CommandLine.Internal.ConsoleLogger., took 0 ms.
TpTrace Verbose: 0 : 26476, 4, 2024/10/28, 10:49:45.900, 4212731434786, vstest.console.dll, MulticastDelegateUtilities.SafeInvoke: InternalTestLoggerEvents.SendTestResult: Invoking callback 1/1 for Microsoft.VisualStudio.TestPlatform.CommandLine.Internal.ConsoleLogger., took 0 ms.
TpTrace Verbose: 0 : 26476, 4, 2024/10/28, 10:49:45.900, 4212731435554, vstest.console.dll, MulticastDelegateUtilities.SafeInvoke: InternalTestLoggerEvents.SendTestResult: Invoking callback 1/1 for Microsoft.VisualStudio.TestPlatform.CommandLine.Internal.ConsoleLogger., took 0 ms.
TpTrace Verbose: 0 : 26476, 4, 2024/10/28, 10:49:45.900, 4212731435975, vstest.console.dll, MulticastDelegateUtilities.SafeInvoke: InternalTestLoggerEvents.SendTestResult: Invoking callback 1/1 for Microsoft.VisualStudio.TestPlatform.CommandLine.Internal.ConsoleLogger., took 0 ms.
TpTrace Verbose: 0 : 26476, 11, 2024/10/28, 10:49:45.926, 4212731689845, vstest.console.dll, TcpClientExtensions.MessageLoopAsync: NotifyDataAvailable remoteEndPoint: 127.0.0.1:54747 localEndPoint: 127.0.0.1:54746
TpTrace Verbose: 0 : 26476, 11, 2024/10/28, 10:49:45.926, 4212731693581, vstest.console.dll, TestRequestSender.OnExecutionMessageReceived: Received message: {"Version":7,"MessageType":"TestExecution.StatsChange","Payload":{"NewTestResults":[{"TestCase":{"Id":"03ea43e1-e43d-91c4-bd2c-952d6278f047","FullyQualifiedName":"PolicyClaimTest.ClaimTypeControllerTesting.Validate_Fail_Exception_ClaimType","DisplayName":"Validate_Fail_Exception_ClaimType","ExecutorUri":"executor://NUnit3TestExecutor","Source":"C:\\Johnny\\Celsior_Training\\Day31\\PolicyClaimWebApiSolution\\PolicyClaimTest\\bin\\Debug\\net6.0\\fine-code-coverage\\build-output\\PolicyClaimTest.dll","CodeFilePath":null,"LineNumber":0,"Properties":[{"Key":{"Id":"NUnit.Seed","Label":"Seed","Category":"","Description":"","Attributes":0,"ValueType":"System.String"},"Value":"1417769674"}]},"Attachments":[],"Outcome":1,"ErrorMessage":null,"ErrorStackTrace":null,"DisplayName":"Validate_Fail_Exception_ClaimType","Messages":[],"ComputerName":"5CD413DKRZ","Duration":"00:00:00.0013880","StartTime":"2024-10-28T05:19:45.8722451+00:00","EndTime":"2024-10-28T05:19:45.8736326+00:00","Properties":[{"Key":{"Id":"NUnit.Seed","Label":"Seed","Category":"","Description":"","Attributes":0,"ValueType":"System.String"},"Value":"1417769674"}]},{"TestCase":{"Id":"1a5e5765-88ff-e1b6-577e-76b2717e1295","FullyQualifiedName":"PolicyClaimTest.ClaimTypeRepositoryTesting.AddClaimType_Test","DisplayName":"AddClaimType_Test","ExecutorUri":"executor://NUnit3TestExecutor","Source":"C:\\Johnny\\Celsior_Training\\Day31\\PolicyClaimWebApiSolution\\PolicyClaimTest\\bin\\Debug\\net6.0\\fine-code-coverage\\build-output\\PolicyClaimTest.dll","CodeFilePath":null,"LineNumber":0,"Properties":[{"Key":{"Id":"NUnit.Seed","Label":"Seed","Category":"","Description":"","Attributes":0,"ValueType":"System.String"},"Value":"1720359852"}]},"Attachments":[],"Outcome":2,"ErrorMessage":"PolicyClaimWebApi.Exceptions.CouldNotAddException : Fail to add ClaimType","ErrorStackTrace":"   at PolicyClaimWebApi.Repositories.ClaimTypeRepository.Add(ClaimType entity) in C:\\Johnny\\Celsior_Training\\Day31\\PolicyClaimWebApiSolution\\PolicyClaimWebApi\\Repositories\\ClaimTypeRepository.cs:line 26\r\n   at PolicyClaimTest.ClaimTypeRepositoryTesting.AddClaimType_Test() in C:\\Johnny\\Celsior_Training\\Day31\\PolicyClaimWebApiSolution\\PolicyClaimTest\\ClaimTypeRepositoryTesting.cs:line 42\r\n   at NUnit.Framework.Internal.TaskAwaitAdapter.GenericAdapter`1.GetResult()\r\n   at NUnit.Framework.Internal.AsyncToSyncAdapter.Await(Func`1 invoke)\r\n   at NUnit.Framework.Internal.Commands.TestMethodCommand.RunTestMethod(TestExecutionContext context)\r\n   at NUnit.Framework.Internal.Commands.TestMethodCommand.Execute(TestExecutionContext context)\r\n   at NUnit.Framework.Internal.Commands.BeforeAndAfterTestCommand.<>c__DisplayClass1_0.<Execute>b__0()\r\n   at NUnit.Framework.Internal.Commands.DelegatingTestCommand.RunTestMethodInThreadAbortSafeZone(TestExecutionContext context, Action action)\n","DisplayName":"AddClaimType_Test","Messages":[],"ComputerName":"5CD413DKRZ","Duration":"00:00:00.0144520","StartTime":"2024-10-28T05:19:45.8737238+00:00","EndTime":"2024-10-28T05:19:45.8881757+00:00","Properties":[{"Key":{"Id":"NUnit.Seed","Label":"Seed","Category":"","Description":"","Attributes":0,"ValueType":"System.String"},"Value":"1720359852"}]},{"TestCase":{"Id":"92cb0cf9-31bd-b20a-617b-571a577569ba","FullyQualifiedName":"PolicyClaimTest.ClaimTypeRepositoryTesting.ClaimTypeRepositoryAdd_CouldNotAddException","DisplayName":"ClaimTypeRepositoryAdd_CouldNotAddException","ExecutorUri":"executor://NUnit3TestExecutor","Source":"C:\\Johnny\\Celsior_Training\\Day31\\PolicyClaimWebApiSolution\\PolicyClaimTest\\bin\\Debug\\net6.0\\fine-code-coverage\\build-output\\PolicyClaimTest.dll","CodeFilePath":null,"LineNumber":0,"Properties":[{"Key":{"Id":"NUnit.Seed","Label":"Seed","Category":"","Description":"","Attributes":0,"ValueType":"System.String"},"Value":"1497226910"}]},"Attachments":[],"Outcome":1,"ErrorMessage":null,"ErrorStackTrace":null,"DisplayName":"ClaimTypeRepositoryAdd_CouldNotAddException","Messages":[],"ComputerName":"5CD413DKRZ","Duration":"00:00:00.0017540","StartTime":"2024-10-28T05:19:45.8881986+00:00","EndTime":"2024-10-28T05:19:45.8899526+00:00","Properties":[{"Key":{"Id":"NUnit.Seed","Label":"Seed","Category":"","Description":"","Attributes":0,"ValueType":"System.String"},"Value":"1497226910"}]},{"TestCase":{"Id":"76a32306-93b8-9026-9d1a-4dab23cd27a5","FullyQualifiedName":"PolicyClaimTest.ClaimTypeRepositoryTesting.ClaimTypeRepositoryGetAll_EmptyCollectionException","DisplayName":"ClaimTypeRepositoryGetAll_EmptyCollectionException","ExecutorUri":"executor://NUnit3TestExecutor","Source":"C:\\Johnny\\Celsior_Training\\Day31\\PolicyClaimWebApiSolution\\PolicyClaimTest\\bin\\Debug\\net6.0\\fine-code-coverage\\build-output\\PolicyClaimTest.dll","CodeFilePath":null,"LineNumber":0,"Properties":[{"Key":{"Id":"NUnit.Seed","Label":"Seed","Category":"","Description":"","Attributes":0,"ValueType":"System.String"},"Value":"73184015"}]},"Attachments":[],"Outcome":2,"ErrorMessage":"  Expected: <PolicyClaimWebApi.Exceptions.EmptyCollectionException>\r\n  But was:  null\r\n","ErrorStackTrace":"   at PolicyClaimTest.ClaimTypeRepositoryTesting.ClaimTypeRepositoryGetAll_EmptyCollectionException() in C:\\Johnny\\Celsior_Training\\Day31\\PolicyClaimWebApiSolution\\PolicyClaimTest\\ClaimTypeRepositoryTesting.cs:line 88\r\n   at NUnit.Framework.Internal.TaskAwaitAdapter.GenericAdapter`1.GetResult()\r\n   at NUnit.Framework.Internal.AsyncToSyncAdapter.Await(Func`1 invoke)\r\n   at NUnit.Framework.Internal.Commands.TestMethodCommand.RunTestMethod(TestExecutionContext context)\r\n   at NUnit.Framework.Internal.Commands.TestMethodCommand.Execute(TestExecutionContext context)\r\n   at NUnit.Framework.Internal.Commands.BeforeAndAfterTestCommand.<>c__DisplayClass1_0.<Execute>b__0()\r\n   at NUnit.Framework.Internal.Commands.DelegatingTestCommand.RunTestMethodInThreadAbortSafeZone(TestExecutionContext context, Action action)\r\n\n1)    at PolicyClaimTest.ClaimTypeRepositoryTesting.ClaimTypeRepositoryGetAll_EmptyCollectionException() in C:\\Johnny\\Celsior_Training\\Day31\\PolicyClaimWebApiSolution\\PolicyClaimTest\\ClaimTypeRepositoryTesting.cs:line 88\r\n   at System.Runtime.CompilerServices.AsyncMethodBuilderCore.Start[TStateMachine](TStateMachine& stateMachine)\r\n   at PolicyClaimTest.ClaimTypeRepositoryTesting.ClaimTypeRepositoryGetAll_EmptyCollectionException()\r\n\n","DisplayName":"ClaimTypeRepositoryGetAll_EmptyCollectionException","Messages":[],"ComputerName":"5CD413DKRZ","Duration":"00:00:00.0056980","StartTime":"2024-10-28T05:19:45.8899731+00:00","EndTime":"2024-10-28T05:19:45.8956705+00:00","Properties":[{"Key":{"Id":"NUnit.Seed","Label":"Seed","Category":"","Description":"","Attributes":0,"ValueType":"System.String"},"Value":"73184015"}]},{"TestCase":{"Id":"eab13ae3-fbb4-f0a2-ce0f-6d010f1e44b6","FullyQualifiedName":"PolicyClaimTest.ClaimTypeRepositoryTesting.GetClaimType_Test","DisplayName":"GetClaimType_Test","ExecutorUri":"executor://NUnit3TestExecutor","Source":"C:\\Johnny\\Celsior_Training\\Day31\\PolicyClaimWebApiSolution\\PolicyClaimTest\\bin\\Debug\\net6.0\\fine-code-coverage\\build-output\\PolicyClaimTest.dll","CodeFilePath":null,"LineNumber":0,"Properties":[{"Key":{"Id":"NUnit.Seed","Label":"Seed","Category":"","Description":"","Attributes":0,"ValueType":"System.String"},"Value":"700735185"}]},"Attachments":[],"Outcome":2,"ErrorMessage":"PolicyClaimWebApi.Exceptions.CouldNotAddException : Fail to add ClaimType","ErrorStackTrace":"   at PolicyClaimWebApi.Repositories.ClaimTypeRepository.Add(ClaimType entity) in C:\\Johnny\\Celsior_Training\\Day31\\PolicyClaimWebApiSolution\\PolicyClaimWebApi\\Repositories\\ClaimTypeRepository.cs:line 26\r\n   at PolicyClaimTest.ClaimTypeRepositoryTesting.GetClaimType_Test() in C:\\Johnny\\Celsior_Training\\Day31\\PolicyClaimWebApiSolution\\PolicyClaimTest\\ClaimTypeRepositoryTesting.cs:line 60\r\n   at NUnit.Framework.Internal.TaskAwaitAdapter.GenericAdapter`1.GetResult()\r\n   at NUnit.Framework.Internal.AsyncToSyncAdapter.Await(Func`1 invoke)\r\n   at NUnit.Framework.Internal.Commands.TestMethodCommand.RunTestMethod(TestExecutionContext context)\r\n   at NUnit.Framework.Internal.Commands.TestMethodCommand.Execute(TestExecutionContext context)\r\n   at NUnit.Framework.Internal.Commands.BeforeAndAfterTestCommand.<>c__DisplayClass1_0.<Execute>b__0()\r\n   at NUnit.Framework.Internal.Commands.DelegatingTestCommand.RunTestMethodInThreadAbortSafeZone(TestExecutionContext context, Action action)\n","DisplayName":"GetClaimType_Test","Messages":[],"ComputerName":"5CD413DKRZ","Duration":"00:00:00.0009010","StartTime":"2024-10-28T05:19:45.8956854+00:00","EndTime":"2024-10-28T05:19:45.8965863+00:00","Properties":[{"Key":{"Id":"NUnit.Seed","Label":"Seed","Category":"","Description":"","Attributes":0,"ValueType":"System.String"},"Value":"700735185"}]},{"TestCase":{"Id":"84168e17-826c-939a-73ef-0ad6aa54deda","FullyQualifiedName":"PolicyClaimTest.ClaimTypeServiceTest.ClaimTypeCreate_Test","DisplayName":"ClaimTypeCreate_Test","ExecutorUri":"executor://NUnit3TestExecutor","Source":"C:\\Johnny\\Celsior_Training\\Day31\\PolicyClaimWebApiSolution\\PolicyClaimTest\\bin\\Debug\\net6.0\\fine-code-coverage\\build-output\\PolicyClaimTest.dll","CodeFilePath":null,"LineNumber":0,"Properties":[{"Key":{"Id":"NUnit.Seed","Label":"Seed","Category":"","Description":"","Attributes":0,"ValueType":"System.String"},"Value":"1251820513"}]},"Attachments":[],"Outcome":1,"ErrorMessage":null,"ErrorStackTrace":null,"DisplayName":"ClaimTypeCreate_Test","Messages":[],"ComputerName":"5CD413DKRZ","Duration":"00:00:00.0006960","StartTime":"2024-10-28T05:19:45.8966721+00:00","EndTime":"2024-10-28T05:19:45.8973681+00:00","Properties":[{"Key":{"Id":"NUnit.Seed","Label":"Seed","Category":"","Description":"","Attributes":0,"ValueType":"System.String"},"Value":"1251820513"}]},{"TestCase":{"Id":"33b91517-304c-b91c-efbb-93b2ad58520d","FullyQualifiedName":"PolicyClaimTest.ClaimTypeServiceTest.ClaimTypeGet_Test","DisplayName":"ClaimTypeGet_Test","ExecutorUri":"executor://NUnit3TestExecutor","Source":"C:\\Johnny\\Celsior_Training\\Day31\\PolicyClaimWebApiSolution\\PolicyClaimTest\\bin\\Debug\\net6.0\\fine-code-coverage\\build-output\\PolicyClaimTest.dll","CodeFilePath":null,"LineNumber":0,"Properties":[{"Key":{"Id":"NUnit.Seed","Label":"Seed","Category":"","Description":"","Attributes":0,"ValueType":"System.String"},"Value":"860668501"}]},"Attachments":[],"Outcome":2,"ErrorMessage":"PolicyClaimWebApi.Exceptions.CouldNotAddException : Fail to add ClaimType","ErrorStackTrace":"   at PolicyClaimWebApi.Repositories.ClaimTypeRepository.Add(ClaimType entity) in C:\\Johnny\\Celsior_Training\\Day31\\PolicyClaimWebApiSolution\\PolicyClaimWebApi\\Repositories\\ClaimTypeRepository.cs:line 26\r\n   at PolicyClaimWebApi.Services.ClaimTypeService.CreateClaimType(ClaimTypeDTO entity) in C:\\Johnny\\Celsior_Training\\Day31\\PolicyClaimWebApiSolution\\PolicyClaimWebApi\\Services\\ClaimTypeService.cs:line 24\r\n   at PolicyClaimTest.ClaimTypeServiceTest.ClaimTypeGet_Test() in C:\\Johnny\\Celsior_Training\\Day31\\PolicyClaimWebApiSolution\\PolicyClaimTest\\ClaimTypeServiceTest.cs:line 74\r\n   at NUnit.Framework.Internal.TaskAwaitAdapter.GenericAdapter`1.GetResult()\r\n   at NUnit.Framework.Internal.AsyncToSyncAdapter.Await(Func`1 invoke)\r\n   at NUnit.Framework.Internal.Commands.TestMethodCommand.RunTestMethod(TestExecutionContext context)\r\n   at NUnit.Framework.Internal.Commands.TestMethodCommand.Execute(TestExecutionContext context)\r\n   at NUnit.Framework.Internal.Commands.BeforeAndAfterTestCommand.<>c__DisplayClass1_0.<Execute>b__0()\r\n   at NUnit.Framework.Internal.Commands.DelegatingTestCommand.RunTestMethodInThreadAbortSafeZone(TestExecutionContext context, Action action)\n","DisplayName":"ClaimTypeGet_Test","Messages":[],"ComputerName":"5CD413DKRZ","Duration":"00:00:00.0010410","StartTime":"2024-10-28T05:19:45.8973781+00:00","EndTime":"2024-10-28T05:19:45.8984186+00:00","Properties":[{"Key":{"Id":"NUnit.Seed","Label":"Seed","Category":"","Description":"","Attributes":0,"ValueType":"System.String"},"Value":"860668501"}]},{"TestCase":{"Id":"d7726184-1169-bab2-cb83-2f12f02b27c0","FullyQualifiedName":"PolicyClaimTest.PolicyRepositoryTest.AddPolicy_Test","DisplayName":"AddPolicy_Test","ExecutorUri":"executor://NUnit3TestExecutor","Source":"C:\\Johnny\\Celsior_Training\\Day31\\PolicyClaimWebApiSolution\\PolicyClaimTest\\bin\\Debug\\net6.0\\fine-code-coverage\\build-output\\PolicyClaimTest.dll","CodeFilePath":null,"LineNumber":0,"Properties":[{"Key":{"Id":"NUnit.Seed","Label":"Seed","Category":"","Description":"","Attributes":0,"ValueType":"System.String"},"Value":"433645729"}]},"Attachments":[],"Outcome":1,"ErrorMessage":null,"ErrorStackTrace":null,"DisplayName":"AddPolicy_Test","Messages":[],"ComputerName":"5CD413DKRZ","Duration":"00:00:00.0069960","StartTime":"2024-10-28T05:19:45.8985097+00:00","EndTime":"2024-10-28T05:19:45.9055059+00:00","Properties":[{"Key":{"Id":"NUnit.Seed","Label":"Seed","Category":"","Description":"","Attributes":0,"ValueType":"System.String"},"Value":"433645729"}]},{"TestCase":{"Id":"e4a28e4a-726c-4289-f9e5-425bded019a0","FullyQualifiedName":"PolicyClaimTest.PolicyRepositoryTest.GetPolicy_Test","DisplayName":"GetPolicy_Test","ExecutorUri":"executor://NUnit3TestExecutor","Source":"C:\\Johnny\\Celsior_Training\\Day31\\PolicyClaimWebApiSolution\\PolicyClaimTest\\bin\\Debug\\net6.0\\fine-code-coverage\\build-output\\PolicyClaimTest.dll","CodeFilePath":null,"LineNumber":0,"Properties":[{"Key":{"Id":"NUnit.Seed","Label":"Seed","Category":"","Description":"","Attributes":0,"ValueType":"System.String"},"Value":"632854699"}]},"Attachments":[],"Outcome":2,"ErrorMessage":"PolicyClaimWebApi.Exceptions.CouldNotAddException : Fail to add Policy","ErrorStackTrace":"   at PolicyClaimWebApi.Repositories.PolicyRepository.Add(Policy entity) in C:\\Johnny\\Celsior_Training\\Day31\\PolicyClaimWebApiSolution\\PolicyClaimWebApi\\Repositories\\PolicyRepository.cs:line 26\r\n   at PolicyClaimTest.PolicyRepositoryTest.GetPolicy_Test() in C:\\Johnny\\Celsior_Training\\Day31\\PolicyClaimWebApiSolution\\PolicyClaimTest\\PolicyRepositoryTest.cs:line 59\r\n   at NUnit.Framework.Internal.TaskAwaitAdapter.GenericAdapter`1.GetResult()\r\n   at NUnit.Framework.Internal.AsyncToSyncAdapter.Await(Func`1 invoke)\r\n   at NUnit.Framework.Internal.Commands.TestMethodCommand.RunTestMethod(TestExecutionContext context)\r\n   at NUnit.Framework.Internal.Commands.TestMethodCommand.Execute(TestExecutionContext context)\r\n   at NUnit.Framework.Internal.Commands.BeforeAndAfterTestCommand.<>c__DisplayClass1_0.<Execute>b__0()\r\n   at NUnit.Framework.Internal.Commands.DelegatingTestCommand.RunTestMethodInThreadAbortSafeZone(TestExecutionContext context, Action action)\n","DisplayName":"GetPolicy_Test","Messages":[],"ComputerName":"5CD413DKRZ","Duration":"00:00:00.0009580","StartTime":"2024-10-28T05:19:45.9055221+00:00","EndTime":"2024-10-28T05:19:45.9064798+00:00","Properties":[{"Key":{"Id":"NUnit.Seed","Label":"Seed","Category":"","Description":"","Attributes":0,"ValueType":"System.String"},"Value":"632854699"}]}],"TestRunStatistics":{"ExecutedTests":27,"Stats":{"Passed":17,"Failed":10}},"ActiveTests":[{"Id":"d177add9-6049-fe6c-e61c-71db77296e12","FullyQualifiedName":"PolicyClaimTest.PolicyRepositoryTest.PolicyRepositoryAdd_CouldNotAddException","DisplayName":"PolicyRepositoryAdd_CouldNotAddException","ExecutorUri":"executor://NUnit3TestExecutor","Source":"C:\\Johnny\\Celsior_Training\\Day31\\PolicyClaimWebApiSolution\\PolicyClaimTest\\bin\\Debug\\net6.0\\fine-code-coverage\\build-output\\PolicyClaimTest.dll","CodeFilePath":null,"LineNumber":0,"Properties":[{"Key":{"Id":"NUnit.Seed","Label":"Seed","Category":"","Description":"","Attributes":0,"ValueType":"System.String"},"Value":"1546953324"}]}]}}
TpTrace Verbose: 0 : 26476, 11, 2024/10/28, 10:49:45.931, 4212731745502, vstest.console.dll, TestRunRequest:SendTestRunStatsChange: Starting.
TpTrace Verbose: 0 : 26476, 11, 2024/10/28, 10:49:45.931, 4212731746609, vstest.console.dll, InProgress is PolicyRepositoryAdd_CouldNotAddException
TpTrace Verbose: 0 : 26476, 11, 2024/10/28, 10:49:45.931, 4212731747271, vstest.console.dll, MulticastDelegateUtilities.SafeInvoke: TestRun.RunStatsChanged: Invoking callbacks was skipped because there are no subscribers.
TpTrace Information: 0 : 26476, 11, 2024/10/28, 10:49:45.931, 4212731747542, vstest.console.dll, TestRunRequest:SendTestRunStatsChange: Completed.
TpTrace Verbose: 0 : 26476, 4, 2024/10/28, 10:49:45.931, 4212731747752, vstest.console.dll, MulticastDelegateUtilities.SafeInvoke: InternalTestLoggerEvents.SendTestResult: Invoking callback 1/1 for Microsoft.VisualStudio.TestPlatform.CommandLine.Internal.ConsoleLogger., took 0 ms.
TpTrace Verbose: 0 : 26476, 11, 2024/10/28, 10:49:45.931, 4212731747839, vstest.console.dll, MulticastDelegateUtilities.SafeInvoke: LengthPrefixCommunicationChannel: MessageReceived: Invoking callback 1/1 for Microsoft.VisualStudio.TestPlatform.CommunicationUtilities.TestRequestSender+<>c__DisplayClass34_0., took 5 ms.
TpTrace Verbose: 0 : 26476, 11, 2024/10/28, 10:49:45.932, 4212731749055, vstest.console.dll, TcpClientExtensions.MessageLoopAsync: Polling on remoteEndPoint: 127.0.0.1:54747 localEndPoint: 127.0.0.1:54746 after 33 ms
TpTrace Verbose: 0 : 26476, 4, 2024/10/28, 10:49:45.932, 4212731749819, vstest.console.dll, MulticastDelegateUtilities.SafeInvoke: InternalTestLoggerEvents.SendTestResult: Invoking callback 1/1 for Microsoft.VisualStudio.TestPlatform.CommandLine.Internal.ConsoleLogger., took 0 ms.
TpTrace Verbose: 0 : 26476, 4, 2024/10/28, 10:49:45.932, 4212731751992, vstest.console.dll, MulticastDelegateUtilities.SafeInvoke: InternalTestLoggerEvents.SendTestResult: Invoking callback 1/1 for Microsoft.VisualStudio.TestPlatform.CommandLine.Internal.ConsoleLogger., took 0 ms.
TpTrace Verbose: 0 : 26476, 4, 2024/10/28, 10:49:45.932, 4212731755225, vstest.console.dll, MulticastDelegateUtilities.SafeInvoke: InternalTestLoggerEvents.SendTestResult: Invoking callback 1/1 for Microsoft.VisualStudio.TestPlatform.CommandLine.Internal.ConsoleLogger., took 0 ms.
TpTrace Verbose: 0 : 26476, 4, 2024/10/28, 10:49:45.932, 4212731757508, vstest.console.dll, MulticastDelegateUtilities.SafeInvoke: InternalTestLoggerEvents.SendTestResult: Invoking callback 1/1 for Microsoft.VisualStudio.TestPlatform.CommandLine.Internal.ConsoleLogger., took 0 ms.
TpTrace Verbose: 0 : 26476, 4, 2024/10/28, 10:49:45.932, 4212731758387, vstest.console.dll, MulticastDelegateUtilities.SafeInvoke: InternalTestLoggerEvents.SendTestResult: Invoking callback 1/1 for Microsoft.VisualStudio.TestPlatform.CommandLine.Internal.ConsoleLogger., took 0 ms.
TpTrace Verbose: 0 : 26476, 4, 2024/10/28, 10:49:45.933, 4212731761162, vstest.console.dll, MulticastDelegateUtilities.SafeInvoke: InternalTestLoggerEvents.SendTestResult: Invoking callback 1/1 for Microsoft.VisualStudio.TestPlatform.CommandLine.Internal.ConsoleLogger., took 0 ms.
TpTrace Verbose: 0 : 26476, 4, 2024/10/28, 10:49:45.933, 4212731762141, vstest.console.dll, MulticastDelegateUtilities.SafeInvoke: InternalTestLoggerEvents.SendTestResult: Invoking callback 1/1 for Microsoft.VisualStudio.TestPlatform.CommandLine.Internal.ConsoleLogger., took 0 ms.
TpTrace Verbose: 0 : 26476, 4, 2024/10/28, 10:49:45.933, 4212731765765, vstest.console.dll, MulticastDelegateUtilities.SafeInvoke: InternalTestLoggerEvents.SendTestResult: Invoking callback 1/1 for Microsoft.VisualStudio.TestPlatform.CommandLine.Internal.ConsoleLogger., took 0 ms.
TpTrace Verbose: 0 : 26476, 11, 2024/10/28, 10:49:45.942, 4212731857244, vstest.console.dll, TcpClientExtensions.MessageLoopAsync: NotifyDataAvailable remoteEndPoint: 127.0.0.1:54747 localEndPoint: 127.0.0.1:54746
TpTrace Verbose: 0 : 26476, 11, 2024/10/28, 10:49:45.943, 4212731858646, vstest.console.dll, TestRequestSender.OnExecutionMessageReceived: Received message: {"Version":7,"MessageType":"TestSession.Message","Payload":{"MessageLevel":0,"Message":"NUnit Adapter 4.4.0.0: Test execution complete"}}
TpTrace Verbose: 0 : 26476, 11, 2024/10/28, 10:49:45.943, 4212731860283, vstest.console.dll, TestRunRequest:SendTestRunMessage: Starting.
TpTrace Verbose: 0 : 26476, 11, 2024/10/28, 10:49:45.943, 4212731860946, vstest.console.dll, MulticastDelegateUtilities.SafeInvoke: TestRun.LogMessages: Invoking callback 1/1 for Microsoft.VisualStudio.TestPlatform.CommandLine.TestRunResultAggregator., took 0 ms.
TpTrace Information: 0 : 26476, 11, 2024/10/28, 10:49:45.943, 4212731861772, vstest.console.dll, TestRunRequest:SendTestRunMessage: Completed.
TpTrace Verbose: 0 : 26476, 4, 2024/10/28, 10:49:45.943, 4212731861237, vstest.console.dll, MulticastDelegateUtilities.SafeInvoke: InternalTestLoggerEvents.SendTestRunMessage: Invoking callback 1/1 for Microsoft.VisualStudio.TestPlatform.CommandLine.Internal.ConsoleLogger., took 0 ms.
TpTrace Verbose: 0 : 26476, 11, 2024/10/28, 10:49:45.943, 4212731862071, vstest.console.dll, MulticastDelegateUtilities.SafeInvoke: LengthPrefixCommunicationChannel: MessageReceived: Invoking callback 1/1 for Microsoft.VisualStudio.TestPlatform.CommunicationUtilities.TestRequestSender+<>c__DisplayClass34_0., took 0 ms.
TpTrace Verbose: 0 : 26476, 11, 2024/10/28, 10:49:45.943, 4212731864110, vstest.console.dll, TcpClientExtensions.MessageLoopAsync: Polling on remoteEndPoint: 127.0.0.1:54747 localEndPoint: 127.0.0.1:54746 after 11 ms
TpTrace Verbose: 0 : 26476, 11, 2024/10/28, 10:49:45.956, 4212731997159, vstest.console.dll, TcpClientExtensions.MessageLoopAsync: NotifyDataAvailable remoteEndPoint: 127.0.0.1:54747 localEndPoint: 127.0.0.1:54746
TpTrace Verbose: 0 : 26476, 11, 2024/10/28, 10:49:45.957, 4212731999727, vstest.console.dll, TestRequestSender.OnExecutionMessageReceived: Received message: {"Version":7,"MessageType":"TestExecution.Completed","Payload":{"TestRunCompleteArgs":{"TestRunStatistics":{"ExecutedTests":31,"Stats":{"Passed":18,"Failed":13}},"IsCanceled":false,"IsAborted":false,"Error":null,"AttachmentSets":[],"InvokedDataCollectors":[],"ElapsedTimeInRunningTests":"00:00:01.1625994","Metrics":{},"DiscoveredExtensions":{"TestDiscoverers":["NUnit.VisualStudio.TestAdapter.NUnit3TestDiscoverer, NUnit3.TestAdapter, Version=4.4.0.0, Culture=neutral, PublicKeyToken=4cb40d35494691ac"],"TestExecutors":["executor://NUnit3TestExecutor"],"TestExecutors2":[],"TestSettingsProviders":[]}},"LastRunTests":{"NewTestResults":[{"TestCase":{"Id":"d177add9-6049-fe6c-e61c-71db77296e12","FullyQualifiedName":"PolicyClaimTest.PolicyRepositoryTest.PolicyRepositoryAdd_CouldNotAddException","DisplayName":"PolicyRepositoryAdd_CouldNotAddException","ExecutorUri":"executor://NUnit3TestExecutor","Source":"C:\\Johnny\\Celsior_Training\\Day31\\PolicyClaimWebApiSolution\\PolicyClaimTest\\bin\\Debug\\net6.0\\fine-code-coverage\\build-output\\PolicyClaimTest.dll","CodeFilePath":null,"LineNumber":0,"Properties":[{"Key":{"Id":"NUnit.Seed","Label":"Seed","Category":"","Description":"","Attributes":0,"ValueType":"System.String"},"Value":"1546953324"}]},"Attachments":[],"Outcome":1,"ErrorMessage":null,"ErrorStackTrace":null,"DisplayName":"PolicyRepositoryAdd_CouldNotAddException","Messages":[],"ComputerName":"5CD413DKRZ","Duration":"00:00:00.0015040","StartTime":"2024-10-28T05:19:45.9064921+00:00","EndTime":"2024-10-28T05:19:45.907996+00:00","Properties":[{"Key":{"Id":"NUnit.Seed","Label":"Seed","Category":"","Description":"","Attributes":0,"ValueType":"System.String"},"Value":"1546953324"}]},{"TestCase":{"Id":"c436ac0d-456c-9033-c6d6-1029e4ce1c07","FullyQualifiedName":"PolicyClaimTest.PolicyRepositoryTest.PolicyRepositoryGetAll_EmptyCollectionException","DisplayName":"PolicyRepositoryGetAll_EmptyCollectionException","ExecutorUri":"executor://NUnit3TestExecutor","Source":"C:\\Johnny\\Celsior_Training\\Day31\\PolicyClaimWebApiSolution\\PolicyClaimTest\\bin\\Debug\\net6.0\\fine-code-coverage\\build-output\\PolicyClaimTest.dll","CodeFilePath":null,"LineNumber":0,"Properties":[{"Key":{"Id":"NUnit.Seed","Label":"Seed","Category":"","Description":"","Attributes":0,"ValueType":"System.String"},"Value":"691823481"}]},"Attachments":[],"Outcome":2,"ErrorMessage":"  Expected: <PolicyClaimWebApi.Exceptions.EmptyCollectionException>\r\n  But was:  null\r\n","ErrorStackTrace":"   at PolicyClaimTest.PolicyRepositoryTest.PolicyRepositoryGetAll_EmptyCollectionException() in C:\\Johnny\\Celsior_Training\\Day31\\PolicyClaimWebApiSolution\\PolicyClaimTest\\PolicyRepositoryTest.cs:line 87\r\n   at NUnit.Framework.Internal.TaskAwaitAdapter.GenericAdapter`1.GetResult()\r\n   at NUnit.Framework.Internal.AsyncToSyncAdapter.Await(Func`1 invoke)\r\n   at NUnit.Framework.Internal.Commands.TestMethodCommand.RunTestMethod(TestExecutionContext context)\r\n   at NUnit.Framework.Internal.Commands.TestMethodCommand.Execute(TestExecutionContext context)\r\n   at NUnit.Framework.Internal.Commands.BeforeAndAfterTestCommand.<>c__DisplayClass1_0.<Execute>b__0()\r\n   at NUnit.Framework.Internal.Commands.DelegatingTestCommand.RunTestMethodInThreadAbortSafeZone(TestExecutionContext context, Action action)\r\n\n1)    at PolicyClaimTest.PolicyRepositoryTest.PolicyRepositoryGetAll_EmptyCollectionException() in C:\\Johnny\\Celsior_Training\\Day31\\PolicyClaimWebApiSolution\\PolicyClaimTest\\PolicyRepositoryTest.cs:line 87\r\n   at System.Runtime.CompilerServices.AsyncMethodBuilderCore.Start[TStateMachine](TStateMachine& stateMachine)\r\n   at PolicyClaimTest.PolicyRepositoryTest.PolicyRepositoryGetAll_EmptyCollectionException()\r\n\n","DisplayName":"PolicyRepositoryGetAll_EmptyCollectionException","Messages":[],"ComputerName":"5CD413DKRZ","Duration":"00:00:00.0043800","StartTime":"2024-10-28T05:19:45.9080191+00:00","EndTime":"2024-10-28T05:19:45.9123989+00:00","Properties":[{"Key":{"Id":"NUnit.Seed","Label":"Seed","Category":"","Description":"","Attributes":0,"ValueType":"System.String"},"Value":"691823481"}]},{"TestCase":{"Id":"c11f4dc9-673b-c3cd-b8d0-c34e94700bcc","FullyQualifiedName":"PolicyClaimTest.PolicyServiceTest.PolicyCreate_Test","DisplayName":"PolicyCreate_Test","ExecutorUri":"executor://NUnit3TestExecutor","Source":"C:\\Johnny\\Celsior_Training\\Day31\\PolicyClaimWebApiSolution\\PolicyClaimTest\\bin\\Debug\\net6.0\\fine-code-coverage\\build-output\\PolicyClaimTest.dll","CodeFilePath":null,"LineNumber":0,"Properties":[{"Key":{"Id":"NUnit.Seed","Label":"Seed","Category":"","Description":"","Attributes":0,"ValueType":"System.String"},"Value":"1429894677"}]},"Attachments":[],"Outcome":2,"ErrorMessage":"PolicyClaimWebApi.Exceptions.CouldNotAddException : Fail to add Policy","ErrorStackTrace":"   at PolicyClaimWebApi.Repositories.PolicyRepository.Add(Policy entity) in C:\\Johnny\\Celsior_Training\\Day31\\PolicyClaimWebApiSolution\\PolicyClaimWebApi\\Repositories\\PolicyRepository.cs:line 26\r\n   at PolicyClaimWebApi.Services.PolicyService.CreatePolicy(PolicyDTO entity) in C:\\Johnny\\Celsior_Training\\Day31\\PolicyClaimWebApiSolution\\PolicyClaimWebApi\\Services\\PolicyService.cs:line 23\r\n   at PolicyClaimTest.PolicyServiceTest.PolicyCreate_Test() in C:\\Johnny\\Celsior_Training\\Day31\\PolicyClaimWebApiSolution\\PolicyClaimTest\\PolicyServiceTest.cs:line 47\r\n   at NUnit.Framework.Internal.TaskAwaitAdapter.GenericAdapter`1.GetResult()\r\n   at NUnit.Framework.Internal.AsyncToSyncAdapter.Await(Func`1 invoke)\r\n   at NUnit.Framework.Internal.Commands.TestMethodCommand.RunTestMethod(TestExecutionContext context)\r\n   at NUnit.Framework.Internal.Commands.TestMethodCommand.Execute(TestExecutionContext context)\r\n   at NUnit.Framework.Internal.Commands.BeforeAndAfterTestCommand.<>c__DisplayClass1_0.<Execute>b__0()\r\n   at NUnit.Framework.Internal.Commands.DelegatingTestCommand.RunTestMethodInThreadAbortSafeZone(TestExecutionContext context, Action action)\n","DisplayName":"PolicyCreate_Test","Messages":[],"ComputerName":"5CD413DKRZ","Duration":"00:00:00.0039690","StartTime":"2024-10-28T05:19:45.9126549+00:00","EndTime":"2024-10-28T05:19:45.916624+00:00","Properties":[{"Key":{"Id":"NUnit.Seed","Label":"Seed","Category":"","Description":"","Attributes":0,"ValueType":"System.String"},"Value":"1429894677"}]},{"TestCase":{"Id":"fb69e846-9bbc-cc7d-1a6b-933925475965","FullyQualifiedName":"PolicyClaimTest.PolicyServiceTest.PolicyGet_Test","DisplayName":"PolicyGet_Test","ExecutorUri":"executor://NUnit3TestExecutor","Source":"C:\\Johnny\\Celsior_Training\\Day31\\PolicyClaimWebApiSolution\\PolicyClaimTest\\bin\\Debug\\net6.0\\fine-code-coverage\\build-output\\PolicyClaimTest.dll","CodeFilePath":null,"LineNumber":0,"Properties":[{"Key":{"Id":"NUnit.Seed","Label":"Seed","Category":"","Description":"","Attributes":0,"ValueType":"System.String"},"Value":"2089279912"}]},"Attachments":[],"Outcome":2,"ErrorMessage":"PolicyClaimWebApi.Exceptions.CouldNotAddException : Fail to add Policy","ErrorStackTrace":"   at PolicyClaimWebApi.Repositories.PolicyRepository.Add(Policy entity) in C:\\Johnny\\Celsior_Training\\Day31\\PolicyClaimWebApiSolution\\PolicyClaimWebApi\\Repositories\\PolicyRepository.cs:line 26\r\n   at PolicyClaimWebApi.Services.PolicyService.CreatePolicy(PolicyDTO entity) in C:\\Johnny\\Celsior_Training\\Day31\\PolicyClaimWebApiSolution\\PolicyClaimWebApi\\Services\\PolicyService.cs:line 23\r\n   at PolicyClaimTest.PolicyServiceTest.PolicyGet_Test() in C:\\Johnny\\Celsior_Training\\Day31\\PolicyClaimWebApiSolution\\PolicyClaimTest\\PolicyServiceTest.cs:line 69\r\n   at NUnit.Framework.Internal.TaskAwaitAdapter.GenericAdapter`1.GetResult()\r\n   at NUnit.Framework.Internal.AsyncToSyncAdapter.Await(Func`1 invoke)\r\n   at NUnit.Framework.Internal.Commands.TestMethodCommand.RunTestMethod(TestExecutionContext context)\r\n   at NUnit.Framework.Internal.Commands.TestMethodCommand.Execute(TestExecutionContext context)\r\n   at NUnit.Framework.Internal.Commands.BeforeAndAfterTestCommand.<>c__DisplayClass1_0.<Execute>b__0()\r\n   at NUnit.Framework.Internal.Commands.DelegatingTestCommand.RunTestMethodInThreadAbortSafeZone(TestExecutionContext context, Action action)\n","DisplayName":"PolicyGet_Test","Messages":[],"ComputerName":"5CD413DKRZ","Duration":"00:00:00.0011470","StartTime":"2024-10-28T05:19:45.9166407+00:00","EndTime":"2024-10-28T05:19:45.9177876+00:00","Properties":[{"Key":{"Id":"NUnit.Seed","Label":"Seed","Category":"","Description":"","Attributes":0,"ValueType":"System.String"},"Value":"2089279912"}]}],"TestRunStatistics":{"ExecutedTests":31,"Stats":{"Passed":18,"Failed":13}},"ActiveTests":[]},"RunAttachments":[],"ExecutorUris":["executor://nunit3testexecutor/"]}}
TpTrace Verbose: 0 : 26476, 11, 2024/10/28, 10:49:45.957, 4212732001148, vstest.console.dll, TestRequestSender.EndSession: Sending end session.
TpTrace Verbose: 0 : 26476, 11, 2024/10/28, 10:49:45.957, 4212732002844, vstest.console.dll, ProxyOperationManager.Close: waiting for test host to exit for 100 ms
TpTrace Warning: 0 : 26476, 7, 2024/10/28, 10:49:45.969, 4212732125899, vstest.console.dll, TestHostManagerCallbacks.ErrorReceivedCallback Test host standard error line: 
TpTrace Verbose: 0 : 26476, 12, 2024/10/28, 10:49:45.969, 4212732125911, vstest.console.dll, TestHostManagerCallbacks.StandardOutputReceivedCallback Test host standard output line: 
TpTrace Verbose: 0 : 26476, 7, 2024/10/28, 10:49:45.977, 4212732204649, vstest.console.dll, TestHostProvider.ExitCallBack: Host exited starting callback.
TpTrace Information: 0 : 26476, 7, 2024/10/28, 10:49:45.977, 4212732205923, vstest.console.dll, TestHostManagerCallbacks.ExitCallBack: Testhost processId: 14316 exited with exitcode: 0 error: ''
TpTrace Verbose: 0 : 26476, 7, 2024/10/28, 10:49:45.977, 4212732206247, vstest.console.dll, DotnetTestHostManager.OnHostExited: invoking OnHostExited callback
TpTrace Verbose: 0 : 26476, 7, 2024/10/28, 10:49:45.977, 4212732206654, vstest.console.dll, CrossPlatEngine.TestHostManagerHostExited: calling on client process exit callback.
TpTrace Information: 0 : 26476, 7, 2024/10/28, 10:49:45.977, 4212732207079, vstest.console.dll, TestRequestSender.OnClientProcessExit: Test host process exited. Standard error: 
TpTrace Information: 0 : 26476, 7, 2024/10/28, 10:49:45.977, 4212732207422, vstest.console.dll, SocketServer.Stop: Stop server endPoint: 127.0.0.1:54746
TpTrace Information: 0 : 26476, 11, 2024/10/28, 10:49:45.977, 4212732207505, vstest.console.dll, SocketServer.Stop: Stop server endPoint: 127.0.0.1:54746
TpTrace Information: 0 : 26476, 11, 2024/10/28, 10:49:45.977, 4212732208156, vstest.console.dll, SocketServer.Stop: Cancellation requested. Stopping message loop.
TpTrace Information: 0 : 26476, 7, 2024/10/28, 10:49:45.978, 4212732208516, vstest.console.dll, SocketServer.Stop: Cancellation requested. Stopping message loop.
TpTrace Verbose: 0 : 26476, 7, 2024/10/28, 10:49:45.978, 4212732208896, vstest.console.dll, MulticastDelegateUtilities.SafeInvoke: HostProviderEvents.OnHostExited: Invoking callback 1/1 for Microsoft.VisualStudio.TestPlatform.CrossPlatEngine.Client.ProxyOperationManager., took 0 ms.
TpTrace Information: 0 : 26476, 11, 2024/10/28, 10:49:45.978, 4212732209006, vstest.console.dll, Closing the connection
TpTrace Verbose: 0 : 26476, 11, 2024/10/28, 10:49:45.978, 4212732210773, vstest.console.dll, ProxyDataCollectionManager.InvokeDataCollectionServiceAction: Starting.
TpTrace Information: 0 : 26476, 11, 2024/10/28, 10:49:45.978, 4212732211115, vstest.console.dll, ProxyDataCollectionManager.AfterTestRunEnd: Get attachment set and invoked data collectors processId: 21692 port: 54743
TpTrace Verbose: 0 : 26476, 11, 2024/10/28, 10:49:45.978, 4212732211474, vstest.console.dll, DataCollectionRequestSender.SendAfterTestRunStartAndGetResult: Send AfterTestRunEnd message with isCancelled: False
TpTrace Verbose: 0 : 26476, 11, 2024/10/28, 10:49:45.982, 4212732255833, vstest.console.dll, DataCollectionRequestSender.SendAfterTestRunStartAndGetResult: Received message: (DataCollection.AfterTestRunEndResult) -> {"MessageType":"DataCollection.AfterTestRunEndResult","Payload":{"AttachmentSets":[],"InvokedDataCollectors":[{"Uri":"datacollector://Microsoft/TestPlatform/Extensions/Blame/v1","FriendlyName":"Blame","AssemblyQualifiedName":"Microsoft.TestPlatform.Extensions.BlameDataCollector.BlameCollector, Microsoft.TestPlatform.Extensions.BlameDataCollector, Version=15.0.0.0, Culture=neutral, PublicKeyToken=b03f5f7f11d50a3a","FilePath":"C:\\Program Files\\dotnet\\sdk\\8.0.400\\Extensions\\Microsoft.TestPlatform.Extensions.BlameDataCollector.dll","HasAttachmentProcessor":false}],"Metrics":{}}}
TpTrace Information: 0 : 26476, 11, 2024/10/28, 10:49:45.985, 4212732285847, vstest.console.dll, ProxyDataCollectionManager.InvokeDataCollectionServiceAction: Completed.
TpTrace Warning: 0 : 26476, 10, 2024/10/28, 10:49:45.986, 4212732295177, vstest.console.dll, DataCollectionLauncher.ErrorReceivedCallback datacollector standard error line: 
TpTrace Information: 0 : 26476, 10, 2024/10/28, 10:49:45.991, 4212732348075, vstest.console.dll, DataCollectionLauncher.ExitCallBack: Data collector exited with exitcode: 0 error: ''
TpTrace Verbose: 0 : 26476, 11, 2024/10/28, 10:49:46.005, 4212732479653, vstest.console.dll, TestRunRequest:SendTestRunStatsChange: Starting.
TpTrace Verbose: 0 : 26476, 11, 2024/10/28, 10:49:46.005, 4212732480749, vstest.console.dll, MulticastDelegateUtilities.SafeInvoke: TestRun.RunStatsChanged: Invoking callbacks was skipped because there are no subscribers.
TpTrace Information: 0 : 26476, 11, 2024/10/28, 10:49:46.005, 4212732481056, vstest.console.dll, TestRunRequest:SendTestRunStatsChange: Completed.
TpTrace Verbose: 0 : 26476, 4, 2024/10/28, 10:49:46.005, 4212732481476, vstest.console.dll, MulticastDelegateUtilities.SafeInvoke: InternalTestLoggerEvents.SendTestResult: Invoking callback 1/1 for Microsoft.VisualStudio.TestPlatform.CommandLine.Internal.ConsoleLogger., took 0 ms.
TpTrace Verbose: 0 : 26476, 11, 2024/10/28, 10:49:46.005, 4212732483091, vstest.console.dll, ParallelProxyExecutionManager: HandlePartialRunComplete: Total workloads = 1, Total started clients = 1 Total completed clients = 1, Run complete = True, Run canceled: False.
TpTrace Verbose: 0 : 26476, 11, 2024/10/28, 10:49:46.005, 4212732483442, vstest.console.dll, ParallelProxyExecutionManager: HandlePartialRunComplete: All runs completed stopping all managers.
TpTrace Verbose: 0 : 26476, 4, 2024/10/28, 10:49:46.005, 4212732483604, vstest.console.dll, MulticastDelegateUtilities.SafeInvoke: InternalTestLoggerEvents.SendTestResult: Invoking callback 1/1 for Microsoft.VisualStudio.TestPlatform.CommandLine.Internal.ConsoleLogger., took 0 ms.
TpTrace Verbose: 0 : 26476, 11, 2024/10/28, 10:49:46.005, 4212732483727, vstest.console.dll, ParallelOperationManager.StopAllManagers: Stopping all managers.
TpTrace Verbose: 0 : 26476, 11, 2024/10/28, 10:49:46.005, 4212732484432, vstest.console.dll, ParallelOperationManager.ClearSlots: Clearing all slots. Slots should accept more work: False
TpTrace Verbose: 0 : 26476, 11, 2024/10/28, 10:49:46.005, 4212732484807, vstest.console.dll, ParallelOperationManager.SetOccupiedSlotCount: Setting slot counts AvailableSlotCount = 1, OccupiedSlotCount = 0.
TpTrace Verbose: 0 : 26476, 11, 2024/10/28, 10:49:46.005, 4212732485169, vstest.console.dll, Occupied slots:

TpTrace Verbose: 0 : 26476, 4, 2024/10/28, 10:49:46.005, 4212732485188, vstest.console.dll, MulticastDelegateUtilities.SafeInvoke: InternalTestLoggerEvents.SendTestResult: Invoking callback 1/1 for Microsoft.VisualStudio.TestPlatform.CommandLine.Internal.ConsoleLogger., took 0 ms.
TpTrace Verbose: 0 : 26476, 4, 2024/10/28, 10:49:46.005, 4212732487243, vstest.console.dll, MulticastDelegateUtilities.SafeInvoke: InternalTestLoggerEvents.SendTestResult: Invoking callback 1/1 for Microsoft.VisualStudio.TestPlatform.CommandLine.Internal.ConsoleLogger., took 0 ms.
TpTrace Verbose: 0 : 26476, 4, 2024/10/28, 10:49:46.010, 4212732531755, vstest.console.dll, MulticastDelegateUtilities.SafeInvoke: InternalTestLoggerEvents.SendTestRunComplete: Invoking callback 1/2 for Microsoft.TestPlatform.Extensions.BlameDataCollector.BlameLogger., took 0 ms.
TpTrace Verbose: 0 : 26476, 4, 2024/10/28, 10:49:46.013, 4212732567409, vstest.console.dll, MulticastDelegateUtilities.SafeInvoke: InternalTestLoggerEvents.SendTestRunComplete: Invoking callback 2/2 for Microsoft.VisualStudio.TestPlatform.CommandLine.Internal.ConsoleLogger., took 3 ms.
TpTrace Verbose: 0 : 26476, 11, 2024/10/28, 10:49:46.014, 4212732569381, vstest.console.dll, TestRunRequest:TestRunComplete: Starting. IsAborted:False IsCanceled:False.
TpTrace Verbose: 0 : 26476, 11, 2024/10/28, 10:49:46.014, 4212732570779, vstest.console.dll, ParallelOperationManager.DoActionOnAllManagers: Calling an action on all managers.
TpTrace Verbose: 0 : 26476, 11, 2024/10/28, 10:49:46.014, 4212732576314, vstest.console.dll, TestLoggerManager.HandleTestRunComplete: Ignoring as the object is disposed.
TpTrace Verbose: 0 : 26476, 11, 2024/10/28, 10:49:46.014, 4212732577541, vstest.console.dll, MulticastDelegateUtilities.SafeInvoke: TestRun.TestRunComplete: Invoking callback 1/2 for Microsoft.VisualStudio.TestPlatform.CommandLine.TestRunResultAggregator., took 0 ms.
TpTrace Verbose: 0 : 26476, 11, 2024/10/28, 10:49:46.014, 4212732578296, vstest.console.dll, MulticastDelegateUtilities.SafeInvoke: TestRun.TestRunComplete: Invoking callback 2/2 for Microsoft.VisualStudio.TestPlatform.CommandLine.Processors.RunTestsArgumentExecutor+TestRunRequestEventsRegistrar., took 0 ms.
TpTrace Information: 0 : 26476, 11, 2024/10/28, 10:49:46.015, 4212732579006, vstest.console.dll, TestRunRequest:TestRunComplete: Completed.
TpTrace Verbose: 0 : 26476, 11, 2024/10/28, 10:49:46.015, 4212732579327, vstest.console.dll, TestRequestSender.SetOperationComplete: Setting operation complete.
TpTrace Verbose: 0 : 26476, 1, 2024/10/28, 10:49:46.015, 4212732579418, vstest.console.dll, TestRunRequest.Dispose: Starting.
TpTrace Information: 0 : 26476, 11, 2024/10/28, 10:49:46.015, 4212732579585, vstest.console.dll, SocketServer.Stop: Stop server endPoint: 127.0.0.1:54746
TpTrace Information: 0 : 26476, 1, 2024/10/28, 10:49:46.015, 4212732580169, vstest.console.dll, TestRunRequest.Dispose: Completed.
TpTrace Information: 0 : 26476, 11, 2024/10/28, 10:49:46.015, 4212732580369, vstest.console.dll, SocketServer.Stop: Cancellation requested. Stopping message loop.
TpTrace Information: 0 : 26476, 1, 2024/10/28, 10:49:46.015, 4212732580728, vstest.console.dll, TestRequestManager.RunTests: run tests completed.
TpTrace Verbose: 0 : 26476, 11, 2024/10/28, 10:49:46.015, 4212732581046, vstest.console.dll, MulticastDelegateUtilities.SafeInvoke: LengthPrefixCommunicationChannel: MessageReceived: Invoking callback 1/1 for Microsoft.VisualStudio.TestPlatform.CommunicationUtilities.TestRequestSender+<>c__DisplayClass34_0., took 58 ms.
TpTrace Information: 0 : 26476, 1, 2024/10/28, 10:49:46.015, 4212732581629, vstest.console.dll, RunTestsArgumentProcessor:Execute: Test run is completed.
TpTrace Information: 0 : 26476, 11, 2024/10/28, 10:49:46.015, 4212732581735, vstest.console.dll, SocketServer.PrivateStop: Stopping server endPoint: 127.0.0.1:54746 error: 
TpTrace Verbose: 0 : 26476, 1, 2024/10/28, 10:49:46.015, 4212732583362, vstest.console.dll, Executor.Execute: Exiting with exit code of 1
TpTrace Verbose: 0 : 26476, 11, 2024/10/28, 10:49:46.015, 4212732584838, vstest.console.dll, LengthPrefixCommunicationChannel.Dispose: Dispose reader and writer.
TpTrace Information: 0 : 26476, 11, 2024/10/28, 10:49:46.015, 4212732585399, vstest.console.dll, SocketServer.Stop: Raise disconnected event endPoint: 127.0.0.1:54746 error: 
TpTrace Verbose: 0 : 26476, 11, 2024/10/28, 10:49:46.015, 4212732585972, vstest.console.dll, TestRequestSender: OnTestRunAbort: Operation is already complete. Skip error message.
TpTrace Verbose: 0 : 26476, 11, 2024/10/28, 10:49:46.015, 4212732586270, vstest.console.dll, MulticastDelegateUtilities.SafeInvoke: SocketServer: ClientDisconnected: Invoking callback 1/1 for Microsoft.VisualStudio.TestPlatform.CommunicationUtilities.TestRequestSender., took 0 ms.
TpTrace Verbose: 0 : 26476, 11, 2024/10/28, 10:49:46.015, 4212732586523, vstest.console.dll, TcpClientExtensions.MessageLoopAsync: exiting MessageLoopAsync remoteEndPoint: 127.0.0.1:54747 localEndPoint: 127.0.0.1:54746
