TpTrace Verbose: 0 : 13688, 1, 2024/10/28, 19:38:32.489, 4530048123458, vstest.console.dll, Version: 17.11.0-release-24352-05 Current process architecture: X64
TpTrace Verbose: 0 : 13688, 1, 2024/10/28, 19:38:32.493, 4530048167753, vstest.console.dll, Runtime location: C:\Program Files\dotnet\shared\Microsoft.NETCore.App\8.0.8
TpTrace Verbose: 0 : 13688, 1, 2024/10/28, 19:38:32.499, 4530048220871, vstest.console.dll, ArtifactProcessingPostProcessModeProcessorExecutor.Initialize: ArtifactProcessingMode.Collect
TpTrace Verbose: 0 : 13688, 1, 2024/10/28, 19:38:32.499, 4530048222541, vstest.console.dll, TestSessionCorrelationIdProcessorModeProcessorExecutor.Initialize: TestSessionCorrelationId '10408_577b4f1b-127a-4527-a4a0-ce538bc9c53b'
TpTrace Information: 0 : 13688, 1, 2024/10/28, 19:38:32.511, 4530048346182, vstest.console.dll, FilePatternParser: The given file C:\Johnny\Celsior_Training\Day29\EFCoreWebAPISolution\EFCoreWebAPITest\bin\Debug\net6.0\fine-code-coverage\build-output\EFCoreWebAPITest.dll is a full path.
TpTrace Verbose: 0 : 13688, 1, 2024/10/28, 19:38:32.531, 4530048547799, vstest.console.dll, TestPluginCache.DiscoverTestExtensions: finding test extensions in assemblies ends with: RuntimeProvider.dll TPluginInfo: Microsoft.VisualStudio.TestPlatform.Common.ExtensionFramework.Utilities.TestRuntimePluginInformation TExtension: Microsoft.VisualStudio.TestPlatform.ObjectModel.Host.ITestRuntimeProvider
TpTrace Verbose: 0 : 13688, 1, 2024/10/28, 19:38:32.532, 4530048552387, vstest.console.dll, TestPluginCache.GetExtensionPaths: Filtered extension paths: 
TpTrace Verbose: 0 : 13688, 1, 2024/10/28, 19:38:32.532, 4530048553849, vstest.console.dll, TestPluginCache.GetExtensionPaths: Added default extension paths: C:\Program Files\dotnet\sdk\8.0.400\Extensions\Microsoft.Diagnostics.NETCore.Client.dll
C:\Program Files\dotnet\sdk\8.0.400\Extensions\Microsoft.TestPlatform.Extensions.BlameDataCollector.dll
C:\Program Files\dotnet\sdk\8.0.400\Extensions\Microsoft.TestPlatform.Extensions.EventLogCollector.dll
C:\Program Files\dotnet\sdk\8.0.400\Extensions\Microsoft.TestPlatform.TestHostRuntimeProvider.dll
C:\Program Files\dotnet\sdk\8.0.400\Extensions\Microsoft.VisualStudio.TestPlatform.Extensions.Html.TestLogger.dll
C:\Program Files\dotnet\sdk\8.0.400\Extensions\Microsoft.VisualStudio.TestPlatform.Extensions.Trx.TestLogger.dll
TpTrace Verbose: 0 : 13688, 1, 2024/10/28, 19:38:32.532, 4530048554544, vstest.console.dll, TestPluginCache.GetExtensionPaths: Added unfilterableExtensionPaths: 
TpTrace Information: 0 : 13688, 1, 2024/10/28, 19:38:32.533, 4530048561411, vstest.console.dll, AssemblyResolver.ctor: Creating AssemblyResolver with searchDirectories C:\Program Files\dotnet\sdk\8.0.400\Extensions,C:\Program Files\dotnet\sdk\8.0.400
TpTrace Verbose: 0 : 13688, 1, 2024/10/28, 19:38:32.538, 4530048615643, vstest.console.dll, TestPluginCache.DiscoverTestExtensions: Discovering the extensions using extension path.
TpTrace Verbose: 0 : 13688, 1, 2024/10/28, 19:38:32.538, 4530048617910, vstest.console.dll, TestPluginCache.GetExtensionPaths: Filtered extension paths: 
TpTrace Verbose: 0 : 13688, 1, 2024/10/28, 19:38:32.539, 4530048618742, vstest.console.dll, TestPluginCache.GetExtensionPaths: Added default extension paths: C:\Program Files\dotnet\sdk\8.0.400\Extensions\Microsoft.Diagnostics.NETCore.Client.dll
C:\Program Files\dotnet\sdk\8.0.400\Extensions\Microsoft.TestPlatform.Extensions.BlameDataCollector.dll
C:\Program Files\dotnet\sdk\8.0.400\Extensions\Microsoft.TestPlatform.Extensions.EventLogCollector.dll
C:\Program Files\dotnet\sdk\8.0.400\Extensions\Microsoft.TestPlatform.TestHostRuntimeProvider.dll
C:\Program Files\dotnet\sdk\8.0.400\Extensions\Microsoft.VisualStudio.TestPlatform.Extensions.Html.TestLogger.dll
C:\Program Files\dotnet\sdk\8.0.400\Extensions\Microsoft.VisualStudio.TestPlatform.Extensions.Trx.TestLogger.dll
TpTrace Verbose: 0 : 13688, 1, 2024/10/28, 19:38:32.539, 4530048619188, vstest.console.dll, TestPluginCache.GetExtensionPaths: Added unfilterableExtensionPaths: 
TpTrace Verbose: 0 : 13688, 1, 2024/10/28, 19:38:32.539, 4530048620017, vstest.console.dll, TestPluginCache.DiscoverTestExtensions: Discovering the extensions using allExtensionPaths: C:\Program Files\dotnet\sdk\8.0.400\Extensions\Microsoft.Diagnostics.NETCore.Client.dll
C:\Program Files\dotnet\sdk\8.0.400\Extensions\Microsoft.TestPlatform.Extensions.BlameDataCollector.dll
C:\Program Files\dotnet\sdk\8.0.400\Extensions\Microsoft.TestPlatform.Extensions.EventLogCollector.dll
C:\Program Files\dotnet\sdk\8.0.400\Extensions\Microsoft.TestPlatform.TestHostRuntimeProvider.dll
C:\Program Files\dotnet\sdk\8.0.400\Extensions\Microsoft.VisualStudio.TestPlatform.Extensions.Html.TestLogger.dll
C:\Program Files\dotnet\sdk\8.0.400\Extensions\Microsoft.VisualStudio.TestPlatform.Extensions.Trx.TestLogger.dll
TpTrace Information: 0 : 13688, 1, 2024/10/28, 19:38:32.539, 4530048621838, vstest.console.dll, AssemblyResolver.AddSearchDirectories: Adding more searchDirectories C:\Program Files\dotnet\sdk\8.0.400\Extensions,C:\Program Files\dotnet\sdk\8.0.400
TpTrace Information: 0 : 13688, 1, 2024/10/28, 19:38:32.539, 4530048622499, vstest.console.dll, AssemblyResolver.AddSearchDirectories: Adding more searchDirectories C:\Program Files\dotnet\sdk\8.0.400\Extensions,C:\Program Files\dotnet\sdk\8.0.400
TpTrace Information: 0 : 13688, 1, 2024/10/28, 19:38:32.539, 4530048622978, vstest.console.dll, AssemblyResolver.AddSearchDirectories: Adding more searchDirectories C:\Program Files\dotnet\sdk\8.0.400\Extensions,C:\Program Files\dotnet\sdk\8.0.400
TpTrace Information: 0 : 13688, 1, 2024/10/28, 19:38:32.539, 4530048623373, vstest.console.dll, AssemblyResolver.AddSearchDirectories: Adding more searchDirectories C:\Program Files\dotnet\sdk\8.0.400\Extensions,C:\Program Files\dotnet\sdk\8.0.400
TpTrace Information: 0 : 13688, 1, 2024/10/28, 19:38:32.539, 4530048623760, vstest.console.dll, AssemblyResolver.AddSearchDirectories: Adding more searchDirectories C:\Program Files\dotnet\sdk\8.0.400\Extensions,C:\Program Files\dotnet\sdk\8.0.400
TpTrace Information: 0 : 13688, 1, 2024/10/28, 19:38:32.539, 4530048624216, vstest.console.dll, AssemblyResolver.AddSearchDirectories: Adding more searchDirectories C:\Program Files\dotnet\sdk\8.0.400\Extensions,C:\Program Files\dotnet\sdk\8.0.400
TpTrace Information: 0 : 13688, 1, 2024/10/28, 19:38:32.540, 4530048632142, vstest.console.dll, AssemblyResolver.OnResolve: Microsoft.Diagnostics.NETCore.Client: Resolving assembly.
TpTrace Information: 0 : 13688, 1, 2024/10/28, 19:38:32.540, 4530048633677, vstest.console.dll, AssemblyResolver.OnResolve: Microsoft.Diagnostics.NETCore.Client: Searching in: 'C:\Program Files\dotnet\sdk\8.0.400\Extensions'.
TpTrace Information: 0 : 13688, 1, 2024/10/28, 19:38:32.563, 4530048859539, vstest.console.dll, AssemblyResolver.OnResolve: Microsoft.Diagnostics.NETCore.Client: Loading assembly 'C:\Program Files\dotnet\sdk\8.0.400\Extensions\Microsoft.Diagnostics.NETCore.Client.dll'.
TpTrace Information: 0 : 13688, 1, 2024/10/28, 19:38:32.565, 4530048887425, vstest.console.dll, AssemblyResolver.OnResolve: Resolved assembly: Microsoft.Diagnostics.NETCore.Client, from path: C:\Program Files\dotnet\sdk\8.0.400\Extensions\Microsoft.Diagnostics.NETCore.Client.dll
TpTrace Verbose: 0 : 13688, 1, 2024/10/28, 19:38:32.573, 4530048966001, vstest.console.dll, MetadataReaderExtensionsHelper: Discovering extensions inside assembly 'Microsoft.Diagnostics.NETCore.Client, Version=0.2.10.30701, Culture=neutral, PublicKeyToken=31bf3856ad364e35' file path 'C:\Program Files\dotnet\sdk\8.0.400\Extensions\Microsoft.Diagnostics.NETCore.Client.dll'
TpTrace Information: 0 : 13688, 1, 2024/10/28, 19:38:32.591, 4530049142504, vstest.console.dll, AssemblyResolver.OnResolve: Microsoft.Bcl.AsyncInterfaces: Resolving assembly.
TpTrace Information: 0 : 13688, 1, 2024/10/28, 19:38:32.591, 4530049144020, vstest.console.dll, AssemblyResolver.OnResolve: Microsoft.Bcl.AsyncInterfaces: Searching in: 'C:\Program Files\dotnet\sdk\8.0.400\Extensions'.
TpTrace Information: 0 : 13688, 1, 2024/10/28, 19:38:32.591, 4530049145149, vstest.console.dll, AssemblyResolver.OnResolve: Microsoft.Bcl.AsyncInterfaces: Assembly path does not exist: 'C:\Program Files\dotnet\sdk\8.0.400\Extensions\Microsoft.Bcl.AsyncInterfaces.dll', returning.
TpTrace Information: 0 : 13688, 1, 2024/10/28, 19:38:32.591, 4530049146702, vstest.console.dll, AssemblyResolver.OnResolve: Microsoft.Bcl.AsyncInterfaces: Assembly path does not exist: 'C:\Program Files\dotnet\sdk\8.0.400\Extensions\Microsoft.Bcl.AsyncInterfaces.exe', returning.
TpTrace Information: 0 : 13688, 1, 2024/10/28, 19:38:32.591, 4530049147320, vstest.console.dll, AssemblyResolver.OnResolve: Microsoft.Bcl.AsyncInterfaces: Searching in: 'C:\Program Files\dotnet\sdk\8.0.400'.
TpTrace Information: 0 : 13688, 1, 2024/10/28, 19:38:32.592, 4530049148113, vstest.console.dll, AssemblyResolver.OnResolve: Microsoft.Bcl.AsyncInterfaces: Assembly path does not exist: 'C:\Program Files\dotnet\sdk\8.0.400\Microsoft.Bcl.AsyncInterfaces.dll', returning.
TpTrace Information: 0 : 13688, 1, 2024/10/28, 19:38:32.592, 4530049148865, vstest.console.dll, AssemblyResolver.OnResolve: Microsoft.Bcl.AsyncInterfaces: Assembly path does not exist: 'C:\Program Files\dotnet\sdk\8.0.400\Microsoft.Bcl.AsyncInterfaces.exe', returning.
TpTrace Information: 0 : 13688, 1, 2024/10/28, 19:38:32.592, 4530049149296, vstest.console.dll, AssemblyResolver.OnResolve: Microsoft.Bcl.AsyncInterfaces: Failed to load assembly.
TpTrace Verbose: 0 : 13688, 1, 2024/10/28, 19:38:32.592, 4530049149998, vstest.console.dll, CurrentDomainAssemblyResolve: Resolving assembly 'Microsoft.Bcl.AsyncInterfaces'.
TpTrace Information: 0 : 13688, 1, 2024/10/28, 19:38:32.592, 4530049150835, vstest.console.dll, AssemblyResolver.OnResolve: Microsoft.Bcl.AsyncInterfaces: Resolving assembly.
TpTrace Information: 0 : 13688, 1, 2024/10/28, 19:38:32.592, 4530049151371, vstest.console.dll, AssemblyResolver.OnResolve: Microsoft.Bcl.AsyncInterfaces: Resolved from cache.
TpTrace Verbose: 0 : 13688, 1, 2024/10/28, 19:38:32.592, 4530049151787, vstest.console.dll, CurrentDomainAssemblyResolve: Resolving assembly 'Microsoft.Bcl.AsyncInterfaces'.
TpTrace Verbose: 0 : 13688, 1, 2024/10/28, 19:38:32.592, 4530049152301, vstest.console.dll, CurrentDomainAssemblyResolve: Failed to resolve assembly 'Microsoft.Bcl.AsyncInterfaces'.
TpTrace Verbose: 0 : 13688, 1, 2024/10/28, 19:38:32.594, 4530049177093, vstest.console.dll, CurrentDomainAssemblyResolve: Failed to resolve assembly 'Microsoft.Bcl.AsyncInterfaces'.
TpTrace Warning: 0 : 13688, 1, 2024/10/28, 19:38:32.622, 4530049453470, vstest.console.dll, TestPluginDiscoverer: Failed to get types from assembly 'Microsoft.Diagnostics.NETCore.Client, Version=0.2.10.30701, Culture=neutral, PublicKeyToken=31bf3856ad364e35'. Error: System.Reflection.ReflectionTypeLoadException: Unable to load one or more of the requested types.
Could not load file or assembly 'Microsoft.Bcl.AsyncInterfaces, Version=6.0.0.0, Culture=neutral, PublicKeyToken=cc7b13ffcd2ddd51'. The system cannot find the file specified.
   at System.Reflection.RuntimeModule.GetTypes(RuntimeModule module)
   at System.Reflection.RuntimeModule.GetTypes()
   at Microsoft.VisualStudio.TestPlatform.Common.ExtensionFramework.TestPluginDiscoverer.GetTestExtensionsFromAssembly[TPluginInfo,TExtension](Assembly assembly, Dictionary`2 pluginInfos, String filePath) in /_/src/Microsoft.TestPlatform.Common/ExtensionFramework/TestPluginDiscoverer.cs:line 158
System.IO.FileNotFoundException: Could not load file or assembly 'Microsoft.Bcl.AsyncInterfaces, Version=6.0.0.0, Culture=neutral, PublicKeyToken=cc7b13ffcd2ddd51'. The system cannot find the file specified.
File name: 'Microsoft.Bcl.AsyncInterfaces, Version=6.0.0.0, Culture=neutral, PublicKeyToken=cc7b13ffcd2ddd51'
 ---> System.IO.FileNotFoundException: Could not load file or assembly 'Microsoft.Bcl.AsyncInterfaces, Culture=neutral, PublicKeyToken=null'. The system cannot find the file specified.
File name: 'Microsoft.Bcl.AsyncInterfaces, Culture=neutral, PublicKeyToken=null'
   at System.Reflection.RuntimeAssembly.InternalLoad(AssemblyName assemblyName, StackCrawlMark& stackMark, AssemblyLoadContext assemblyLoadContext, RuntimeAssembly requestingAssembly, Boolean throwOnFileNotFound)
   at System.Reflection.Assembly.Load(AssemblyName assemblyRef)
   at Microsoft.VisualStudio.TestPlatform.Common.ExtensionFramework.TestPluginCache.CurrentDomainAssemblyResolve(Object sender, AssemblyResolveEventArgs args) in /_/src/Microsoft.TestPlatform.Common/ExtensionFramework/TestPluginCache.cs:line 513
   at System.Runtime.Loader.AssemblyLoadContext.GetFirstResolvedAssemblyFromResolvingEvent(AssemblyName assemblyName)
   at System.Runtime.Loader.AssemblyLoadContext.ResolveUsingEvent(AssemblyName assemblyName)
   at System.Runtime.Loader.AssemblyLoadContext.ResolveUsingResolvingEvent(IntPtr gchManagedAssemblyLoadContext, AssemblyName assemblyName)
TpTrace Warning: 0 : 13688, 1, 2024/10/28, 19:38:32.623, 4530049458511, vstest.console.dll, LoaderExceptions: System.IO.FileNotFoundException: Could not load file or assembly 'Microsoft.Bcl.AsyncInterfaces, Version=6.0.0.0, Culture=neutral, PublicKeyToken=cc7b13ffcd2ddd51'. The system cannot find the file specified.
File name: 'Microsoft.Bcl.AsyncInterfaces, Version=6.0.0.0, Culture=neutral, PublicKeyToken=cc7b13ffcd2ddd51'
 ---> System.IO.FileNotFoundException: Could not load file or assembly 'Microsoft.Bcl.AsyncInterfaces, Culture=neutral, PublicKeyToken=null'. The system cannot find the file specified.
File name: 'Microsoft.Bcl.AsyncInterfaces, Culture=neutral, PublicKeyToken=null'
   at System.Reflection.RuntimeAssembly.InternalLoad(AssemblyName assemblyName, StackCrawlMark& stackMark, AssemblyLoadContext assemblyLoadContext, RuntimeAssembly requestingAssembly, Boolean throwOnFileNotFound)
   at System.Reflection.Assembly.Load(AssemblyName assemblyRef)
   at Microsoft.VisualStudio.TestPlatform.Common.ExtensionFramework.TestPluginCache.CurrentDomainAssemblyResolve(Object sender, AssemblyResolveEventArgs args) in /_/src/Microsoft.TestPlatform.Common/ExtensionFramework/TestPluginCache.cs:line 513
   at System.Runtime.Loader.AssemblyLoadContext.GetFirstResolvedAssemblyFromResolvingEvent(AssemblyName assemblyName)
   at System.Runtime.Loader.AssemblyLoadContext.ResolveUsingEvent(AssemblyName assemblyName)
   at System.Runtime.Loader.AssemblyLoadContext.ResolveUsingResolvingEvent(IntPtr gchManagedAssemblyLoadContext, AssemblyName assemblyName)
TpTrace Information: 0 : 13688, 1, 2024/10/28, 19:38:32.623, 4530049460710, vstest.console.dll, AssemblyResolver.OnResolve: Microsoft.TestPlatform.Extensions.BlameDataCollector: Resolving assembly.
TpTrace Information: 0 : 13688, 1, 2024/10/28, 19:38:32.623, 4530049461387, vstest.console.dll, AssemblyResolver.OnResolve: Microsoft.TestPlatform.Extensions.BlameDataCollector: Searching in: 'C:\Program Files\dotnet\sdk\8.0.400\Extensions'.
TpTrace Information: 0 : 13688, 1, 2024/10/28, 19:38:32.625, 4530049484304, vstest.console.dll, AssemblyResolver.OnResolve: Microsoft.TestPlatform.Extensions.BlameDataCollector: Loading assembly 'C:\Program Files\dotnet\sdk\8.0.400\Extensions\Microsoft.TestPlatform.Extensions.BlameDataCollector.dll'.
TpTrace Information: 0 : 13688, 1, 2024/10/28, 19:38:32.628, 4530049508822, vstest.console.dll, AssemblyResolver.OnResolve: Resolved assembly: Microsoft.TestPlatform.Extensions.BlameDataCollector, from path: C:\Program Files\dotnet\sdk\8.0.400\Extensions\Microsoft.TestPlatform.Extensions.BlameDataCollector.dll
TpTrace Verbose: 0 : 13688, 1, 2024/10/28, 19:38:32.628, 4530049511004, vstest.console.dll, MetadataReaderExtensionsHelper: Discovering extensions inside assembly 'Microsoft.TestPlatform.Extensions.BlameDataCollector, Version=15.0.0.0, Culture=neutral, PublicKeyToken=b03f5f7f11d50a3a' file path 'C:\Program Files\dotnet\sdk\8.0.400\Extensions\Microsoft.TestPlatform.Extensions.BlameDataCollector.dll'
TpTrace Information: 0 : 13688, 1, 2024/10/28, 19:38:32.631, 4530049545838, vstest.console.dll, AssemblyResolver.OnResolve: Microsoft.TestPlatform.Extensions.EventLogCollector: Resolving assembly.
TpTrace Information: 0 : 13688, 1, 2024/10/28, 19:38:32.631, 4530049547516, vstest.console.dll, AssemblyResolver.OnResolve: Microsoft.TestPlatform.Extensions.EventLogCollector: Searching in: 'C:\Program Files\dotnet\sdk\8.0.400\Extensions'.
TpTrace Information: 0 : 13688, 1, 2024/10/28, 19:38:32.633, 4530049564247, vstest.console.dll, AssemblyResolver.OnResolve: Microsoft.TestPlatform.Extensions.EventLogCollector: Loading assembly 'C:\Program Files\dotnet\sdk\8.0.400\Extensions\Microsoft.TestPlatform.Extensions.EventLogCollector.dll'.
TpTrace Information: 0 : 13688, 1, 2024/10/28, 19:38:32.636, 4530049588297, vstest.console.dll, AssemblyResolver.OnResolve: Resolved assembly: Microsoft.TestPlatform.Extensions.EventLogCollector, from path: C:\Program Files\dotnet\sdk\8.0.400\Extensions\Microsoft.TestPlatform.Extensions.EventLogCollector.dll
TpTrace Verbose: 0 : 13688, 1, 2024/10/28, 19:38:32.636, 4530049590132, vstest.console.dll, MetadataReaderExtensionsHelper: Discovering extensions inside assembly 'Microsoft.TestPlatform.Extensions.EventLogCollector, Version=15.0.0.0, Culture=neutral, PublicKeyToken=b03f5f7f11d50a3a' file path 'C:\Program Files\dotnet\sdk\8.0.400\Extensions\Microsoft.TestPlatform.Extensions.EventLogCollector.dll'
TpTrace Information: 0 : 13688, 1, 2024/10/28, 19:38:32.647, 4530049701130, vstest.console.dll, AssemblyResolver.OnResolve: Microsoft.TestPlatform.TestHostRuntimeProvider: Resolving assembly.
TpTrace Information: 0 : 13688, 1, 2024/10/28, 19:38:32.647, 4530049702481, vstest.console.dll, AssemblyResolver.OnResolve: Microsoft.TestPlatform.TestHostRuntimeProvider: Searching in: 'C:\Program Files\dotnet\sdk\8.0.400\Extensions'.
TpTrace Information: 0 : 13688, 1, 2024/10/28, 19:38:32.649, 4530049719470, vstest.console.dll, AssemblyResolver.OnResolve: Microsoft.TestPlatform.TestHostRuntimeProvider: Loading assembly 'C:\Program Files\dotnet\sdk\8.0.400\Extensions\Microsoft.TestPlatform.TestHostRuntimeProvider.dll'.
TpTrace Information: 0 : 13688, 1, 2024/10/28, 19:38:32.653, 4530049758359, vstest.console.dll, AssemblyResolver.OnResolve: Resolved assembly: Microsoft.TestPlatform.TestHostRuntimeProvider, from path: C:\Program Files\dotnet\sdk\8.0.400\Extensions\Microsoft.TestPlatform.TestHostRuntimeProvider.dll
TpTrace Verbose: 0 : 13688, 1, 2024/10/28, 19:38:32.653, 4530049760001, vstest.console.dll, MetadataReaderExtensionsHelper: Discovering extensions inside assembly 'Microsoft.TestPlatform.TestHostRuntimeProvider, Version=15.0.0.0, Culture=neutral, PublicKeyToken=b03f5f7f11d50a3a' file path 'C:\Program Files\dotnet\sdk\8.0.400\Extensions\Microsoft.TestPlatform.TestHostRuntimeProvider.dll'
TpTrace Information: 0 : 13688, 1, 2024/10/28, 19:38:32.655, 4530049783801, vstest.console.dll, GetTestExtensionFromType: Register extension with identifier data 'HostProvider://DefaultTestHost' and type 'Microsoft.VisualStudio.TestPlatform.CrossPlatEngine.Hosting.DefaultTestHostManager, Microsoft.TestPlatform.TestHostRuntimeProvider, Version=15.0.0.0, Culture=neutral, PublicKeyToken=b03f5f7f11d50a3a' inside file 'C:\Program Files\dotnet\sdk\8.0.400\Extensions\Microsoft.TestPlatform.TestHostRuntimeProvider.dll'
TpTrace Information: 0 : 13688, 1, 2024/10/28, 19:38:32.655, 4530049787149, vstest.console.dll, GetTestExtensionFromType: Register extension with identifier data 'HostProvider://DotnetTestHost' and type 'Microsoft.VisualStudio.TestPlatform.CrossPlatEngine.Hosting.DotnetTestHostManager, Microsoft.TestPlatform.TestHostRuntimeProvider, Version=15.0.0.0, Culture=neutral, PublicKeyToken=b03f5f7f11d50a3a' inside file 'C:\Program Files\dotnet\sdk\8.0.400\Extensions\Microsoft.TestPlatform.TestHostRuntimeProvider.dll'
TpTrace Information: 0 : 13688, 1, 2024/10/28, 19:38:32.656, 4530049788521, vstest.console.dll, AssemblyResolver.OnResolve: Microsoft.VisualStudio.TestPlatform.Extensions.Html.TestLogger: Resolving assembly.
TpTrace Information: 0 : 13688, 1, 2024/10/28, 19:38:32.656, 4530049789062, vstest.console.dll, AssemblyResolver.OnResolve: Microsoft.VisualStudio.TestPlatform.Extensions.Html.TestLogger: Searching in: 'C:\Program Files\dotnet\sdk\8.0.400\Extensions'.
TpTrace Information: 0 : 13688, 1, 2024/10/28, 19:38:32.657, 4530049807511, vstest.console.dll, AssemblyResolver.OnResolve: Microsoft.VisualStudio.TestPlatform.Extensions.Html.TestLogger: Loading assembly 'C:\Program Files\dotnet\sdk\8.0.400\Extensions\Microsoft.VisualStudio.TestPlatform.Extensions.Html.TestLogger.dll'.
TpTrace Information: 0 : 13688, 1, 2024/10/28, 19:38:32.661, 4530049840281, vstest.console.dll, AssemblyResolver.OnResolve: Resolved assembly: Microsoft.VisualStudio.TestPlatform.Extensions.Html.TestLogger, from path: C:\Program Files\dotnet\sdk\8.0.400\Extensions\Microsoft.VisualStudio.TestPlatform.Extensions.Html.TestLogger.dll
TpTrace Verbose: 0 : 13688, 1, 2024/10/28, 19:38:32.661, 4530049842188, vstest.console.dll, MetadataReaderExtensionsHelper: Discovering extensions inside assembly 'Microsoft.VisualStudio.TestPlatform.Extensions.Html.TestLogger, Version=15.0.0.0, Culture=neutral, PublicKeyToken=b03f5f7f11d50a3a' file path 'C:\Program Files\dotnet\sdk\8.0.400\Extensions\Microsoft.VisualStudio.TestPlatform.Extensions.Html.TestLogger.dll'
TpTrace Information: 0 : 13688, 1, 2024/10/28, 19:38:32.663, 4530049860573, vstest.console.dll, AssemblyResolver.OnResolve: Microsoft.VisualStudio.TestPlatform.Extensions.Trx.TestLogger: Resolving assembly.
TpTrace Information: 0 : 13688, 1, 2024/10/28, 19:38:32.663, 4530049861909, vstest.console.dll, AssemblyResolver.OnResolve: Microsoft.VisualStudio.TestPlatform.Extensions.Trx.TestLogger: Searching in: 'C:\Program Files\dotnet\sdk\8.0.400\Extensions'.
TpTrace Information: 0 : 13688, 1, 2024/10/28, 19:38:32.665, 4530049883539, vstest.console.dll, AssemblyResolver.OnResolve: Microsoft.VisualStudio.TestPlatform.Extensions.Trx.TestLogger: Loading assembly 'C:\Program Files\dotnet\sdk\8.0.400\Extensions\Microsoft.VisualStudio.TestPlatform.Extensions.Trx.TestLogger.dll'.
TpTrace Information: 0 : 13688, 1, 2024/10/28, 19:38:32.667, 4530049900734, vstest.console.dll, AssemblyResolver.OnResolve: Resolved assembly: Microsoft.VisualStudio.TestPlatform.Extensions.Trx.TestLogger, from path: C:\Program Files\dotnet\sdk\8.0.400\Extensions\Microsoft.VisualStudio.TestPlatform.Extensions.Trx.TestLogger.dll
TpTrace Verbose: 0 : 13688, 1, 2024/10/28, 19:38:32.667, 4530049902157, vstest.console.dll, MetadataReaderExtensionsHelper: Discovering extensions inside assembly 'Microsoft.VisualStudio.TestPlatform.Extensions.Trx.TestLogger, Version=15.0.0.0, Culture=neutral, PublicKeyToken=b03f5f7f11d50a3a' file path 'C:\Program Files\dotnet\sdk\8.0.400\Extensions\Microsoft.VisualStudio.TestPlatform.Extensions.Trx.TestLogger.dll'
TpTrace Verbose: 0 : 13688, 1, 2024/10/28, 19:38:32.669, 4530049921610, vstest.console.dll, TestPluginCache: Discovered the extensions using extension path ''.
TpTrace Verbose: 0 : 13688, 1, 2024/10/28, 19:38:32.669, 4530049922795, vstest.console.dll, TestPluginCache: Discoverers are ''.
TpTrace Verbose: 0 : 13688, 1, 2024/10/28, 19:38:32.669, 4530049923284, vstest.console.dll, TestPluginCache: Executors are ''.
TpTrace Verbose: 0 : 13688, 1, 2024/10/28, 19:38:32.669, 4530049923614, vstest.console.dll, TestPluginCache: Executors2 are ''.
TpTrace Verbose: 0 : 13688, 1, 2024/10/28, 19:38:32.669, 4530049923940, vstest.console.dll, TestPluginCache: Setting providers are ''.
TpTrace Verbose: 0 : 13688, 1, 2024/10/28, 19:38:32.669, 4530049924240, vstest.console.dll, TestPluginCache: Loggers are ''.
TpTrace Verbose: 0 : 13688, 1, 2024/10/28, 19:38:32.669, 4530049926096, vstest.console.dll, TestPluginCache: TestHosts are 'HostProvider://DefaultTestHost,HostProvider://DotnetTestHost'.
TpTrace Verbose: 0 : 13688, 1, 2024/10/28, 19:38:32.669, 4530049926574, vstest.console.dll, TestPluginCache: DataCollectors are ''.
TpTrace Information: 0 : 13688, 1, 2024/10/28, 19:38:32.696, 4530050197246, vstest.console.dll, RunTestsArgumentProcessor:Execute: Test run is starting.
TpTrace Verbose: 0 : 13688, 1, 2024/10/28, 19:38:32.697, 4530050199315, vstest.console.dll, RunTestsArgumentProcessor:Execute: Queuing Test run.
TpTrace Information: 0 : 13688, 1, 2024/10/28, 19:38:32.697, 4530050204109, vstest.console.dll, TestRequestManager.RunTests: run tests started.
TpTrace Information: 0 : 13688, 1, 2024/10/28, 19:38:32.836, 4530051592714, vstest.console.dll, AssemblyMetadataProvider.GetFrameworkName: Determined framework:'.NETCoreApp,Version=v6.0' for source: 'C:\Johnny\Celsior_Training\Day29\EFCoreWebAPISolution\EFCoreWebAPITest\bin\Debug\net6.0\fine-code-coverage\build-output\EFCoreWebAPITest.dll'
TpTrace Information: 0 : 13688, 1, 2024/10/28, 19:38:32.836, 4530051597216, vstest.console.dll, Determined framework for all sources: .NETCoreApp,Version=v6.0
TpTrace Verbose: 0 : 13688, 1, 2024/10/28, 19:38:32.837, 4530051603762, vstest.console.dll, TestRequestManager.UpdateRunSettingsIfRequired: Default architecture: X64 IsDefaultTargetArchitecture: True, Current process architecture: X64 OperatingSystem: Windows.
TpTrace Information: 0 : 13688, 1, 2024/10/28, 19:38:32.873, 4530051961909, vstest.console.dll, AssemblyMetadataProvider.GetArchitecture: Determined architecture:AnyCPU info for assembly: C:\Johnny\Celsior_Training\Day29\EFCoreWebAPISolution\EFCoreWebAPITest\bin\Debug\net6.0\fine-code-coverage\build-output\EFCoreWebAPITest.dll
TpTrace Information: 0 : 13688, 1, 2024/10/28, 19:38:32.873, 4530051963373, vstest.console.dll, Determined platform for source 'C:\Johnny\Celsior_Training\Day29\EFCoreWebAPISolution\EFCoreWebAPITest\bin\Debug\net6.0\fine-code-coverage\build-output\EFCoreWebAPITest.dll' was AnyCPU and it will use the default plaform X64.
TpTrace Information: 0 : 13688, 1, 2024/10/28, 19:38:32.873, 4530051963978, vstest.console.dll, None of the sources provided any runnable platform, using the default platform: X64
TpTrace Information: 0 : 13688, 1, 2024/10/28, 19:38:32.873, 4530051965907, vstest.console.dll, Platform was updated to 'X64'.
TpTrace Information: 0 : 13688, 1, 2024/10/28, 19:38:32.881, 4530052038318, vstest.console.dll, InferRunSettingsHelper.IsTestSettingsEnabled: Unable to navigate to RunSettings/MSTest. Current node: RunSettings
TpTrace Information: 0 : 13688, 1, 2024/10/28, 19:38:32.881, 4530052046800, vstest.console.dll, AssemblyResolver.OnResolve: Microsoft.VisualStudio.TestPlatform.Fakes: Resolving assembly.
TpTrace Information: 0 : 13688, 1, 2024/10/28, 19:38:32.881, 4530052047873, vstest.console.dll, AssemblyResolver.OnResolve: Microsoft.VisualStudio.TestPlatform.Fakes: Searching in: 'C:\Program Files\dotnet\sdk\8.0.400\Extensions'.
TpTrace Information: 0 : 13688, 1, 2024/10/28, 19:38:32.882, 4530052048958, vstest.console.dll, AssemblyResolver.OnResolve: Microsoft.VisualStudio.TestPlatform.Fakes: Assembly path does not exist: 'C:\Program Files\dotnet\sdk\8.0.400\Extensions\Microsoft.VisualStudio.TestPlatform.Fakes.dll', returning.
TpTrace Information: 0 : 13688, 1, 2024/10/28, 19:38:32.882, 4530052049927, vstest.console.dll, AssemblyResolver.OnResolve: Microsoft.VisualStudio.TestPlatform.Fakes: Assembly path does not exist: 'C:\Program Files\dotnet\sdk\8.0.400\Extensions\Microsoft.VisualStudio.TestPlatform.Fakes.exe', returning.
TpTrace Information: 0 : 13688, 1, 2024/10/28, 19:38:32.882, 4530052050578, vstest.console.dll, AssemblyResolver.OnResolve: Microsoft.VisualStudio.TestPlatform.Fakes: Searching in: 'C:\Program Files\dotnet\sdk\8.0.400'.
TpTrace Information: 0 : 13688, 1, 2024/10/28, 19:38:32.882, 4530052051371, vstest.console.dll, AssemblyResolver.OnResolve: Microsoft.VisualStudio.TestPlatform.Fakes: Assembly path does not exist: 'C:\Program Files\dotnet\sdk\8.0.400\Microsoft.VisualStudio.TestPlatform.Fakes.dll', returning.
TpTrace Information: 0 : 13688, 1, 2024/10/28, 19:38:32.882, 4530052052030, vstest.console.dll, AssemblyResolver.OnResolve: Microsoft.VisualStudio.TestPlatform.Fakes: Assembly path does not exist: 'C:\Program Files\dotnet\sdk\8.0.400\Microsoft.VisualStudio.TestPlatform.Fakes.exe', returning.
TpTrace Information: 0 : 13688, 1, 2024/10/28, 19:38:32.882, 4530052052439, vstest.console.dll, AssemblyResolver.OnResolve: Microsoft.VisualStudio.TestPlatform.Fakes: Failed to load assembly.
TpTrace Information: 0 : 13688, 1, 2024/10/28, 19:38:32.882, 4530052055605, vstest.console.dll, Failed to load assembly Microsoft.VisualStudio.TestPlatform.Fakes, Version=17.0.0.0, Culture=neutral. Reason:System.IO.FileNotFoundException: Could not load file or assembly 'Microsoft.VisualStudio.TestPlatform.Fakes, Version=17.0.0.0, Culture=neutral, PublicKeyToken=null'. The system cannot find the file specified.
File name: 'Microsoft.VisualStudio.TestPlatform.Fakes, Version=17.0.0.0, Culture=neutral, PublicKeyToken=null'
   at System.Reflection.RuntimeAssembly.InternalLoad(AssemblyName assemblyName, StackCrawlMark& stackMark, AssemblyLoadContext assemblyLoadContext, RuntimeAssembly requestingAssembly, Boolean throwOnFileNotFound)
   at System.Reflection.Assembly.Load(AssemblyName assemblyRef)
   at Microsoft.VisualStudio.TestPlatform.Common.Utilities.FakesUtilities.LoadTestPlatformAssembly() in /_/src/Microsoft.TestPlatform.Common/Utilities/FakesUtilities.cs:line 272
TpTrace Verbose: 0 : 13688, 1, 2024/10/28, 19:38:32.913, 4530052367736, vstest.console.dll, TestPluginCache.DiscoverTestExtensions: finding test extensions in assemblies ends with: TestLogger.dll TPluginInfo: Microsoft.VisualStudio.TestPlatform.Common.ExtensionFramework.Utilities.TestLoggerPluginInformation TExtension: Microsoft.VisualStudio.TestPlatform.ObjectModel.Client.ITestLogger
TpTrace Verbose: 0 : 13688, 1, 2024/10/28, 19:38:32.914, 4530052370082, vstest.console.dll, TestPluginCache.GetExtensionPaths: Filtered extension paths: 
TpTrace Verbose: 0 : 13688, 1, 2024/10/28, 19:38:32.914, 4530052371021, vstest.console.dll, TestPluginCache.GetExtensionPaths: Added default extension paths: C:\Program Files\dotnet\sdk\8.0.400\Extensions\Microsoft.Diagnostics.NETCore.Client.dll
C:\Program Files\dotnet\sdk\8.0.400\Extensions\Microsoft.TestPlatform.Extensions.BlameDataCollector.dll
C:\Program Files\dotnet\sdk\8.0.400\Extensions\Microsoft.TestPlatform.Extensions.EventLogCollector.dll
C:\Program Files\dotnet\sdk\8.0.400\Extensions\Microsoft.TestPlatform.TestHostRuntimeProvider.dll
C:\Program Files\dotnet\sdk\8.0.400\Extensions\Microsoft.VisualStudio.TestPlatform.Extensions.Html.TestLogger.dll
C:\Program Files\dotnet\sdk\8.0.400\Extensions\Microsoft.VisualStudio.TestPlatform.Extensions.Trx.TestLogger.dll
TpTrace Verbose: 0 : 13688, 1, 2024/10/28, 19:38:32.914, 4530052371870, vstest.console.dll, TestPluginCache.GetExtensionPaths: Added unfilterableExtensionPaths: 
TpTrace Information: 0 : 13688, 1, 2024/10/28, 19:38:32.914, 4530052373875, vstest.console.dll, AssemblyResolver.AddSearchDirectories: Adding more searchDirectories C:\Program Files\dotnet\sdk\8.0.400\Extensions,C:\Program Files\dotnet\sdk\8.0.400
TpTrace Verbose: 0 : 13688, 1, 2024/10/28, 19:38:32.914, 4530052375040, vstest.console.dll, TestPluginCache.DiscoverTestExtensions: Discovering the extensions using extension path.
TpTrace Verbose: 0 : 13688, 1, 2024/10/28, 19:38:32.914, 4530052375747, vstest.console.dll, TestPluginCache.GetExtensionPaths: Filtered extension paths: 
TpTrace Verbose: 0 : 13688, 1, 2024/10/28, 19:38:32.914, 4530052376204, vstest.console.dll, TestPluginCache.GetExtensionPaths: Added default extension paths: C:\Program Files\dotnet\sdk\8.0.400\Extensions\Microsoft.Diagnostics.NETCore.Client.dll
C:\Program Files\dotnet\sdk\8.0.400\Extensions\Microsoft.TestPlatform.Extensions.BlameDataCollector.dll
C:\Program Files\dotnet\sdk\8.0.400\Extensions\Microsoft.TestPlatform.Extensions.EventLogCollector.dll
C:\Program Files\dotnet\sdk\8.0.400\Extensions\Microsoft.TestPlatform.TestHostRuntimeProvider.dll
C:\Program Files\dotnet\sdk\8.0.400\Extensions\Microsoft.VisualStudio.TestPlatform.Extensions.Html.TestLogger.dll
C:\Program Files\dotnet\sdk\8.0.400\Extensions\Microsoft.VisualStudio.TestPlatform.Extensions.Trx.TestLogger.dll
TpTrace Verbose: 0 : 13688, 1, 2024/10/28, 19:38:32.914, 4530052376715, vstest.console.dll, TestPluginCache.GetExtensionPaths: Added unfilterableExtensionPaths: 
TpTrace Verbose: 0 : 13688, 1, 2024/10/28, 19:38:32.914, 4530052377235, vstest.console.dll, TestPluginCache.DiscoverTestExtensions: Discovering the extensions using allExtensionPaths: C:\Program Files\dotnet\sdk\8.0.400\Extensions\Microsoft.Diagnostics.NETCore.Client.dll
C:\Program Files\dotnet\sdk\8.0.400\Extensions\Microsoft.TestPlatform.Extensions.BlameDataCollector.dll
C:\Program Files\dotnet\sdk\8.0.400\Extensions\Microsoft.TestPlatform.Extensions.EventLogCollector.dll
C:\Program Files\dotnet\sdk\8.0.400\Extensions\Microsoft.TestPlatform.TestHostRuntimeProvider.dll
C:\Program Files\dotnet\sdk\8.0.400\Extensions\Microsoft.VisualStudio.TestPlatform.Extensions.Html.TestLogger.dll
C:\Program Files\dotnet\sdk\8.0.400\Extensions\Microsoft.VisualStudio.TestPlatform.Extensions.Trx.TestLogger.dll
TpTrace Information: 0 : 13688, 1, 2024/10/28, 19:38:32.915, 4530052378731, vstest.console.dll, AssemblyResolver.AddSearchDirectories: Adding more searchDirectories C:\Program Files\dotnet\sdk\8.0.400\Extensions,C:\Program Files\dotnet\sdk\8.0.400
TpTrace Information: 0 : 13688, 1, 2024/10/28, 19:38:32.915, 4530052379472, vstest.console.dll, AssemblyResolver.AddSearchDirectories: Adding more searchDirectories C:\Program Files\dotnet\sdk\8.0.400\Extensions,C:\Program Files\dotnet\sdk\8.0.400
TpTrace Information: 0 : 13688, 1, 2024/10/28, 19:38:32.915, 4530052379921, vstest.console.dll, AssemblyResolver.AddSearchDirectories: Adding more searchDirectories C:\Program Files\dotnet\sdk\8.0.400\Extensions,C:\Program Files\dotnet\sdk\8.0.400
TpTrace Information: 0 : 13688, 1, 2024/10/28, 19:38:32.915, 4530052380340, vstest.console.dll, AssemblyResolver.AddSearchDirectories: Adding more searchDirectories C:\Program Files\dotnet\sdk\8.0.400\Extensions,C:\Program Files\dotnet\sdk\8.0.400
TpTrace Information: 0 : 13688, 1, 2024/10/28, 19:38:32.915, 4530052380914, vstest.console.dll, AssemblyResolver.AddSearchDirectories: Adding more searchDirectories C:\Program Files\dotnet\sdk\8.0.400\Extensions,C:\Program Files\dotnet\sdk\8.0.400
TpTrace Information: 0 : 13688, 1, 2024/10/28, 19:38:32.915, 4530052381317, vstest.console.dll, AssemblyResolver.AddSearchDirectories: Adding more searchDirectories C:\Program Files\dotnet\sdk\8.0.400\Extensions,C:\Program Files\dotnet\sdk\8.0.400
TpTrace Verbose: 0 : 13688, 1, 2024/10/28, 19:38:32.915, 4530052382776, vstest.console.dll, MetadataReaderExtensionsHelper: Discovering extensions inside assembly 'Microsoft.Diagnostics.NETCore.Client, Version=0.2.10.30701, Culture=neutral, PublicKeyToken=31bf3856ad364e35' file path 'C:\Program Files\dotnet\sdk\8.0.400\Extensions\Microsoft.Diagnostics.NETCore.Client.dll'
TpTrace Information: 0 : 13688, 1, 2024/10/28, 19:38:32.917, 4530052400501, vstest.console.dll, AssemblyResolver.OnResolve: Microsoft.Bcl.AsyncInterfaces: Resolving assembly.
TpTrace Information: 0 : 13688, 1, 2024/10/28, 19:38:32.917, 4530052401728, vstest.console.dll, AssemblyResolver.OnResolve: Microsoft.Bcl.AsyncInterfaces: Resolved from cache.
TpTrace Verbose: 0 : 13688, 1, 2024/10/28, 19:38:32.917, 4530052402255, vstest.console.dll, CurrentDomainAssemblyResolve: Resolving assembly 'Microsoft.Bcl.AsyncInterfaces'.
TpTrace Information: 0 : 13688, 1, 2024/10/28, 19:38:32.917, 4530052402949, vstest.console.dll, AssemblyResolver.OnResolve: Microsoft.Bcl.AsyncInterfaces: Resolving assembly.
TpTrace Information: 0 : 13688, 1, 2024/10/28, 19:38:32.917, 4530052403419, vstest.console.dll, AssemblyResolver.OnResolve: Microsoft.Bcl.AsyncInterfaces: Resolved from cache.
TpTrace Verbose: 0 : 13688, 1, 2024/10/28, 19:38:32.917, 4530052403856, vstest.console.dll, CurrentDomainAssemblyResolve: Resolving assembly 'Microsoft.Bcl.AsyncInterfaces'.
TpTrace Verbose: 0 : 13688, 1, 2024/10/28, 19:38:32.917, 4530052404282, vstest.console.dll, CurrentDomainAssemblyResolve: Failed to resolve assembly 'Microsoft.Bcl.AsyncInterfaces'.
TpTrace Verbose: 0 : 13688, 1, 2024/10/28, 19:38:32.917, 4530052406125, vstest.console.dll, CurrentDomainAssemblyResolve: Failed to resolve assembly 'Microsoft.Bcl.AsyncInterfaces'.
TpTrace Warning: 0 : 13688, 1, 2024/10/28, 19:38:32.919, 4530052418745, vstest.console.dll, TestPluginDiscoverer: Failed to get types from assembly 'Microsoft.Diagnostics.NETCore.Client, Version=0.2.10.30701, Culture=neutral, PublicKeyToken=31bf3856ad364e35'. Error: System.Reflection.ReflectionTypeLoadException: Unable to load one or more of the requested types.
Could not load file or assembly 'Microsoft.Bcl.AsyncInterfaces, Version=6.0.0.0, Culture=neutral, PublicKeyToken=cc7b13ffcd2ddd51'. The system cannot find the file specified.
   at System.Reflection.RuntimeModule.GetTypes(RuntimeModule module)
   at System.Reflection.RuntimeModule.GetTypes()
   at Microsoft.VisualStudio.TestPlatform.Common.ExtensionFramework.TestPluginDiscoverer.GetTestExtensionsFromAssembly[TPluginInfo,TExtension](Assembly assembly, Dictionary`2 pluginInfos, String filePath) in /_/src/Microsoft.TestPlatform.Common/ExtensionFramework/TestPluginDiscoverer.cs:line 158
System.IO.FileNotFoundException: Could not load file or assembly 'Microsoft.Bcl.AsyncInterfaces, Version=6.0.0.0, Culture=neutral, PublicKeyToken=cc7b13ffcd2ddd51'. The system cannot find the file specified.
File name: 'Microsoft.Bcl.AsyncInterfaces, Version=6.0.0.0, Culture=neutral, PublicKeyToken=cc7b13ffcd2ddd51'
 ---> System.IO.FileNotFoundException: Could not load file or assembly 'Microsoft.Bcl.AsyncInterfaces, Culture=neutral, PublicKeyToken=null'. The system cannot find the file specified.
File name: 'Microsoft.Bcl.AsyncInterfaces, Culture=neutral, PublicKeyToken=null'
   at System.Reflection.RuntimeAssembly.InternalLoad(AssemblyName assemblyName, StackCrawlMark& stackMark, AssemblyLoadContext assemblyLoadContext, RuntimeAssembly requestingAssembly, Boolean throwOnFileNotFound)
   at System.Reflection.Assembly.Load(AssemblyName assemblyRef)
   at Microsoft.VisualStudio.TestPlatform.Common.ExtensionFramework.TestPluginCache.CurrentDomainAssemblyResolve(Object sender, AssemblyResolveEventArgs args) in /_/src/Microsoft.TestPlatform.Common/ExtensionFramework/TestPluginCache.cs:line 513
   at System.Runtime.Loader.AssemblyLoadContext.GetFirstResolvedAssemblyFromResolvingEvent(AssemblyName assemblyName)
   at System.Runtime.Loader.AssemblyLoadContext.ResolveUsingEvent(AssemblyName assemblyName)
   at System.Runtime.Loader.AssemblyLoadContext.ResolveUsingResolvingEvent(IntPtr gchManagedAssemblyLoadContext, AssemblyName assemblyName)
TpTrace Warning: 0 : 13688, 1, 2024/10/28, 19:38:32.919, 4530052422183, vstest.console.dll, LoaderExceptions: System.IO.FileNotFoundException: Could not load file or assembly 'Microsoft.Bcl.AsyncInterfaces, Version=6.0.0.0, Culture=neutral, PublicKeyToken=cc7b13ffcd2ddd51'. The system cannot find the file specified.
File name: 'Microsoft.Bcl.AsyncInterfaces, Version=6.0.0.0, Culture=neutral, PublicKeyToken=cc7b13ffcd2ddd51'
 ---> System.IO.FileNotFoundException: Could not load file or assembly 'Microsoft.Bcl.AsyncInterfaces, Culture=neutral, PublicKeyToken=null'. The system cannot find the file specified.
File name: 'Microsoft.Bcl.AsyncInterfaces, Culture=neutral, PublicKeyToken=null'
   at System.Reflection.RuntimeAssembly.InternalLoad(AssemblyName assemblyName, StackCrawlMark& stackMark, AssemblyLoadContext assemblyLoadContext, RuntimeAssembly requestingAssembly, Boolean throwOnFileNotFound)
   at System.Reflection.Assembly.Load(AssemblyName assemblyRef)
   at Microsoft.VisualStudio.TestPlatform.Common.ExtensionFramework.TestPluginCache.CurrentDomainAssemblyResolve(Object sender, AssemblyResolveEventArgs args) in /_/src/Microsoft.TestPlatform.Common/ExtensionFramework/TestPluginCache.cs:line 513
   at System.Runtime.Loader.AssemblyLoadContext.GetFirstResolvedAssemblyFromResolvingEvent(AssemblyName assemblyName)
   at System.Runtime.Loader.AssemblyLoadContext.ResolveUsingEvent(AssemblyName assemblyName)
   at System.Runtime.Loader.AssemblyLoadContext.ResolveUsingResolvingEvent(IntPtr gchManagedAssemblyLoadContext, AssemblyName assemblyName)
TpTrace Verbose: 0 : 13688, 1, 2024/10/28, 19:38:32.919, 4530052423525, vstest.console.dll, MetadataReaderExtensionsHelper: Discovering extensions inside assembly 'Microsoft.TestPlatform.Extensions.BlameDataCollector, Version=15.0.0.0, Culture=neutral, PublicKeyToken=b03f5f7f11d50a3a' file path 'C:\Program Files\dotnet\sdk\8.0.400\Extensions\Microsoft.TestPlatform.Extensions.BlameDataCollector.dll'
TpTrace Information: 0 : 13688, 1, 2024/10/28, 19:38:32.921, 4530052439298, vstest.console.dll, GetTestExtensionFromType: Register extension with identifier data 'logger://Microsoft/TestPlatform/Extensions/Blame/v1' and type 'Microsoft.TestPlatform.Extensions.BlameDataCollector.BlameLogger, Microsoft.TestPlatform.Extensions.BlameDataCollector, Version=15.0.0.0, Culture=neutral, PublicKeyToken=b03f5f7f11d50a3a' inside file 'C:\Program Files\dotnet\sdk\8.0.400\Extensions\Microsoft.TestPlatform.Extensions.BlameDataCollector.dll'
TpTrace Verbose: 0 : 13688, 1, 2024/10/28, 19:38:32.921, 4530052441151, vstest.console.dll, MetadataReaderExtensionsHelper: Discovering extensions inside assembly 'Microsoft.TestPlatform.Extensions.EventLogCollector, Version=15.0.0.0, Culture=neutral, PublicKeyToken=b03f5f7f11d50a3a' file path 'C:\Program Files\dotnet\sdk\8.0.400\Extensions\Microsoft.TestPlatform.Extensions.EventLogCollector.dll'
TpTrace Verbose: 0 : 13688, 1, 2024/10/28, 19:38:32.924, 4530052474996, vstest.console.dll, MetadataReaderExtensionsHelper: Discovering extensions inside assembly 'Microsoft.TestPlatform.TestHostRuntimeProvider, Version=15.0.0.0, Culture=neutral, PublicKeyToken=b03f5f7f11d50a3a' file path 'C:\Program Files\dotnet\sdk\8.0.400\Extensions\Microsoft.TestPlatform.TestHostRuntimeProvider.dll'
TpTrace Verbose: 0 : 13688, 1, 2024/10/28, 19:38:32.926, 4530052496601, vstest.console.dll, MetadataReaderExtensionsHelper: Discovering extensions inside assembly 'Microsoft.VisualStudio.TestPlatform.Extensions.Html.TestLogger, Version=15.0.0.0, Culture=neutral, PublicKeyToken=b03f5f7f11d50a3a' file path 'C:\Program Files\dotnet\sdk\8.0.400\Extensions\Microsoft.VisualStudio.TestPlatform.Extensions.Html.TestLogger.dll'
TpTrace Information: 0 : 13688, 1, 2024/10/28, 19:38:32.928, 4530052517675, vstest.console.dll, GetTestExtensionFromType: Register extension with identifier data 'logger://Microsoft/TestPlatform/HtmlLogger/v1' and type 'Microsoft.VisualStudio.TestPlatform.Extensions.HtmlLogger.HtmlLogger, Microsoft.VisualStudio.TestPlatform.Extensions.Html.TestLogger, Version=15.0.0.0, Culture=neutral, PublicKeyToken=b03f5f7f11d50a3a' inside file 'C:\Program Files\dotnet\sdk\8.0.400\Extensions\Microsoft.VisualStudio.TestPlatform.Extensions.Html.TestLogger.dll'
TpTrace Verbose: 0 : 13688, 1, 2024/10/28, 19:38:32.929, 4530052519635, vstest.console.dll, MetadataReaderExtensionsHelper: Discovering extensions inside assembly 'Microsoft.VisualStudio.TestPlatform.Extensions.Trx.TestLogger, Version=15.0.0.0, Culture=neutral, PublicKeyToken=b03f5f7f11d50a3a' file path 'C:\Program Files\dotnet\sdk\8.0.400\Extensions\Microsoft.VisualStudio.TestPlatform.Extensions.Trx.TestLogger.dll'
TpTrace Information: 0 : 13688, 1, 2024/10/28, 19:38:32.931, 4530052541879, vstest.console.dll, GetTestExtensionFromType: Register extension with identifier data 'logger://Microsoft/TestPlatform/TrxLogger/v1' and type 'Microsoft.VisualStudio.TestPlatform.Extensions.TrxLogger.TrxLogger, Microsoft.VisualStudio.TestPlatform.Extensions.Trx.TestLogger, Version=15.0.0.0, Culture=neutral, PublicKeyToken=b03f5f7f11d50a3a' inside file 'C:\Program Files\dotnet\sdk\8.0.400\Extensions\Microsoft.VisualStudio.TestPlatform.Extensions.Trx.TestLogger.dll'
TpTrace Verbose: 0 : 13688, 1, 2024/10/28, 19:38:32.931, 4530052543657, vstest.console.dll, TestPluginCache: Discovered the extensions using extension path ''.
TpTrace Verbose: 0 : 13688, 1, 2024/10/28, 19:38:32.931, 4530052544325, vstest.console.dll, TestPluginCache: Discoverers are ''.
TpTrace Verbose: 0 : 13688, 1, 2024/10/28, 19:38:32.931, 4530052544766, vstest.console.dll, TestPluginCache: Executors are ''.
TpTrace Verbose: 0 : 13688, 1, 2024/10/28, 19:38:32.931, 4530052545156, vstest.console.dll, TestPluginCache: Executors2 are ''.
TpTrace Verbose: 0 : 13688, 1, 2024/10/28, 19:38:32.931, 4530052545775, vstest.console.dll, TestPluginCache: Setting providers are ''.
TpTrace Verbose: 0 : 13688, 1, 2024/10/28, 19:38:32.931, 4530052546779, vstest.console.dll, TestPluginCache: Loggers are 'logger://Microsoft/TestPlatform/Extensions/Blame/v1,logger://Microsoft/TestPlatform/HtmlLogger/v1,logger://Microsoft/TestPlatform/TrxLogger/v1'.
TpTrace Verbose: 0 : 13688, 1, 2024/10/28, 19:38:32.931, 4530052547288, vstest.console.dll, TestPluginCache: TestHosts are 'HostProvider://DefaultTestHost,HostProvider://DotnetTestHost'.
TpTrace Verbose: 0 : 13688, 1, 2024/10/28, 19:38:32.931, 4530052547637, vstest.console.dll, TestPluginCache: DataCollectors are ''.
TpTrace Information: 0 : 13688, 1, 2024/10/28, 19:38:32.932, 4530052557528, vstest.console.dll, TestPluginManager.CreateTestExtension: Attempting to load test extension: Microsoft.TestPlatform.Extensions.BlameDataCollector.BlameLogger
TpTrace Verbose: 0 : 13688, 1, 2024/10/28, 19:38:32.950, 4530052735074, vstest.console.dll, TestEngine: Initializing Parallel Execution as MaxCpuCount is set to: 1
TpTrace Information: 0 : 13688, 1, 2024/10/28, 19:38:32.952, 4530052750208, vstest.console.dll, TestPluginManager.CreateTestExtension: Attempting to load test extension: Microsoft.VisualStudio.TestPlatform.CrossPlatEngine.Hosting.DefaultTestHostManager
TpTrace Information: 0 : 13688, 1, 2024/10/28, 19:38:32.957, 4530052801021, vstest.console.dll, TestPluginManager.CreateTestExtension: Attempting to load test extension: Microsoft.VisualStudio.TestPlatform.CrossPlatEngine.Hosting.DotnetTestHostManager
TpTrace Verbose: 0 : 13688, 1, 2024/10/28, 19:38:32.957, 4530052803892, vstest.console.dll, TestHostManagerCallbacks.ctor: Forwarding output is enabled.
TpTrace Information: 0 : 13688, 1, 2024/10/28, 19:38:32.958, 4530052808089, vstest.console.dll, InferRunSettingsHelper.IsTestSettingsEnabled: Unable to navigate to RunSettings/MSTest. Current node: RunSettings
TpTrace Verbose: 0 : 13688, 1, 2024/10/28, 19:38:32.959, 4530052823278, vstest.console.dll, ParallelOperationManager.ClearSlots: Clearing all slots. Slots should accept more work: True
TpTrace Verbose: 0 : 13688, 1, 2024/10/28, 19:38:32.960, 4530052829952, vstest.console.dll, ParallelOperationManager.SetOccupiedSlotCount: Setting slot counts AvailableSlotCount = 1, OccupiedSlotCount = 0.
TpTrace Verbose: 0 : 13688, 1, 2024/10/28, 19:38:32.960, 4530052832806, vstest.console.dll, Occupied slots:

TpTrace Verbose: 0 : 13688, 1, 2024/10/28, 19:38:32.963, 4530052863789, vstest.console.dll, TestEngine.GetExecutionManager: Chosen execution manager 'Microsoft.VisualStudio.TestPlatform.CrossPlatEngine.Client.Parallel.ParallelProxyExecutionManager, Microsoft.TestPlatform.CrossPlatEngine, Version=15.0.0.0, Culture=neutral, PublicKeyToken=b03f5f7f11d50a3a' ParallelLevel '1'.
TpTrace Verbose: 0 : 13688, 1, 2024/10/28, 19:38:32.963, 4530052866434, vstest.console.dll, TestPlatform.GetSkipDefaultAdapters: Not skipping default adapters SkipDefaultAdapters was false.
TpTrace Verbose: 0 : 13688, 1, 2024/10/28, 19:38:32.963, 4530052867610, vstest.console.dll, TestRunRequest.ExecuteAsync: Creating test run request.
TpTrace Verbose: 0 : 13688, 1, 2024/10/28, 19:38:32.964, 4530052869698, vstest.console.dll, TestRunRequest.ExecuteAsync: Starting.
TpTrace Information: 0 : 13688, 1, 2024/10/28, 19:38:32.965, 4530052880674, vstest.console.dll, TestRunRequest.ExecuteAsync: Starting run with settings:TestRunCriteria:
   KeepAlive=False,FrequencyOfRunStatsChangeEvent=10,RunStatsChangeEventTimeout=00:00:01.5000000,TestCaseFilter=,TestExecutorLauncher=
   Settingsxml=<RunSettings>
  <RunConfiguration>
    <ResultsDirectory>C:\Johnny\Celsior_Training\Day29\EFCoreWebAPISolution\EFCoreWebAPITest\bin\Debug\net6.0\fine-code-coverage\coverage-tool-output</ResultsDirectory>
    <TargetPlatform>X64</TargetPlatform>
    <TargetFrameworkVersion>.NETCoreApp,Version=v6.0</TargetFrameworkVersion>
    <DesignMode>False</DesignMode>
    <CollectSourceInformation>False</CollectSourceInformation>
  </RunConfiguration>
  <LoggerRunSettings>
    <Loggers>
      <Logger friendlyName="blame" enabled="True" />
      <Logger friendlyName="Console" uri="logger://microsoft/TestPlatform/ConsoleLogger/v1" assemblyQualifiedName="Microsoft.VisualStudio.TestPlatform.CommandLine.Internal.ConsoleLogger, vstest.console, Version=15.0.0.0, Culture=neutral, PublicKeyToken=b03f5f7f11d50a3a" codeBase="C:\Program Files\dotnet\sdk\8.0.400\vstest.console.dll" enabled="True" />
    </Loggers>
  </LoggerRunSettings>
  <DataCollectionRunSettings>
    <DataCollectors>
      <DataCollector friendlyName="blame" enabled="True">
        <Configuration>
          <ResultsDirectory>C:\Johnny\Celsior_Training\Day29\EFCoreWebAPISolution\EFCoreWebAPITest\bin\Debug\net6.0\fine-code-coverage\coverage-tool-output</ResultsDirectory>
        </Configuration>
      </DataCollector>
    </DataCollectors>
  </DataCollectionRunSettings>
</RunSettings>

TpTrace Verbose: 0 : 13688, 1, 2024/10/28, 19:38:32.965, 4530052881625, vstest.console.dll, TestRunRequest.ExecuteAsync: Wait for the first run request is over.
TpTrace Verbose: 0 : 13688, 1, 2024/10/28, 19:38:32.965, 4530052884307, vstest.console.dll, MulticastDelegateUtilities.SafeInvoke: TestRun.TestRunStart: Invoking callbacks was skipped because there are no subscribers.
TpTrace Verbose: 0 : 13688, 4, 2024/10/28, 19:38:32.965, 4530052886759, vstest.console.dll, MulticastDelegateUtilities.SafeInvoke: InternalTestLoggerEvents.SendTestRunStart: Invoking callback 1/1 for Microsoft.VisualStudio.TestPlatform.CommandLine.Internal.ConsoleLogger., took 0 ms.
TpTrace Verbose: 0 : 13688, 1, 2024/10/28, 19:38:32.966, 4530052894164, vstest.console.dll, ParallelProxyExecutionManager: Start execution. Total sources: 1
TpTrace Verbose: 0 : 13688, 1, 2024/10/28, 19:38:32.966, 4530052897271, vstest.console.dll, ParallelOperationManager.StartWork: Starting adding 1 workloads.
TpTrace Verbose: 0 : 13688, 1, 2024/10/28, 19:38:32.967, 4530052897956, vstest.console.dll, ParallelOperationManager.ClearSlots: Clearing all slots. Slots should accept more work: True
TpTrace Verbose: 0 : 13688, 1, 2024/10/28, 19:38:32.967, 4530052898643, vstest.console.dll, ParallelOperationManager.SetOccupiedSlotCount: Setting slot counts AvailableSlotCount = 1, OccupiedSlotCount = 0.
TpTrace Verbose: 0 : 13688, 1, 2024/10/28, 19:38:32.967, 4530052899134, vstest.console.dll, Occupied slots:

TpTrace Verbose: 0 : 13688, 1, 2024/10/28, 19:38:32.968, 4530052910949, vstest.console.dll, TestHostManagerCallbacks.ctor: Forwarding output is enabled.
TpTrace Verbose: 0 : 13688, 1, 2024/10/28, 19:38:32.968, 4530052913524, vstest.console.dll, TestRequestSender is acting as server.
TpTrace Verbose: 0 : 13688, 1, 2024/10/28, 19:38:32.970, 4530052933721, vstest.console.dll, ParallelOperationManager.RunWorkInParallel: Adding 1 workload to slot, remaining workloads 0.
TpTrace Verbose: 0 : 13688, 1, 2024/10/28, 19:38:32.970, 4530052934713, vstest.console.dll, ParallelOperationManager.SetOccupiedSlotCount: Setting slot counts AvailableSlotCount = 0, OccupiedSlotCount = 1.
TpTrace Verbose: 0 : 13688, 1, 2024/10/28, 19:38:32.970, 4530052936096, vstest.console.dll, Occupied slots:
0: C:\Johnny\Celsior_Training\Day29\EFCoreWebAPISolution\EFCoreWebAPITest\bin\Debug\net6.0\fine-code-coverage\build-output\EFCoreWebAPITest.dll
TpTrace Verbose: 0 : 13688, 1, 2024/10/28, 19:38:32.971, 4530052946828, vstest.console.dll, ParallelOperationManager.RunWorkInParallel: Started host in slot number 0 for work (source): C:\Johnny\Celsior_Training\Day29\EFCoreWebAPISolution\EFCoreWebAPITest\bin\Debug\net6.0\fine-code-coverage\build-output\EFCoreWebAPITest.dll.
TpTrace Verbose: 0 : 13688, 1, 2024/10/28, 19:38:32.972, 4530052956213, vstest.console.dll, ParallelOperationManager.RunWorkInParallel: We started 1 work items, which is the max parallel level. Won't start more work.
TpTrace Verbose: 0 : 13688, 1, 2024/10/28, 19:38:32.972, 4530052957263, vstest.console.dll, ParallelOperationManager.RunWorkInParallel: We started 1 work items in here, returning True.
TpTrace Information: 0 : 13688, 1, 2024/10/28, 19:38:32.973, 4530052958059, vstest.console.dll, TestRunRequest.ExecuteAsync: Started.
TpTrace Verbose: 0 : 13688, 5, 2024/10/28, 19:38:32.973, 4530052958486, vstest.console.dll, ParallelProxyExecutionManager.StartTestRunOnConcurrentManager: Initializing uninitialized client. Started clients: 0
TpTrace Verbose: 0 : 13688, 5, 2024/10/28, 19:38:32.973, 4530052961279, vstest.console.dll, DataCollectionRequestSender.InitializeCommunication : Initialize communication. 
TpTrace Verbose: 0 : 13688, 1, 2024/10/28, 19:38:32.973, 4530052963980, vstest.console.dll, TestRunRequest.WaitForCompletion: Waiting with timeout -1.
TpTrace Information: 0 : 13688, 5, 2024/10/28, 19:38:32.990, 4530053128163, vstest.console.dll, Listening on Endpoint : 127.0.0.1:54902
TpTrace Verbose: 0 : 13688, 5, 2024/10/28, 19:38:33.000, 4530053235316, vstest.console.dll, DotnetDataCollectionLauncher: Adding  --runtimeconfig "C:\Program Files\dotnet\sdk\8.0.400\datacollector.runtimeconfig.json" in args
TpTrace Verbose: 0 : 13688, 5, 2024/10/28, 19:38:33.000, 4530053236824, vstest.console.dll, DotnetDataCollectionLauncher: Adding  --depsfile "C:\Program Files\dotnet\sdk\8.0.400\datacollector.deps.json" in args
TpTrace Verbose: 0 : 13688, 5, 2024/10/28, 19:38:33.002, 4530053256462, vstest.console.dll, DotnetDataCollectionLauncher: Full path of dotnet.exe is C:\Program Files\dotnet\dotnet.exe
TpTrace Information: 0 : 13688, 5, 2024/10/28, 19:38:33.016, 4530053395414, vstest.console.dll, ProxyDataCollectionManager.Initialize: Launched datacollector processId: 22556 port: 54902
TpTrace Information: 0 : 13688, 5, 2024/10/28, 19:38:33.016, 4530053397075, vstest.console.dll, ProxyDataCollectionManager.Initialize: waiting for connection with timeout: 90 seconds
TpTrace Verbose: 0 : 13688, 5, 2024/10/28, 19:38:33.016, 4530053397613, vstest.console.dll, DataCollectionRequestSender.WaitForRequestHandlerConnection : Waiting for connection with timeout: 90000
TpTrace Information: 0 : 13688, 7, 2024/10/28, 19:38:33.374, 4530056969614, vstest.console.dll, Using the buffer size of 16384 bytes
TpTrace Verbose: 0 : 13688, 5, 2024/10/28, 19:38:33.374, 4530056970399, vstest.console.dll, SocketCommunicationManager.WaitForClientConnection took: 357 ms, with 90000 ms timeout, and finished with True.
TpTrace Information: 0 : 13688, 7, 2024/10/28, 19:38:33.374, 4530056971958, vstest.console.dll, Accepted Client request and set the flag
TpTrace Verbose: 0 : 13688, 5, 2024/10/28, 19:38:33.374, 4530056972323, vstest.console.dll, ProxyDataCollectionManager.InvokeDataCollectionServiceAction: Starting.
TpTrace Information: 0 : 13688, 5, 2024/10/28, 19:38:33.374, 4530056973911, vstest.console.dll, ProxyDataCollectionManager.BeforeTestRunStart: Get environment variable and port for datacollector processId: 22556 port: 54902
TpTrace Verbose: 0 : 13688, 5, 2024/10/28, 19:38:33.374, 4530056975491, vstest.console.dll, DataCollectionRequestSender.SendBeforeTestRunStartAndGetResult: Send BeforeTestRunStart message with settingsXml <RunSettings><RunConfiguration><ResultsDirectory>C:\Johnny\Celsior_Training\Day29\EFCoreWebAPISolution\EFCoreWebAPITest\bin\Debug\net6.0\fine-code-coverage\coverage-tool-output</ResultsDirectory><TargetPlatform>X64</TargetPlatform><TargetFrameworkVersion>.NETCoreApp,Version=v6.0</TargetFrameworkVersion><DesignMode>False</DesignMode><CollectSourceInformation>False</CollectSourceInformation><TestAdaptersPaths>C:\Program Files\dotnet\sdk\8.0.400\Extensions</TestAdaptersPaths></RunConfiguration><LoggerRunSettings><Loggers><Logger friendlyName="blame" enabled="True" /><Logger friendlyName="Console" uri="logger://microsoft/TestPlatform/ConsoleLogger/v1" assemblyQualifiedName="Microsoft.VisualStudio.TestPlatform.CommandLine.Internal.ConsoleLogger, vstest.console, Version=15.0.0.0, Culture=neutral, PublicKeyToken=b03f5f7f11d50a3a" codeBase="C:\Program Files\dotnet\sdk\8.0.400\vstest.console.dll" enabled="True" /></Loggers></LoggerRunSettings><DataCollectionRunSettings><DataCollectors><DataCollector friendlyName="blame" enabled="True"><Configuration><ResultsDirectory>C:\Johnny\Celsior_Training\Day29\EFCoreWebAPISolution\EFCoreWebAPITest\bin\Debug\net6.0\fine-code-coverage\coverage-tool-output</ResultsDirectory></Configuration></DataCollector></DataCollectors></DataCollectionRunSettings></RunSettings> and sources System.Collections.Generic.List`1[System.String]: 
TpTrace Verbose: 0 : 13688, 5, 2024/10/28, 19:38:33.466, 4530057891911, vstest.console.dll, DataCollectionRequestSender.SendBeforeTestRunStartAndGetResult: Received message: (DataCollection.SendMessage) -> {"MessageType":"DataCollection.SendMessage","Payload":{"FriendlyName":null,"Uri":null,"TestCaseId":"00000000-0000-0000-0000-000000000000","Message":"Logging DataCollector Diagnostics in file: C:\\Johnny\\Celsior_Training\\Day29\\EFCoreWebAPISolution\\EFCoreWebAPITest\\bin\\Debug\\net6.0\\fine-code-coverage\\coverage-tool-output\\diagnostics.datacollector.24-10-28_19-38-33_00050_5.log","Level":0}}
TpTrace Verbose: 0 : 13688, 5, 2024/10/28, 19:38:33.587, 4530059105263, vstest.console.dll, DataCollectionRequestSender.SendBeforeTestRunStartAndGetResult: Received message: (DataCollection.BeforeTestRunStartResult) -> {"MessageType":"DataCollection.BeforeTestRunStartResult","Payload":{"EnvironmentVariables":{},"DataCollectionEventsPort":54904}}
TpTrace Information: 0 : 13688, 5, 2024/10/28, 19:38:33.594, 4530059173027, vstest.console.dll, ProxyDataCollectionManager.BeforeTestRunStart: SendBeforeTestRunStartAndGetResult successful, env variable from datacollector:   and testhost port: 54904
TpTrace Information: 0 : 13688, 5, 2024/10/28, 19:38:33.594, 4530059174460, vstest.console.dll, ProxyDataCollectionManager.InvokeDataCollectionServiceAction: Completed.
TpTrace Verbose: 0 : 13688, 5, 2024/10/28, 19:38:33.594, 4530059175129, vstest.console.dll, ParallelProxyExecutionManager.StartTestRunOnConcurrentManager: Initializing test run. Started clients: 0
TpTrace Verbose: 0 : 13688, 5, 2024/10/28, 19:38:33.594, 4530059176355, vstest.console.dll, ProxyExecutionManager: Test host is always Lazy initialize.
TpTrace Verbose: 0 : 13688, 5, 2024/10/28, 19:38:33.595, 4530059178660, vstest.console.dll, TestRequestSender.InitializeCommunication: initialize communication. 
TpTrace Information: 0 : 13688, 5, 2024/10/28, 19:38:33.595, 4530059184518, vstest.console.dll, SocketServer.Start: Listening on endpoint : 127.0.0.1:54905
TpTrace Verbose: 0 : 13688, 5, 2024/10/28, 19:38:33.597, 4530059200327, vstest.console.dll, DotnetTestHostmanager.GetTestHostProcessStartInfo: Platform environment 'X64' target architecture 'X64' framework '.NETCoreApp,Version=v6.0' OS 'Windows'
TpTrace Verbose: 0 : 13688, 5, 2024/10/28, 19:38:33.597, 4530059203417, vstest.console.dll, DotnetTestHostmanager: Adding  --runtimeconfig "C:\Johnny\Celsior_Training\Day29\EFCoreWebAPISolution\EFCoreWebAPITest\bin\Debug\net6.0\fine-code-coverage\build-output\EFCoreWebAPITest.runtimeconfig.json" in args
TpTrace Verbose: 0 : 13688, 5, 2024/10/28, 19:38:33.597, 4530059204876, vstest.console.dll, DotnetTestHostmanager: Adding  --depsfile "C:\Johnny\Celsior_Training\Day29\EFCoreWebAPISolution\EFCoreWebAPITest\bin\Debug\net6.0\fine-code-coverage\build-output\EFCoreWebAPITest.deps.json" in args
TpTrace Verbose: 0 : 13688, 5, 2024/10/28, 19:38:33.598, 4530059208381, vstest.console.dll, DotnetTestHostmanager.IsWinOnArm: Current PROCESSOR_ARCHITECTURE from environment variable 'AMD64'
TpTrace Verbose: 0 : 13688, 5, 2024/10/28, 19:38:33.598, 4530059209214, vstest.console.dll, DotnetTestHostmanager.IsWinOnArm: Is Windows on ARM 'False'
TpTrace Verbose: 0 : 13688, 5, 2024/10/28, 19:38:33.598, 4530059210400, vstest.console.dll, DotnetTestHostManager: testhost.exe found at path: C:\Johnny\Celsior_Training\Day29\EFCoreWebAPISolution\EFCoreWebAPITest\bin\Debug\net6.0\fine-code-coverage\build-output\testhost.exe
TpTrace Verbose: 0 : 13688, 5, 2024/10/28, 19:38:33.598, 4530059210831, vstest.console.dll, DotnetTestHostmanager: Full path of host exe is C:\Johnny\Celsior_Training\Day29\EFCoreWebAPISolution\EFCoreWebAPITest\bin\Debug\net6.0\fine-code-coverage\build-output\testhost.exe
TpTrace Verbose: 0 : 13688, 5, 2024/10/28, 19:38:33.598, 4530059211939, vstest.console.dll, DotnetTestHostmanager.LaunchTestHostAsync: Found 'VSTEST_WINAPPHOST_DOTNET_ROOT' in env variables, value 'C:\Program Files\dotnet', forwarding to 'DOTNET_ROOT'
TpTrace Verbose: 0 : 13688, 5, 2024/10/28, 19:38:33.598, 4530059213292, vstest.console.dll, DotnetTestHostManager: Starting process 'C:\Johnny\Celsior_Training\Day29\EFCoreWebAPISolution\EFCoreWebAPITest\bin\Debug\net6.0\fine-code-coverage\build-output\testhost.exe' with command line ' --runtimeconfig "C:\Johnny\Celsior_Training\Day29\EFCoreWebAPISolution\EFCoreWebAPITest\bin\Debug\net6.0\fine-code-coverage\build-output\EFCoreWebAPITest.runtimeconfig.json" --depsfile "C:\Johnny\Celsior_Training\Day29\EFCoreWebAPISolution\EFCoreWebAPITest\bin\Debug\net6.0\fine-code-coverage\build-output\EFCoreWebAPITest.deps.json" --port 54905 --endpoint 127.0.0.1:054905 --role client --parentprocessid 13688 --diag "C:\Johnny\Celsior_Training\Day29\EFCoreWebAPISolution\EFCoreWebAPITest\bin\Debug\net6.0\fine-code-coverage\coverage-tool-output\diagnostics.host.24-10-28_19-38-33_59624_5.log" --tracelevel 4 --datacollectionport 54904 --telemetryoptedin false'
TpTrace Verbose: 0 : 13688, 5, 2024/10/28, 19:38:33.611, 4530059342997, vstest.console.dll, MulticastDelegateUtilities.SafeInvoke: HostProviderEvents.OnHostLaunched: Invoking callback 1/2 for Microsoft.VisualStudio.TestPlatform.CrossPlatEngine.Client.ProxyExecutionManagerWithDataCollection., took 1 ms.
TpTrace Verbose: 0 : 13688, 5, 2024/10/28, 19:38:33.612, 4530059349881, vstest.console.dll, Test Runtime launched
TpTrace Verbose: 0 : 13688, 5, 2024/10/28, 19:38:33.612, 4530059351711, vstest.console.dll, MulticastDelegateUtilities.SafeInvoke: HostProviderEvents.OnHostLaunched: Invoking callback 2/2 for Microsoft.VisualStudio.TestPlatform.CrossPlatEngine.Client.ProxyOperationManager., took 0 ms.
TpTrace Verbose: 0 : 13688, 5, 2024/10/28, 19:38:33.612, 4530059354238, vstest.console.dll, TestRequestSender.WaitForRequestHandlerConnection: waiting for connection with timeout: 90000.
TpTrace Verbose: 0 : 13688, 5, 2024/10/28, 19:38:34.008, 4530063315954, vstest.console.dll, TestRequestSender.WaitForRequestHandlerConnection: waiting took 396 ms, with timeout 90000 ms, and result 0, which is success.
TpTrace Verbose: 0 : 13688, 11, 2024/10/28, 19:38:34.008, 4530063315955, vstest.console.dll, MulticastDelegateUtilities.SafeInvoke: SocketServer: ClientConnected: Invoking callback 1/1 for Microsoft.VisualStudio.TestPlatform.CommunicationUtilities.TestRequestSender., took 0 ms.
TpTrace Verbose: 0 : 13688, 11, 2024/10/28, 19:38:34.009, 4530063319260, vstest.console.dll, SocketServer.OnClientConnected: Client connected for endPoint: 127.0.0.1:54905, starting MessageLoopAsync:
TpTrace Verbose: 0 : 13688, 11, 2024/10/28, 19:38:34.009, 4530063325991, vstest.console.dll, TcpClientExtensions.MessageLoopAsync: Polling on remoteEndPoint: 127.0.0.1:54906 localEndPoint: 127.0.0.1:54905 after 0 ms
TpTrace Verbose: 0 : 13688, 5, 2024/10/28, 19:38:34.010, 4530063333031, vstest.console.dll, TestRequestSender.CheckVersionWithTestHost: Sending check version message: {"MessageType":"ProtocolVersion","Payload":7}
TpTrace Verbose: 0 : 13688, 11, 2024/10/28, 19:38:34.245, 4530065683840, vstest.console.dll, TcpClientExtensions.MessageLoopAsync: NotifyDataAvailable remoteEndPoint: 127.0.0.1:54906 localEndPoint: 127.0.0.1:54905
TpTrace Verbose: 0 : 13688, 11, 2024/10/28, 19:38:34.245, 4530065687025, vstest.console.dll, TestRequestSender.CheckVersionWithTestHost: onMessageReceived received message: (ProtocolVersion) -> {"MessageType":"ProtocolVersion","Payload":7}
TpTrace Verbose: 0 : 13688, 11, 2024/10/28, 19:38:34.246, 4530065696036, vstest.console.dll, MulticastDelegateUtilities.SafeInvoke: LengthPrefixCommunicationChannel: MessageReceived: Invoking callback 1/1 for Microsoft.VisualStudio.TestPlatform.CommunicationUtilities.TestRequestSender+<>c__DisplayClass29_0., took 0 ms.
TpTrace Verbose: 0 : 13688, 11, 2024/10/28, 19:38:34.246, 4530065697672, vstest.console.dll, TcpClientExtensions.MessageLoopAsync: Polling on remoteEndPoint: 127.0.0.1:54906 localEndPoint: 127.0.0.1:54905 after 237 ms
TpTrace Verbose: 0 : 13688, 5, 2024/10/28, 19:38:34.246, 4530065697705, vstest.console.dll, TestPluginCache.GetExtensionPaths: Filtered extension paths: 
TpTrace Verbose: 0 : 13688, 5, 2024/10/28, 19:38:34.247, 4530065700364, vstest.console.dll, TestPluginCache.GetExtensionPaths: Added default extension paths: C:\Program Files\dotnet\sdk\8.0.400\Extensions\Microsoft.Diagnostics.NETCore.Client.dll
C:\Program Files\dotnet\sdk\8.0.400\Extensions\Microsoft.TestPlatform.Extensions.BlameDataCollector.dll
C:\Program Files\dotnet\sdk\8.0.400\Extensions\Microsoft.TestPlatform.Extensions.EventLogCollector.dll
C:\Program Files\dotnet\sdk\8.0.400\Extensions\Microsoft.TestPlatform.TestHostRuntimeProvider.dll
C:\Program Files\dotnet\sdk\8.0.400\Extensions\Microsoft.VisualStudio.TestPlatform.Extensions.Html.TestLogger.dll
C:\Program Files\dotnet\sdk\8.0.400\Extensions\Microsoft.VisualStudio.TestPlatform.Extensions.Trx.TestLogger.dll
TpTrace Verbose: 0 : 13688, 5, 2024/10/28, 19:38:34.247, 4530065701409, vstest.console.dll, TestPluginCache.GetExtensionPaths: Added unfilterableExtensionPaths: 
TpTrace Verbose: 0 : 13688, 5, 2024/10/28, 19:38:34.252, 4530065756387, vstest.console.dll, TestRequestSender.InitializeExecution: Sending initialize execution with message: {"Version":7,"MessageType":"TestExecution.Initialize","Payload":["C:\\Johnny\\Celsior_Training\\Day29\\EFCoreWebAPISolution\\EFCoreWebAPITest\\bin\\Debug\\net6.0\\fine-code-coverage\\build-output\\NUnit3.TestAdapter.dll"]}
TpTrace Verbose: 0 : 13688, 5, 2024/10/28, 19:38:34.253, 4530065760408, vstest.console.dll, ParallelProxyExecutionManager.StartTestRunOnConcurrentManager: Execution starting. Started clients: 1
TpTrace Verbose: 0 : 13688, 11, 2024/10/28, 19:38:34.254, 4530065776665, vstest.console.dll, TcpClientExtensions.MessageLoopAsync: NotifyDataAvailable remoteEndPoint: 127.0.0.1:54906 localEndPoint: 127.0.0.1:54905
TpTrace Verbose: 0 : 13688, 5, 2024/10/28, 19:38:34.254, 4530065777589, vstest.console.dll, TestRunRequest:SendTestRunMessage: Starting.
TpTrace Verbose: 0 : 13688, 5, 2024/10/28, 19:38:34.255, 4530065783131, vstest.console.dll, MulticastDelegateUtilities.SafeInvoke: TestRun.LogMessages: Invoking callback 1/1 for Microsoft.VisualStudio.TestPlatform.CommandLine.TestRunResultAggregator., took 0 ms.
TpTrace Information: 0 : 13688, 5, 2024/10/28, 19:38:34.255, 4530065783965, vstest.console.dll, TestRunRequest:SendTestRunMessage: Completed.
TpTrace Verbose: 0 : 13688, 4, 2024/10/28, 19:38:34.255, 4530065787002, vstest.console.dll, MulticastDelegateUtilities.SafeInvoke: InternalTestLoggerEvents.SendTestRunMessage: Invoking callback 1/1 for Microsoft.VisualStudio.TestPlatform.CommandLine.Internal.ConsoleLogger., took 0 ms.
TpTrace Warning: 0 : 13688, 5, 2024/10/28, 19:38:34.256, 4530065790814, vstest.console.dll, InferRunSettingsHelper.MakeRunsettingsCompatible: Removing the following settings: TargetPlatform from RunSettings file. To use those settings please move to latest version of Microsoft.NET.Test.Sdk
TpTrace Verbose: 0 : 13688, 11, 2024/10/28, 19:38:34.257, 4530065801275, vstest.console.dll, TestRequestSender.OnExecutionMessageReceived: Received message: {"Version":7,"MessageType":"TestSession.Message","Payload":{"MessageLevel":0,"Message":"Logging TestHost Diagnostics in file: C:\\Johnny\\Celsior_Training\\Day29\\EFCoreWebAPISolution\\EFCoreWebAPITest\\bin\\Debug\\net6.0\\fine-code-coverage\\coverage-tool-output\\diagnostics.host.24-10-28_19-38-33_59624_5.log"}}
TpTrace Verbose: 0 : 13688, 11, 2024/10/28, 19:38:34.261, 4530065842891, vstest.console.dll, TestRunRequest:SendTestRunMessage: Starting.
TpTrace Verbose: 0 : 13688, 11, 2024/10/28, 19:38:34.261, 4530065844939, vstest.console.dll, MulticastDelegateUtilities.SafeInvoke: TestRun.LogMessages: Invoking callback 1/1 for Microsoft.VisualStudio.TestPlatform.CommandLine.TestRunResultAggregator., took 0 ms.
TpTrace Information: 0 : 13688, 11, 2024/10/28, 19:38:34.261, 4530065845664, vstest.console.dll, TestRunRequest:SendTestRunMessage: Completed.
TpTrace Verbose: 0 : 13688, 4, 2024/10/28, 19:38:34.261, 4530065845248, vstest.console.dll, MulticastDelegateUtilities.SafeInvoke: InternalTestLoggerEvents.SendTestRunMessage: Invoking callback 1/1 for Microsoft.VisualStudio.TestPlatform.CommandLine.Internal.ConsoleLogger., took 0 ms.
TpTrace Verbose: 0 : 13688, 11, 2024/10/28, 19:38:34.261, 4530065846426, vstest.console.dll, MulticastDelegateUtilities.SafeInvoke: LengthPrefixCommunicationChannel: MessageReceived: Invoking callback 1/1 for Microsoft.VisualStudio.TestPlatform.CommunicationUtilities.TestRequestSender+<>c__DisplayClass34_0., took 4 ms.
TpTrace Verbose: 0 : 13688, 11, 2024/10/28, 19:38:34.262, 4530065848586, vstest.console.dll, TcpClientExtensions.MessageLoopAsync: Polling on remoteEndPoint: 127.0.0.1:54906 localEndPoint: 127.0.0.1:54905 after 14 ms
TpTrace Verbose: 0 : 13688, 5, 2024/10/28, 19:38:34.265, 4530065879069, vstest.console.dll, TestRequestSender.StartTestRun: Sending test run with message: {"Version":7,"MessageType":"TestExecution.StartWithSources","Payload":{"AdapterSourceMap":{"_none_":["C:\\Johnny\\Celsior_Training\\Day29\\EFCoreWebAPISolution\\EFCoreWebAPITest\\bin\\Debug\\net6.0\\fine-code-coverage\\build-output\\EFCoreWebAPITest.dll"]},"RunSettings":"<RunSettings>\r\n  <RunConfiguration>\r\n    <ResultsDirectory>C:\\Johnny\\Celsior_Training\\Day29\\EFCoreWebAPISolution\\EFCoreWebAPITest\\bin\\Debug\\net6.0\\fine-code-coverage\\coverage-tool-output</ResultsDirectory>\r\n    <TargetFrameworkVersion>.NETCoreApp,Version=v6.0</TargetFrameworkVersion>\r\n    <DesignMode>False</DesignMode>\r\n    <CollectSourceInformation>False</CollectSourceInformation>\r\n  </RunConfiguration>\r\n  <LoggerRunSettings>\r\n    <Loggers>\r\n      <Logger friendlyName=\"blame\" enabled=\"True\" />\r\n      <Logger friendlyName=\"Console\" uri=\"logger://microsoft/TestPlatform/ConsoleLogger/v1\" assemblyQualifiedName=\"Microsoft.VisualStudio.TestPlatform.CommandLine.Internal.ConsoleLogger, vstest.console, Version=15.0.0.0, Culture=neutral, PublicKeyToken=b03f5f7f11d50a3a\" codeBase=\"C:\\Program Files\\dotnet\\sdk\\8.0.400\\vstest.console.dll\" enabled=\"True\" />\r\n    </Loggers>\r\n  </LoggerRunSettings>\r\n  <DataCollectionRunSettings>\r\n    <DataCollectors>\r\n      <DataCollector friendlyName=\"blame\" enabled=\"True\">\r\n        <Configuration>\r\n          <ResultsDirectory>C:\\Johnny\\Celsior_Training\\Day29\\EFCoreWebAPISolution\\EFCoreWebAPITest\\bin\\Debug\\net6.0\\fine-code-coverage\\coverage-tool-output</ResultsDirectory>\r\n        </Configuration>\r\n      </DataCollector>\r\n    </DataCollectors>\r\n  </DataCollectionRunSettings>\r\n</RunSettings>","TestExecutionContext":{"FrequencyOfRunStatsChangeEvent":10,"RunStatsChangeEventTimeout":"00:00:01.5000000","InIsolation":false,"KeepAlive":false,"AreTestCaseLevelEventsRequired":false,"IsDebug":false,"TestCaseFilter":null,"FilterOptions":null},"Package":null}}
TpTrace Verbose: 0 : 13688, 5, 2024/10/28, 19:38:34.265, 4530065881799, vstest.console.dll, ParallelProxyExecutionManager.StartTestRunOnConcurrentManager: Execution started. Started clients: 1
TpTrace Verbose: 0 : 13688, 11, 2024/10/28, 19:38:34.550, 4530068728397, vstest.console.dll, TcpClientExtensions.MessageLoopAsync: NotifyDataAvailable remoteEndPoint: 127.0.0.1:54906 localEndPoint: 127.0.0.1:54905
TpTrace Verbose: 0 : 13688, 11, 2024/10/28, 19:38:34.550, 4530068730988, vstest.console.dll, TestRequestSender.OnExecutionMessageReceived: Received message: {"Version":7,"MessageType":"TestSession.Message","Payload":{"MessageLevel":0,"Message":"NUnit Adapter 4.4.0.0: Test execution started"}}
TpTrace Verbose: 0 : 13688, 11, 2024/10/28, 19:38:34.550, 4530068733537, vstest.console.dll, TestRunRequest:SendTestRunMessage: Starting.
TpTrace Verbose: 0 : 13688, 11, 2024/10/28, 19:38:34.550, 4530068734372, vstest.console.dll, MulticastDelegateUtilities.SafeInvoke: TestRun.LogMessages: Invoking callback 1/1 for Microsoft.VisualStudio.TestPlatform.CommandLine.TestRunResultAggregator., took 0 ms.
TpTrace Information: 0 : 13688, 11, 2024/10/28, 19:38:34.550, 4530068734805, vstest.console.dll, TestRunRequest:SendTestRunMessage: Completed.
TpTrace Verbose: 0 : 13688, 4, 2024/10/28, 19:38:34.550, 4530068734788, vstest.console.dll, MulticastDelegateUtilities.SafeInvoke: InternalTestLoggerEvents.SendTestRunMessage: Invoking callback 1/1 for Microsoft.VisualStudio.TestPlatform.CommandLine.Internal.ConsoleLogger., took 0 ms.
TpTrace Verbose: 0 : 13688, 11, 2024/10/28, 19:38:34.550, 4530068735276, vstest.console.dll, MulticastDelegateUtilities.SafeInvoke: LengthPrefixCommunicationChannel: MessageReceived: Invoking callback 1/1 for Microsoft.VisualStudio.TestPlatform.CommunicationUtilities.TestRequestSender+<>c__DisplayClass34_0., took 0 ms.
TpTrace Verbose: 0 : 13688, 11, 2024/10/28, 19:38:34.550, 4530068737064, vstest.console.dll, TcpClientExtensions.MessageLoopAsync: Polling on remoteEndPoint: 127.0.0.1:54906 localEndPoint: 127.0.0.1:54905 after 288 ms
TpTrace Verbose: 0 : 13688, 11, 2024/10/28, 19:38:34.589, 4530069118156, vstest.console.dll, TcpClientExtensions.MessageLoopAsync: NotifyDataAvailable remoteEndPoint: 127.0.0.1:54906 localEndPoint: 127.0.0.1:54905
TpTrace Verbose: 0 : 13688, 11, 2024/10/28, 19:38:34.589, 4530069120292, vstest.console.dll, TestRequestSender.OnExecutionMessageReceived: Received message: {"Version":7,"MessageType":"TestSession.Message","Payload":{"MessageLevel":0,"Message":"Running all tests in C:\\Johnny\\Celsior_Training\\Day29\\EFCoreWebAPISolution\\EFCoreWebAPITest\\bin\\Debug\\net6.0\\fine-code-coverage\\build-output\\EFCoreWebAPITest.dll"}}
TpTrace Verbose: 0 : 13688, 11, 2024/10/28, 19:38:34.589, 4530069122512, vstest.console.dll, TestRunRequest:SendTestRunMessage: Starting.
TpTrace Verbose: 0 : 13688, 11, 2024/10/28, 19:38:34.589, 4530069123792, vstest.console.dll, MulticastDelegateUtilities.SafeInvoke: TestRun.LogMessages: Invoking callback 1/1 for Microsoft.VisualStudio.TestPlatform.CommandLine.TestRunResultAggregator., took 0 ms.
TpTrace Information: 0 : 13688, 11, 2024/10/28, 19:38:34.589, 4530069124384, vstest.console.dll, TestRunRequest:SendTestRunMessage: Completed.
TpTrace Verbose: 0 : 13688, 4, 2024/10/28, 19:38:34.589, 4530069124659, vstest.console.dll, MulticastDelegateUtilities.SafeInvoke: InternalTestLoggerEvents.SendTestRunMessage: Invoking callback 1/1 for Microsoft.VisualStudio.TestPlatform.CommandLine.Internal.ConsoleLogger., took 0 ms.
TpTrace Verbose: 0 : 13688, 11, 2024/10/28, 19:38:34.589, 4530069125002, vstest.console.dll, MulticastDelegateUtilities.SafeInvoke: LengthPrefixCommunicationChannel: MessageReceived: Invoking callback 1/1 for Microsoft.VisualStudio.TestPlatform.CommunicationUtilities.TestRequestSender+<>c__DisplayClass34_0., took 0 ms.
TpTrace Verbose: 0 : 13688, 11, 2024/10/28, 19:38:34.589, 4530069127316, vstest.console.dll, TcpClientExtensions.MessageLoopAsync: Polling on remoteEndPoint: 127.0.0.1:54906 localEndPoint: 127.0.0.1:54905 after 38 ms
TpTrace Verbose: 0 : 13688, 11, 2024/10/28, 19:38:34.765, 4530070878451, vstest.console.dll, TcpClientExtensions.MessageLoopAsync: NotifyDataAvailable remoteEndPoint: 127.0.0.1:54906 localEndPoint: 127.0.0.1:54905
TpTrace Verbose: 0 : 13688, 11, 2024/10/28, 19:38:34.765, 4530070881047, vstest.console.dll, TestRequestSender.OnExecutionMessageReceived: Received message: {"Version":7,"MessageType":"TestSession.Message","Payload":{"MessageLevel":0,"Message":"   NUnit3TestExecutor discovered 30 of 30 NUnit test cases using Current Discovery mode, Non-Explicit run"}}
TpTrace Verbose: 0 : 13688, 11, 2024/10/28, 19:38:34.765, 4530070883090, vstest.console.dll, TestRunRequest:SendTestRunMessage: Starting.
TpTrace Verbose: 0 : 13688, 11, 2024/10/28, 19:38:34.765, 4530070884174, vstest.console.dll, MulticastDelegateUtilities.SafeInvoke: TestRun.LogMessages: Invoking callback 1/1 for Microsoft.VisualStudio.TestPlatform.CommandLine.TestRunResultAggregator., took 0 ms.
TpTrace Verbose: 0 : 13688, 4, 2024/10/28, 19:38:34.765, 4530070884446, vstest.console.dll, MulticastDelegateUtilities.SafeInvoke: InternalTestLoggerEvents.SendTestRunMessage: Invoking callback 1/1 for Microsoft.VisualStudio.TestPlatform.CommandLine.Internal.ConsoleLogger., took 0 ms.
TpTrace Information: 0 : 13688, 11, 2024/10/28, 19:38:34.765, 4530070884853, vstest.console.dll, TestRunRequest:SendTestRunMessage: Completed.
TpTrace Verbose: 0 : 13688, 11, 2024/10/28, 19:38:34.765, 4530070886861, vstest.console.dll, MulticastDelegateUtilities.SafeInvoke: LengthPrefixCommunicationChannel: MessageReceived: Invoking callback 1/1 for Microsoft.VisualStudio.TestPlatform.CommunicationUtilities.TestRequestSender+<>c__DisplayClass34_0., took 0 ms.
TpTrace Verbose: 0 : 13688, 11, 2024/10/28, 19:38:34.765, 4530070887509, vstest.console.dll, TcpClientExtensions.MessageLoopAsync: Polling on remoteEndPoint: 127.0.0.1:54906 localEndPoint: 127.0.0.1:54905 after 175 ms
TpTrace Verbose: 0 : 13688, 11, 2024/10/28, 19:38:35.771, 4530080943174, vstest.console.dll, TcpClientExtensions.MessageLoopAsync: Polling on remoteEndPoint: 127.0.0.1:54906 localEndPoint: 127.0.0.1:54905 after 1005 ms
TpTrace Verbose: 0 : 13688, 11, 2024/10/28, 19:38:35.958, 4530082808772, vstest.console.dll, TcpClientExtensions.MessageLoopAsync: NotifyDataAvailable remoteEndPoint: 127.0.0.1:54906 localEndPoint: 127.0.0.1:54905
TpTrace Verbose: 0 : 13688, 11, 2024/10/28, 19:38:35.958, 4530082812795, vstest.console.dll, TestRequestSender.OnExecutionMessageReceived: Received message: {"Version":7,"MessageType":"TestExecution.StatsChange","Payload":{"NewTestResults":[{"TestCase":{"Id":"3deb0c3a-72f9-2cf7-df2e-70263b86f046","FullyQualifiedName":"EFCoreWebAPITest.ProductControllerTesting.AddProductControllerTest(\"Test Product1\",300,10)","DisplayName":"AddProductControllerTest(\"Test Product1\",300,10)","ExecutorUri":"executor://NUnit3TestExecutor","Source":"C:\\Johnny\\Celsior_Training\\Day29\\EFCoreWebAPISolution\\EFCoreWebAPITest\\bin\\Debug\\net6.0\\fine-code-coverage\\build-output\\EFCoreWebAPITest.dll","CodeFilePath":null,"LineNumber":0,"Properties":[{"Key":{"Id":"NUnit.Seed","Label":"Seed","Category":"","Description":"","Attributes":0,"ValueType":"System.String"},"Value":"1845891752"}]},"Attachments":[],"Outcome":1,"ErrorMessage":null,"ErrorStackTrace":null,"DisplayName":"AddProductControllerTest(\"Test Product1\",300,10)","Messages":[],"ComputerName":"5CD413DKRZ","Duration":"00:00:01.0173610","StartTime":"2024-10-28T14:08:34.7917475+00:00","EndTime":"2024-10-28T14:08:35.8088466+00:00","Properties":[{"Key":{"Id":"NUnit.Seed","Label":"Seed","Category":"","Description":"","Attributes":0,"ValueType":"System.String"},"Value":"1845891752"}]},{"TestCase":{"Id":"cab23b9f-88f1-0e07-e398-442cfa79eeff","FullyQualifiedName":"EFCoreWebAPITest.ProductControllerTesting.AddProductControllerTest(\"Test Product2\",200,20)","DisplayName":"AddProductControllerTest(\"Test Product2\",200,20)","ExecutorUri":"executor://NUnit3TestExecutor","Source":"C:\\Johnny\\Celsior_Training\\Day29\\EFCoreWebAPISolution\\EFCoreWebAPITest\\bin\\Debug\\net6.0\\fine-code-coverage\\build-output\\EFCoreWebAPITest.dll","CodeFilePath":null,"LineNumber":0,"Properties":[{"Key":{"Id":"NUnit.Seed","Label":"Seed","Category":"","Description":"","Attributes":0,"ValueType":"System.String"},"Value":"738009358"}]},"Attachments":[],"Outcome":1,"ErrorMessage":null,"ErrorStackTrace":null,"DisplayName":"AddProductControllerTest(\"Test Product2\",200,20)","Messages":[],"ComputerName":"5CD413DKRZ","Duration":"00:00:00.0411300","StartTime":"2024-10-28T14:08:35.8231757+00:00","EndTime":"2024-10-28T14:08:35.8643051+00:00","Properties":[{"Key":{"Id":"NUnit.Seed","Label":"Seed","Category":"","Description":"","Attributes":0,"ValueType":"System.String"},"Value":"738009358"}]},{"TestCase":{"Id":"f974f39c-13c1-e37b-9a51-a21e463f56c7","FullyQualifiedName":"EFCoreWebAPITest.ProductControllerTesting.CreateProduct_ReturnsInternalServerError_OnException","DisplayName":"CreateProduct_ReturnsInternalServerError_OnException","ExecutorUri":"executor://NUnit3TestExecutor","Source":"C:\\Johnny\\Celsior_Training\\Day29\\EFCoreWebAPISolution\\EFCoreWebAPITest\\bin\\Debug\\net6.0\\fine-code-coverage\\build-output\\EFCoreWebAPITest.dll","CodeFilePath":null,"LineNumber":0,"Properties":[{"Key":{"Id":"NUnit.Seed","Label":"Seed","Category":"","Description":"","Attributes":0,"ValueType":"System.String"},"Value":"492351948"}]},"Attachments":[],"Outcome":1,"ErrorMessage":null,"ErrorStackTrace":null,"DisplayName":"CreateProduct_ReturnsInternalServerError_OnException","Messages":[],"ComputerName":"5CD413DKRZ","Duration":"00:00:00.0111590","StartTime":"2024-10-28T14:08:35.8659036+00:00","EndTime":"2024-10-28T14:08:35.8770626+00:00","Properties":[{"Key":{"Id":"NUnit.Seed","Label":"Seed","Category":"","Description":"","Attributes":0,"ValueType":"System.String"},"Value":"492351948"}]}],"TestRunStatistics":{"ExecutedTests":3,"Stats":{"Passed":3}},"ActiveTests":[{"Id":"b36037f0-ba65-b143-21b3-abf107a4d50c","FullyQualifiedName":"EFCoreWebAPITest.ProductControllerTesting.UpdateProductPrice_ReturnsInternalServerError_OnException","DisplayName":"UpdateProductPrice_ReturnsInternalServerError_OnException","ExecutorUri":"executor://NUnit3TestExecutor","Source":"C:\\Johnny\\Celsior_Training\\Day29\\EFCoreWebAPISolution\\EFCoreWebAPITest\\bin\\Debug\\net6.0\\fine-code-coverage\\build-output\\EFCoreWebAPITest.dll","CodeFilePath":null,"LineNumber":0,"Properties":[{"Key":{"Id":"NUnit.Seed","Label":"Seed","Category":"","Description":"","Attributes":0,"ValueType":"System.String"},"Value":"1436630523"}]}]}}
TpTrace Verbose: 0 : 13688, 11, 2024/10/28, 19:38:35.991, 4530083142930, vstest.console.dll, TestRunRequest:SendTestRunStatsChange: Starting.
TpTrace Verbose: 0 : 13688, 11, 2024/10/28, 19:38:35.991, 4530083145244, vstest.console.dll, InProgress is UpdateProductPrice_ReturnsInternalServerError_OnException
TpTrace Verbose: 0 : 13688, 11, 2024/10/28, 19:38:35.991, 4530083147671, vstest.console.dll, MulticastDelegateUtilities.SafeInvoke: TestRun.RunStatsChanged: Invoking callbacks was skipped because there are no subscribers.
TpTrace Information: 0 : 13688, 11, 2024/10/28, 19:38:35.992, 4530083148645, vstest.console.dll, TestRunRequest:SendTestRunStatsChange: Completed.
TpTrace Verbose: 0 : 13688, 11, 2024/10/28, 19:38:35.992, 4530083149167, vstest.console.dll, MulticastDelegateUtilities.SafeInvoke: LengthPrefixCommunicationChannel: MessageReceived: Invoking callback 1/1 for Microsoft.VisualStudio.TestPlatform.CommunicationUtilities.TestRequestSender+<>c__DisplayClass34_0., took 33 ms.
TpTrace Verbose: 0 : 13688, 11, 2024/10/28, 19:38:35.992, 4530083149779, vstest.console.dll, TcpClientExtensions.MessageLoopAsync: Polling on remoteEndPoint: 127.0.0.1:54906 localEndPoint: 127.0.0.1:54905 after 220 ms
TpTrace Verbose: 0 : 13688, 4, 2024/10/28, 19:38:35.994, 4530083176820, vstest.console.dll, MulticastDelegateUtilities.SafeInvoke: InternalTestLoggerEvents.SendTestResult: Invoking callback 1/1 for Microsoft.VisualStudio.TestPlatform.CommandLine.Internal.ConsoleLogger., took 2 ms.
TpTrace Verbose: 0 : 13688, 4, 2024/10/28, 19:38:35.995, 4530083182167, vstest.console.dll, MulticastDelegateUtilities.SafeInvoke: InternalTestLoggerEvents.SendTestResult: Invoking callback 1/1 for Microsoft.VisualStudio.TestPlatform.CommandLine.Internal.ConsoleLogger., took 0 ms.
TpTrace Verbose: 0 : 13688, 4, 2024/10/28, 19:38:35.995, 4530083183439, vstest.console.dll, MulticastDelegateUtilities.SafeInvoke: InternalTestLoggerEvents.SendTestResult: Invoking callback 1/1 for Microsoft.VisualStudio.TestPlatform.CommandLine.Internal.ConsoleLogger., took 0 ms.
TpTrace Verbose: 0 : 13688, 11, 2024/10/28, 19:38:36.215, 4530085382472, vstest.console.dll, TcpClientExtensions.MessageLoopAsync: NotifyDataAvailable remoteEndPoint: 127.0.0.1:54906 localEndPoint: 127.0.0.1:54905
TpTrace Verbose: 0 : 13688, 11, 2024/10/28, 19:38:36.216, 4530085388329, vstest.console.dll, TestRequestSender.OnExecutionMessageReceived: Received message: {"Version":7,"MessageType":"TestExecution.StatsChange","Payload":{"NewTestResults":[{"TestCase":{"Id":"b36037f0-ba65-b143-21b3-abf107a4d50c","FullyQualifiedName":"EFCoreWebAPITest.ProductControllerTesting.UpdateProductPrice_ReturnsInternalServerError_OnException","DisplayName":"UpdateProductPrice_ReturnsInternalServerError_OnException","ExecutorUri":"executor://NUnit3TestExecutor","Source":"C:\\Johnny\\Celsior_Training\\Day29\\EFCoreWebAPISolution\\EFCoreWebAPITest\\bin\\Debug\\net6.0\\fine-code-coverage\\build-output\\EFCoreWebAPITest.dll","CodeFilePath":null,"LineNumber":0,"Properties":[{"Key":{"Id":"NUnit.Seed","Label":"Seed","Category":"","Description":"","Attributes":0,"ValueType":"System.String"},"Value":"1436630523"}]},"Attachments":[],"Outcome":1,"ErrorMessage":null,"ErrorStackTrace":null,"DisplayName":"UpdateProductPrice_ReturnsInternalServerError_OnException","Messages":[],"ComputerName":"5CD413DKRZ","Duration":"00:00:00.2013110","StartTime":"2024-10-28T14:08:35.8770976+00:00","EndTime":"2024-10-28T14:08:36.0784079+00:00","Properties":[{"Key":{"Id":"NUnit.Seed","Label":"Seed","Category":"","Description":"","Attributes":0,"ValueType":"System.String"},"Value":"1436630523"}]},{"TestCase":{"Id":"bb19a94c-92ae-bc46-60a2-0b62e8369568","FullyQualifiedName":"EFCoreWebAPITest.ProductControllerTesting.updateProductPriceControllerTest(\"Test Product1\",300,10,200,1)","DisplayName":"updateProductPriceControllerTest(\"Test Product1\",300,10,200,1)","ExecutorUri":"executor://NUnit3TestExecutor","Source":"C:\\Johnny\\Celsior_Training\\Day29\\EFCoreWebAPISolution\\EFCoreWebAPITest\\bin\\Debug\\net6.0\\fine-code-coverage\\build-output\\EFCoreWebAPITest.dll","CodeFilePath":null,"LineNumber":0,"Properties":[{"Key":{"Id":"NUnit.Seed","Label":"Seed","Category":"","Description":"","Attributes":0,"ValueType":"System.String"},"Value":"181597083"}]},"Attachments":[],"Outcome":1,"ErrorMessage":null,"ErrorStackTrace":null,"DisplayName":"updateProductPriceControllerTest(\"Test Product1\",300,10,200,1)","Messages":[],"ComputerName":"5CD413DKRZ","Duration":"00:00:00.0271440","StartTime":"2024-10-28T14:08:36.0784874+00:00","EndTime":"2024-10-28T14:08:36.1056308+00:00","Properties":[{"Key":{"Id":"NUnit.Seed","Label":"Seed","Category":"","Description":"","Attributes":0,"ValueType":"System.String"},"Value":"181597083"}]},{"TestCase":{"Id":"34d36217-e650-1035-ce07-6eb151e375c3","FullyQualifiedName":"EFCoreWebAPITest.ProductControllerTesting.updateProductPriceControllerTest(\"Test Product2\",200,20,300,2)","DisplayName":"updateProductPriceControllerTest(\"Test Product2\",200,20,300,2)","ExecutorUri":"executor://NUnit3TestExecutor","Source":"C:\\Johnny\\Celsior_Training\\Day29\\EFCoreWebAPISolution\\EFCoreWebAPITest\\bin\\Debug\\net6.0\\fine-code-coverage\\build-output\\EFCoreWebAPITest.dll","CodeFilePath":null,"LineNumber":0,"Properties":[{"Key":{"Id":"NUnit.Seed","Label":"Seed","Category":"","Description":"","Attributes":0,"ValueType":"System.String"},"Value":"316628680"}]},"Attachments":[],"Outcome":1,"ErrorMessage":null,"ErrorStackTrace":null,"DisplayName":"updateProductPriceControllerTest(\"Test Product2\",200,20,300,2)","Messages":[],"ComputerName":"5CD413DKRZ","Duration":"00:00:00.0024220","StartTime":"2024-10-28T14:08:36.1056787+00:00","EndTime":"2024-10-28T14:08:36.1080994+00:00","Properties":[{"Key":{"Id":"NUnit.Seed","Label":"Seed","Category":"","Description":"","Attributes":0,"ValueType":"System.String"},"Value":"316628680"}]},{"TestCase":{"Id":"277c3f9c-9989-710b-af55-1bcc95b844c1","FullyQualifiedName":"EFCoreWebAPITest.ProductRepositoryTest.CollectionEmptyException_GetAll","DisplayName":"CollectionEmptyException_GetAll","ExecutorUri":"executor://NUnit3TestExecutor","Source":"C:\\Johnny\\Celsior_Training\\Day29\\EFCoreWebAPISolution\\EFCoreWebAPITest\\bin\\Debug\\net6.0\\fine-code-coverage\\build-output\\EFCoreWebAPITest.dll","CodeFilePath":null,"LineNumber":0,"Properties":[{"Key":{"Id":"NUnit.Seed","Label":"Seed","Category":"","Description":"","Attributes":0,"ValueType":"System.String"},"Value":"497471173"}]},"Attachments":[],"Outcome":2,"ErrorMessage":"  Expected: <EFCoreWebAPI.Exceptions.CollectionEmptyException>\r\n  But was:  null\r\n","ErrorStackTrace":"   at EFCoreWebAPITest.ProductRepositoryTest.CollectionEmptyException_GetAll() in C:\\Johnny\\Celsior_Training\\Day29\\EFCoreWebAPISolution\\EFCoreWebAPITest\\ProductRepositoryTest.cs:line 161\r\n   at NUnit.Framework.Internal.TaskAwaitAdapter.GenericAdapter`1.GetResult()\r\n   at NUnit.Framework.Internal.AsyncToSyncAdapter.Await(Func`1 invoke)\r\n   at NUnit.Framework.Internal.Commands.TestMethodCommand.RunTestMethod(TestExecutionContext context)\r\n   at NUnit.Framework.Internal.Commands.TestMethodCommand.Execute(TestExecutionContext context)\r\n   at NUnit.Framework.Internal.Commands.BeforeAndAfterTestCommand.<>c__DisplayClass1_0.<Execute>b__0()\r\n   at NUnit.Framework.Internal.Commands.DelegatingTestCommand.RunTestMethodInThreadAbortSafeZone(TestExecutionContext context, Action action)\r\n\n1)    at EFCoreWebAPITest.ProductRepositoryTest.CollectionEmptyException_GetAll() in C:\\Johnny\\Celsior_Training\\Day29\\EFCoreWebAPISolution\\EFCoreWebAPITest\\ProductRepositoryTest.cs:line 161\r\n   at System.Runtime.CompilerServices.AsyncMethodBuilderCore.Start[TStateMachine](TStateMachine& stateMachine)\r\n   at EFCoreWebAPITest.ProductRepositoryTest.CollectionEmptyException_GetAll()\r\n\n","DisplayName":"CollectionEmptyException_GetAll","Messages":[],"ComputerName":"5CD413DKRZ","Duration":"00:00:00.0608260","StartTime":"2024-10-28T14:08:36.1099669+00:00","EndTime":"2024-10-28T14:08:36.1707927+00:00","Properties":[{"Key":{"Id":"NUnit.Seed","Label":"Seed","Category":"","Description":"","Attributes":0,"ValueType":"System.String"},"Value":"497471173"}]},{"TestCase":{"Id":"e73775f5-7b54-9f50-dd24-9bcc7d3eb420","FullyQualifiedName":"EFCoreWebAPITest.ProductRepositoryTest.DeleteProduct(\"Product1\",100,5,\"\",\"Test Product 1\",1)","DisplayName":"DeleteProduct(\"Product1\",100,5,\"\",\"Test Product 1\",1)","ExecutorUri":"executor://NUnit3TestExecutor","Source":"C:\\Johnny\\Celsior_Training\\Day29\\EFCoreWebAPISolution\\EFCoreWebAPITest\\bin\\Debug\\net6.0\\fine-code-coverage\\build-output\\EFCoreWebAPITest.dll","CodeFilePath":null,"LineNumber":0,"Properties":[{"Key":{"Id":"NUnit.Seed","Label":"Seed","Category":"","Description":"","Attributes":0,"ValueType":"System.String"},"Value":"1520964709"}]},"Attachments":[],"Outcome":1,"ErrorMessage":null,"ErrorStackTrace":null,"DisplayName":"DeleteProduct(\"Product1\",100,5,\"\",\"Test Product 1\",1)","Messages":[],"ComputerName":"5CD413DKRZ","Duration":"00:00:00.0229840","StartTime":"2024-10-28T14:08:36.1709217+00:00","EndTime":"2024-10-28T14:08:36.1939049+00:00","Properties":[{"Key":{"Id":"NUnit.Seed","Label":"Seed","Category":"","Description":"","Attributes":0,"ValueType":"System.String"},"Value":"1520964709"}]},{"TestCase":{"Id":"5e69f8c8-cb23-8f25-6e09-ea7f5e70c86c","FullyQualifiedName":"EFCoreWebAPITest.ProductRepositoryTest.GetAllProductTest","DisplayName":"GetAllProductTest","ExecutorUri":"executor://NUnit3TestExecutor","Source":"C:\\Johnny\\Celsior_Training\\Day29\\EFCoreWebAPISolution\\EFCoreWebAPITest\\bin\\Debug\\net6.0\\fine-code-coverage\\build-output\\EFCoreWebAPITest.dll","CodeFilePath":null,"LineNumber":0,"Properties":[{"Key":{"Id":"NUnit.Seed","Label":"Seed","Category":"","Description":"","Attributes":0,"ValueType":"System.String"},"Value":"1414942989"}]},"Attachments":[],"Outcome":1,"ErrorMessage":null,"ErrorStackTrace":null,"DisplayName":"GetAllProductTest","Messages":[],"ComputerName":"5CD413DKRZ","Duration":"00:00:00.0017910","StartTime":"2024-10-28T14:08:36.1939735+00:00","EndTime":"2024-10-28T14:08:36.1957644+00:00","Properties":[{"Key":{"Id":"NUnit.Seed","Label":"Seed","Category":"","Description":"","Attributes":0,"ValueType":"System.String"},"Value":"1414942989"}]},{"TestCase":{"Id":"10f529b8-032a-f8c7-bf5b-edf4977f6dfb","FullyQualifiedName":"EFCoreWebAPITest.ProductRepositoryTest.GetProductTest(\"Product3\",100,5,\"\",\"Test Product 3\",3)","DisplayName":"GetProductTest(\"Product3\",100,5,\"\",\"Test Product 3\",3)","ExecutorUri":"executor://NUnit3TestExecutor","Source":"C:\\Johnny\\Celsior_Training\\Day29\\EFCoreWebAPISolution\\EFCoreWebAPITest\\bin\\Debug\\net6.0\\fine-code-coverage\\build-output\\EFCoreWebAPITest.dll","CodeFilePath":null,"LineNumber":0,"Properties":[{"Key":{"Id":"NUnit.Seed","Label":"Seed","Category":"","Description":"","Attributes":0,"ValueType":"System.String"},"Value":"1674945587"}]},"Attachments":[],"Outcome":1,"ErrorMessage":null,"ErrorStackTrace":null,"DisplayName":"GetProductTest(\"Product3\",100,5,\"\",\"Test Product 3\",3)","Messages":[],"ComputerName":"5CD413DKRZ","Duration":"00:00:00.0018360","StartTime":"2024-10-28T14:08:36.1958269+00:00","EndTime":"2024-10-28T14:08:36.1976623+00:00","Properties":[{"Key":{"Id":"NUnit.Seed","Label":"Seed","Category":"","Description":"","Attributes":0,"ValueType":"System.String"},"Value":"1674945587"}]},{"TestCase":{"Id":"a20361de-d37d-01f8-acf0-d4044c32bf7f","FullyQualifiedName":"EFCoreWebAPITest.ProductRepositoryTest.NotDeleteException_Delete(2)","DisplayName":"NotDeleteException_Delete(2)","ExecutorUri":"executor://NUnit3TestExecutor","Source":"C:\\Johnny\\Celsior_Training\\Day29\\EFCoreWebAPISolution\\EFCoreWebAPITest\\bin\\Debug\\net6.0\\fine-code-coverage\\build-output\\EFCoreWebAPITest.dll","CodeFilePath":null,"LineNumber":0,"Properties":[{"Key":{"Id":"NUnit.Seed","Label":"Seed","Category":"","Description":"","Attributes":0,"ValueType":"System.String"},"Value":"968545975"}]},"Attachments":[],"Outcome":2,"ErrorMessage":"  Expected: <EFCoreWebAPI.Exceptions.NotFoundException>\r\n  But was:  null\r\n","ErrorStackTrace":"   at EFCoreWebAPITest.ProductRepositoryTest.NotDeleteException_Delete(Int32 id) in C:\\Johnny\\Celsior_Training\\Day29\\EFCoreWebAPISolution\\EFCoreWebAPITest\\ProductRepositoryTest.cs:line 168\r\n   at NUnit.Framework.Internal.TaskAwaitAdapter.GenericAdapter`1.GetResult()\r\n   at NUnit.Framework.Internal.AsyncToSyncAdapter.Await(Func`1 invoke)\r\n   at NUnit.Framework.Internal.Commands.TestMethodCommand.RunTestMethod(TestExecutionContext context)\r\n   at NUnit.Framework.Internal.Commands.TestMethodCommand.Execute(TestExecutionContext context)\r\n   at NUnit.Framework.Internal.Commands.BeforeAndAfterTestCommand.<>c__DisplayClass1_0.<Execute>b__0()\r\n   at NUnit.Framework.Internal.Commands.DelegatingTestCommand.RunTestMethodInThreadAbortSafeZone(TestExecutionContext context, Action action)\r\n\n1)    at EFCoreWebAPITest.ProductRepositoryTest.NotDeleteException_Delete(Int32 id) in C:\\Johnny\\Celsior_Training\\Day29\\EFCoreWebAPISolution\\EFCoreWebAPITest\\ProductRepositoryTest.cs:line 168\r\n   at System.Runtime.CompilerServices.AsyncMethodBuilderCore.Start[TStateMachine](TStateMachine& stateMachine)\r\n   at EFCoreWebAPITest.ProductRepositoryTest.NotDeleteException_Delete(Int32 id)\r\n\n","DisplayName":"NotDeleteException_Delete(2)","Messages":[],"ComputerName":"5CD413DKRZ","Duration":"00:00:00.0028970","StartTime":"2024-10-28T14:08:36.1977823+00:00","EndTime":"2024-10-28T14:08:36.2006787+00:00","Properties":[{"Key":{"Id":"NUnit.Seed","Label":"Seed","Category":"","Description":"","Attributes":0,"ValueType":"System.String"},"Value":"968545975"}]},{"TestCase":{"Id":"907d27f2-ae25-b8a2-f0b8-3f85efe17283","FullyQualifiedName":"EFCoreWebAPITest.ProductRepositoryTest.TestCouldNotAddException(\"TestAdd1\",120,4,\"\",\"Test description for Product\",1)","DisplayName":"TestCouldNotAddException(\"TestAdd1\",120,4,\"\",\"Test description for Product\",1)","ExecutorUri":"executor://NUnit3TestExecutor","Source":"C:\\Johnny\\Celsior_Training\\Day29\\EFCoreWebAPISolution\\EFCoreWebAPITest\\bin\\Debug\\net6.0\\fine-code-coverage\\build-output\\EFCoreWebAPITest.dll","CodeFilePath":null,"LineNumber":0,"Properties":[{"Key":{"Id":"NUnit.Seed","Label":"Seed","Category":"","Description":"","Attributes":0,"ValueType":"System.String"},"Value":"346341946"}]},"Attachments":[],"Outcome":1,"ErrorMessage":null,"ErrorStackTrace":null,"DisplayName":"TestCouldNotAddException(\"TestAdd1\",120,4,\"\",\"Test description for Product\",1)","Messages":[],"ComputerName":"5CD413DKRZ","Duration":"00:00:00.0048180","StartTime":"2024-10-28T14:08:36.2007305+00:00","EndTime":"2024-10-28T14:08:36.2055479+00:00","Properties":[{"Key":{"Id":"NUnit.Seed","Label":"Seed","Category":"","Description":"","Attributes":0,"ValueType":"System.String"},"Value":"346341946"}]}],"TestRunStatistics":{"ExecutedTests":12,"Stats":{"Passed":10,"Failed":2}},"ActiveTests":[{"Id":"e65cf93c-3ab5-cd82-88d0-2df17d013785","FullyQualifiedName":"EFCoreWebAPITest.ProductServiceTesting.CreateProductTesting","DisplayName":"CreateProductTesting","ExecutorUri":"executor://NUnit3TestExecutor","Source":"C:\\Johnny\\Celsior_Training\\Day29\\EFCoreWebAPISolution\\EFCoreWebAPITest\\bin\\Debug\\net6.0\\fine-code-coverage\\build-output\\EFCoreWebAPITest.dll","CodeFilePath":null,"LineNumber":0,"Properties":[{"Key":{"Id":"NUnit.Seed","Label":"Seed","Category":"","Description":"","Attributes":0,"ValueType":"System.String"},"Value":"1625310997"}]}]}}
TpTrace Verbose: 0 : 13688, 11, 2024/10/28, 19:38:36.220, 4530085429534, vstest.console.dll, TestRunRequest:SendTestRunStatsChange: Starting.
TpTrace Verbose: 0 : 13688, 11, 2024/10/28, 19:38:36.220, 4530085430807, vstest.console.dll, InProgress is CreateProductTesting
TpTrace Verbose: 0 : 13688, 11, 2024/10/28, 19:38:36.220, 4530085432256, vstest.console.dll, MulticastDelegateUtilities.SafeInvoke: TestRun.RunStatsChanged: Invoking callbacks was skipped because there are no subscribers.
TpTrace Verbose: 0 : 13688, 4, 2024/10/28, 19:38:36.220, 4530085432985, vstest.console.dll, MulticastDelegateUtilities.SafeInvoke: InternalTestLoggerEvents.SendTestResult: Invoking callback 1/1 for Microsoft.VisualStudio.TestPlatform.CommandLine.Internal.ConsoleLogger., took 0 ms.
TpTrace Information: 0 : 13688, 11, 2024/10/28, 19:38:36.220, 4530085433075, vstest.console.dll, TestRunRequest:SendTestRunStatsChange: Completed.
TpTrace Verbose: 0 : 13688, 4, 2024/10/28, 19:38:36.220, 4530085434489, vstest.console.dll, MulticastDelegateUtilities.SafeInvoke: InternalTestLoggerEvents.SendTestResult: Invoking callback 1/1 for Microsoft.VisualStudio.TestPlatform.CommandLine.Internal.ConsoleLogger., took 0 ms.
TpTrace Verbose: 0 : 13688, 11, 2024/10/28, 19:38:36.220, 4530085435341, vstest.console.dll, MulticastDelegateUtilities.SafeInvoke: LengthPrefixCommunicationChannel: MessageReceived: Invoking callback 1/1 for Microsoft.VisualStudio.TestPlatform.CommunicationUtilities.TestRequestSender+<>c__DisplayClass34_0., took 4 ms.
TpTrace Verbose: 0 : 13688, 11, 2024/10/28, 19:38:36.220, 4530085436773, vstest.console.dll, TcpClientExtensions.MessageLoopAsync: Polling on remoteEndPoint: 127.0.0.1:54906 localEndPoint: 127.0.0.1:54905 after 228 ms
TpTrace Verbose: 0 : 13688, 4, 2024/10/28, 19:38:36.220, 4530085436790, vstest.console.dll, MulticastDelegateUtilities.SafeInvoke: InternalTestLoggerEvents.SendTestResult: Invoking callback 1/1 for Microsoft.VisualStudio.TestPlatform.CommandLine.Internal.ConsoleLogger., took 0 ms.
TpTrace Verbose: 0 : 13688, 4, 2024/10/28, 19:38:36.222, 4530085451539, vstest.console.dll, MulticastDelegateUtilities.SafeInvoke: InternalTestLoggerEvents.SendTestResult: Invoking callback 1/1 for Microsoft.VisualStudio.TestPlatform.CommandLine.Internal.ConsoleLogger., took 1 ms.
TpTrace Verbose: 0 : 13688, 4, 2024/10/28, 19:38:36.222, 4530085453569, vstest.console.dll, MulticastDelegateUtilities.SafeInvoke: InternalTestLoggerEvents.SendTestResult: Invoking callback 1/1 for Microsoft.VisualStudio.TestPlatform.CommandLine.Internal.ConsoleLogger., took 0 ms.
TpTrace Verbose: 0 : 13688, 4, 2024/10/28, 19:38:36.222, 4530085454744, vstest.console.dll, MulticastDelegateUtilities.SafeInvoke: InternalTestLoggerEvents.SendTestResult: Invoking callback 1/1 for Microsoft.VisualStudio.TestPlatform.CommandLine.Internal.ConsoleLogger., took 0 ms.
TpTrace Verbose: 0 : 13688, 4, 2024/10/28, 19:38:36.222, 4530085455882, vstest.console.dll, MulticastDelegateUtilities.SafeInvoke: InternalTestLoggerEvents.SendTestResult: Invoking callback 1/1 for Microsoft.VisualStudio.TestPlatform.CommandLine.Internal.ConsoleLogger., took 0 ms.
TpTrace Verbose: 0 : 13688, 4, 2024/10/28, 19:38:36.223, 4530085459474, vstest.console.dll, MulticastDelegateUtilities.SafeInvoke: InternalTestLoggerEvents.SendTestResult: Invoking callback 1/1 for Microsoft.VisualStudio.TestPlatform.CommandLine.Internal.ConsoleLogger., took 0 ms.
TpTrace Verbose: 0 : 13688, 4, 2024/10/28, 19:38:36.223, 4530085460933, vstest.console.dll, MulticastDelegateUtilities.SafeInvoke: InternalTestLoggerEvents.SendTestResult: Invoking callback 1/1 for Microsoft.VisualStudio.TestPlatform.CommandLine.Internal.ConsoleLogger., took 0 ms.
TpTrace Verbose: 0 : 13688, 11, 2024/10/28, 19:38:36.261, 4530085845403, vstest.console.dll, TcpClientExtensions.MessageLoopAsync: NotifyDataAvailable remoteEndPoint: 127.0.0.1:54906 localEndPoint: 127.0.0.1:54905
TpTrace Verbose: 0 : 13688, 11, 2024/10/28, 19:38:36.262, 4530085851265, vstest.console.dll, TestRequestSender.OnExecutionMessageReceived: Received message: {"Version":7,"MessageType":"TestExecution.StatsChange","Payload":{"NewTestResults":[{"TestCase":{"Id":"e65cf93c-3ab5-cd82-88d0-2df17d013785","FullyQualifiedName":"EFCoreWebAPITest.ProductServiceTesting.CreateProductTesting","DisplayName":"CreateProductTesting","ExecutorUri":"executor://NUnit3TestExecutor","Source":"C:\\Johnny\\Celsior_Training\\Day29\\EFCoreWebAPISolution\\EFCoreWebAPITest\\bin\\Debug\\net6.0\\fine-code-coverage\\build-output\\EFCoreWebAPITest.dll","CodeFilePath":null,"LineNumber":0,"Properties":[{"Key":{"Id":"NUnit.Seed","Label":"Seed","Category":"","Description":"","Attributes":0,"ValueType":"System.String"},"Value":"1625310997"}]},"Attachments":[],"Outcome":2,"ErrorMessage":"  Expected: 1\r\n  But was:  10\r\n","ErrorStackTrace":"   at EFCoreWebAPITest.ProductServiceTesting.CreateProductTesting() in C:\\Johnny\\Celsior_Training\\Day29\\EFCoreWebAPISolution\\EFCoreWebAPITest\\ProductServiceTesting.cs:line 60\r\n   at NUnit.Framework.Internal.TaskAwaitAdapter.GenericAdapter`1.GetResult()\r\n   at NUnit.Framework.Internal.AsyncToSyncAdapter.Await(Func`1 invoke)\r\n   at NUnit.Framework.Internal.Commands.TestMethodCommand.RunTestMethod(TestExecutionContext context)\r\n   at NUnit.Framework.Internal.Commands.TestMethodCommand.Execute(TestExecutionContext context)\r\n   at NUnit.Framework.Internal.Commands.BeforeAndAfterTestCommand.<>c__DisplayClass1_0.<Execute>b__0()\r\n   at NUnit.Framework.Internal.Commands.DelegatingTestCommand.RunTestMethodInThreadAbortSafeZone(TestExecutionContext context, Action action)\r\n\n1)    at EFCoreWebAPITest.ProductServiceTesting.CreateProductTesting() in C:\\Johnny\\Celsior_Training\\Day29\\EFCoreWebAPISolution\\EFCoreWebAPITest\\ProductServiceTesting.cs:line 60\r\n   at System.Runtime.CompilerServices.AsyncMethodBuilderCore.Start[TStateMachine](TStateMachine& stateMachine)\r\n   at EFCoreWebAPITest.ProductServiceTesting.CreateProductTesting()\r\n\n","DisplayName":"CreateProductTesting","Messages":[],"ComputerName":"5CD413DKRZ","Duration":"00:00:00.0032280","StartTime":"2024-10-28T14:08:36.205692+00:00","EndTime":"2024-10-28T14:08:36.2089198+00:00","Properties":[{"Key":{"Id":"NUnit.Seed","Label":"Seed","Category":"","Description":"","Attributes":0,"ValueType":"System.String"},"Value":"1625310997"}]},{"TestCase":{"Id":"e20066c8-abd2-77fd-3a62-6ce09b9df13c","FullyQualifiedName":"EFCoreWebAPITest.ProductServiceTesting.GetAllProduct_ReturnsProducts","DisplayName":"GetAllProduct_ReturnsProducts","ExecutorUri":"executor://NUnit3TestExecutor","Source":"C:\\Johnny\\Celsior_Training\\Day29\\EFCoreWebAPISolution\\EFCoreWebAPITest\\bin\\Debug\\net6.0\\fine-code-coverage\\build-output\\EFCoreWebAPITest.dll","CodeFilePath":null,"LineNumber":0,"Properties":[{"Key":{"Id":"NUnit.Seed","Label":"Seed","Category":"","Description":"","Attributes":0,"ValueType":"System.String"},"Value":"1217353953"}]},"Attachments":[],"Outcome":1,"ErrorMessage":null,"ErrorStackTrace":null,"DisplayName":"GetAllProduct_ReturnsProducts","Messages":[],"ComputerName":"5CD413DKRZ","Duration":"00:00:00.0043890","StartTime":"2024-10-28T14:08:36.2089395+00:00","EndTime":"2024-10-28T14:08:36.2133286+00:00","Properties":[{"Key":{"Id":"NUnit.Seed","Label":"Seed","Category":"","Description":"","Attributes":0,"ValueType":"System.String"},"Value":"1217353953"}]},{"TestCase":{"Id":"bc3e5387-dd2c-b64c-2339-44f57f9b80b8","FullyQualifiedName":"EFCoreWebAPITest.ProductServiceTesting.GetAllProduct_ThrowsCollectionEmptyException","DisplayName":"GetAllProduct_ThrowsCollectionEmptyException","ExecutorUri":"executor://NUnit3TestExecutor","Source":"C:\\Johnny\\Celsior_Training\\Day29\\EFCoreWebAPISolution\\EFCoreWebAPITest\\bin\\Debug\\net6.0\\fine-code-coverage\\build-output\\EFCoreWebAPITest.dll","CodeFilePath":null,"LineNumber":0,"Properties":[{"Key":{"Id":"NUnit.Seed","Label":"Seed","Category":"","Description":"","Attributes":0,"ValueType":"System.String"},"Value":"840812871"}]},"Attachments":[],"Outcome":1,"ErrorMessage":null,"ErrorStackTrace":null,"DisplayName":"GetAllProduct_ThrowsCollectionEmptyException","Messages":[],"ComputerName":"5CD413DKRZ","Duration":"00:00:00.0018920","StartTime":"2024-10-28T14:08:36.2133549+00:00","EndTime":"2024-10-28T14:08:36.2152464+00:00","Properties":[{"Key":{"Id":"NUnit.Seed","Label":"Seed","Category":"","Description":"","Attributes":0,"ValueType":"System.String"},"Value":"840812871"}]},{"TestCase":{"Id":"9bfed757-9f66-60d6-7aa1-18badff11fce","FullyQualifiedName":"EFCoreWebAPITest.ProductServiceTesting.GetAllProuctTesting","DisplayName":"GetAllProuctTesting","ExecutorUri":"executor://NUnit3TestExecutor","Source":"C:\\Johnny\\Celsior_Training\\Day29\\EFCoreWebAPISolution\\EFCoreWebAPITest\\bin\\Debug\\net6.0\\fine-code-coverage\\build-output\\EFCoreWebAPITest.dll","CodeFilePath":null,"LineNumber":0,"Properties":[{"Key":{"Id":"NUnit.Seed","Label":"Seed","Category":"","Description":"","Attributes":0,"ValueType":"System.String"},"Value":"1153430103"}]},"Attachments":[],"Outcome":1,"ErrorMessage":null,"ErrorStackTrace":null,"DisplayName":"GetAllProuctTesting","Messages":[],"ComputerName":"5CD413DKRZ","Duration":"00:00:00.0022500","StartTime":"2024-10-28T14:08:36.2152659+00:00","EndTime":"2024-10-28T14:08:36.2175161+00:00","Properties":[{"Key":{"Id":"NUnit.Seed","Label":"Seed","Category":"","Description":"","Attributes":0,"ValueType":"System.String"},"Value":"1153430103"}]},{"TestCase":{"Id":"88ff4e07-645d-85d4-152d-1a1aba02de7e","FullyQualifiedName":"EFCoreWebAPITest.ProductServiceTesting.GetProductTesting(1)","DisplayName":"GetProductTesting(1)","ExecutorUri":"executor://NUnit3TestExecutor","Source":"C:\\Johnny\\Celsior_Training\\Day29\\EFCoreWebAPISolution\\EFCoreWebAPITest\\bin\\Debug\\net6.0\\fine-code-coverage\\build-output\\EFCoreWebAPITest.dll","CodeFilePath":null,"LineNumber":0,"Properties":[{"Key":{"Id":"NUnit.Seed","Label":"Seed","Category":"","Description":"","Attributes":0,"ValueType":"System.String"},"Value":"1279653557"}]},"Attachments":[],"Outcome":2,"ErrorMessage":"EFCoreWebAPI.Exceptions.NotFoundException : Not Found in Product","ErrorStackTrace":"   at EFCoreWebAPI.Services.ProductService.GetProduct(Int32 Id) in C:\\Johnny\\Celsior_Training\\Day29\\EFCoreWebAPISolution\\EFCoreWebAPI\\Services\\ProductService.cs:line 44\r\n   at EFCoreWebAPITest.ProductServiceTesting.GetProductTesting(Int32 id) in C:\\Johnny\\Celsior_Training\\Day29\\EFCoreWebAPISolution\\EFCoreWebAPITest\\ProductServiceTesting.cs:line 113\r\n   at NUnit.Framework.Internal.TaskAwaitAdapter.GenericAdapter`1.GetResult()\r\n   at NUnit.Framework.Internal.AsyncToSyncAdapter.Await(Func`1 invoke)\r\n   at NUnit.Framework.Internal.Commands.TestMethodCommand.RunTestMethod(TestExecutionContext context)\r\n   at NUnit.Framework.Internal.Commands.TestMethodCommand.Execute(TestExecutionContext context)\r\n   at NUnit.Framework.Internal.Commands.BeforeAndAfterTestCommand.<>c__DisplayClass1_0.<Execute>b__0()\r\n   at NUnit.Framework.Internal.Commands.DelegatingTestCommand.RunTestMethodInThreadAbortSafeZone(TestExecutionContext context, Action action)\n","DisplayName":"GetProductTesting(1)","Messages":[],"ComputerName":"5CD413DKRZ","Duration":"00:00:00.0221120","StartTime":"2024-10-28T14:08:36.217577+00:00","EndTime":"2024-10-28T14:08:36.2396882+00:00","Properties":[{"Key":{"Id":"NUnit.Seed","Label":"Seed","Category":"","Description":"","Attributes":0,"ValueType":"System.String"},"Value":"1279653557"}]},{"TestCase":{"Id":"96b261b1-c1c9-15c7-b77a-b9d465e40f27","FullyQualifiedName":"EFCoreWebAPITest.ProductServiceTesting.NotFoundExceptionTesting(\"Not Found in Product\",1)","DisplayName":"NotFoundExceptionTesting(\"Not Found in Product\",1)","ExecutorUri":"executor://NUnit3TestExecutor","Source":"C:\\Johnny\\Celsior_Training\\Day29\\EFCoreWebAPISolution\\EFCoreWebAPITest\\bin\\Debug\\net6.0\\fine-code-coverage\\build-output\\EFCoreWebAPITest.dll","CodeFilePath":null,"LineNumber":0,"Properties":[{"Key":{"Id":"NUnit.Seed","Label":"Seed","Category":"","Description":"","Attributes":0,"ValueType":"System.String"},"Value":"1728840066"}]},"Attachments":[],"Outcome":1,"ErrorMessage":null,"ErrorStackTrace":null,"DisplayName":"NotFoundExceptionTesting(\"Not Found in Product\",1)","Messages":[],"ComputerName":"5CD413DKRZ","Duration":"00:00:00.0021930","StartTime":"2024-10-28T14:08:36.2397925+00:00","EndTime":"2024-10-28T14:08:36.2419846+00:00","Properties":[{"Key":{"Id":"NUnit.Seed","Label":"Seed","Category":"","Description":"","Attributes":0,"ValueType":"System.String"},"Value":"1728840066"}]},{"TestCase":{"Id":"650dcbd6-eee2-ecaf-6289-87a024ac9c89","FullyQualifiedName":"EFCoreWebAPITest.ProductServiceTesting.NotUpdateExceptionTesting(\"Product Price Update Fail\",1,30)","DisplayName":"NotUpdateExceptionTesting(\"Product Price Update Fail\",1,30)","ExecutorUri":"executor://NUnit3TestExecutor","Source":"C:\\Johnny\\Celsior_Training\\Day29\\EFCoreWebAPISolution\\EFCoreWebAPITest\\bin\\Debug\\net6.0\\fine-code-coverage\\build-output\\EFCoreWebAPITest.dll","CodeFilePath":null,"LineNumber":0,"Properties":[{"Key":{"Id":"NUnit.Seed","Label":"Seed","Category":"","Description":"","Attributes":0,"ValueType":"System.String"},"Value":"1515030407"}]},"Attachments":[],"Outcome":1,"ErrorMessage":null,"ErrorStackTrace":null,"DisplayName":"NotUpdateExceptionTesting(\"Product Price Update Fail\",1,30)","Messages":[],"ComputerName":"5CD413DKRZ","Duration":"00:00:00.0021140","StartTime":"2024-10-28T14:08:36.242045+00:00","EndTime":"2024-10-28T14:08:36.2441587+00:00","Properties":[{"Key":{"Id":"NUnit.Seed","Label":"Seed","Category":"","Description":"","Attributes":0,"ValueType":"System.String"},"Value":"1515030407"}]},{"TestCase":{"Id":"b0413522-9f8c-d35b-e82f-7a038da6c6de","FullyQualifiedName":"EFCoreWebAPITest.ProductServiceTesting.UpdatePriceNotFoundExceptionTesting(\"Product Price Update Fail\",999,30)","DisplayName":"UpdatePriceNotFoundExceptionTesting(\"Product Price Update Fail\",999,30)","ExecutorUri":"executor://NUnit3TestExecutor","Source":"C:\\Johnny\\Celsior_Training\\Day29\\EFCoreWebAPISolution\\EFCoreWebAPITest\\bin\\Debug\\net6.0\\fine-code-coverage\\build-output\\EFCoreWebAPITest.dll","CodeFilePath":null,"LineNumber":0,"Properties":[{"Key":{"Id":"NUnit.Seed","Label":"Seed","Category":"","Description":"","Attributes":0,"ValueType":"System.String"},"Value":"564070892"}]},"Attachments":[],"Outcome":1,"ErrorMessage":null,"ErrorStackTrace":null,"DisplayName":"UpdatePriceNotFoundExceptionTesting(\"Product Price Update Fail\",999,30)","Messages":[],"ComputerName":"5CD413DKRZ","Duration":"00:00:00.0036420","StartTime":"2024-10-28T14:08:36.2442821+00:00","EndTime":"2024-10-28T14:08:36.2479234+00:00","Properties":[{"Key":{"Id":"NUnit.Seed","Label":"Seed","Category":"","Description":"","Attributes":0,"ValueType":"System.String"},"Value":"564070892"}]},{"TestCase":{"Id":"4b32faae-344e-f6c6-ce16-44fa7012bfda","FullyQualifiedName":"EFCoreWebAPITest.ProductServiceTesting.UpdatePriceTesting(80,1)","DisplayName":"UpdatePriceTesting(80,1)","ExecutorUri":"executor://NUnit3TestExecutor","Source":"C:\\Johnny\\Celsior_Training\\Day29\\EFCoreWebAPISolution\\EFCoreWebAPITest\\bin\\Debug\\net6.0\\fine-code-coverage\\build-output\\EFCoreWebAPITest.dll","CodeFilePath":null,"LineNumber":0,"Properties":[{"Key":{"Id":"NUnit.Seed","Label":"Seed","Category":"","Description":"","Attributes":0,"ValueType":"System.String"},"Value":"735866057"}]},"Attachments":[],"Outcome":2,"ErrorMessage":"EFCoreWebAPI.Exceptions.NotUpdateException : Product Price Update Fail","ErrorStackTrace":"   at EFCoreWebAPI.Services.ProductService.UpdateProductPrice(Single price, Int32 Id) in C:\\Johnny\\Celsior_Training\\Day29\\EFCoreWebAPISolution\\EFCoreWebAPI\\Services\\ProductService.cs:line 57\r\n   at EFCoreWebAPITest.ProductServiceTesting.UpdatePriceTesting(Single price, Int32 id) in C:\\Johnny\\Celsior_Training\\Day29\\EFCoreWebAPISolution\\EFCoreWebAPITest\\ProductServiceTesting.cs:line 141\r\n   at NUnit.Framework.Internal.TaskAwaitAdapter.GenericAdapter`1.GetResult()\r\n   at NUnit.Framework.Internal.AsyncToSyncAdapter.Await(Func`1 invoke)\r\n   at NUnit.Framework.Internal.Commands.TestMethodCommand.RunTestMethod(TestExecutionContext context)\r\n   at NUnit.Framework.Internal.Commands.TestMethodCommand.Execute(TestExecutionContext context)\r\n   at NUnit.Framework.Internal.Commands.BeforeAndAfterTestCommand.<>c__DisplayClass1_0.<Execute>b__0()\r\n   at NUnit.Framework.Internal.Commands.DelegatingTestCommand.RunTestMethodInThreadAbortSafeZone(TestExecutionContext context, Action action)\n","DisplayName":"UpdatePriceTesting(80,1)","Messages":[],"ComputerName":"5CD413DKRZ","Duration":"00:00:00.0029630","StartTime":"2024-10-28T14:08:36.2479883+00:00","EndTime":"2024-10-28T14:08:36.2509511+00:00","Properties":[{"Key":{"Id":"NUnit.Seed","Label":"Seed","Category":"","Description":"","Attributes":0,"ValueType":"System.String"},"Value":"735866057"}]}],"TestRunStatistics":{"ExecutedTests":21,"Stats":{"Passed":16,"Failed":5}},"ActiveTests":[{"Id":"967e5cd9-1d0e-a0a2-2f6b-44bc897c8487","FullyQualifiedName":"EFCoreWebAPITest.ProductServiceTesting.UpdatePriceTesting(90,1)","DisplayName":"UpdatePriceTesting(90,1)","ExecutorUri":"executor://NUnit3TestExecutor","Source":"C:\\Johnny\\Celsior_Training\\Day29\\EFCoreWebAPISolution\\EFCoreWebAPITest\\bin\\Debug\\net6.0\\fine-code-coverage\\build-output\\EFCoreWebAPITest.dll","CodeFilePath":null,"LineNumber":0,"Properties":[{"Key":{"Id":"NUnit.Seed","Label":"Seed","Category":"","Description":"","Attributes":0,"ValueType":"System.String"},"Value":"1493026552"}]}]}}
TpTrace Verbose: 0 : 13688, 11, 2024/10/28, 19:38:36.265, 4530085884780, vstest.console.dll, TestRunRequest:SendTestRunStatsChange: Starting.
TpTrace Verbose: 0 : 13688, 11, 2024/10/28, 19:38:36.265, 4530085886286, vstest.console.dll, InProgress is UpdatePriceTesting(90,1)
TpTrace Verbose: 0 : 13688, 11, 2024/10/28, 19:38:36.265, 4530085887812, vstest.console.dll, MulticastDelegateUtilities.SafeInvoke: TestRun.RunStatsChanged: Invoking callbacks was skipped because there are no subscribers.
TpTrace Information: 0 : 13688, 11, 2024/10/28, 19:38:36.266, 4530085888499, vstest.console.dll, TestRunRequest:SendTestRunStatsChange: Completed.
TpTrace Verbose: 0 : 13688, 11, 2024/10/28, 19:38:36.266, 4530085889124, vstest.console.dll, MulticastDelegateUtilities.SafeInvoke: LengthPrefixCommunicationChannel: MessageReceived: Invoking callback 1/1 for Microsoft.VisualStudio.TestPlatform.CommunicationUtilities.TestRequestSender+<>c__DisplayClass34_0., took 3 ms.
TpTrace Verbose: 0 : 13688, 11, 2024/10/28, 19:38:36.266, 4530085890239, vstest.console.dll, TcpClientExtensions.MessageLoopAsync: Polling on remoteEndPoint: 127.0.0.1:54906 localEndPoint: 127.0.0.1:54905 after 45 ms
TpTrace Verbose: 0 : 13688, 4, 2024/10/28, 19:38:36.266, 4530085891050, vstest.console.dll, MulticastDelegateUtilities.SafeInvoke: InternalTestLoggerEvents.SendTestResult: Invoking callback 1/1 for Microsoft.VisualStudio.TestPlatform.CommandLine.Internal.ConsoleLogger., took 0 ms.
TpTrace Verbose: 0 : 13688, 4, 2024/10/28, 19:38:36.268, 4530085908534, vstest.console.dll, MulticastDelegateUtilities.SafeInvoke: InternalTestLoggerEvents.SendTestResult: Invoking callback 1/1 for Microsoft.VisualStudio.TestPlatform.CommandLine.Internal.ConsoleLogger., took 1 ms.
TpTrace Verbose: 0 : 13688, 4, 2024/10/28, 19:38:36.268, 4530085910577, vstest.console.dll, MulticastDelegateUtilities.SafeInvoke: InternalTestLoggerEvents.SendTestResult: Invoking callback 1/1 for Microsoft.VisualStudio.TestPlatform.CommandLine.Internal.ConsoleLogger., took 0 ms.
TpTrace Verbose: 0 : 13688, 4, 2024/10/28, 19:38:36.268, 4530085911746, vstest.console.dll, MulticastDelegateUtilities.SafeInvoke: InternalTestLoggerEvents.SendTestResult: Invoking callback 1/1 for Microsoft.VisualStudio.TestPlatform.CommandLine.Internal.ConsoleLogger., took 0 ms.
TpTrace Verbose: 0 : 13688, 4, 2024/10/28, 19:38:36.268, 4530085915240, vstest.console.dll, MulticastDelegateUtilities.SafeInvoke: InternalTestLoggerEvents.SendTestResult: Invoking callback 1/1 for Microsoft.VisualStudio.TestPlatform.CommandLine.Internal.ConsoleLogger., took 0 ms.
TpTrace Verbose: 0 : 13688, 4, 2024/10/28, 19:38:36.268, 4530085916811, vstest.console.dll, MulticastDelegateUtilities.SafeInvoke: InternalTestLoggerEvents.SendTestResult: Invoking callback 1/1 for Microsoft.VisualStudio.TestPlatform.CommandLine.Internal.ConsoleLogger., took 0 ms.
TpTrace Verbose: 0 : 13688, 4, 2024/10/28, 19:38:36.268, 4530085917839, vstest.console.dll, MulticastDelegateUtilities.SafeInvoke: InternalTestLoggerEvents.SendTestResult: Invoking callback 1/1 for Microsoft.VisualStudio.TestPlatform.CommandLine.Internal.ConsoleLogger., took 0 ms.
TpTrace Verbose: 0 : 13688, 4, 2024/10/28, 19:38:36.269, 4530085918680, vstest.console.dll, MulticastDelegateUtilities.SafeInvoke: InternalTestLoggerEvents.SendTestResult: Invoking callback 1/1 for Microsoft.VisualStudio.TestPlatform.CommandLine.Internal.ConsoleLogger., took 0 ms.
TpTrace Verbose: 0 : 13688, 4, 2024/10/28, 19:38:36.269, 4530085922181, vstest.console.dll, MulticastDelegateUtilities.SafeInvoke: InternalTestLoggerEvents.SendTestResult: Invoking callback 1/1 for Microsoft.VisualStudio.TestPlatform.CommandLine.Internal.ConsoleLogger., took 0 ms.
TpTrace Verbose: 0 : 13688, 11, 2024/10/28, 19:38:36.378, 4530087008266, vstest.console.dll, TcpClientExtensions.MessageLoopAsync: NotifyDataAvailable remoteEndPoint: 127.0.0.1:54906 localEndPoint: 127.0.0.1:54905
TpTrace Verbose: 0 : 13688, 11, 2024/10/28, 19:38:36.378, 4530087010618, vstest.console.dll, TestRequestSender.OnExecutionMessageReceived: Received message: {"Version":7,"MessageType":"TestSession.Message","Payload":{"MessageLevel":0,"Message":"NUnit Adapter 4.4.0.0: Test execution complete"}}
TpTrace Verbose: 0 : 13688, 11, 2024/10/28, 19:38:36.378, 4530087012404, vstest.console.dll, TestRunRequest:SendTestRunMessage: Starting.
TpTrace Verbose: 0 : 13688, 11, 2024/10/28, 19:38:36.378, 4530087013516, vstest.console.dll, MulticastDelegateUtilities.SafeInvoke: TestRun.LogMessages: Invoking callback 1/1 for Microsoft.VisualStudio.TestPlatform.CommandLine.TestRunResultAggregator., took 0 ms.
TpTrace Information: 0 : 13688, 11, 2024/10/28, 19:38:36.378, 4530087014409, vstest.console.dll, TestRunRequest:SendTestRunMessage: Completed.
TpTrace Verbose: 0 : 13688, 4, 2024/10/28, 19:38:36.378, 4530087014074, vstest.console.dll, MulticastDelegateUtilities.SafeInvoke: InternalTestLoggerEvents.SendTestRunMessage: Invoking callback 1/1 for Microsoft.VisualStudio.TestPlatform.CommandLine.Internal.ConsoleLogger., took 0 ms.
TpTrace Verbose: 0 : 13688, 11, 2024/10/28, 19:38:36.378, 4530087015023, vstest.console.dll, MulticastDelegateUtilities.SafeInvoke: LengthPrefixCommunicationChannel: MessageReceived: Invoking callback 1/1 for Microsoft.VisualStudio.TestPlatform.CommunicationUtilities.TestRequestSender+<>c__DisplayClass34_0., took 0 ms.
TpTrace Verbose: 0 : 13688, 11, 2024/10/28, 19:38:36.378, 4530087016841, vstest.console.dll, TcpClientExtensions.MessageLoopAsync: Polling on remoteEndPoint: 127.0.0.1:54906 localEndPoint: 127.0.0.1:54905 after 112 ms
TpTrace Verbose: 0 : 13688, 11, 2024/10/28, 19:38:36.403, 4530087263115, vstest.console.dll, TcpClientExtensions.MessageLoopAsync: NotifyDataAvailable remoteEndPoint: 127.0.0.1:54906 localEndPoint: 127.0.0.1:54905
TpTrace Verbose: 0 : 13688, 11, 2024/10/28, 19:38:36.408, 4530087317523, vstest.console.dll, TestRequestSender.OnExecutionMessageReceived: Received message: {"Version":7,"MessageType":"TestExecution.Completed","Payload":{"TestRunCompleteArgs":{"TestRunStatistics":{"ExecutedTests":30,"Stats":{"Passed":23,"Failed":7}},"IsCanceled":false,"IsAborted":false,"Error":null,"AttachmentSets":[],"InvokedDataCollectors":[],"ElapsedTimeInRunningTests":"00:00:01.8926447","Metrics":{},"DiscoveredExtensions":{"TestDiscoverers":["NUnit.VisualStudio.TestAdapter.NUnit3TestDiscoverer, NUnit3.TestAdapter, Version=4.4.0.0, Culture=neutral, PublicKeyToken=4cb40d35494691ac"],"TestExecutors":["executor://NUnit3TestExecutor"],"TestExecutors2":[],"TestSettingsProviders":[]}},"LastRunTests":{"NewTestResults":[{"TestCase":{"Id":"967e5cd9-1d0e-a0a2-2f6b-44bc897c8487","FullyQualifiedName":"EFCoreWebAPITest.ProductServiceTesting.UpdatePriceTesting(90,1)","DisplayName":"UpdatePriceTesting(90,1)","ExecutorUri":"executor://NUnit3TestExecutor","Source":"C:\\Johnny\\Celsior_Training\\Day29\\EFCoreWebAPISolution\\EFCoreWebAPITest\\bin\\Debug\\net6.0\\fine-code-coverage\\build-output\\EFCoreWebAPITest.dll","CodeFilePath":null,"LineNumber":0,"Properties":[{"Key":{"Id":"NUnit.Seed","Label":"Seed","Category":"","Description":"","Attributes":0,"ValueType":"System.String"},"Value":"1493026552"}]},"Attachments":[],"Outcome":2,"ErrorMessage":"EFCoreWebAPI.Exceptions.NotUpdateException : Product Price Update Fail","ErrorStackTrace":"   at EFCoreWebAPI.Services.ProductService.UpdateProductPrice(Single price, Int32 Id) in C:\\Johnny\\Celsior_Training\\Day29\\EFCoreWebAPISolution\\EFCoreWebAPI\\Services\\ProductService.cs:line 57\r\n   at EFCoreWebAPITest.ProductServiceTesting.UpdatePriceTesting(Single price, Int32 id) in C:\\Johnny\\Celsior_Training\\Day29\\EFCoreWebAPISolution\\EFCoreWebAPITest\\ProductServiceTesting.cs:line 141\r\n   at NUnit.Framework.Internal.TaskAwaitAdapter.GenericAdapter`1.GetResult()\r\n   at NUnit.Framework.Internal.AsyncToSyncAdapter.Await(Func`1 invoke)\r\n   at NUnit.Framework.Internal.Commands.TestMethodCommand.RunTestMethod(TestExecutionContext context)\r\n   at NUnit.Framework.Internal.Commands.TestMethodCommand.Execute(TestExecutionContext context)\r\n   at NUnit.Framework.Internal.Commands.BeforeAndAfterTestCommand.<>c__DisplayClass1_0.<Execute>b__0()\r\n   at NUnit.Framework.Internal.Commands.DelegatingTestCommand.RunTestMethodInThreadAbortSafeZone(TestExecutionContext context, Action action)\n","DisplayName":"UpdatePriceTesting(90,1)","Messages":[],"ComputerName":"5CD413DKRZ","Duration":"00:00:00.0051529","StartTime":"2024-10-28T14:08:36.250977+00:00","EndTime":"2024-10-28T14:08:36.2561291+00:00","Properties":[{"Key":{"Id":"NUnit.Seed","Label":"Seed","Category":"","Description":"","Attributes":0,"ValueType":"System.String"},"Value":"1493026552"}]},{"TestCase":{"Id":"81663730-4b74-d393-1e45-b4842b9efd32","FullyQualifiedName":"EFCoreWebAPITest.userControllerTesting.AddUserControllerTest(\"TestUser1\",\"testPassword\")","DisplayName":"AddUserControllerTest(\"TestUser1\",\"testPassword\")","ExecutorUri":"executor://NUnit3TestExecutor","Source":"C:\\Johnny\\Celsior_Training\\Day29\\EFCoreWebAPISolution\\EFCoreWebAPITest\\bin\\Debug\\net6.0\\fine-code-coverage\\build-output\\EFCoreWebAPITest.dll","CodeFilePath":null,"LineNumber":0,"Properties":[{"Key":{"Id":"NUnit.Seed","Label":"Seed","Category":"","Description":"","Attributes":0,"ValueType":"System.String"},"Value":"1064812821"}]},"Attachments":[],"Outcome":1,"ErrorMessage":null,"ErrorStackTrace":null,"DisplayName":"AddUserControllerTest(\"TestUser1\",\"testPassword\")","Messages":[],"ComputerName":"5CD413DKRZ","Duration":"00:00:00.0672809","StartTime":"2024-10-28T14:08:36.2564376+00:00","EndTime":"2024-10-28T14:08:36.323718+00:00","Properties":[{"Key":{"Id":"NUnit.Seed","Label":"Seed","Category":"","Description":"","Attributes":0,"ValueType":"System.String"},"Value":"1064812821"}]},{"TestCase":{"Id":"8a4377d4-4715-613c-83df-f3055f00ff84","FullyQualifiedName":"EFCoreWebAPITest.userControllerTesting.CreateUser_ReturnsInternalServerError_OnException","DisplayName":"CreateUser_ReturnsInternalServerError_OnException","ExecutorUri":"executor://NUnit3TestExecutor","Source":"C:\\Johnny\\Celsior_Training\\Day29\\EFCoreWebAPISolution\\EFCoreWebAPITest\\bin\\Debug\\net6.0\\fine-code-coverage\\build-output\\EFCoreWebAPITest.dll","CodeFilePath":null,"LineNumber":0,"Properties":[{"Key":{"Id":"NUnit.Seed","Label":"Seed","Category":"","Description":"","Attributes":0,"ValueType":"System.String"},"Value":"5932125"}]},"Attachments":[],"Outcome":1,"ErrorMessage":null,"ErrorStackTrace":null,"DisplayName":"CreateUser_ReturnsInternalServerError_OnException","Messages":[],"ComputerName":"5CD413DKRZ","Duration":"00:00:00.0039620","StartTime":"2024-10-28T14:08:36.3237752+00:00","EndTime":"2024-10-28T14:08:36.3277368+00:00","Properties":[{"Key":{"Id":"NUnit.Seed","Label":"Seed","Category":"","Description":"","Attributes":0,"ValueType":"System.String"},"Value":"5932125"}]},{"TestCase":{"Id":"e49a2ebb-d9a9-dfe3-c2ad-a82085580933","FullyQualifiedName":"EFCoreWebAPITest.userControllerTesting.LoginIn_UserController_Testing(\"TestUser1\",\"testPassword\")","DisplayName":"LoginIn_UserController_Testing(\"TestUser1\",\"testPassword\")","ExecutorUri":"executor://NUnit3TestExecutor","Source":"C:\\Johnny\\Celsior_Training\\Day29\\EFCoreWebAPISolution\\EFCoreWebAPITest\\bin\\Debug\\net6.0\\fine-code-coverage\\build-output\\EFCoreWebAPITest.dll","CodeFilePath":null,"LineNumber":0,"Properties":[{"Key":{"Id":"NUnit.Seed","Label":"Seed","Category":"","Description":"","Attributes":0,"ValueType":"System.String"},"Value":"411572945"}]},"Attachments":[],"Outcome":1,"ErrorMessage":null,"ErrorStackTrace":null,"DisplayName":"LoginIn_UserController_Testing(\"TestUser1\",\"testPassword\")","Messages":[],"ComputerName":"5CD413DKRZ","Duration":"00:00:00.0147240","StartTime":"2024-10-28T14:08:36.3278001+00:00","EndTime":"2024-10-28T14:08:36.3425233+00:00","Properties":[{"Key":{"Id":"NUnit.Seed","Label":"Seed","Category":"","Description":"","Attributes":0,"ValueType":"System.String"},"Value":"411572945"}]},{"TestCase":{"Id":"431df141-9a86-d654-c116-2ef0deabd354","FullyQualifiedName":"EFCoreWebAPITest.userControllerTesting.LoginUser_ReturnsUnauthorizeError_OnException(\"TestUser1\",\"testPassword\",\"wrongPassword\")","DisplayName":"LoginUser_ReturnsUnauthorizeError_OnException(\"TestUser1\",\"testPassword\",\"wrongPassword\")","ExecutorUri":"executor://NUnit3TestExecutor","Source":"C:\\Johnny\\Celsior_Training\\Day29\\EFCoreWebAPISolution\\EFCoreWebAPITest\\bin\\Debug\\net6.0\\fine-code-coverage\\build-output\\EFCoreWebAPITest.dll","CodeFilePath":null,"LineNumber":0,"Properties":[{"Key":{"Id":"NUnit.Seed","Label":"Seed","Category":"","Description":"","Attributes":0,"ValueType":"System.String"},"Value":"1869992789"}]},"Attachments":[],"Outcome":1,"ErrorMessage":null,"ErrorStackTrace":null,"DisplayName":"LoginUser_ReturnsUnauthorizeError_OnException(\"TestUser1\",\"testPassword\",\"wrongPassword\")","Messages":[],"ComputerName":"5CD413DKRZ","Duration":"00:00:00.0027250","StartTime":"2024-10-28T14:08:36.3425996+00:00","EndTime":"2024-10-28T14:08:36.3453242+00:00","Properties":[{"Key":{"Id":"NUnit.Seed","Label":"Seed","Category":"","Description":"","Attributes":0,"ValueType":"System.String"},"Value":"1869992789"}]},{"TestCase":{"Id":"bdfe6fd7-aad0-04a7-38a9-f2a81bf0095d","FullyQualifiedName":"EFCoreWebAPITest.UserRepositoryTesting.TesGet","DisplayName":"TesGet","ExecutorUri":"executor://NUnit3TestExecutor","Source":"C:\\Johnny\\Celsior_Training\\Day29\\EFCoreWebAPISolution\\EFCoreWebAPITest\\bin\\Debug\\net6.0\\fine-code-coverage\\build-output\\EFCoreWebAPITest.dll","CodeFilePath":null,"LineNumber":0,"Properties":[{"Key":{"Id":"NUnit.Seed","Label":"Seed","Category":"","Description":"","Attributes":0,"ValueType":"System.String"},"Value":"1741305633"}]},"Attachments":[],"Outcome":1,"ErrorMessage":null,"ErrorStackTrace":null,"DisplayName":"TesGet","Messages":[],"ComputerName":"5CD413DKRZ","Duration":"00:00:00.0012120","StartTime":"2024-10-28T14:08:36.3454578+00:00","EndTime":"2024-10-28T14:08:36.346669+00:00","Properties":[{"Key":{"Id":"NUnit.Seed","Label":"Seed","Category":"","Description":"","Attributes":0,"ValueType":"System.String"},"Value":"1741305633"}]},{"TestCase":{"Id":"672f0b4a-98a1-0588-ae7b-f04a855cffd7","FullyQualifiedName":"EFCoreWebAPITest.UserRepositoryTesting.TestAdd","DisplayName":"TestAdd","ExecutorUri":"executor://NUnit3TestExecutor","Source":"C:\\Johnny\\Celsior_Training\\Day29\\EFCoreWebAPISolution\\EFCoreWebAPITest\\bin\\Debug\\net6.0\\fine-code-coverage\\build-output\\EFCoreWebAPITest.dll","CodeFilePath":null,"LineNumber":0,"Properties":[{"Key":{"Id":"NUnit.Seed","Label":"Seed","Category":"","Description":"","Attributes":0,"ValueType":"System.String"},"Value":"2142051752"}]},"Attachments":[],"Outcome":2,"ErrorMessage":"EFCoreWebAPI.Exceptions.CouldNotAddException : Not Add into User","ErrorStackTrace":"   at EFCoreWebAPI.Repositories.UserRepository.Add(User entity) in C:\\Johnny\\Celsior_Training\\Day29\\EFCoreWebAPISolution\\EFCoreWebAPI\\Repositories\\UserRepository.cs:line 29\r\n   at EFCoreWebAPITest.UserRepositoryTesting.TestAdd() in C:\\Johnny\\Celsior_Training\\Day29\\EFCoreWebAPISolution\\EFCoreWebAPITest\\UserRepositoryTesting.cs:line 43\r\n   at NUnit.Framework.Internal.TaskAwaitAdapter.GenericAdapter`1.GetResult()\r\n   at NUnit.Framework.Internal.AsyncToSyncAdapter.Await(Func`1 invoke)\r\n   at NUnit.Framework.Internal.Commands.TestMethodCommand.RunTestMethod(TestExecutionContext context)\r\n   at NUnit.Framework.Internal.Commands.TestMethodCommand.Execute(TestExecutionContext context)\r\n   at NUnit.Framework.Internal.Commands.BeforeAndAfterTestCommand.<>c__DisplayClass1_0.<Execute>b__0()\r\n   at NUnit.Framework.Internal.Commands.DelegatingTestCommand.RunTestMethodInThreadAbortSafeZone(TestExecutionContext context, Action action)\n","DisplayName":"TestAdd","Messages":[],"ComputerName":"5CD413DKRZ","Duration":"00:00:00.0011329","StartTime":"2024-10-28T14:08:36.3466837+00:00","EndTime":"2024-10-28T14:08:36.3478167+00:00","Properties":[{"Key":{"Id":"NUnit.Seed","Label":"Seed","Category":"","Description":"","Attributes":0,"ValueType":"System.String"},"Value":"2142051752"}]},{"TestCase":{"Id":"41fa2ee9-c410-f0fd-b61f-55b4b170fa51","FullyQualifiedName":"EFCoreWebAPITest.UserServiceTesting.TestAdd(\"TestUser2\",\"TestPassword2\",\"TestHashKey\",Admin)","DisplayName":"TestAdd(\"TestUser2\",\"TestPassword2\",\"TestHashKey\",Admin)","ExecutorUri":"executor://NUnit3TestExecutor","Source":"C:\\Johnny\\Celsior_Training\\Day29\\EFCoreWebAPISolution\\EFCoreWebAPITest\\bin\\Debug\\net6.0\\fine-code-coverage\\build-output\\EFCoreWebAPITest.dll","CodeFilePath":null,"LineNumber":0,"Properties":[{"Key":{"Id":"NUnit.Seed","Label":"Seed","Category":"","Description":"","Attributes":0,"ValueType":"System.String"},"Value":"1136246920"}]},"Attachments":[],"Outcome":1,"ErrorMessage":null,"ErrorStackTrace":null,"DisplayName":"TestAdd(\"TestUser2\",\"TestPassword2\",\"TestHashKey\",Admin)","Messages":[],"ComputerName":"5CD413DKRZ","Duration":"00:00:00.0018180","StartTime":"2024-10-28T14:08:36.3479396+00:00","EndTime":"2024-10-28T14:08:36.3497569+00:00","Properties":[{"Key":{"Id":"NUnit.Seed","Label":"Seed","Category":"","Description":"","Attributes":0,"ValueType":"System.String"},"Value":"1136246920"}]},{"TestCase":{"Id":"243dfda9-1383-04d1-220a-d2ef28f0559a","FullyQualifiedName":"EFCoreWebAPITest.UserServiceTesting.TestAuthenticate(\"TestUser1\",\"TestPassword1\",\"TestHashKey1\")","DisplayName":"TestAuthenticate(\"TestUser1\",\"TestPassword1\",\"TestHashKey1\")","ExecutorUri":"executor://NUnit3TestExecutor","Source":"C:\\Johnny\\Celsior_Training\\Day29\\EFCoreWebAPISolution\\EFCoreWebAPITest\\bin\\Debug\\net6.0\\fine-code-coverage\\build-output\\EFCoreWebAPITest.dll","CodeFilePath":null,"LineNumber":0,"Properties":[{"Key":{"Id":"NUnit.Seed","Label":"Seed","Category":"","Description":"","Attributes":0,"ValueType":"System.String"},"Value":"808597680"}]},"Attachments":[],"Outcome":1,"ErrorMessage":null,"ErrorStackTrace":null,"DisplayName":"TestAuthenticate(\"TestUser1\",\"TestPassword1\",\"TestHashKey1\")","Messages":[],"ComputerName":"5CD413DKRZ","Duration":"00:00:00.0012530","StartTime":"2024-10-28T14:08:36.349808+00:00","EndTime":"2024-10-28T14:08:36.3510604+00:00","Properties":[{"Key":{"Id":"NUnit.Seed","Label":"Seed","Category":"","Description":"","Attributes":0,"ValueType":"System.String"},"Value":"808597680"}]}],"TestRunStatistics":{"ExecutedTests":30,"Stats":{"Passed":23,"Failed":7}},"ActiveTests":[]},"RunAttachments":[],"ExecutorUris":["executor://nunit3testexecutor/"]}}
TpTrace Verbose: 0 : 13688, 11, 2024/10/28, 19:38:36.409, 4530087321086, vstest.console.dll, TestRequestSender.EndSession: Sending end session.
TpTrace Verbose: 0 : 13688, 11, 2024/10/28, 19:38:36.409, 4530087323745, vstest.console.dll, ProxyOperationManager.Close: waiting for test host to exit for 100 ms
TpTrace Warning: 0 : 13688, 12, 2024/10/28, 19:38:36.426, 4530087496151, vstest.console.dll, TestHostManagerCallbacks.ErrorReceivedCallback Test host standard error line: 
TpTrace Verbose: 0 : 13688, 7, 2024/10/28, 19:38:36.426, 4530087496124, vstest.console.dll, TestHostManagerCallbacks.StandardOutputReceivedCallback Test host standard output line: 
TpTrace Verbose: 0 : 13688, 7, 2024/10/28, 19:38:36.439, 4530087621025, vstest.console.dll, TestHostProvider.ExitCallBack: Host exited starting callback.
TpTrace Information: 0 : 13688, 7, 2024/10/28, 19:38:36.439, 4530087622663, vstest.console.dll, TestHostManagerCallbacks.ExitCallBack: Testhost processId: 33612 exited with exitcode: 0 error: ''
TpTrace Verbose: 0 : 13688, 7, 2024/10/28, 19:38:36.439, 4530087623072, vstest.console.dll, DotnetTestHostManager.OnHostExited: invoking OnHostExited callback
TpTrace Verbose: 0 : 13688, 7, 2024/10/28, 19:38:36.439, 4530087623613, vstest.console.dll, CrossPlatEngine.TestHostManagerHostExited: calling on client process exit callback.
TpTrace Information: 0 : 13688, 7, 2024/10/28, 19:38:36.439, 4530087624188, vstest.console.dll, TestRequestSender.OnClientProcessExit: Test host process exited. Standard error: 
TpTrace Information: 0 : 13688, 7, 2024/10/28, 19:38:36.439, 4530087624639, vstest.console.dll, SocketServer.Stop: Stop server endPoint: 127.0.0.1:54905
TpTrace Information: 0 : 13688, 7, 2024/10/28, 19:38:36.439, 4530087624940, vstest.console.dll, SocketServer.Stop: Cancellation requested. Stopping message loop.
TpTrace Information: 0 : 13688, 11, 2024/10/28, 19:38:36.439, 4530087624939, vstest.console.dll, SocketServer.Stop: Stop server endPoint: 127.0.0.1:54905
TpTrace Verbose: 0 : 13688, 7, 2024/10/28, 19:38:36.439, 4530087626058, vstest.console.dll, MulticastDelegateUtilities.SafeInvoke: HostProviderEvents.OnHostExited: Invoking callback 1/1 for Microsoft.VisualStudio.TestPlatform.CrossPlatEngine.Client.ProxyOperationManager., took 0 ms.
TpTrace Information: 0 : 13688, 11, 2024/10/28, 19:38:36.439, 4530087626152, vstest.console.dll, SocketServer.Stop: Cancellation requested. Stopping message loop.
TpTrace Information: 0 : 13688, 11, 2024/10/28, 19:38:36.439, 4530087627573, vstest.console.dll, Closing the connection
TpTrace Verbose: 0 : 13688, 11, 2024/10/28, 19:38:36.440, 4530087630198, vstest.console.dll, ProxyDataCollectionManager.InvokeDataCollectionServiceAction: Starting.
TpTrace Information: 0 : 13688, 11, 2024/10/28, 19:38:36.440, 4530087630899, vstest.console.dll, ProxyDataCollectionManager.AfterTestRunEnd: Get attachment set and invoked data collectors processId: 22556 port: 54902
TpTrace Verbose: 0 : 13688, 11, 2024/10/28, 19:38:36.440, 4530087631608, vstest.console.dll, DataCollectionRequestSender.SendAfterTestRunStartAndGetResult: Send AfterTestRunEnd message with isCancelled: False
TpTrace Verbose: 0 : 13688, 11, 2024/10/28, 19:38:36.446, 4530087697470, vstest.console.dll, DataCollectionRequestSender.SendAfterTestRunStartAndGetResult: Received message: (DataCollection.AfterTestRunEndResult) -> {"MessageType":"DataCollection.AfterTestRunEndResult","Payload":{"AttachmentSets":[],"InvokedDataCollectors":[{"Uri":"datacollector://Microsoft/TestPlatform/Extensions/Blame/v1","FriendlyName":"Blame","AssemblyQualifiedName":"Microsoft.TestPlatform.Extensions.BlameDataCollector.BlameCollector, Microsoft.TestPlatform.Extensions.BlameDataCollector, Version=15.0.0.0, Culture=neutral, PublicKeyToken=b03f5f7f11d50a3a","FilePath":"C:\\Program Files\\dotnet\\sdk\\8.0.400\\Extensions\\Microsoft.TestPlatform.Extensions.BlameDataCollector.dll","HasAttachmentProcessor":false}],"Metrics":{}}}
TpTrace Information: 0 : 13688, 11, 2024/10/28, 19:38:36.452, 4530087753514, vstest.console.dll, ProxyDataCollectionManager.InvokeDataCollectionServiceAction: Completed.
TpTrace Warning: 0 : 13688, 10, 2024/10/28, 19:38:36.454, 4530087775342, vstest.console.dll, DataCollectionLauncher.ErrorReceivedCallback datacollector standard error line: 
TpTrace Information: 0 : 13688, 10, 2024/10/28, 19:38:36.463, 4530087858699, vstest.console.dll, DataCollectionLauncher.ExitCallBack: Data collector exited with exitcode: 0 error: ''
TpTrace Verbose: 0 : 13688, 11, 2024/10/28, 19:38:36.483, 4530088060095, vstest.console.dll, TestRunRequest:SendTestRunStatsChange: Starting.
TpTrace Verbose: 0 : 13688, 11, 2024/10/28, 19:38:36.483, 4530088061502, vstest.console.dll, MulticastDelegateUtilities.SafeInvoke: TestRun.RunStatsChanged: Invoking callbacks was skipped because there are no subscribers.
TpTrace Information: 0 : 13688, 11, 2024/10/28, 19:38:36.483, 4530088061883, vstest.console.dll, TestRunRequest:SendTestRunStatsChange: Completed.
TpTrace Verbose: 0 : 13688, 4, 2024/10/28, 19:38:36.483, 4530088064127, vstest.console.dll, MulticastDelegateUtilities.SafeInvoke: InternalTestLoggerEvents.SendTestResult: Invoking callback 1/1 for Microsoft.VisualStudio.TestPlatform.CommandLine.Internal.ConsoleLogger., took 0 ms.
TpTrace Verbose: 0 : 13688, 11, 2024/10/28, 19:38:36.483, 4530088064674, vstest.console.dll, ParallelProxyExecutionManager: HandlePartialRunComplete: Total workloads = 1, Total started clients = 1 Total completed clients = 1, Run complete = True, Run canceled: False.
TpTrace Verbose: 0 : 13688, 4, 2024/10/28, 19:38:36.483, 4530088065224, vstest.console.dll, MulticastDelegateUtilities.SafeInvoke: InternalTestLoggerEvents.SendTestResult: Invoking callback 1/1 for Microsoft.VisualStudio.TestPlatform.CommandLine.Internal.ConsoleLogger., took 0 ms.
TpTrace Verbose: 0 : 13688, 11, 2024/10/28, 19:38:36.483, 4530088065955, vstest.console.dll, ParallelProxyExecutionManager: HandlePartialRunComplete: All runs completed stopping all managers.
TpTrace Verbose: 0 : 13688, 4, 2024/10/28, 19:38:36.483, 4530088066963, vstest.console.dll, MulticastDelegateUtilities.SafeInvoke: InternalTestLoggerEvents.SendTestResult: Invoking callback 1/1 for Microsoft.VisualStudio.TestPlatform.CommandLine.Internal.ConsoleLogger., took 0 ms.
TpTrace Verbose: 0 : 13688, 4, 2024/10/28, 19:38:36.484, 4530088068231, vstest.console.dll, MulticastDelegateUtilities.SafeInvoke: InternalTestLoggerEvents.SendTestResult: Invoking callback 1/1 for Microsoft.VisualStudio.TestPlatform.CommandLine.Internal.ConsoleLogger., took 0 ms.
TpTrace Verbose: 0 : 13688, 11, 2024/10/28, 19:38:36.484, 4530088068401, vstest.console.dll, ParallelOperationManager.StopAllManagers: Stopping all managers.
TpTrace Verbose: 0 : 13688, 4, 2024/10/28, 19:38:36.484, 4530088068671, vstest.console.dll, MulticastDelegateUtilities.SafeInvoke: InternalTestLoggerEvents.SendTestResult: Invoking callback 1/1 for Microsoft.VisualStudio.TestPlatform.CommandLine.Internal.ConsoleLogger., took 0 ms.
TpTrace Verbose: 0 : 13688, 11, 2024/10/28, 19:38:36.484, 4530088069568, vstest.console.dll, ParallelOperationManager.ClearSlots: Clearing all slots. Slots should accept more work: False
TpTrace Verbose: 0 : 13688, 4, 2024/10/28, 19:38:36.484, 4530088070887, vstest.console.dll, MulticastDelegateUtilities.SafeInvoke: InternalTestLoggerEvents.SendTestResult: Invoking callback 1/1 for Microsoft.VisualStudio.TestPlatform.CommandLine.Internal.ConsoleLogger., took 0 ms.
TpTrace Verbose: 0 : 13688, 11, 2024/10/28, 19:38:36.484, 4530088070940, vstest.console.dll, ParallelOperationManager.SetOccupiedSlotCount: Setting slot counts AvailableSlotCount = 1, OccupiedSlotCount = 0.
TpTrace Verbose: 0 : 13688, 11, 2024/10/28, 19:38:36.484, 4530088072131, vstest.console.dll, Occupied slots:

TpTrace Verbose: 0 : 13688, 4, 2024/10/28, 19:38:36.484, 4530088073635, vstest.console.dll, MulticastDelegateUtilities.SafeInvoke: InternalTestLoggerEvents.SendTestResult: Invoking callback 1/1 for Microsoft.VisualStudio.TestPlatform.CommandLine.Internal.ConsoleLogger., took 0 ms.
TpTrace Verbose: 0 : 13688, 4, 2024/10/28, 19:38:36.484, 4530088074607, vstest.console.dll, MulticastDelegateUtilities.SafeInvoke: InternalTestLoggerEvents.SendTestResult: Invoking callback 1/1 for Microsoft.VisualStudio.TestPlatform.CommandLine.Internal.ConsoleLogger., took 0 ms.
TpTrace Verbose: 0 : 13688, 4, 2024/10/28, 19:38:36.484, 4530088075352, vstest.console.dll, MulticastDelegateUtilities.SafeInvoke: InternalTestLoggerEvents.SendTestResult: Invoking callback 1/1 for Microsoft.VisualStudio.TestPlatform.CommandLine.Internal.ConsoleLogger., took 0 ms.
TpTrace Verbose: 0 : 13688, 4, 2024/10/28, 19:38:36.491, 4530088142743, vstest.console.dll, MulticastDelegateUtilities.SafeInvoke: InternalTestLoggerEvents.SendTestRunComplete: Invoking callback 1/2 for Microsoft.TestPlatform.Extensions.BlameDataCollector.BlameLogger., took 0 ms.
TpTrace Verbose: 0 : 13688, 4, 2024/10/28, 19:38:36.497, 4530088198047, vstest.console.dll, MulticastDelegateUtilities.SafeInvoke: InternalTestLoggerEvents.SendTestRunComplete: Invoking callback 2/2 for Microsoft.VisualStudio.TestPlatform.CommandLine.Internal.ConsoleLogger., took 5 ms.
TpTrace Verbose: 0 : 13688, 11, 2024/10/28, 19:38:36.497, 4530088202485, vstest.console.dll, TestRunRequest:TestRunComplete: Starting. IsAborted:False IsCanceled:False.
TpTrace Verbose: 0 : 13688, 11, 2024/10/28, 19:38:36.497, 4530088204325, vstest.console.dll, ParallelOperationManager.DoActionOnAllManagers: Calling an action on all managers.
TpTrace Verbose: 0 : 13688, 11, 2024/10/28, 19:38:36.498, 4530088211497, vstest.console.dll, TestLoggerManager.HandleTestRunComplete: Ignoring as the object is disposed.
TpTrace Verbose: 0 : 13688, 11, 2024/10/28, 19:38:36.498, 4530088213515, vstest.console.dll, MulticastDelegateUtilities.SafeInvoke: TestRun.TestRunComplete: Invoking callback 1/2 for Microsoft.VisualStudio.TestPlatform.CommandLine.TestRunResultAggregator., took 0 ms.
TpTrace Verbose: 0 : 13688, 11, 2024/10/28, 19:38:36.498, 4530088214502, vstest.console.dll, MulticastDelegateUtilities.SafeInvoke: TestRun.TestRunComplete: Invoking callback 2/2 for Microsoft.VisualStudio.TestPlatform.CommandLine.Processors.RunTestsArgumentExecutor+TestRunRequestEventsRegistrar., took 0 ms.
TpTrace Verbose: 0 : 13688, 1, 2024/10/28, 19:38:36.498, 4530088216391, vstest.console.dll, TestRunRequest.Dispose: Starting.
TpTrace Information: 0 : 13688, 11, 2024/10/28, 19:38:36.499, 4530088220735, vstest.console.dll, TestRunRequest:TestRunComplete: Completed.
TpTrace Verbose: 0 : 13688, 11, 2024/10/28, 19:38:36.499, 4530088223993, vstest.console.dll, TestRequestSender.SetOperationComplete: Setting operation complete.
TpTrace Information: 0 : 13688, 11, 2024/10/28, 19:38:36.499, 4530088224342, vstest.console.dll, SocketServer.Stop: Stop server endPoint: 127.0.0.1:54905
TpTrace Information: 0 : 13688, 11, 2024/10/28, 19:38:36.499, 4530088224634, vstest.console.dll, SocketServer.Stop: Cancellation requested. Stopping message loop.
TpTrace Information: 0 : 13688, 1, 2024/10/28, 19:38:36.499, 4530088224794, vstest.console.dll, TestRunRequest.Dispose: Completed.
TpTrace Information: 0 : 13688, 1, 2024/10/28, 19:38:36.499, 4530088225827, vstest.console.dll, TestRequestManager.RunTests: run tests completed.
TpTrace Verbose: 0 : 13688, 11, 2024/10/28, 19:38:36.499, 4530088225040, vstest.console.dll, MulticastDelegateUtilities.SafeInvoke: LengthPrefixCommunicationChannel: MessageReceived: Invoking callback 1/1 for Microsoft.VisualStudio.TestPlatform.CommunicationUtilities.TestRequestSender+<>c__DisplayClass34_0., took 90 ms.
TpTrace Information: 0 : 13688, 1, 2024/10/28, 19:38:36.499, 4530088226518, vstest.console.dll, RunTestsArgumentProcessor:Execute: Test run is completed.
TpTrace Information: 0 : 13688, 11, 2024/10/28, 19:38:36.500, 4530088227956, vstest.console.dll, SocketServer.PrivateStop: Stopping server endPoint: 127.0.0.1:54905 error: 
TpTrace Verbose: 0 : 13688, 1, 2024/10/28, 19:38:36.500, 4530088230023, vstest.console.dll, Executor.Execute: Exiting with exit code of 1
TpTrace Verbose: 0 : 13688, 11, 2024/10/28, 19:38:36.500, 4530088232752, vstest.console.dll, LengthPrefixCommunicationChannel.Dispose: Dispose reader and writer.
TpTrace Information: 0 : 13688, 11, 2024/10/28, 19:38:36.500, 4530088234587, vstest.console.dll, SocketServer.Stop: Raise disconnected event endPoint: 127.0.0.1:54905 error: 
