TpTrace Verbose: 0 : 28140, 1, 2024/10/30, 09:31:17.024, 5893783368294, vstest.console.dll, Version: 17.11.0-release-24352-05 Current process architecture: X64
TpTrace Verbose: 0 : 28140, 1, 2024/10/30, 09:31:17.027, 5893783395534, vstest.console.dll, Runtime location: C:\Program Files\dotnet\shared\Microsoft.NETCore.App\8.0.8
TpTrace Verbose: 0 : 28140, 1, 2024/10/30, 09:31:17.033, 5893783450352, vstest.console.dll, ArtifactProcessingPostProcessModeProcessorExecutor.Initialize: ArtifactProcessingMode.Collect
TpTrace Verbose: 0 : 28140, 1, 2024/10/30, 09:31:17.033, 5893783452187, vstest.console.dll, TestSessionCorrelationIdProcessorModeProcessorExecutor.Initialize: TestSessionCorrelationId '31164_30972f5e-f5f3-4ae2-9fcc-f041bc600fec'
TpTrace Information: 0 : 28140, 1, 2024/10/30, 09:31:17.044, 5893783565509, vstest.console.dll, FilePatternParser: The given file C:\Johnny\Celsior_Training\Day33\PolicyClaimWebApiSolution\ClaimPolicyTest\bin\Debug\net6.0\fine-code-coverage\build-output\ClaimPolicyTest.dll is a full path.
TpTrace Verbose: 0 : 28140, 1, 2024/10/30, 09:31:17.055, 5893783676070, vstest.console.dll, TestPluginCache.DiscoverTestExtensions: finding test extensions in assemblies ends with: RuntimeProvider.dll TPluginInfo: Microsoft.VisualStudio.TestPlatform.Common.ExtensionFramework.Utilities.TestRuntimePluginInformation TExtension: Microsoft.VisualStudio.TestPlatform.ObjectModel.Host.ITestRuntimeProvider
TpTrace Verbose: 0 : 28140, 1, 2024/10/30, 09:31:17.056, 5893783679867, vstest.console.dll, TestPluginCache.GetExtensionPaths: Filtered extension paths: 
TpTrace Verbose: 0 : 28140, 1, 2024/10/30, 09:31:17.056, 5893783680889, vstest.console.dll, TestPluginCache.GetExtensionPaths: Added default extension paths: C:\Program Files\dotnet\sdk\8.0.400\Extensions\Microsoft.Diagnostics.NETCore.Client.dll
C:\Program Files\dotnet\sdk\8.0.400\Extensions\Microsoft.TestPlatform.Extensions.BlameDataCollector.dll
C:\Program Files\dotnet\sdk\8.0.400\Extensions\Microsoft.TestPlatform.Extensions.EventLogCollector.dll
C:\Program Files\dotnet\sdk\8.0.400\Extensions\Microsoft.TestPlatform.TestHostRuntimeProvider.dll
C:\Program Files\dotnet\sdk\8.0.400\Extensions\Microsoft.VisualStudio.TestPlatform.Extensions.Html.TestLogger.dll
C:\Program Files\dotnet\sdk\8.0.400\Extensions\Microsoft.VisualStudio.TestPlatform.Extensions.Trx.TestLogger.dll
TpTrace Verbose: 0 : 28140, 1, 2024/10/30, 09:31:17.056, 5893783681310, vstest.console.dll, TestPluginCache.GetExtensionPaths: Added unfilterableExtensionPaths: 
TpTrace Information: 0 : 28140, 1, 2024/10/30, 09:31:17.056, 5893783686531, vstest.console.dll, AssemblyResolver.ctor: Creating AssemblyResolver with searchDirectories C:\Program Files\dotnet\sdk\8.0.400\Extensions,C:\Program Files\dotnet\sdk\8.0.400
TpTrace Verbose: 0 : 28140, 1, 2024/10/30, 09:31:17.062, 5893783746214, vstest.console.dll, TestPluginCache.DiscoverTestExtensions: Discovering the extensions using extension path.
TpTrace Verbose: 0 : 28140, 1, 2024/10/30, 09:31:17.062, 5893783748196, vstest.console.dll, TestPluginCache.GetExtensionPaths: Filtered extension paths: 
TpTrace Verbose: 0 : 28140, 1, 2024/10/30, 09:31:17.062, 5893783748730, vstest.console.dll, TestPluginCache.GetExtensionPaths: Added default extension paths: C:\Program Files\dotnet\sdk\8.0.400\Extensions\Microsoft.Diagnostics.NETCore.Client.dll
C:\Program Files\dotnet\sdk\8.0.400\Extensions\Microsoft.TestPlatform.Extensions.BlameDataCollector.dll
C:\Program Files\dotnet\sdk\8.0.400\Extensions\Microsoft.TestPlatform.Extensions.EventLogCollector.dll
C:\Program Files\dotnet\sdk\8.0.400\Extensions\Microsoft.TestPlatform.TestHostRuntimeProvider.dll
C:\Program Files\dotnet\sdk\8.0.400\Extensions\Microsoft.VisualStudio.TestPlatform.Extensions.Html.TestLogger.dll
C:\Program Files\dotnet\sdk\8.0.400\Extensions\Microsoft.VisualStudio.TestPlatform.Extensions.Trx.TestLogger.dll
TpTrace Verbose: 0 : 28140, 1, 2024/10/30, 09:31:17.062, 5893783749072, vstest.console.dll, TestPluginCache.GetExtensionPaths: Added unfilterableExtensionPaths: 
TpTrace Verbose: 0 : 28140, 1, 2024/10/30, 09:31:17.062, 5893783749725, vstest.console.dll, TestPluginCache.DiscoverTestExtensions: Discovering the extensions using allExtensionPaths: C:\Program Files\dotnet\sdk\8.0.400\Extensions\Microsoft.Diagnostics.NETCore.Client.dll
C:\Program Files\dotnet\sdk\8.0.400\Extensions\Microsoft.TestPlatform.Extensions.BlameDataCollector.dll
C:\Program Files\dotnet\sdk\8.0.400\Extensions\Microsoft.TestPlatform.Extensions.EventLogCollector.dll
C:\Program Files\dotnet\sdk\8.0.400\Extensions\Microsoft.TestPlatform.TestHostRuntimeProvider.dll
C:\Program Files\dotnet\sdk\8.0.400\Extensions\Microsoft.VisualStudio.TestPlatform.Extensions.Html.TestLogger.dll
C:\Program Files\dotnet\sdk\8.0.400\Extensions\Microsoft.VisualStudio.TestPlatform.Extensions.Trx.TestLogger.dll
TpTrace Information: 0 : 28140, 1, 2024/10/30, 09:31:17.063, 5893783751391, vstest.console.dll, AssemblyResolver.AddSearchDirectories: Adding more searchDirectories C:\Program Files\dotnet\sdk\8.0.400\Extensions,C:\Program Files\dotnet\sdk\8.0.400
TpTrace Information: 0 : 28140, 1, 2024/10/30, 09:31:17.063, 5893783751961, vstest.console.dll, AssemblyResolver.AddSearchDirectories: Adding more searchDirectories C:\Program Files\dotnet\sdk\8.0.400\Extensions,C:\Program Files\dotnet\sdk\8.0.400
TpTrace Information: 0 : 28140, 1, 2024/10/30, 09:31:17.063, 5893783752270, vstest.console.dll, AssemblyResolver.AddSearchDirectories: Adding more searchDirectories C:\Program Files\dotnet\sdk\8.0.400\Extensions,C:\Program Files\dotnet\sdk\8.0.400
TpTrace Information: 0 : 28140, 1, 2024/10/30, 09:31:17.063, 5893783752562, vstest.console.dll, AssemblyResolver.AddSearchDirectories: Adding more searchDirectories C:\Program Files\dotnet\sdk\8.0.400\Extensions,C:\Program Files\dotnet\sdk\8.0.400
TpTrace Information: 0 : 28140, 1, 2024/10/30, 09:31:17.063, 5893783752862, vstest.console.dll, AssemblyResolver.AddSearchDirectories: Adding more searchDirectories C:\Program Files\dotnet\sdk\8.0.400\Extensions,C:\Program Files\dotnet\sdk\8.0.400
TpTrace Information: 0 : 28140, 1, 2024/10/30, 09:31:17.063, 5893783753161, vstest.console.dll, AssemblyResolver.AddSearchDirectories: Adding more searchDirectories C:\Program Files\dotnet\sdk\8.0.400\Extensions,C:\Program Files\dotnet\sdk\8.0.400
TpTrace Information: 0 : 28140, 1, 2024/10/30, 09:31:17.063, 5893783757978, vstest.console.dll, AssemblyResolver.OnResolve: Microsoft.Diagnostics.NETCore.Client: Resolving assembly.
TpTrace Information: 0 : 28140, 1, 2024/10/30, 09:31:17.063, 5893783758906, vstest.console.dll, AssemblyResolver.OnResolve: Microsoft.Diagnostics.NETCore.Client: Searching in: 'C:\Program Files\dotnet\sdk\8.0.400\Extensions'.
TpTrace Information: 0 : 28140, 1, 2024/10/30, 09:31:17.085, 5893783972308, vstest.console.dll, AssemblyResolver.OnResolve: Microsoft.Diagnostics.NETCore.Client: Loading assembly 'C:\Program Files\dotnet\sdk\8.0.400\Extensions\Microsoft.Diagnostics.NETCore.Client.dll'.
TpTrace Information: 0 : 28140, 1, 2024/10/30, 09:31:17.088, 5893784008953, vstest.console.dll, AssemblyResolver.OnResolve: Resolved assembly: Microsoft.Diagnostics.NETCore.Client, from path: C:\Program Files\dotnet\sdk\8.0.400\Extensions\Microsoft.Diagnostics.NETCore.Client.dll
TpTrace Verbose: 0 : 28140, 1, 2024/10/30, 09:31:17.092, 5893784048228, vstest.console.dll, MetadataReaderExtensionsHelper: Discovering extensions inside assembly 'Microsoft.Diagnostics.NETCore.Client, Version=0.2.10.30701, Culture=neutral, PublicKeyToken=31bf3856ad364e35' file path 'C:\Program Files\dotnet\sdk\8.0.400\Extensions\Microsoft.Diagnostics.NETCore.Client.dll'
TpTrace Information: 0 : 28140, 1, 2024/10/30, 09:31:17.108, 5893784207934, vstest.console.dll, AssemblyResolver.OnResolve: Microsoft.Bcl.AsyncInterfaces: Resolving assembly.
TpTrace Information: 0 : 28140, 1, 2024/10/30, 09:31:17.108, 5893784209383, vstest.console.dll, AssemblyResolver.OnResolve: Microsoft.Bcl.AsyncInterfaces: Searching in: 'C:\Program Files\dotnet\sdk\8.0.400\Extensions'.
TpTrace Information: 0 : 28140, 1, 2024/10/30, 09:31:17.109, 5893784210498, vstest.console.dll, AssemblyResolver.OnResolve: Microsoft.Bcl.AsyncInterfaces: Assembly path does not exist: 'C:\Program Files\dotnet\sdk\8.0.400\Extensions\Microsoft.Bcl.AsyncInterfaces.dll', returning.
TpTrace Information: 0 : 28140, 1, 2024/10/30, 09:31:17.109, 5893784211786, vstest.console.dll, AssemblyResolver.OnResolve: Microsoft.Bcl.AsyncInterfaces: Assembly path does not exist: 'C:\Program Files\dotnet\sdk\8.0.400\Extensions\Microsoft.Bcl.AsyncInterfaces.exe', returning.
TpTrace Information: 0 : 28140, 1, 2024/10/30, 09:31:17.109, 5893784212300, vstest.console.dll, AssemblyResolver.OnResolve: Microsoft.Bcl.AsyncInterfaces: Searching in: 'C:\Program Files\dotnet\sdk\8.0.400'.
TpTrace Information: 0 : 28140, 1, 2024/10/30, 09:31:17.109, 5893784212987, vstest.console.dll, AssemblyResolver.OnResolve: Microsoft.Bcl.AsyncInterfaces: Assembly path does not exist: 'C:\Program Files\dotnet\sdk\8.0.400\Microsoft.Bcl.AsyncInterfaces.dll', returning.
TpTrace Information: 0 : 28140, 1, 2024/10/30, 09:31:17.109, 5893784213583, vstest.console.dll, AssemblyResolver.OnResolve: Microsoft.Bcl.AsyncInterfaces: Assembly path does not exist: 'C:\Program Files\dotnet\sdk\8.0.400\Microsoft.Bcl.AsyncInterfaces.exe', returning.
TpTrace Information: 0 : 28140, 1, 2024/10/30, 09:31:17.109, 5893784214117, vstest.console.dll, AssemblyResolver.OnResolve: Microsoft.Bcl.AsyncInterfaces: Failed to load assembly.
TpTrace Verbose: 0 : 28140, 1, 2024/10/30, 09:31:17.109, 5893784214672, vstest.console.dll, CurrentDomainAssemblyResolve: Resolving assembly 'Microsoft.Bcl.AsyncInterfaces'.
TpTrace Information: 0 : 28140, 1, 2024/10/30, 09:31:17.109, 5893784215544, vstest.console.dll, AssemblyResolver.OnResolve: Microsoft.Bcl.AsyncInterfaces: Resolving assembly.
TpTrace Information: 0 : 28140, 1, 2024/10/30, 09:31:17.109, 5893784216071, vstest.console.dll, AssemblyResolver.OnResolve: Microsoft.Bcl.AsyncInterfaces: Resolved from cache.
TpTrace Verbose: 0 : 28140, 1, 2024/10/30, 09:31:17.109, 5893784216482, vstest.console.dll, CurrentDomainAssemblyResolve: Resolving assembly 'Microsoft.Bcl.AsyncInterfaces'.
TpTrace Verbose: 0 : 28140, 1, 2024/10/30, 09:31:17.109, 5893784216970, vstest.console.dll, CurrentDomainAssemblyResolve: Failed to resolve assembly 'Microsoft.Bcl.AsyncInterfaces'.
TpTrace Verbose: 0 : 28140, 1, 2024/10/30, 09:31:17.112, 5893784240558, vstest.console.dll, CurrentDomainAssemblyResolve: Failed to resolve assembly 'Microsoft.Bcl.AsyncInterfaces'.
TpTrace Warning: 0 : 28140, 1, 2024/10/30, 09:31:17.135, 5893784477407, vstest.console.dll, TestPluginDiscoverer: Failed to get types from assembly 'Microsoft.Diagnostics.NETCore.Client, Version=0.2.10.30701, Culture=neutral, PublicKeyToken=31bf3856ad364e35'. Error: System.Reflection.ReflectionTypeLoadException: Unable to load one or more of the requested types.
Could not load file or assembly 'Microsoft.Bcl.AsyncInterfaces, Version=6.0.0.0, Culture=neutral, PublicKeyToken=cc7b13ffcd2ddd51'. The system cannot find the file specified.
   at System.Reflection.RuntimeModule.GetTypes(RuntimeModule module)
   at System.Reflection.RuntimeModule.GetTypes()
   at Microsoft.VisualStudio.TestPlatform.Common.ExtensionFramework.TestPluginDiscoverer.GetTestExtensionsFromAssembly[TPluginInfo,TExtension](Assembly assembly, Dictionary`2 pluginInfos, String filePath) in /_/src/Microsoft.TestPlatform.Common/ExtensionFramework/TestPluginDiscoverer.cs:line 158
System.IO.FileNotFoundException: Could not load file or assembly 'Microsoft.Bcl.AsyncInterfaces, Version=6.0.0.0, Culture=neutral, PublicKeyToken=cc7b13ffcd2ddd51'. The system cannot find the file specified.
File name: 'Microsoft.Bcl.AsyncInterfaces, Version=6.0.0.0, Culture=neutral, PublicKeyToken=cc7b13ffcd2ddd51'
 ---> System.IO.FileNotFoundException: Could not load file or assembly 'Microsoft.Bcl.AsyncInterfaces, Culture=neutral, PublicKeyToken=null'. The system cannot find the file specified.
File name: 'Microsoft.Bcl.AsyncInterfaces, Culture=neutral, PublicKeyToken=null'
   at System.Reflection.RuntimeAssembly.InternalLoad(AssemblyName assemblyName, StackCrawlMark& stackMark, AssemblyLoadContext assemblyLoadContext, RuntimeAssembly requestingAssembly, Boolean throwOnFileNotFound)
   at System.Reflection.Assembly.Load(AssemblyName assemblyRef)
   at Microsoft.VisualStudio.TestPlatform.Common.ExtensionFramework.TestPluginCache.CurrentDomainAssemblyResolve(Object sender, AssemblyResolveEventArgs args) in /_/src/Microsoft.TestPlatform.Common/ExtensionFramework/TestPluginCache.cs:line 513
   at System.Runtime.Loader.AssemblyLoadContext.GetFirstResolvedAssemblyFromResolvingEvent(AssemblyName assemblyName)
   at System.Runtime.Loader.AssemblyLoadContext.ResolveUsingEvent(AssemblyName assemblyName)
   at System.Runtime.Loader.AssemblyLoadContext.ResolveUsingResolvingEvent(IntPtr gchManagedAssemblyLoadContext, AssemblyName assemblyName)
TpTrace Warning: 0 : 28140, 1, 2024/10/30, 09:31:17.136, 5893784481767, vstest.console.dll, LoaderExceptions: System.IO.FileNotFoundException: Could not load file or assembly 'Microsoft.Bcl.AsyncInterfaces, Version=6.0.0.0, Culture=neutral, PublicKeyToken=cc7b13ffcd2ddd51'. The system cannot find the file specified.
File name: 'Microsoft.Bcl.AsyncInterfaces, Version=6.0.0.0, Culture=neutral, PublicKeyToken=cc7b13ffcd2ddd51'
 ---> System.IO.FileNotFoundException: Could not load file or assembly 'Microsoft.Bcl.AsyncInterfaces, Culture=neutral, PublicKeyToken=null'. The system cannot find the file specified.
File name: 'Microsoft.Bcl.AsyncInterfaces, Culture=neutral, PublicKeyToken=null'
   at System.Reflection.RuntimeAssembly.InternalLoad(AssemblyName assemblyName, StackCrawlMark& stackMark, AssemblyLoadContext assemblyLoadContext, RuntimeAssembly requestingAssembly, Boolean throwOnFileNotFound)
   at System.Reflection.Assembly.Load(AssemblyName assemblyRef)
   at Microsoft.VisualStudio.TestPlatform.Common.ExtensionFramework.TestPluginCache.CurrentDomainAssemblyResolve(Object sender, AssemblyResolveEventArgs args) in /_/src/Microsoft.TestPlatform.Common/ExtensionFramework/TestPluginCache.cs:line 513
   at System.Runtime.Loader.AssemblyLoadContext.GetFirstResolvedAssemblyFromResolvingEvent(AssemblyName assemblyName)
   at System.Runtime.Loader.AssemblyLoadContext.ResolveUsingEvent(AssemblyName assemblyName)
   at System.Runtime.Loader.AssemblyLoadContext.ResolveUsingResolvingEvent(IntPtr gchManagedAssemblyLoadContext, AssemblyName assemblyName)
TpTrace Information: 0 : 28140, 1, 2024/10/30, 09:31:17.136, 5893784483727, vstest.console.dll, AssemblyResolver.OnResolve: Microsoft.TestPlatform.Extensions.BlameDataCollector: Resolving assembly.
TpTrace Information: 0 : 28140, 1, 2024/10/30, 09:31:17.136, 5893784484291, vstest.console.dll, AssemblyResolver.OnResolve: Microsoft.TestPlatform.Extensions.BlameDataCollector: Searching in: 'C:\Program Files\dotnet\sdk\8.0.400\Extensions'.
TpTrace Information: 0 : 28140, 1, 2024/10/30, 09:31:17.137, 5893784499541, vstest.console.dll, AssemblyResolver.OnResolve: Microsoft.TestPlatform.Extensions.BlameDataCollector: Loading assembly 'C:\Program Files\dotnet\sdk\8.0.400\Extensions\Microsoft.TestPlatform.Extensions.BlameDataCollector.dll'.
TpTrace Information: 0 : 28140, 1, 2024/10/30, 09:31:17.140, 5893784527264, vstest.console.dll, AssemblyResolver.OnResolve: Resolved assembly: Microsoft.TestPlatform.Extensions.BlameDataCollector, from path: C:\Program Files\dotnet\sdk\8.0.400\Extensions\Microsoft.TestPlatform.Extensions.BlameDataCollector.dll
TpTrace Verbose: 0 : 28140, 1, 2024/10/30, 09:31:17.140, 5893784528500, vstest.console.dll, MetadataReaderExtensionsHelper: Discovering extensions inside assembly 'Microsoft.TestPlatform.Extensions.BlameDataCollector, Version=15.0.0.0, Culture=neutral, PublicKeyToken=b03f5f7f11d50a3a' file path 'C:\Program Files\dotnet\sdk\8.0.400\Extensions\Microsoft.TestPlatform.Extensions.BlameDataCollector.dll'
TpTrace Information: 0 : 28140, 1, 2024/10/30, 09:31:17.143, 5893784553397, vstest.console.dll, AssemblyResolver.OnResolve: Microsoft.TestPlatform.Extensions.EventLogCollector: Resolving assembly.
TpTrace Information: 0 : 28140, 1, 2024/10/30, 09:31:17.143, 5893784554309, vstest.console.dll, AssemblyResolver.OnResolve: Microsoft.TestPlatform.Extensions.EventLogCollector: Searching in: 'C:\Program Files\dotnet\sdk\8.0.400\Extensions'.
TpTrace Information: 0 : 28140, 1, 2024/10/30, 09:31:17.144, 5893784568925, vstest.console.dll, AssemblyResolver.OnResolve: Microsoft.TestPlatform.Extensions.EventLogCollector: Loading assembly 'C:\Program Files\dotnet\sdk\8.0.400\Extensions\Microsoft.TestPlatform.Extensions.EventLogCollector.dll'.
TpTrace Information: 0 : 28140, 1, 2024/10/30, 09:31:17.147, 5893784596875, vstest.console.dll, AssemblyResolver.OnResolve: Resolved assembly: Microsoft.TestPlatform.Extensions.EventLogCollector, from path: C:\Program Files\dotnet\sdk\8.0.400\Extensions\Microsoft.TestPlatform.Extensions.EventLogCollector.dll
TpTrace Verbose: 0 : 28140, 1, 2024/10/30, 09:31:17.147, 5893784598908, vstest.console.dll, MetadataReaderExtensionsHelper: Discovering extensions inside assembly 'Microsoft.TestPlatform.Extensions.EventLogCollector, Version=15.0.0.0, Culture=neutral, PublicKeyToken=b03f5f7f11d50a3a' file path 'C:\Program Files\dotnet\sdk\8.0.400\Extensions\Microsoft.TestPlatform.Extensions.EventLogCollector.dll'
TpTrace Information: 0 : 28140, 1, 2024/10/30, 09:31:17.156, 5893784684044, vstest.console.dll, AssemblyResolver.OnResolve: Microsoft.TestPlatform.TestHostRuntimeProvider: Resolving assembly.
TpTrace Information: 0 : 28140, 1, 2024/10/30, 09:31:17.156, 5893784685164, vstest.console.dll, AssemblyResolver.OnResolve: Microsoft.TestPlatform.TestHostRuntimeProvider: Searching in: 'C:\Program Files\dotnet\sdk\8.0.400\Extensions'.
TpTrace Information: 0 : 28140, 1, 2024/10/30, 09:31:17.157, 5893784697682, vstest.console.dll, AssemblyResolver.OnResolve: Microsoft.TestPlatform.TestHostRuntimeProvider: Loading assembly 'C:\Program Files\dotnet\sdk\8.0.400\Extensions\Microsoft.TestPlatform.TestHostRuntimeProvider.dll'.
TpTrace Information: 0 : 28140, 1, 2024/10/30, 09:31:17.160, 5893784720376, vstest.console.dll, AssemblyResolver.OnResolve: Resolved assembly: Microsoft.TestPlatform.TestHostRuntimeProvider, from path: C:\Program Files\dotnet\sdk\8.0.400\Extensions\Microsoft.TestPlatform.TestHostRuntimeProvider.dll
TpTrace Verbose: 0 : 28140, 1, 2024/10/30, 09:31:17.160, 5893784721829, vstest.console.dll, MetadataReaderExtensionsHelper: Discovering extensions inside assembly 'Microsoft.TestPlatform.TestHostRuntimeProvider, Version=15.0.0.0, Culture=neutral, PublicKeyToken=b03f5f7f11d50a3a' file path 'C:\Program Files\dotnet\sdk\8.0.400\Extensions\Microsoft.TestPlatform.TestHostRuntimeProvider.dll'
TpTrace Information: 0 : 28140, 1, 2024/10/30, 09:31:17.163, 5893784751953, vstest.console.dll, GetTestExtensionFromType: Register extension with identifier data 'HostProvider://DefaultTestHost' and type 'Microsoft.VisualStudio.TestPlatform.CrossPlatEngine.Hosting.DefaultTestHostManager, Microsoft.TestPlatform.TestHostRuntimeProvider, Version=15.0.0.0, Culture=neutral, PublicKeyToken=b03f5f7f11d50a3a' inside file 'C:\Program Files\dotnet\sdk\8.0.400\Extensions\Microsoft.TestPlatform.TestHostRuntimeProvider.dll'
TpTrace Information: 0 : 28140, 1, 2024/10/30, 09:31:17.163, 5893784754752, vstest.console.dll, GetTestExtensionFromType: Register extension with identifier data 'HostProvider://DotnetTestHost' and type 'Microsoft.VisualStudio.TestPlatform.CrossPlatEngine.Hosting.DotnetTestHostManager, Microsoft.TestPlatform.TestHostRuntimeProvider, Version=15.0.0.0, Culture=neutral, PublicKeyToken=b03f5f7f11d50a3a' inside file 'C:\Program Files\dotnet\sdk\8.0.400\Extensions\Microsoft.TestPlatform.TestHostRuntimeProvider.dll'
TpTrace Information: 0 : 28140, 1, 2024/10/30, 09:31:17.163, 5893784755686, vstest.console.dll, AssemblyResolver.OnResolve: Microsoft.VisualStudio.TestPlatform.Extensions.Html.TestLogger: Resolving assembly.
TpTrace Information: 0 : 28140, 1, 2024/10/30, 09:31:17.163, 5893784756083, vstest.console.dll, AssemblyResolver.OnResolve: Microsoft.VisualStudio.TestPlatform.Extensions.Html.TestLogger: Searching in: 'C:\Program Files\dotnet\sdk\8.0.400\Extensions'.
TpTrace Information: 0 : 28140, 1, 2024/10/30, 09:31:17.165, 5893784770413, vstest.console.dll, AssemblyResolver.OnResolve: Microsoft.VisualStudio.TestPlatform.Extensions.Html.TestLogger: Loading assembly 'C:\Program Files\dotnet\sdk\8.0.400\Extensions\Microsoft.VisualStudio.TestPlatform.Extensions.Html.TestLogger.dll'.
TpTrace Information: 0 : 28140, 1, 2024/10/30, 09:31:17.168, 5893784806079, vstest.console.dll, AssemblyResolver.OnResolve: Resolved assembly: Microsoft.VisualStudio.TestPlatform.Extensions.Html.TestLogger, from path: C:\Program Files\dotnet\sdk\8.0.400\Extensions\Microsoft.VisualStudio.TestPlatform.Extensions.Html.TestLogger.dll
TpTrace Verbose: 0 : 28140, 1, 2024/10/30, 09:31:17.168, 5893784807337, vstest.console.dll, MetadataReaderExtensionsHelper: Discovering extensions inside assembly 'Microsoft.VisualStudio.TestPlatform.Extensions.Html.TestLogger, Version=15.0.0.0, Culture=neutral, PublicKeyToken=b03f5f7f11d50a3a' file path 'C:\Program Files\dotnet\sdk\8.0.400\Extensions\Microsoft.VisualStudio.TestPlatform.Extensions.Html.TestLogger.dll'
TpTrace Information: 0 : 28140, 1, 2024/10/30, 09:31:17.171, 5893784830196, vstest.console.dll, AssemblyResolver.OnResolve: Microsoft.VisualStudio.TestPlatform.Extensions.Trx.TestLogger: Resolving assembly.
TpTrace Information: 0 : 28140, 1, 2024/10/30, 09:31:17.171, 5893784831148, vstest.console.dll, AssemblyResolver.OnResolve: Microsoft.VisualStudio.TestPlatform.Extensions.Trx.TestLogger: Searching in: 'C:\Program Files\dotnet\sdk\8.0.400\Extensions'.
TpTrace Information: 0 : 28140, 1, 2024/10/30, 09:31:17.172, 5893784845227, vstest.console.dll, AssemblyResolver.OnResolve: Microsoft.VisualStudio.TestPlatform.Extensions.Trx.TestLogger: Loading assembly 'C:\Program Files\dotnet\sdk\8.0.400\Extensions\Microsoft.VisualStudio.TestPlatform.Extensions.Trx.TestLogger.dll'.
TpTrace Information: 0 : 28140, 1, 2024/10/30, 09:31:17.175, 5893784877819, vstest.console.dll, AssemblyResolver.OnResolve: Resolved assembly: Microsoft.VisualStudio.TestPlatform.Extensions.Trx.TestLogger, from path: C:\Program Files\dotnet\sdk\8.0.400\Extensions\Microsoft.VisualStudio.TestPlatform.Extensions.Trx.TestLogger.dll
TpTrace Verbose: 0 : 28140, 1, 2024/10/30, 09:31:17.175, 5893784878868, vstest.console.dll, MetadataReaderExtensionsHelper: Discovering extensions inside assembly 'Microsoft.VisualStudio.TestPlatform.Extensions.Trx.TestLogger, Version=15.0.0.0, Culture=neutral, PublicKeyToken=b03f5f7f11d50a3a' file path 'C:\Program Files\dotnet\sdk\8.0.400\Extensions\Microsoft.VisualStudio.TestPlatform.Extensions.Trx.TestLogger.dll'
TpTrace Verbose: 0 : 28140, 1, 2024/10/30, 09:31:17.178, 5893784900211, vstest.console.dll, TestPluginCache: Discovered the extensions using extension path ''.
TpTrace Verbose: 0 : 28140, 1, 2024/10/30, 09:31:17.178, 5893784901631, vstest.console.dll, TestPluginCache: Discoverers are ''.
TpTrace Verbose: 0 : 28140, 1, 2024/10/30, 09:31:17.178, 5893784902173, vstest.console.dll, TestPluginCache: Executors are ''.
TpTrace Verbose: 0 : 28140, 1, 2024/10/30, 09:31:17.178, 5893784902594, vstest.console.dll, TestPluginCache: Executors2 are ''.
TpTrace Verbose: 0 : 28140, 1, 2024/10/30, 09:31:17.178, 5893784902998, vstest.console.dll, TestPluginCache: Setting providers are ''.
TpTrace Verbose: 0 : 28140, 1, 2024/10/30, 09:31:17.178, 5893784903395, vstest.console.dll, TestPluginCache: Loggers are ''.
TpTrace Verbose: 0 : 28140, 1, 2024/10/30, 09:31:17.178, 5893784905567, vstest.console.dll, TestPluginCache: TestHosts are 'HostProvider://DefaultTestHost,HostProvider://DotnetTestHost'.
TpTrace Verbose: 0 : 28140, 1, 2024/10/30, 09:31:17.178, 5893784906463, vstest.console.dll, TestPluginCache: DataCollectors are ''.
TpTrace Information: 0 : 28140, 1, 2024/10/30, 09:31:17.203, 5893785150467, vstest.console.dll, RunTestsArgumentProcessor:Execute: Test run is starting.
TpTrace Verbose: 0 : 28140, 1, 2024/10/30, 09:31:17.203, 5893785151773, vstest.console.dll, RunTestsArgumentProcessor:Execute: Queuing Test run.
TpTrace Information: 0 : 28140, 1, 2024/10/30, 09:31:17.203, 5893785155182, vstest.console.dll, TestRequestManager.RunTests: run tests started.
TpTrace Information: 0 : 28140, 1, 2024/10/30, 09:31:17.205, 5893785176983, vstest.console.dll, AssemblyMetadataProvider.GetFrameworkName: Determined framework:'.NETCoreApp,Version=v6.0' for source: 'C:\Johnny\Celsior_Training\Day33\PolicyClaimWebApiSolution\ClaimPolicyTest\bin\Debug\net6.0\fine-code-coverage\build-output\ClaimPolicyTest.dll'
TpTrace Information: 0 : 28140, 1, 2024/10/30, 09:31:17.205, 5893785178704, vstest.console.dll, Determined framework for all sources: .NETCoreApp,Version=v6.0
TpTrace Verbose: 0 : 28140, 1, 2024/10/30, 09:31:17.206, 5893785181604, vstest.console.dll, TestRequestManager.UpdateRunSettingsIfRequired: Default architecture: X64 IsDefaultTargetArchitecture: True, Current process architecture: X64 OperatingSystem: Windows.
TpTrace Information: 0 : 28140, 1, 2024/10/30, 09:31:17.209, 5893785218899, vstest.console.dll, AssemblyMetadataProvider.GetArchitecture: Determined architecture:AnyCPU info for assembly: C:\Johnny\Celsior_Training\Day33\PolicyClaimWebApiSolution\ClaimPolicyTest\bin\Debug\net6.0\fine-code-coverage\build-output\ClaimPolicyTest.dll
TpTrace Information: 0 : 28140, 1, 2024/10/30, 09:31:17.210, 5893785219744, vstest.console.dll, Determined platform for source 'C:\Johnny\Celsior_Training\Day33\PolicyClaimWebApiSolution\ClaimPolicyTest\bin\Debug\net6.0\fine-code-coverage\build-output\ClaimPolicyTest.dll' was AnyCPU and it will use the default plaform X64.
TpTrace Information: 0 : 28140, 1, 2024/10/30, 09:31:17.210, 5893785220071, vstest.console.dll, None of the sources provided any runnable platform, using the default platform: X64
TpTrace Information: 0 : 28140, 1, 2024/10/30, 09:31:17.210, 5893785221048, vstest.console.dll, Platform was updated to 'X64'.
TpTrace Information: 0 : 28140, 1, 2024/10/30, 09:31:17.212, 5893785249344, vstest.console.dll, InferRunSettingsHelper.IsTestSettingsEnabled: Unable to navigate to RunSettings/MSTest. Current node: RunSettings
TpTrace Information: 0 : 28140, 1, 2024/10/30, 09:31:17.213, 5893785255365, vstest.console.dll, AssemblyResolver.OnResolve: Microsoft.VisualStudio.TestPlatform.Fakes: Resolving assembly.
TpTrace Information: 0 : 28140, 1, 2024/10/30, 09:31:17.213, 5893785256187, vstest.console.dll, AssemblyResolver.OnResolve: Microsoft.VisualStudio.TestPlatform.Fakes: Searching in: 'C:\Program Files\dotnet\sdk\8.0.400\Extensions'.
TpTrace Information: 0 : 28140, 1, 2024/10/30, 09:31:17.213, 5893785257052, vstest.console.dll, AssemblyResolver.OnResolve: Microsoft.VisualStudio.TestPlatform.Fakes: Assembly path does not exist: 'C:\Program Files\dotnet\sdk\8.0.400\Extensions\Microsoft.VisualStudio.TestPlatform.Fakes.dll', returning.
TpTrace Information: 0 : 28140, 1, 2024/10/30, 09:31:17.213, 5893785257675, vstest.console.dll, AssemblyResolver.OnResolve: Microsoft.VisualStudio.TestPlatform.Fakes: Assembly path does not exist: 'C:\Program Files\dotnet\sdk\8.0.400\Extensions\Microsoft.VisualStudio.TestPlatform.Fakes.exe', returning.
TpTrace Information: 0 : 28140, 1, 2024/10/30, 09:31:17.213, 5893785257979, vstest.console.dll, AssemblyResolver.OnResolve: Microsoft.VisualStudio.TestPlatform.Fakes: Searching in: 'C:\Program Files\dotnet\sdk\8.0.400'.
TpTrace Information: 0 : 28140, 1, 2024/10/30, 09:31:17.213, 5893785258722, vstest.console.dll, AssemblyResolver.OnResolve: Microsoft.VisualStudio.TestPlatform.Fakes: Assembly path does not exist: 'C:\Program Files\dotnet\sdk\8.0.400\Microsoft.VisualStudio.TestPlatform.Fakes.dll', returning.
TpTrace Information: 0 : 28140, 1, 2024/10/30, 09:31:17.213, 5893785259236, vstest.console.dll, AssemblyResolver.OnResolve: Microsoft.VisualStudio.TestPlatform.Fakes: Assembly path does not exist: 'C:\Program Files\dotnet\sdk\8.0.400\Microsoft.VisualStudio.TestPlatform.Fakes.exe', returning.
TpTrace Information: 0 : 28140, 1, 2024/10/30, 09:31:17.213, 5893785259537, vstest.console.dll, AssemblyResolver.OnResolve: Microsoft.VisualStudio.TestPlatform.Fakes: Failed to load assembly.
TpTrace Information: 0 : 28140, 1, 2024/10/30, 09:31:17.214, 5893785261981, vstest.console.dll, Failed to load assembly Microsoft.VisualStudio.TestPlatform.Fakes, Version=17.0.0.0, Culture=neutral. Reason:System.IO.FileNotFoundException: Could not load file or assembly 'Microsoft.VisualStudio.TestPlatform.Fakes, Version=17.0.0.0, Culture=neutral, PublicKeyToken=null'. The system cannot find the file specified.
File name: 'Microsoft.VisualStudio.TestPlatform.Fakes, Version=17.0.0.0, Culture=neutral, PublicKeyToken=null'
   at System.Reflection.RuntimeAssembly.InternalLoad(AssemblyName assemblyName, StackCrawlMark& stackMark, AssemblyLoadContext assemblyLoadContext, RuntimeAssembly requestingAssembly, Boolean throwOnFileNotFound)
   at System.Reflection.Assembly.Load(AssemblyName assemblyRef)
   at Microsoft.VisualStudio.TestPlatform.Common.Utilities.FakesUtilities.LoadTestPlatformAssembly() in /_/src/Microsoft.TestPlatform.Common/Utilities/FakesUtilities.cs:line 272
TpTrace Verbose: 0 : 28140, 1, 2024/10/30, 09:31:17.217, 5893785290921, vstest.console.dll, TestPluginCache.DiscoverTestExtensions: finding test extensions in assemblies ends with: TestLogger.dll TPluginInfo: Microsoft.VisualStudio.TestPlatform.Common.ExtensionFramework.Utilities.TestLoggerPluginInformation TExtension: Microsoft.VisualStudio.TestPlatform.ObjectModel.Client.ITestLogger
TpTrace Verbose: 0 : 28140, 1, 2024/10/30, 09:31:17.217, 5893785292085, vstest.console.dll, TestPluginCache.GetExtensionPaths: Filtered extension paths: 
TpTrace Verbose: 0 : 28140, 1, 2024/10/30, 09:31:17.217, 5893785292516, vstest.console.dll, TestPluginCache.GetExtensionPaths: Added default extension paths: C:\Program Files\dotnet\sdk\8.0.400\Extensions\Microsoft.Diagnostics.NETCore.Client.dll
C:\Program Files\dotnet\sdk\8.0.400\Extensions\Microsoft.TestPlatform.Extensions.BlameDataCollector.dll
C:\Program Files\dotnet\sdk\8.0.400\Extensions\Microsoft.TestPlatform.Extensions.EventLogCollector.dll
C:\Program Files\dotnet\sdk\8.0.400\Extensions\Microsoft.TestPlatform.TestHostRuntimeProvider.dll
C:\Program Files\dotnet\sdk\8.0.400\Extensions\Microsoft.VisualStudio.TestPlatform.Extensions.Html.TestLogger.dll
C:\Program Files\dotnet\sdk\8.0.400\Extensions\Microsoft.VisualStudio.TestPlatform.Extensions.Trx.TestLogger.dll
TpTrace Verbose: 0 : 28140, 1, 2024/10/30, 09:31:17.217, 5893785292839, vstest.console.dll, TestPluginCache.GetExtensionPaths: Added unfilterableExtensionPaths: 
TpTrace Information: 0 : 28140, 1, 2024/10/30, 09:31:17.217, 5893785293998, vstest.console.dll, AssemblyResolver.AddSearchDirectories: Adding more searchDirectories C:\Program Files\dotnet\sdk\8.0.400\Extensions,C:\Program Files\dotnet\sdk\8.0.400
TpTrace Verbose: 0 : 28140, 1, 2024/10/30, 09:31:17.217, 5893785294431, vstest.console.dll, TestPluginCache.DiscoverTestExtensions: Discovering the extensions using extension path.
TpTrace Verbose: 0 : 28140, 1, 2024/10/30, 09:31:17.217, 5893785294769, vstest.console.dll, TestPluginCache.GetExtensionPaths: Filtered extension paths: 
TpTrace Verbose: 0 : 28140, 1, 2024/10/30, 09:31:17.217, 5893785295127, vstest.console.dll, TestPluginCache.GetExtensionPaths: Added default extension paths: C:\Program Files\dotnet\sdk\8.0.400\Extensions\Microsoft.Diagnostics.NETCore.Client.dll
C:\Program Files\dotnet\sdk\8.0.400\Extensions\Microsoft.TestPlatform.Extensions.BlameDataCollector.dll
C:\Program Files\dotnet\sdk\8.0.400\Extensions\Microsoft.TestPlatform.Extensions.EventLogCollector.dll
C:\Program Files\dotnet\sdk\8.0.400\Extensions\Microsoft.TestPlatform.TestHostRuntimeProvider.dll
C:\Program Files\dotnet\sdk\8.0.400\Extensions\Microsoft.VisualStudio.TestPlatform.Extensions.Html.TestLogger.dll
C:\Program Files\dotnet\sdk\8.0.400\Extensions\Microsoft.VisualStudio.TestPlatform.Extensions.Trx.TestLogger.dll
TpTrace Verbose: 0 : 28140, 1, 2024/10/30, 09:31:17.217, 5893785295447, vstest.console.dll, TestPluginCache.GetExtensionPaths: Added unfilterableExtensionPaths: 
TpTrace Verbose: 0 : 28140, 1, 2024/10/30, 09:31:17.217, 5893785295808, vstest.console.dll, TestPluginCache.DiscoverTestExtensions: Discovering the extensions using allExtensionPaths: C:\Program Files\dotnet\sdk\8.0.400\Extensions\Microsoft.Diagnostics.NETCore.Client.dll
C:\Program Files\dotnet\sdk\8.0.400\Extensions\Microsoft.TestPlatform.Extensions.BlameDataCollector.dll
C:\Program Files\dotnet\sdk\8.0.400\Extensions\Microsoft.TestPlatform.Extensions.EventLogCollector.dll
C:\Program Files\dotnet\sdk\8.0.400\Extensions\Microsoft.TestPlatform.TestHostRuntimeProvider.dll
C:\Program Files\dotnet\sdk\8.0.400\Extensions\Microsoft.VisualStudio.TestPlatform.Extensions.Html.TestLogger.dll
C:\Program Files\dotnet\sdk\8.0.400\Extensions\Microsoft.VisualStudio.TestPlatform.Extensions.Trx.TestLogger.dll
TpTrace Information: 0 : 28140, 1, 2024/10/30, 09:31:17.217, 5893785296790, vstest.console.dll, AssemblyResolver.AddSearchDirectories: Adding more searchDirectories C:\Program Files\dotnet\sdk\8.0.400\Extensions,C:\Program Files\dotnet\sdk\8.0.400
TpTrace Information: 0 : 28140, 1, 2024/10/30, 09:31:17.217, 5893785297243, vstest.console.dll, AssemblyResolver.AddSearchDirectories: Adding more searchDirectories C:\Program Files\dotnet\sdk\8.0.400\Extensions,C:\Program Files\dotnet\sdk\8.0.400
TpTrace Information: 0 : 28140, 1, 2024/10/30, 09:31:17.217, 5893785297545, vstest.console.dll, AssemblyResolver.AddSearchDirectories: Adding more searchDirectories C:\Program Files\dotnet\sdk\8.0.400\Extensions,C:\Program Files\dotnet\sdk\8.0.400
TpTrace Information: 0 : 28140, 1, 2024/10/30, 09:31:17.217, 5893785297839, vstest.console.dll, AssemblyResolver.AddSearchDirectories: Adding more searchDirectories C:\Program Files\dotnet\sdk\8.0.400\Extensions,C:\Program Files\dotnet\sdk\8.0.400
TpTrace Information: 0 : 28140, 1, 2024/10/30, 09:31:17.217, 5893785298137, vstest.console.dll, AssemblyResolver.AddSearchDirectories: Adding more searchDirectories C:\Program Files\dotnet\sdk\8.0.400\Extensions,C:\Program Files\dotnet\sdk\8.0.400
TpTrace Information: 0 : 28140, 1, 2024/10/30, 09:31:17.217, 5893785298509, vstest.console.dll, AssemblyResolver.AddSearchDirectories: Adding more searchDirectories C:\Program Files\dotnet\sdk\8.0.400\Extensions,C:\Program Files\dotnet\sdk\8.0.400
TpTrace Verbose: 0 : 28140, 1, 2024/10/30, 09:31:17.217, 5893785299386, vstest.console.dll, MetadataReaderExtensionsHelper: Discovering extensions inside assembly 'Microsoft.Diagnostics.NETCore.Client, Version=0.2.10.30701, Culture=neutral, PublicKeyToken=31bf3856ad364e35' file path 'C:\Program Files\dotnet\sdk\8.0.400\Extensions\Microsoft.Diagnostics.NETCore.Client.dll'
TpTrace Information: 0 : 28140, 1, 2024/10/30, 09:31:17.219, 5893785316614, vstest.console.dll, AssemblyResolver.OnResolve: Microsoft.Bcl.AsyncInterfaces: Resolving assembly.
TpTrace Information: 0 : 28140, 1, 2024/10/30, 09:31:17.219, 5893785317381, vstest.console.dll, AssemblyResolver.OnResolve: Microsoft.Bcl.AsyncInterfaces: Resolved from cache.
TpTrace Verbose: 0 : 28140, 1, 2024/10/30, 09:31:17.219, 5893785317720, vstest.console.dll, CurrentDomainAssemblyResolve: Resolving assembly 'Microsoft.Bcl.AsyncInterfaces'.
TpTrace Information: 0 : 28140, 1, 2024/10/30, 09:31:17.219, 5893785318225, vstest.console.dll, AssemblyResolver.OnResolve: Microsoft.Bcl.AsyncInterfaces: Resolving assembly.
TpTrace Information: 0 : 28140, 1, 2024/10/30, 09:31:17.219, 5893785318591, vstest.console.dll, AssemblyResolver.OnResolve: Microsoft.Bcl.AsyncInterfaces: Resolved from cache.
TpTrace Verbose: 0 : 28140, 1, 2024/10/30, 09:31:17.219, 5893785318872, vstest.console.dll, CurrentDomainAssemblyResolve: Resolving assembly 'Microsoft.Bcl.AsyncInterfaces'.
TpTrace Verbose: 0 : 28140, 1, 2024/10/30, 09:31:17.219, 5893785319154, vstest.console.dll, CurrentDomainAssemblyResolve: Failed to resolve assembly 'Microsoft.Bcl.AsyncInterfaces'.
TpTrace Verbose: 0 : 28140, 1, 2024/10/30, 09:31:17.220, 5893785320396, vstest.console.dll, CurrentDomainAssemblyResolve: Failed to resolve assembly 'Microsoft.Bcl.AsyncInterfaces'.
TpTrace Warning: 0 : 28140, 1, 2024/10/30, 09:31:17.220, 5893785323245, vstest.console.dll, TestPluginDiscoverer: Failed to get types from assembly 'Microsoft.Diagnostics.NETCore.Client, Version=0.2.10.30701, Culture=neutral, PublicKeyToken=31bf3856ad364e35'. Error: System.Reflection.ReflectionTypeLoadException: Unable to load one or more of the requested types.
Could not load file or assembly 'Microsoft.Bcl.AsyncInterfaces, Version=6.0.0.0, Culture=neutral, PublicKeyToken=cc7b13ffcd2ddd51'. The system cannot find the file specified.
   at System.Reflection.RuntimeModule.GetTypes(RuntimeModule module)
   at System.Reflection.RuntimeModule.GetTypes()
   at Microsoft.VisualStudio.TestPlatform.Common.ExtensionFramework.TestPluginDiscoverer.GetTestExtensionsFromAssembly[TPluginInfo,TExtension](Assembly assembly, Dictionary`2 pluginInfos, String filePath) in /_/src/Microsoft.TestPlatform.Common/ExtensionFramework/TestPluginDiscoverer.cs:line 158
System.IO.FileNotFoundException: Could not load file or assembly 'Microsoft.Bcl.AsyncInterfaces, Version=6.0.0.0, Culture=neutral, PublicKeyToken=cc7b13ffcd2ddd51'. The system cannot find the file specified.
File name: 'Microsoft.Bcl.AsyncInterfaces, Version=6.0.0.0, Culture=neutral, PublicKeyToken=cc7b13ffcd2ddd51'
 ---> System.IO.FileNotFoundException: Could not load file or assembly 'Microsoft.Bcl.AsyncInterfaces, Culture=neutral, PublicKeyToken=null'. The system cannot find the file specified.
File name: 'Microsoft.Bcl.AsyncInterfaces, Culture=neutral, PublicKeyToken=null'
   at System.Reflection.RuntimeAssembly.InternalLoad(AssemblyName assemblyName, StackCrawlMark& stackMark, AssemblyLoadContext assemblyLoadContext, RuntimeAssembly requestingAssembly, Boolean throwOnFileNotFound)
   at System.Reflection.Assembly.Load(AssemblyName assemblyRef)
   at Microsoft.VisualStudio.TestPlatform.Common.ExtensionFramework.TestPluginCache.CurrentDomainAssemblyResolve(Object sender, AssemblyResolveEventArgs args) in /_/src/Microsoft.TestPlatform.Common/ExtensionFramework/TestPluginCache.cs:line 513
   at System.Runtime.Loader.AssemblyLoadContext.GetFirstResolvedAssemblyFromResolvingEvent(AssemblyName assemblyName)
   at System.Runtime.Loader.AssemblyLoadContext.ResolveUsingEvent(AssemblyName assemblyName)
   at System.Runtime.Loader.AssemblyLoadContext.ResolveUsingResolvingEvent(IntPtr gchManagedAssemblyLoadContext, AssemblyName assemblyName)
TpTrace Warning: 0 : 28140, 1, 2024/10/30, 09:31:17.220, 5893785324569, vstest.console.dll, LoaderExceptions: System.IO.FileNotFoundException: Could not load file or assembly 'Microsoft.Bcl.AsyncInterfaces, Version=6.0.0.0, Culture=neutral, PublicKeyToken=cc7b13ffcd2ddd51'. The system cannot find the file specified.
File name: 'Microsoft.Bcl.AsyncInterfaces, Version=6.0.0.0, Culture=neutral, PublicKeyToken=cc7b13ffcd2ddd51'
 ---> System.IO.FileNotFoundException: Could not load file or assembly 'Microsoft.Bcl.AsyncInterfaces, Culture=neutral, PublicKeyToken=null'. The system cannot find the file specified.
File name: 'Microsoft.Bcl.AsyncInterfaces, Culture=neutral, PublicKeyToken=null'
   at System.Reflection.RuntimeAssembly.InternalLoad(AssemblyName assemblyName, StackCrawlMark& stackMark, AssemblyLoadContext assemblyLoadContext, RuntimeAssembly requestingAssembly, Boolean throwOnFileNotFound)
   at System.Reflection.Assembly.Load(AssemblyName assemblyRef)
   at Microsoft.VisualStudio.TestPlatform.Common.ExtensionFramework.TestPluginCache.CurrentDomainAssemblyResolve(Object sender, AssemblyResolveEventArgs args) in /_/src/Microsoft.TestPlatform.Common/ExtensionFramework/TestPluginCache.cs:line 513
   at System.Runtime.Loader.AssemblyLoadContext.GetFirstResolvedAssemblyFromResolvingEvent(AssemblyName assemblyName)
   at System.Runtime.Loader.AssemblyLoadContext.ResolveUsingEvent(AssemblyName assemblyName)
   at System.Runtime.Loader.AssemblyLoadContext.ResolveUsingResolvingEvent(IntPtr gchManagedAssemblyLoadContext, AssemblyName assemblyName)
TpTrace Verbose: 0 : 28140, 1, 2024/10/30, 09:31:17.220, 5893785325448, vstest.console.dll, MetadataReaderExtensionsHelper: Discovering extensions inside assembly 'Microsoft.TestPlatform.Extensions.BlameDataCollector, Version=15.0.0.0, Culture=neutral, PublicKeyToken=b03f5f7f11d50a3a' file path 'C:\Program Files\dotnet\sdk\8.0.400\Extensions\Microsoft.TestPlatform.Extensions.BlameDataCollector.dll'
TpTrace Information: 0 : 28140, 1, 2024/10/30, 09:31:17.221, 5893785338319, vstest.console.dll, GetTestExtensionFromType: Register extension with identifier data 'logger://Microsoft/TestPlatform/Extensions/Blame/v1' and type 'Microsoft.TestPlatform.Extensions.BlameDataCollector.BlameLogger, Microsoft.TestPlatform.Extensions.BlameDataCollector, Version=15.0.0.0, Culture=neutral, PublicKeyToken=b03f5f7f11d50a3a' inside file 'C:\Program Files\dotnet\sdk\8.0.400\Extensions\Microsoft.TestPlatform.Extensions.BlameDataCollector.dll'
TpTrace Verbose: 0 : 28140, 1, 2024/10/30, 09:31:17.221, 5893785339253, vstest.console.dll, MetadataReaderExtensionsHelper: Discovering extensions inside assembly 'Microsoft.TestPlatform.Extensions.EventLogCollector, Version=15.0.0.0, Culture=neutral, PublicKeyToken=b03f5f7f11d50a3a' file path 'C:\Program Files\dotnet\sdk\8.0.400\Extensions\Microsoft.TestPlatform.Extensions.EventLogCollector.dll'
TpTrace Verbose: 0 : 28140, 1, 2024/10/30, 09:31:17.223, 5893785352219, vstest.console.dll, MetadataReaderExtensionsHelper: Discovering extensions inside assembly 'Microsoft.TestPlatform.TestHostRuntimeProvider, Version=15.0.0.0, Culture=neutral, PublicKeyToken=b03f5f7f11d50a3a' file path 'C:\Program Files\dotnet\sdk\8.0.400\Extensions\Microsoft.TestPlatform.TestHostRuntimeProvider.dll'
TpTrace Verbose: 0 : 28140, 1, 2024/10/30, 09:31:17.224, 5893785362151, vstest.console.dll, MetadataReaderExtensionsHelper: Discovering extensions inside assembly 'Microsoft.VisualStudio.TestPlatform.Extensions.Html.TestLogger, Version=15.0.0.0, Culture=neutral, PublicKeyToken=b03f5f7f11d50a3a' file path 'C:\Program Files\dotnet\sdk\8.0.400\Extensions\Microsoft.VisualStudio.TestPlatform.Extensions.Html.TestLogger.dll'
TpTrace Information: 0 : 28140, 1, 2024/10/30, 09:31:17.225, 5893785373715, vstest.console.dll, GetTestExtensionFromType: Register extension with identifier data 'logger://Microsoft/TestPlatform/HtmlLogger/v1' and type 'Microsoft.VisualStudio.TestPlatform.Extensions.HtmlLogger.HtmlLogger, Microsoft.VisualStudio.TestPlatform.Extensions.Html.TestLogger, Version=15.0.0.0, Culture=neutral, PublicKeyToken=b03f5f7f11d50a3a' inside file 'C:\Program Files\dotnet\sdk\8.0.400\Extensions\Microsoft.VisualStudio.TestPlatform.Extensions.Html.TestLogger.dll'
TpTrace Verbose: 0 : 28140, 1, 2024/10/30, 09:31:17.225, 5893785374515, vstest.console.dll, MetadataReaderExtensionsHelper: Discovering extensions inside assembly 'Microsoft.VisualStudio.TestPlatform.Extensions.Trx.TestLogger, Version=15.0.0.0, Culture=neutral, PublicKeyToken=b03f5f7f11d50a3a' file path 'C:\Program Files\dotnet\sdk\8.0.400\Extensions\Microsoft.VisualStudio.TestPlatform.Extensions.Trx.TestLogger.dll'
TpTrace Information: 0 : 28140, 1, 2024/10/30, 09:31:17.226, 5893785384051, vstest.console.dll, GetTestExtensionFromType: Register extension with identifier data 'logger://Microsoft/TestPlatform/TrxLogger/v1' and type 'Microsoft.VisualStudio.TestPlatform.Extensions.TrxLogger.TrxLogger, Microsoft.VisualStudio.TestPlatform.Extensions.Trx.TestLogger, Version=15.0.0.0, Culture=neutral, PublicKeyToken=b03f5f7f11d50a3a' inside file 'C:\Program Files\dotnet\sdk\8.0.400\Extensions\Microsoft.VisualStudio.TestPlatform.Extensions.Trx.TestLogger.dll'
TpTrace Verbose: 0 : 28140, 1, 2024/10/30, 09:31:17.226, 5893785384846, vstest.console.dll, TestPluginCache: Discovered the extensions using extension path ''.
TpTrace Verbose: 0 : 28140, 1, 2024/10/30, 09:31:17.226, 5893785385200, vstest.console.dll, TestPluginCache: Discoverers are ''.
TpTrace Verbose: 0 : 28140, 1, 2024/10/30, 09:31:17.226, 5893785385498, vstest.console.dll, TestPluginCache: Executors are ''.
TpTrace Verbose: 0 : 28140, 1, 2024/10/30, 09:31:17.226, 5893785385780, vstest.console.dll, TestPluginCache: Executors2 are ''.
TpTrace Verbose: 0 : 28140, 1, 2024/10/30, 09:31:17.226, 5893785386079, vstest.console.dll, TestPluginCache: Setting providers are ''.
TpTrace Verbose: 0 : 28140, 1, 2024/10/30, 09:31:17.226, 5893785386852, vstest.console.dll, TestPluginCache: Loggers are 'logger://Microsoft/TestPlatform/Extensions/Blame/v1,logger://Microsoft/TestPlatform/HtmlLogger/v1,logger://Microsoft/TestPlatform/TrxLogger/v1'.
TpTrace Verbose: 0 : 28140, 1, 2024/10/30, 09:31:17.226, 5893785387258, vstest.console.dll, TestPluginCache: TestHosts are 'HostProvider://DefaultTestHost,HostProvider://DotnetTestHost'.
TpTrace Verbose: 0 : 28140, 1, 2024/10/30, 09:31:17.226, 5893785387545, vstest.console.dll, TestPluginCache: DataCollectors are ''.
TpTrace Information: 0 : 28140, 1, 2024/10/30, 09:31:17.227, 5893785395198, vstest.console.dll, TestPluginManager.CreateTestExtension: Attempting to load test extension: Microsoft.TestPlatform.Extensions.BlameDataCollector.BlameLogger
TpTrace Verbose: 0 : 28140, 1, 2024/10/30, 09:31:17.238, 5893785500961, vstest.console.dll, TestEngine: Initializing Parallel Execution as MaxCpuCount is set to: 1
TpTrace Information: 0 : 28140, 1, 2024/10/30, 09:31:17.239, 5893785513946, vstest.console.dll, TestPluginManager.CreateTestExtension: Attempting to load test extension: Microsoft.VisualStudio.TestPlatform.CrossPlatEngine.Hosting.DefaultTestHostManager
TpTrace Information: 0 : 28140, 1, 2024/10/30, 09:31:17.242, 5893785549463, vstest.console.dll, TestPluginManager.CreateTestExtension: Attempting to load test extension: Microsoft.VisualStudio.TestPlatform.CrossPlatEngine.Hosting.DotnetTestHostManager
TpTrace Verbose: 0 : 28140, 1, 2024/10/30, 09:31:17.243, 5893785553093, vstest.console.dll, TestHostManagerCallbacks.ctor: Forwarding output is enabled.
TpTrace Information: 0 : 28140, 1, 2024/10/30, 09:31:17.243, 5893785558569, vstest.console.dll, InferRunSettingsHelper.IsTestSettingsEnabled: Unable to navigate to RunSettings/MSTest. Current node: RunSettings
TpTrace Verbose: 0 : 28140, 1, 2024/10/30, 09:31:17.245, 5893785578038, vstest.console.dll, ParallelOperationManager.ClearSlots: Clearing all slots. Slots should accept more work: True
TpTrace Verbose: 0 : 28140, 1, 2024/10/30, 09:31:17.246, 5893785586226, vstest.console.dll, ParallelOperationManager.SetOccupiedSlotCount: Setting slot counts AvailableSlotCount = 1, OccupiedSlotCount = 0.
TpTrace Verbose: 0 : 28140, 1, 2024/10/30, 09:31:17.247, 5893785589745, vstest.console.dll, Occupied slots:

TpTrace Verbose: 0 : 28140, 1, 2024/10/30, 09:31:17.250, 5893785625283, vstest.console.dll, TestEngine.GetExecutionManager: Chosen execution manager 'Microsoft.VisualStudio.TestPlatform.CrossPlatEngine.Client.Parallel.ParallelProxyExecutionManager, Microsoft.TestPlatform.CrossPlatEngine, Version=15.0.0.0, Culture=neutral, PublicKeyToken=b03f5f7f11d50a3a' ParallelLevel '1'.
TpTrace Verbose: 0 : 28140, 1, 2024/10/30, 09:31:17.250, 5893785627550, vstest.console.dll, TestPlatform.GetSkipDefaultAdapters: Not skipping default adapters SkipDefaultAdapters was false.
TpTrace Verbose: 0 : 28140, 1, 2024/10/30, 09:31:17.250, 5893785628582, vstest.console.dll, TestRunRequest.ExecuteAsync: Creating test run request.
TpTrace Verbose: 0 : 28140, 1, 2024/10/30, 09:31:17.251, 5893785630965, vstest.console.dll, TestRunRequest.ExecuteAsync: Starting.
TpTrace Information: 0 : 28140, 1, 2024/10/30, 09:31:17.252, 5893785645419, vstest.console.dll, TestRunRequest.ExecuteAsync: Starting run with settings:TestRunCriteria:
   KeepAlive=False,FrequencyOfRunStatsChangeEvent=10,RunStatsChangeEventTimeout=00:00:01.5000000,TestCaseFilter=,TestExecutorLauncher=
   Settingsxml=<RunSettings>
  <RunConfiguration>
    <ResultsDirectory>C:\Johnny\Celsior_Training\Day33\PolicyClaimWebApiSolution\ClaimPolicyTest\bin\Debug\net6.0\fine-code-coverage\coverage-tool-output</ResultsDirectory>
    <TargetPlatform>X64</TargetPlatform>
    <TargetFrameworkVersion>.NETCoreApp,Version=v6.0</TargetFrameworkVersion>
    <DesignMode>False</DesignMode>
    <CollectSourceInformation>False</CollectSourceInformation>
  </RunConfiguration>
  <LoggerRunSettings>
    <Loggers>
      <Logger friendlyName="blame" enabled="True" />
      <Logger friendlyName="Console" uri="logger://microsoft/TestPlatform/ConsoleLogger/v1" assemblyQualifiedName="Microsoft.VisualStudio.TestPlatform.CommandLine.Internal.ConsoleLogger, vstest.console, Version=15.0.0.0, Culture=neutral, PublicKeyToken=b03f5f7f11d50a3a" codeBase="C:\Program Files\dotnet\sdk\8.0.400\vstest.console.dll" enabled="True" />
    </Loggers>
  </LoggerRunSettings>
  <DataCollectionRunSettings>
    <DataCollectors>
      <DataCollector friendlyName="blame" enabled="True">
        <Configuration>
          <ResultsDirectory>C:\Johnny\Celsior_Training\Day33\PolicyClaimWebApiSolution\ClaimPolicyTest\bin\Debug\net6.0\fine-code-coverage\coverage-tool-output</ResultsDirectory>
        </Configuration>
      </DataCollector>
    </DataCollectors>
  </DataCollectionRunSettings>
</RunSettings>

TpTrace Verbose: 0 : 28140, 1, 2024/10/30, 09:31:17.252, 5893785646370, vstest.console.dll, TestRunRequest.ExecuteAsync: Wait for the first run request is over.
TpTrace Verbose: 0 : 28140, 1, 2024/10/30, 09:31:17.252, 5893785649137, vstest.console.dll, MulticastDelegateUtilities.SafeInvoke: TestRun.TestRunStart: Invoking callbacks was skipped because there are no subscribers.
TpTrace Verbose: 0 : 28140, 4, 2024/10/30, 09:31:17.253, 5893785651701, vstest.console.dll, MulticastDelegateUtilities.SafeInvoke: InternalTestLoggerEvents.SendTestRunStart: Invoking callback 1/1 for Microsoft.VisualStudio.TestPlatform.CommandLine.Internal.ConsoleLogger., took 0 ms.
TpTrace Verbose: 0 : 28140, 1, 2024/10/30, 09:31:17.254, 5893785660412, vstest.console.dll, ParallelProxyExecutionManager: Start execution. Total sources: 1
TpTrace Verbose: 0 : 28140, 1, 2024/10/30, 09:31:17.254, 5893785664548, vstest.console.dll, ParallelOperationManager.StartWork: Starting adding 1 workloads.
TpTrace Verbose: 0 : 28140, 1, 2024/10/30, 09:31:17.254, 5893785665408, vstest.console.dll, ParallelOperationManager.ClearSlots: Clearing all slots. Slots should accept more work: True
TpTrace Verbose: 0 : 28140, 1, 2024/10/30, 09:31:17.254, 5893785666227, vstest.console.dll, ParallelOperationManager.SetOccupiedSlotCount: Setting slot counts AvailableSlotCount = 1, OccupiedSlotCount = 0.
TpTrace Verbose: 0 : 28140, 1, 2024/10/30, 09:31:17.254, 5893785666831, vstest.console.dll, Occupied slots:

TpTrace Verbose: 0 : 28140, 1, 2024/10/30, 09:31:17.256, 5893785680335, vstest.console.dll, TestHostManagerCallbacks.ctor: Forwarding output is enabled.
TpTrace Verbose: 0 : 28140, 1, 2024/10/30, 09:31:17.256, 5893785682886, vstest.console.dll, TestRequestSender is acting as server.
TpTrace Verbose: 0 : 28140, 1, 2024/10/30, 09:31:17.258, 5893785707603, vstest.console.dll, ParallelOperationManager.RunWorkInParallel: Adding 1 workload to slot, remaining workloads 0.
TpTrace Verbose: 0 : 28140, 1, 2024/10/30, 09:31:17.258, 5893785708578, vstest.console.dll, ParallelOperationManager.SetOccupiedSlotCount: Setting slot counts AvailableSlotCount = 0, OccupiedSlotCount = 1.
TpTrace Verbose: 0 : 28140, 1, 2024/10/30, 09:31:17.259, 5893785709916, vstest.console.dll, Occupied slots:
0: C:\Johnny\Celsior_Training\Day33\PolicyClaimWebApiSolution\ClaimPolicyTest\bin\Debug\net6.0\fine-code-coverage\build-output\ClaimPolicyTest.dll
TpTrace Verbose: 0 : 28140, 1, 2024/10/30, 09:31:17.260, 5893785720151, vstest.console.dll, ParallelOperationManager.RunWorkInParallel: Started host in slot number 0 for work (source): C:\Johnny\Celsior_Training\Day33\PolicyClaimWebApiSolution\ClaimPolicyTest\bin\Debug\net6.0\fine-code-coverage\build-output\ClaimPolicyTest.dll.
TpTrace Verbose: 0 : 28140, 1, 2024/10/30, 09:31:17.260, 5893785729670, vstest.console.dll, ParallelOperationManager.RunWorkInParallel: We started 1 work items, which is the max parallel level. Won't start more work.
TpTrace Verbose: 0 : 28140, 1, 2024/10/30, 09:31:17.261, 5893785730708, vstest.console.dll, ParallelOperationManager.RunWorkInParallel: We started 1 work items in here, returning True.
TpTrace Information: 0 : 28140, 1, 2024/10/30, 09:31:17.261, 5893785731289, vstest.console.dll, TestRunRequest.ExecuteAsync: Started.
TpTrace Verbose: 0 : 28140, 5, 2024/10/30, 09:31:17.261, 5893785731739, vstest.console.dll, ParallelProxyExecutionManager.StartTestRunOnConcurrentManager: Initializing uninitialized client. Started clients: 0
TpTrace Verbose: 0 : 28140, 5, 2024/10/30, 09:31:17.261, 5893785733511, vstest.console.dll, DataCollectionRequestSender.InitializeCommunication : Initialize communication. 
TpTrace Verbose: 0 : 28140, 1, 2024/10/30, 09:31:17.261, 5893785737384, vstest.console.dll, TestRunRequest.WaitForCompletion: Waiting with timeout -1.
TpTrace Information: 0 : 28140, 5, 2024/10/30, 09:31:17.275, 5893785875322, vstest.console.dll, Listening on Endpoint : 127.0.0.1:53949
TpTrace Verbose: 0 : 28140, 5, 2024/10/30, 09:31:17.283, 5893785958982, vstest.console.dll, DotnetDataCollectionLauncher: Adding  --runtimeconfig "C:\Program Files\dotnet\sdk\8.0.400\datacollector.runtimeconfig.json" in args
TpTrace Verbose: 0 : 28140, 5, 2024/10/30, 09:31:17.284, 5893785960641, vstest.console.dll, DotnetDataCollectionLauncher: Adding  --depsfile "C:\Program Files\dotnet\sdk\8.0.400\datacollector.deps.json" in args
TpTrace Verbose: 0 : 28140, 5, 2024/10/30, 09:31:17.285, 5893785973865, vstest.console.dll, DotnetDataCollectionLauncher: Full path of dotnet.exe is C:\Program Files\dotnet\dotnet.exe
TpTrace Information: 0 : 28140, 5, 2024/10/30, 09:31:17.297, 5893786090733, vstest.console.dll, ProxyDataCollectionManager.Initialize: Launched datacollector processId: 17252 port: 53949
TpTrace Information: 0 : 28140, 5, 2024/10/30, 09:31:17.297, 5893786092562, vstest.console.dll, ProxyDataCollectionManager.Initialize: waiting for connection with timeout: 90 seconds
TpTrace Verbose: 0 : 28140, 5, 2024/10/30, 09:31:17.297, 5893786093210, vstest.console.dll, DataCollectionRequestSender.WaitForRequestHandlerConnection : Waiting for connection with timeout: 90000
TpTrace Information: 0 : 28140, 7, 2024/10/30, 09:31:17.647, 5893789590477, vstest.console.dll, Using the buffer size of 16384 bytes
TpTrace Verbose: 0 : 28140, 5, 2024/10/30, 09:31:17.647, 5893789590662, vstest.console.dll, SocketCommunicationManager.WaitForClientConnection took: 349 ms, with 90000 ms timeout, and finished with True.
TpTrace Information: 0 : 28140, 7, 2024/10/30, 09:31:17.647, 5893789592253, vstest.console.dll, Accepted Client request and set the flag
TpTrace Verbose: 0 : 28140, 5, 2024/10/30, 09:31:17.647, 5893789594313, vstest.console.dll, ProxyDataCollectionManager.InvokeDataCollectionServiceAction: Starting.
TpTrace Information: 0 : 28140, 5, 2024/10/30, 09:31:17.647, 5893789596185, vstest.console.dll, ProxyDataCollectionManager.BeforeTestRunStart: Get environment variable and port for datacollector processId: 17252 port: 53949
TpTrace Verbose: 0 : 28140, 5, 2024/10/30, 09:31:17.647, 5893789598030, vstest.console.dll, DataCollectionRequestSender.SendBeforeTestRunStartAndGetResult: Send BeforeTestRunStart message with settingsXml <RunSettings><RunConfiguration><ResultsDirectory>C:\Johnny\Celsior_Training\Day33\PolicyClaimWebApiSolution\ClaimPolicyTest\bin\Debug\net6.0\fine-code-coverage\coverage-tool-output</ResultsDirectory><TargetPlatform>X64</TargetPlatform><TargetFrameworkVersion>.NETCoreApp,Version=v6.0</TargetFrameworkVersion><DesignMode>False</DesignMode><CollectSourceInformation>False</CollectSourceInformation><TestAdaptersPaths>C:\Program Files\dotnet\sdk\8.0.400\Extensions</TestAdaptersPaths></RunConfiguration><LoggerRunSettings><Loggers><Logger friendlyName="blame" enabled="True" /><Logger friendlyName="Console" uri="logger://microsoft/TestPlatform/ConsoleLogger/v1" assemblyQualifiedName="Microsoft.VisualStudio.TestPlatform.CommandLine.Internal.ConsoleLogger, vstest.console, Version=15.0.0.0, Culture=neutral, PublicKeyToken=b03f5f7f11d50a3a" codeBase="C:\Program Files\dotnet\sdk\8.0.400\vstest.console.dll" enabled="True" /></Loggers></LoggerRunSettings><DataCollectionRunSettings><DataCollectors><DataCollector friendlyName="blame" enabled="True"><Configuration><ResultsDirectory>C:\Johnny\Celsior_Training\Day33\PolicyClaimWebApiSolution\ClaimPolicyTest\bin\Debug\net6.0\fine-code-coverage\coverage-tool-output</ResultsDirectory></Configuration></DataCollector></DataCollectors></DataCollectionRunSettings></RunSettings> and sources System.Collections.Generic.List`1[System.String]: 
TpTrace Verbose: 0 : 28140, 5, 2024/10/30, 09:31:17.750, 5893790622327, vstest.console.dll, DataCollectionRequestSender.SendBeforeTestRunStartAndGetResult: Received message: (DataCollection.SendMessage) -> {"MessageType":"DataCollection.SendMessage","Payload":{"FriendlyName":null,"Uri":null,"TestCaseId":"00000000-0000-0000-0000-000000000000","Message":"Logging DataCollector Diagnostics in file: C:\\Johnny\\Celsior_Training\\Day33\\PolicyClaimWebApiSolution\\ClaimPolicyTest\\bin\\Debug\\net6.0\\fine-code-coverage\\coverage-tool-output\\diagnostics.datacollector.24-10-30_09-31-17_28368_5.log","Level":0}}
TpTrace Verbose: 0 : 28140, 5, 2024/10/30, 09:31:17.866, 5893791782603, vstest.console.dll, DataCollectionRequestSender.SendBeforeTestRunStartAndGetResult: Received message: (DataCollection.BeforeTestRunStartResult) -> {"MessageType":"DataCollection.BeforeTestRunStartResult","Payload":{"EnvironmentVariables":{},"DataCollectionEventsPort":53951}}
TpTrace Information: 0 : 28140, 5, 2024/10/30, 09:31:17.871, 5893791830456, vstest.console.dll, ProxyDataCollectionManager.BeforeTestRunStart: SendBeforeTestRunStartAndGetResult successful, env variable from datacollector:   and testhost port: 53951
TpTrace Information: 0 : 28140, 5, 2024/10/30, 09:31:17.871, 5893791831739, vstest.console.dll, ProxyDataCollectionManager.InvokeDataCollectionServiceAction: Completed.
TpTrace Verbose: 0 : 28140, 5, 2024/10/30, 09:31:17.871, 5893791832236, vstest.console.dll, ParallelProxyExecutionManager.StartTestRunOnConcurrentManager: Initializing test run. Started clients: 0
TpTrace Verbose: 0 : 28140, 5, 2024/10/30, 09:31:17.871, 5893791833230, vstest.console.dll, ProxyExecutionManager: Test host is always Lazy initialize.
TpTrace Verbose: 0 : 28140, 5, 2024/10/30, 09:31:17.871, 5893791835278, vstest.console.dll, TestRequestSender.InitializeCommunication: initialize communication. 
TpTrace Information: 0 : 28140, 5, 2024/10/30, 09:31:17.872, 5893791840452, vstest.console.dll, SocketServer.Start: Listening on endpoint : 127.0.0.1:53952
TpTrace Verbose: 0 : 28140, 5, 2024/10/30, 09:31:17.872, 5893791848023, vstest.console.dll, DotnetTestHostmanager.GetTestHostProcessStartInfo: Platform environment 'X64' target architecture 'X64' framework '.NETCoreApp,Version=v6.0' OS 'Windows'
TpTrace Verbose: 0 : 28140, 5, 2024/10/30, 09:31:17.873, 5893791850587, vstest.console.dll, DotnetTestHostmanager: Adding  --runtimeconfig "C:\Johnny\Celsior_Training\Day33\PolicyClaimWebApiSolution\ClaimPolicyTest\bin\Debug\net6.0\fine-code-coverage\build-output\ClaimPolicyTest.runtimeconfig.json" in args
TpTrace Verbose: 0 : 28140, 5, 2024/10/30, 09:31:17.873, 5893791851793, vstest.console.dll, DotnetTestHostmanager: Adding  --depsfile "C:\Johnny\Celsior_Training\Day33\PolicyClaimWebApiSolution\ClaimPolicyTest\bin\Debug\net6.0\fine-code-coverage\build-output\ClaimPolicyTest.deps.json" in args
TpTrace Verbose: 0 : 28140, 5, 2024/10/30, 09:31:17.873, 5893791855052, vstest.console.dll, DotnetTestHostmanager.IsWinOnArm: Current PROCESSOR_ARCHITECTURE from environment variable 'AMD64'
TpTrace Verbose: 0 : 28140, 5, 2024/10/30, 09:31:17.873, 5893791855859, vstest.console.dll, DotnetTestHostmanager.IsWinOnArm: Is Windows on ARM 'False'
TpTrace Verbose: 0 : 28140, 5, 2024/10/30, 09:31:17.873, 5893791857282, vstest.console.dll, DotnetTestHostManager: testhost.exe found at path: C:\Johnny\Celsior_Training\Day33\PolicyClaimWebApiSolution\ClaimPolicyTest\bin\Debug\net6.0\fine-code-coverage\build-output\testhost.exe
TpTrace Verbose: 0 : 28140, 5, 2024/10/30, 09:31:17.873, 5893791857814, vstest.console.dll, DotnetTestHostmanager: Full path of host exe is C:\Johnny\Celsior_Training\Day33\PolicyClaimWebApiSolution\ClaimPolicyTest\bin\Debug\net6.0\fine-code-coverage\build-output\testhost.exe
TpTrace Verbose: 0 : 28140, 5, 2024/10/30, 09:31:17.873, 5893791859310, vstest.console.dll, DotnetTestHostmanager.LaunchTestHostAsync: Found 'VSTEST_WINAPPHOST_DOTNET_ROOT' in env variables, value 'C:\Program Files\dotnet', forwarding to 'DOTNET_ROOT'
TpTrace Verbose: 0 : 28140, 5, 2024/10/30, 09:31:17.874, 5893791860941, vstest.console.dll, DotnetTestHostManager: Starting process 'C:\Johnny\Celsior_Training\Day33\PolicyClaimWebApiSolution\ClaimPolicyTest\bin\Debug\net6.0\fine-code-coverage\build-output\testhost.exe' with command line ' --runtimeconfig "C:\Johnny\Celsior_Training\Day33\PolicyClaimWebApiSolution\ClaimPolicyTest\bin\Debug\net6.0\fine-code-coverage\build-output\ClaimPolicyTest.runtimeconfig.json" --depsfile "C:\Johnny\Celsior_Training\Day33\PolicyClaimWebApiSolution\ClaimPolicyTest\bin\Debug\net6.0\fine-code-coverage\build-output\ClaimPolicyTest.deps.json" --port 53952 --endpoint 127.0.0.1:053952 --role client --parentprocessid 28140 --diag "C:\Johnny\Celsior_Training\Day33\PolicyClaimWebApiSolution\ClaimPolicyTest\bin\Debug\net6.0\fine-code-coverage\coverage-tool-output\diagnostics.host.24-10-30_09-31-17_87247_5.log" --tracelevel 4 --datacollectionport 53951 --telemetryoptedin false'
TpTrace Verbose: 0 : 28140, 5, 2024/10/30, 09:31:17.886, 5893791982462, vstest.console.dll, MulticastDelegateUtilities.SafeInvoke: HostProviderEvents.OnHostLaunched: Invoking callback 1/2 for Microsoft.VisualStudio.TestPlatform.CrossPlatEngine.Client.ProxyExecutionManagerWithDataCollection., took 1 ms.
TpTrace Verbose: 0 : 28140, 5, 2024/10/30, 09:31:17.886, 5893791986406, vstest.console.dll, Test Runtime launched
TpTrace Verbose: 0 : 28140, 5, 2024/10/30, 09:31:17.886, 5893791987436, vstest.console.dll, MulticastDelegateUtilities.SafeInvoke: HostProviderEvents.OnHostLaunched: Invoking callback 2/2 for Microsoft.VisualStudio.TestPlatform.CrossPlatEngine.Client.ProxyOperationManager., took 0 ms.
TpTrace Verbose: 0 : 28140, 5, 2024/10/30, 09:31:17.886, 5893791989237, vstest.console.dll, TestRequestSender.WaitForRequestHandlerConnection: waiting for connection with timeout: 90000.
TpTrace Verbose: 0 : 28140, 5, 2024/10/30, 09:31:18.278, 5893795907063, vstest.console.dll, TestRequestSender.WaitForRequestHandlerConnection: waiting took 391 ms, with timeout 90000 ms, and result 0, which is success.
TpTrace Verbose: 0 : 28140, 12, 2024/10/30, 09:31:18.278, 5893795906989, vstest.console.dll, MulticastDelegateUtilities.SafeInvoke: SocketServer: ClientConnected: Invoking callback 1/1 for Microsoft.VisualStudio.TestPlatform.CommunicationUtilities.TestRequestSender., took 0 ms.
TpTrace Verbose: 0 : 28140, 12, 2024/10/30, 09:31:18.279, 5893795910580, vstest.console.dll, SocketServer.OnClientConnected: Client connected for endPoint: 127.0.0.1:53952, starting MessageLoopAsync:
TpTrace Verbose: 0 : 28140, 12, 2024/10/30, 09:31:18.279, 5893795916918, vstest.console.dll, TcpClientExtensions.MessageLoopAsync: Polling on remoteEndPoint: 127.0.0.1:53953 localEndPoint: 127.0.0.1:53952 after 0 ms
TpTrace Verbose: 0 : 28140, 5, 2024/10/30, 09:31:18.280, 5893795921735, vstest.console.dll, TestRequestSender.CheckVersionWithTestHost: Sending check version message: {"MessageType":"ProtocolVersion","Payload":7}
TpTrace Verbose: 0 : 28140, 12, 2024/10/30, 09:31:18.478, 5893797900358, vstest.console.dll, TcpClientExtensions.MessageLoopAsync: NotifyDataAvailable remoteEndPoint: 127.0.0.1:53953 localEndPoint: 127.0.0.1:53952
TpTrace Verbose: 0 : 28140, 12, 2024/10/30, 09:31:18.478, 5893797903685, vstest.console.dll, TestRequestSender.CheckVersionWithTestHost: onMessageReceived received message: (ProtocolVersion) -> {"MessageType":"ProtocolVersion","Payload":7}
TpTrace Verbose: 0 : 28140, 12, 2024/10/30, 09:31:18.479, 5893797913019, vstest.console.dll, MulticastDelegateUtilities.SafeInvoke: LengthPrefixCommunicationChannel: MessageReceived: Invoking callback 1/1 for Microsoft.VisualStudio.TestPlatform.CommunicationUtilities.TestRequestSender+<>c__DisplayClass29_0., took 0 ms.
TpTrace Verbose: 0 : 28140, 12, 2024/10/30, 09:31:18.479, 5893797914447, vstest.console.dll, TcpClientExtensions.MessageLoopAsync: Polling on remoteEndPoint: 127.0.0.1:53953 localEndPoint: 127.0.0.1:53952 after 199 ms
TpTrace Verbose: 0 : 28140, 5, 2024/10/30, 09:31:18.479, 5893797915221, vstest.console.dll, TestPluginCache.GetExtensionPaths: Filtered extension paths: 
TpTrace Verbose: 0 : 28140, 5, 2024/10/30, 09:31:18.479, 5893797917729, vstest.console.dll, TestPluginCache.GetExtensionPaths: Added default extension paths: C:\Program Files\dotnet\sdk\8.0.400\Extensions\Microsoft.Diagnostics.NETCore.Client.dll
C:\Program Files\dotnet\sdk\8.0.400\Extensions\Microsoft.TestPlatform.Extensions.BlameDataCollector.dll
C:\Program Files\dotnet\sdk\8.0.400\Extensions\Microsoft.TestPlatform.Extensions.EventLogCollector.dll
C:\Program Files\dotnet\sdk\8.0.400\Extensions\Microsoft.TestPlatform.TestHostRuntimeProvider.dll
C:\Program Files\dotnet\sdk\8.0.400\Extensions\Microsoft.VisualStudio.TestPlatform.Extensions.Html.TestLogger.dll
C:\Program Files\dotnet\sdk\8.0.400\Extensions\Microsoft.VisualStudio.TestPlatform.Extensions.Trx.TestLogger.dll
TpTrace Verbose: 0 : 28140, 5, 2024/10/30, 09:31:18.479, 5893797918763, vstest.console.dll, TestPluginCache.GetExtensionPaths: Added unfilterableExtensionPaths: 
TpTrace Verbose: 0 : 28140, 12, 2024/10/30, 09:31:18.482, 5893797945772, vstest.console.dll, TcpClientExtensions.MessageLoopAsync: NotifyDataAvailable remoteEndPoint: 127.0.0.1:53953 localEndPoint: 127.0.0.1:53952
TpTrace Verbose: 0 : 28140, 5, 2024/10/30, 09:31:18.484, 5893797959850, vstest.console.dll, TestRequestSender.InitializeExecution: Sending initialize execution with message: {"Version":7,"MessageType":"TestExecution.Initialize","Payload":["C:\\Johnny\\Celsior_Training\\Day33\\PolicyClaimWebApiSolution\\ClaimPolicyTest\\bin\\Debug\\net6.0\\fine-code-coverage\\build-output\\NUnit3.TestAdapter.dll"]}
TpTrace Verbose: 0 : 28140, 5, 2024/10/30, 09:31:18.484, 5893797962071, vstest.console.dll, ParallelProxyExecutionManager.StartTestRunOnConcurrentManager: Execution starting. Started clients: 1
TpTrace Verbose: 0 : 28140, 5, 2024/10/30, 09:31:18.484, 5893797964586, vstest.console.dll, TestRunRequest:SendTestRunMessage: Starting.
TpTrace Verbose: 0 : 28140, 5, 2024/10/30, 09:31:18.484, 5893797966248, vstest.console.dll, MulticastDelegateUtilities.SafeInvoke: TestRun.LogMessages: Invoking callback 1/1 for Microsoft.VisualStudio.TestPlatform.CommandLine.TestRunResultAggregator., took 0 ms.
TpTrace Information: 0 : 28140, 5, 2024/10/30, 09:31:18.484, 5893797966773, vstest.console.dll, TestRunRequest:SendTestRunMessage: Completed.
TpTrace Verbose: 0 : 28140, 4, 2024/10/30, 09:31:18.485, 5893797969736, vstest.console.dll, MulticastDelegateUtilities.SafeInvoke: InternalTestLoggerEvents.SendTestRunMessage: Invoking callback 1/1 for Microsoft.VisualStudio.TestPlatform.CommandLine.Internal.ConsoleLogger., took 0 ms.
TpTrace Warning: 0 : 28140, 5, 2024/10/30, 09:31:18.485, 5893797972353, vstest.console.dll, InferRunSettingsHelper.MakeRunsettingsCompatible: Removing the following settings: TargetPlatform from RunSettings file. To use those settings please move to latest version of Microsoft.NET.Test.Sdk
TpTrace Verbose: 0 : 28140, 12, 2024/10/30, 09:31:18.486, 5893797979763, vstest.console.dll, TestRequestSender.OnExecutionMessageReceived: Received message: {"Version":7,"MessageType":"TestSession.Message","Payload":{"MessageLevel":0,"Message":"Logging TestHost Diagnostics in file: C:\\Johnny\\Celsior_Training\\Day33\\PolicyClaimWebApiSolution\\ClaimPolicyTest\\bin\\Debug\\net6.0\\fine-code-coverage\\coverage-tool-output\\diagnostics.host.24-10-30_09-31-17_87247_5.log"}}
TpTrace Verbose: 0 : 28140, 12, 2024/10/30, 09:31:18.489, 5893798012275, vstest.console.dll, TestRunRequest:SendTestRunMessage: Starting.
TpTrace Verbose: 0 : 28140, 12, 2024/10/30, 09:31:18.489, 5893798015196, vstest.console.dll, MulticastDelegateUtilities.SafeInvoke: TestRun.LogMessages: Invoking callback 1/1 for Microsoft.VisualStudio.TestPlatform.CommandLine.TestRunResultAggregator., took 0 ms.
TpTrace Verbose: 0 : 28140, 4, 2024/10/30, 09:31:18.489, 5893798015414, vstest.console.dll, MulticastDelegateUtilities.SafeInvoke: InternalTestLoggerEvents.SendTestRunMessage: Invoking callback 1/1 for Microsoft.VisualStudio.TestPlatform.CommandLine.Internal.ConsoleLogger., took 0 ms.
TpTrace Information: 0 : 28140, 12, 2024/10/30, 09:31:18.489, 5893798016361, vstest.console.dll, TestRunRequest:SendTestRunMessage: Completed.
TpTrace Verbose: 0 : 28140, 12, 2024/10/30, 09:31:18.489, 5893798019146, vstest.console.dll, MulticastDelegateUtilities.SafeInvoke: LengthPrefixCommunicationChannel: MessageReceived: Invoking callback 1/1 for Microsoft.VisualStudio.TestPlatform.CommunicationUtilities.TestRequestSender+<>c__DisplayClass34_0., took 4 ms.
TpTrace Verbose: 0 : 28140, 12, 2024/10/30, 09:31:18.490, 5893798020118, vstest.console.dll, TcpClientExtensions.MessageLoopAsync: Polling on remoteEndPoint: 127.0.0.1:53953 localEndPoint: 127.0.0.1:53952 after 10 ms
TpTrace Verbose: 0 : 28140, 5, 2024/10/30, 09:31:18.493, 5893798057858, vstest.console.dll, TestRequestSender.StartTestRun: Sending test run with message: {"Version":7,"MessageType":"TestExecution.StartWithSources","Payload":{"AdapterSourceMap":{"_none_":["C:\\Johnny\\Celsior_Training\\Day33\\PolicyClaimWebApiSolution\\ClaimPolicyTest\\bin\\Debug\\net6.0\\fine-code-coverage\\build-output\\ClaimPolicyTest.dll"]},"RunSettings":"<RunSettings>\r\n  <RunConfiguration>\r\n    <ResultsDirectory>C:\\Johnny\\Celsior_Training\\Day33\\PolicyClaimWebApiSolution\\ClaimPolicyTest\\bin\\Debug\\net6.0\\fine-code-coverage\\coverage-tool-output</ResultsDirectory>\r\n    <TargetFrameworkVersion>.NETCoreApp,Version=v6.0</TargetFrameworkVersion>\r\n    <DesignMode>False</DesignMode>\r\n    <CollectSourceInformation>False</CollectSourceInformation>\r\n  </RunConfiguration>\r\n  <LoggerRunSettings>\r\n    <Loggers>\r\n      <Logger friendlyName=\"blame\" enabled=\"True\" />\r\n      <Logger friendlyName=\"Console\" uri=\"logger://microsoft/TestPlatform/ConsoleLogger/v1\" assemblyQualifiedName=\"Microsoft.VisualStudio.TestPlatform.CommandLine.Internal.ConsoleLogger, vstest.console, Version=15.0.0.0, Culture=neutral, PublicKeyToken=b03f5f7f11d50a3a\" codeBase=\"C:\\Program Files\\dotnet\\sdk\\8.0.400\\vstest.console.dll\" enabled=\"True\" />\r\n    </Loggers>\r\n  </LoggerRunSettings>\r\n  <DataCollectionRunSettings>\r\n    <DataCollectors>\r\n      <DataCollector friendlyName=\"blame\" enabled=\"True\">\r\n        <Configuration>\r\n          <ResultsDirectory>C:\\Johnny\\Celsior_Training\\Day33\\PolicyClaimWebApiSolution\\ClaimPolicyTest\\bin\\Debug\\net6.0\\fine-code-coverage\\coverage-tool-output</ResultsDirectory>\r\n        </Configuration>\r\n      </DataCollector>\r\n    </DataCollectors>\r\n  </DataCollectionRunSettings>\r\n</RunSettings>","TestExecutionContext":{"FrequencyOfRunStatsChangeEvent":10,"RunStatsChangeEventTimeout":"00:00:01.5000000","InIsolation":false,"KeepAlive":false,"AreTestCaseLevelEventsRequired":false,"IsDebug":false,"TestCaseFilter":null,"FilterOptions":null},"Package":null}}
TpTrace Verbose: 0 : 28140, 5, 2024/10/30, 09:31:18.494, 5893798060703, vstest.console.dll, ParallelProxyExecutionManager.StartTestRunOnConcurrentManager: Execution started. Started clients: 1
TpTrace Verbose: 0 : 28140, 12, 2024/10/30, 09:31:18.754, 5893800669149, vstest.console.dll, TcpClientExtensions.MessageLoopAsync: NotifyDataAvailable remoteEndPoint: 127.0.0.1:53953 localEndPoint: 127.0.0.1:53952
TpTrace Verbose: 0 : 28140, 12, 2024/10/30, 09:31:18.755, 5893800672918, vstest.console.dll, TestRequestSender.OnExecutionMessageReceived: Received message: {"Version":7,"MessageType":"TestSession.Message","Payload":{"MessageLevel":0,"Message":"NUnit Adapter 4.4.0.0: Test execution started"}}
TpTrace Verbose: 0 : 28140, 12, 2024/10/30, 09:31:18.755, 5893800675674, vstest.console.dll, TestRunRequest:SendTestRunMessage: Starting.
TpTrace Verbose: 0 : 28140, 12, 2024/10/30, 09:31:18.755, 5893800676810, vstest.console.dll, MulticastDelegateUtilities.SafeInvoke: TestRun.LogMessages: Invoking callback 1/1 for Microsoft.VisualStudio.TestPlatform.CommandLine.TestRunResultAggregator., took 0 ms.
TpTrace Verbose: 0 : 28140, 4, 2024/10/30, 09:31:18.755, 5893800677422, vstest.console.dll, MulticastDelegateUtilities.SafeInvoke: InternalTestLoggerEvents.SendTestRunMessage: Invoking callback 1/1 for Microsoft.VisualStudio.TestPlatform.CommandLine.Internal.ConsoleLogger., took 0 ms.
TpTrace Information: 0 : 28140, 12, 2024/10/30, 09:31:18.755, 5893800677752, vstest.console.dll, TestRunRequest:SendTestRunMessage: Completed.
TpTrace Verbose: 0 : 28140, 12, 2024/10/30, 09:31:18.755, 5893800678710, vstest.console.dll, MulticastDelegateUtilities.SafeInvoke: LengthPrefixCommunicationChannel: MessageReceived: Invoking callback 1/1 for Microsoft.VisualStudio.TestPlatform.CommunicationUtilities.TestRequestSender+<>c__DisplayClass34_0., took 0 ms.
TpTrace Verbose: 0 : 28140, 12, 2024/10/30, 09:31:18.755, 5893800679358, vstest.console.dll, TcpClientExtensions.MessageLoopAsync: Polling on remoteEndPoint: 127.0.0.1:53953 localEndPoint: 127.0.0.1:53952 after 265 ms
TpTrace Verbose: 0 : 28140, 12, 2024/10/30, 09:31:18.792, 5893801043197, vstest.console.dll, TcpClientExtensions.MessageLoopAsync: NotifyDataAvailable remoteEndPoint: 127.0.0.1:53953 localEndPoint: 127.0.0.1:53952
TpTrace Verbose: 0 : 28140, 12, 2024/10/30, 09:31:18.792, 5893801045007, vstest.console.dll, TestRequestSender.OnExecutionMessageReceived: Received message: {"Version":7,"MessageType":"TestSession.Message","Payload":{"MessageLevel":0,"Message":"Running all tests in C:\\Johnny\\Celsior_Training\\Day33\\PolicyClaimWebApiSolution\\ClaimPolicyTest\\bin\\Debug\\net6.0\\fine-code-coverage\\build-output\\ClaimPolicyTest.dll"}}
TpTrace Verbose: 0 : 28140, 12, 2024/10/30, 09:31:18.792, 5893801046488, vstest.console.dll, TestRunRequest:SendTestRunMessage: Starting.
TpTrace Verbose: 0 : 28140, 12, 2024/10/30, 09:31:18.792, 5893801047175, vstest.console.dll, MulticastDelegateUtilities.SafeInvoke: TestRun.LogMessages: Invoking callback 1/1 for Microsoft.VisualStudio.TestPlatform.CommandLine.TestRunResultAggregator., took 0 ms.
TpTrace Information: 0 : 28140, 12, 2024/10/30, 09:31:18.792, 5893801047664, vstest.console.dll, TestRunRequest:SendTestRunMessage: Completed.
TpTrace Verbose: 0 : 28140, 12, 2024/10/30, 09:31:18.792, 5893801048158, vstest.console.dll, MulticastDelegateUtilities.SafeInvoke: LengthPrefixCommunicationChannel: MessageReceived: Invoking callback 1/1 for Microsoft.VisualStudio.TestPlatform.CommunicationUtilities.TestRequestSender+<>c__DisplayClass34_0., took 0 ms.
TpTrace Verbose: 0 : 28140, 12, 2024/10/30, 09:31:18.792, 5893801048691, vstest.console.dll, TcpClientExtensions.MessageLoopAsync: Polling on remoteEndPoint: 127.0.0.1:53953 localEndPoint: 127.0.0.1:53952 after 36 ms
TpTrace Verbose: 0 : 28140, 4, 2024/10/30, 09:31:18.792, 5893801047795, vstest.console.dll, MulticastDelegateUtilities.SafeInvoke: InternalTestLoggerEvents.SendTestRunMessage: Invoking callback 1/1 for Microsoft.VisualStudio.TestPlatform.CommandLine.Internal.ConsoleLogger., took 0 ms.
TpTrace Verbose: 0 : 28140, 12, 2024/10/30, 09:31:18.989, 5893803015504, vstest.console.dll, TcpClientExtensions.MessageLoopAsync: NotifyDataAvailable remoteEndPoint: 127.0.0.1:53953 localEndPoint: 127.0.0.1:53952
TpTrace Verbose: 0 : 28140, 12, 2024/10/30, 09:31:18.989, 5893803018030, vstest.console.dll, TestRequestSender.OnExecutionMessageReceived: Received message: {"Version":7,"MessageType":"TestSession.Message","Payload":{"MessageLevel":0,"Message":"   NUnit3TestExecutor discovered 38 of 38 NUnit test cases using Current Discovery mode, Non-Explicit run"}}
TpTrace Verbose: 0 : 28140, 12, 2024/10/30, 09:31:18.989, 5893803019590, vstest.console.dll, TestRunRequest:SendTestRunMessage: Starting.
TpTrace Verbose: 0 : 28140, 12, 2024/10/30, 09:31:18.990, 5893803020359, vstest.console.dll, MulticastDelegateUtilities.SafeInvoke: TestRun.LogMessages: Invoking callback 1/1 for Microsoft.VisualStudio.TestPlatform.CommandLine.TestRunResultAggregator., took 0 ms.
TpTrace Information: 0 : 28140, 12, 2024/10/30, 09:31:18.990, 5893803020953, vstest.console.dll, TestRunRequest:SendTestRunMessage: Completed.
TpTrace Verbose: 0 : 28140, 12, 2024/10/30, 09:31:18.990, 5893803021501, vstest.console.dll, MulticastDelegateUtilities.SafeInvoke: LengthPrefixCommunicationChannel: MessageReceived: Invoking callback 1/1 for Microsoft.VisualStudio.TestPlatform.CommunicationUtilities.TestRequestSender+<>c__DisplayClass34_0., took 0 ms.
TpTrace Verbose: 0 : 28140, 4, 2024/10/30, 09:31:18.990, 5893803021151, vstest.console.dll, MulticastDelegateUtilities.SafeInvoke: InternalTestLoggerEvents.SendTestRunMessage: Invoking callback 1/1 for Microsoft.VisualStudio.TestPlatform.CommandLine.Internal.ConsoleLogger., took 0 ms.
TpTrace Verbose: 0 : 28140, 12, 2024/10/30, 09:31:18.990, 5893803022020, vstest.console.dll, TcpClientExtensions.MessageLoopAsync: Polling on remoteEndPoint: 127.0.0.1:53953 localEndPoint: 127.0.0.1:53952 after 197 ms
TpTrace Verbose: 0 : 28140, 12, 2024/10/30, 09:31:20.005, 5893813175273, vstest.console.dll, TcpClientExtensions.MessageLoopAsync: Polling on remoteEndPoint: 127.0.0.1:53953 localEndPoint: 127.0.0.1:53952 after 1015 ms
TpTrace Verbose: 0 : 28140, 12, 2024/10/30, 09:31:20.147, 5893814592815, vstest.console.dll, TcpClientExtensions.MessageLoopAsync: NotifyDataAvailable remoteEndPoint: 127.0.0.1:53953 localEndPoint: 127.0.0.1:53952
TpTrace Verbose: 0 : 28140, 12, 2024/10/30, 09:31:20.147, 5893814597613, vstest.console.dll, TestRequestSender.OnExecutionMessageReceived: Received message: {"Version":7,"MessageType":"TestExecution.StatsChange","Payload":{"NewTestResults":[{"TestCase":{"Id":"4c3b7778-86fb-2932-91d0-aebd3deb4ae2","FullyQualifiedName":"PolicyClaimTest.ClaimantRepositoryTest.AddClaimant_Test","DisplayName":"AddClaimant_Test","ExecutorUri":"executor://NUnit3TestExecutor","Source":"C:\\Johnny\\Celsior_Training\\Day33\\PolicyClaimWebApiSolution\\ClaimPolicyTest\\bin\\Debug\\net6.0\\fine-code-coverage\\build-output\\ClaimPolicyTest.dll","CodeFilePath":null,"LineNumber":0,"Properties":[{"Key":{"Id":"NUnit.Seed","Label":"Seed","Category":"","Description":"","Attributes":0,"ValueType":"System.String"},"Value":"1668396386"}]},"Attachments":[],"Outcome":1,"ErrorMessage":null,"ErrorStackTrace":null,"DisplayName":"AddClaimant_Test","Messages":[],"ComputerName":"5CD413DKRZ","Duration":"00:00:00.8632060","StartTime":"2024-10-30T04:01:19.0221318+00:00","EndTime":"2024-10-30T04:01:19.8852858+00:00","Properties":[{"Key":{"Id":"NUnit.Seed","Label":"Seed","Category":"","Description":"","Attributes":0,"ValueType":"System.String"},"Value":"1668396386"}]},{"TestCase":{"Id":"9f5a4721-3a45-e15a-bf44-7a9d41a5dd91","FullyQualifiedName":"PolicyClaimTest.ClaimantRepositoryTest.ClaimantRepositoryAdd_CouldNotAddException","DisplayName":"ClaimantRepositoryAdd_CouldNotAddException","ExecutorUri":"executor://NUnit3TestExecutor","Source":"C:\\Johnny\\Celsior_Training\\Day33\\PolicyClaimWebApiSolution\\ClaimPolicyTest\\bin\\Debug\\net6.0\\fine-code-coverage\\build-output\\ClaimPolicyTest.dll","CodeFilePath":null,"LineNumber":0,"Properties":[{"Key":{"Id":"NUnit.Seed","Label":"Seed","Category":"","Description":"","Attributes":0,"ValueType":"System.String"},"Value":"1690265148"}]},"Attachments":[],"Outcome":1,"ErrorMessage":null,"ErrorStackTrace":null,"DisplayName":"ClaimantRepositoryAdd_CouldNotAddException","Messages":[],"ComputerName":"5CD413DKRZ","Duration":"00:00:00.0408530","StartTime":"2024-10-30T04:01:19.8864426+00:00","EndTime":"2024-10-30T04:01:19.9272959+00:00","Properties":[{"Key":{"Id":"NUnit.Seed","Label":"Seed","Category":"","Description":"","Attributes":0,"ValueType":"System.String"},"Value":"1690265148"}]},{"TestCase":{"Id":"6aeb6fa0-2a3c-623b-fbe9-9918bacdd3e0","FullyQualifiedName":"PolicyClaimTest.ClaimantRepositoryTest.ClaimantRepositoryGetAll_EmptyCollectionException","DisplayName":"ClaimantRepositoryGetAll_EmptyCollectionException","ExecutorUri":"executor://NUnit3TestExecutor","Source":"C:\\Johnny\\Celsior_Training\\Day33\\PolicyClaimWebApiSolution\\ClaimPolicyTest\\bin\\Debug\\net6.0\\fine-code-coverage\\build-output\\ClaimPolicyTest.dll","CodeFilePath":null,"LineNumber":0,"Properties":[{"Key":{"Id":"NUnit.Seed","Label":"Seed","Category":"","Description":"","Attributes":0,"ValueType":"System.String"},"Value":"2005594335"}]},"Attachments":[],"Outcome":2,"ErrorMessage":"  Expected: <PolicyClaimWebApi.Exceptions.EmptyCollectionException>\r\n  But was:  null\r\n","ErrorStackTrace":"   at PolicyClaimTest.ClaimantRepositoryTest.ClaimantRepositoryGetAll_EmptyCollectionException() in C:\\Johnny\\Celsior_Training\\Day33\\PolicyClaimWebApiSolution\\ClaimPolicyTest\\ClaimantRepositoryTest.cs:line 87\r\n   at NUnit.Framework.Internal.TaskAwaitAdapter.GenericAdapter`1.GetResult()\r\n   at NUnit.Framework.Internal.AsyncToSyncAdapter.Await(Func`1 invoke)\r\n   at NUnit.Framework.Internal.Commands.TestMethodCommand.RunTestMethod(TestExecutionContext context)\r\n   at NUnit.Framework.Internal.Commands.TestMethodCommand.Execute(TestExecutionContext context)\r\n   at NUnit.Framework.Internal.Commands.BeforeAndAfterTestCommand.<>c__DisplayClass1_0.<Execute>b__0()\r\n   at NUnit.Framework.Internal.Commands.DelegatingTestCommand.RunTestMethodInThreadAbortSafeZone(TestExecutionContext context, Action action)\r\n\n1)    at PolicyClaimTest.ClaimantRepositoryTest.ClaimantRepositoryGetAll_EmptyCollectionException() in C:\\Johnny\\Celsior_Training\\Day33\\PolicyClaimWebApiSolution\\ClaimPolicyTest\\ClaimantRepositoryTest.cs:line 87\r\n   at System.Runtime.CompilerServices.AsyncMethodBuilderCore.Start[TStateMachine](TStateMachine& stateMachine)\r\n   at PolicyClaimTest.ClaimantRepositoryTest.ClaimantRepositoryGetAll_EmptyCollectionException()\r\n\n","DisplayName":"ClaimantRepositoryGetAll_EmptyCollectionException","Messages":[],"ComputerName":"5CD413DKRZ","Duration":"00:00:00.1680039","StartTime":"2024-10-30T04:01:19.9273387+00:00","EndTime":"2024-10-30T04:01:20.0953427+00:00","Properties":[{"Key":{"Id":"NUnit.Seed","Label":"Seed","Category":"","Description":"","Attributes":0,"ValueType":"System.String"},"Value":"2005594335"}]}],"TestRunStatistics":{"ExecutedTests":3,"Stats":{"Passed":2,"Failed":1}},"ActiveTests":[{"Id":"da2820af-caa6-e48f-66d8-87365b07a56f","FullyQualifiedName":"PolicyClaimTest.ClaimantRepositoryTest.GetClaimant_Test","DisplayName":"GetClaimant_Test","ExecutorUri":"executor://NUnit3TestExecutor","Source":"C:\\Johnny\\Celsior_Training\\Day33\\PolicyClaimWebApiSolution\\ClaimPolicyTest\\bin\\Debug\\net6.0\\fine-code-coverage\\build-output\\ClaimPolicyTest.dll","CodeFilePath":null,"LineNumber":0,"Properties":[{"Key":{"Id":"NUnit.Seed","Label":"Seed","Category":"","Description":"","Attributes":0,"ValueType":"System.String"},"Value":"819772422"}]}]}}
TpTrace Verbose: 0 : 28140, 12, 2024/10/30, 09:31:20.168, 5893814800183, vstest.console.dll, TestRunRequest:SendTestRunStatsChange: Starting.
TpTrace Verbose: 0 : 28140, 12, 2024/10/30, 09:31:20.168, 5893814801751, vstest.console.dll, InProgress is GetClaimant_Test
TpTrace Verbose: 0 : 28140, 12, 2024/10/30, 09:31:20.168, 5893814803898, vstest.console.dll, MulticastDelegateUtilities.SafeInvoke: TestRun.RunStatsChanged: Invoking callbacks was skipped because there are no subscribers.
TpTrace Information: 0 : 28140, 12, 2024/10/30, 09:31:20.168, 5893814804663, vstest.console.dll, TestRunRequest:SendTestRunStatsChange: Completed.
TpTrace Verbose: 0 : 28140, 12, 2024/10/30, 09:31:20.168, 5893814805065, vstest.console.dll, MulticastDelegateUtilities.SafeInvoke: LengthPrefixCommunicationChannel: MessageReceived: Invoking callback 1/1 for Microsoft.VisualStudio.TestPlatform.CommunicationUtilities.TestRequestSender+<>c__DisplayClass34_0., took 20 ms.
TpTrace Verbose: 0 : 28140, 12, 2024/10/30, 09:31:20.168, 5893814805449, vstest.console.dll, TcpClientExtensions.MessageLoopAsync: Polling on remoteEndPoint: 127.0.0.1:53953 localEndPoint: 127.0.0.1:53952 after 162 ms
TpTrace Verbose: 0 : 28140, 4, 2024/10/30, 09:31:20.170, 5893814823958, vstest.console.dll, MulticastDelegateUtilities.SafeInvoke: InternalTestLoggerEvents.SendTestResult: Invoking callback 1/1 for Microsoft.VisualStudio.TestPlatform.CommandLine.Internal.ConsoleLogger., took 1 ms.
TpTrace Verbose: 0 : 28140, 4, 2024/10/30, 09:31:20.170, 5893814827849, vstest.console.dll, MulticastDelegateUtilities.SafeInvoke: InternalTestLoggerEvents.SendTestResult: Invoking callback 1/1 for Microsoft.VisualStudio.TestPlatform.CommandLine.Internal.ConsoleLogger., took 0 ms.
TpTrace Verbose: 0 : 28140, 4, 2024/10/30, 09:31:20.171, 5893814833116, vstest.console.dll, MulticastDelegateUtilities.SafeInvoke: InternalTestLoggerEvents.SendTestResult: Invoking callback 1/1 for Microsoft.VisualStudio.TestPlatform.CommandLine.Internal.ConsoleLogger., took 0 ms.
TpTrace Verbose: 0 : 28140, 12, 2024/10/30, 09:31:20.287, 5893815996371, vstest.console.dll, TcpClientExtensions.MessageLoopAsync: NotifyDataAvailable remoteEndPoint: 127.0.0.1:53953 localEndPoint: 127.0.0.1:53952
TpTrace Verbose: 0 : 28140, 12, 2024/10/30, 09:31:20.288, 5893816001594, vstest.console.dll, TestRequestSender.OnExecutionMessageReceived: Received message: {"Version":7,"MessageType":"TestExecution.StatsChange","Payload":{"NewTestResults":[{"TestCase":{"Id":"da2820af-caa6-e48f-66d8-87365b07a56f","FullyQualifiedName":"PolicyClaimTest.ClaimantRepositoryTest.GetClaimant_Test","DisplayName":"GetClaimant_Test","ExecutorUri":"executor://NUnit3TestExecutor","Source":"C:\\Johnny\\Celsior_Training\\Day33\\PolicyClaimWebApiSolution\\ClaimPolicyTest\\bin\\Debug\\net6.0\\fine-code-coverage\\build-output\\ClaimPolicyTest.dll","CodeFilePath":null,"LineNumber":0,"Properties":[{"Key":{"Id":"NUnit.Seed","Label":"Seed","Category":"","Description":"","Attributes":0,"ValueType":"System.String"},"Value":"819772422"}]},"Attachments":[],"Outcome":1,"ErrorMessage":null,"ErrorStackTrace":null,"DisplayName":"GetClaimant_Test","Messages":[],"ComputerName":"5CD413DKRZ","Duration":"00:00:00.0014480","StartTime":"2024-10-30T04:01:20.0954757+00:00","EndTime":"2024-10-30T04:01:20.0969239+00:00","Properties":[{"Key":{"Id":"NUnit.Seed","Label":"Seed","Category":"","Description":"","Attributes":0,"ValueType":"System.String"},"Value":"819772422"}]},{"TestCase":{"Id":"693ab13b-5666-77c2-df91-3d08436785ba","FullyQualifiedName":"PolicyClaimTest.ClaimantServiceTest.ClaimantCreate_Test","DisplayName":"ClaimantCreate_Test","ExecutorUri":"executor://NUnit3TestExecutor","Source":"C:\\Johnny\\Celsior_Training\\Day33\\PolicyClaimWebApiSolution\\ClaimPolicyTest\\bin\\Debug\\net6.0\\fine-code-coverage\\build-output\\ClaimPolicyTest.dll","CodeFilePath":null,"LineNumber":0,"Properties":[{"Key":{"Id":"NUnit.Seed","Label":"Seed","Category":"","Description":"","Attributes":0,"ValueType":"System.String"},"Value":"657739941"}]},"Attachments":[],"Outcome":2,"ErrorMessage":"  Expected: 4\r\n  But was:  1\r\n","ErrorStackTrace":"   at PolicyClaimTest.ClaimantServiceTest.ClaimantCreate_Test() in C:\\Johnny\\Celsior_Training\\Day33\\PolicyClaimWebApiSolution\\ClaimPolicyTest\\ClaimantServiceTest.cs:line 54\r\n   at NUnit.Framework.Internal.TaskAwaitAdapter.GenericAdapter`1.GetResult()\r\n   at NUnit.Framework.Internal.AsyncToSyncAdapter.Await(Func`1 invoke)\r\n   at NUnit.Framework.Internal.Commands.TestMethodCommand.RunTestMethod(TestExecutionContext context)\r\n   at NUnit.Framework.Internal.Commands.TestMethodCommand.Execute(TestExecutionContext context)\r\n   at NUnit.Framework.Internal.Commands.BeforeAndAfterTestCommand.<>c__DisplayClass1_0.<Execute>b__0()\r\n   at NUnit.Framework.Internal.Commands.DelegatingTestCommand.RunTestMethodInThreadAbortSafeZone(TestExecutionContext context, Action action)\r\n\n1)    at PolicyClaimTest.ClaimantServiceTest.ClaimantCreate_Test() in C:\\Johnny\\Celsior_Training\\Day33\\PolicyClaimWebApiSolution\\ClaimPolicyTest\\ClaimantServiceTest.cs:line 54\r\n   at System.Runtime.CompilerServices.AsyncMethodBuilderCore.Start[TStateMachine](TStateMachine& stateMachine)\r\n   at PolicyClaimTest.ClaimantServiceTest.ClaimantCreate_Test()\r\n\n","DisplayName":"ClaimantCreate_Test","Messages":[],"ComputerName":"5CD413DKRZ","Duration":"00:00:00.0047000","StartTime":"2024-10-30T04:01:20.0995553+00:00","EndTime":"2024-10-30T04:01:20.1042552+00:00","Properties":[{"Key":{"Id":"NUnit.Seed","Label":"Seed","Category":"","Description":"","Attributes":0,"ValueType":"System.String"},"Value":"657739941"}]},{"TestCase":{"Id":"59a0d944-2fe6-58ba-d187-b28fdffb0476","FullyQualifiedName":"PolicyClaimTest.ClaimantServiceTest.ClaimantGet_Test","DisplayName":"ClaimantGet_Test","ExecutorUri":"executor://NUnit3TestExecutor","Source":"C:\\Johnny\\Celsior_Training\\Day33\\PolicyClaimWebApiSolution\\ClaimPolicyTest\\bin\\Debug\\net6.0\\fine-code-coverage\\build-output\\ClaimPolicyTest.dll","CodeFilePath":null,"LineNumber":0,"Properties":[{"Key":{"Id":"NUnit.Seed","Label":"Seed","Category":"","Description":"","Attributes":0,"ValueType":"System.String"},"Value":"1678046917"}]},"Attachments":[],"Outcome":1,"ErrorMessage":null,"ErrorStackTrace":null,"DisplayName":"ClaimantGet_Test","Messages":[],"ComputerName":"5CD413DKRZ","Duration":"00:00:00.0017110","StartTime":"2024-10-30T04:01:20.1042758+00:00","EndTime":"2024-10-30T04:01:20.1059869+00:00","Properties":[{"Key":{"Id":"NUnit.Seed","Label":"Seed","Category":"","Description":"","Attributes":0,"ValueType":"System.String"},"Value":"1678046917"}]},{"TestCase":{"Id":"55ad3b2c-038e-969a-9b37-a2e4fe53f957","FullyQualifiedName":"PolicyClaimTest.ClaimControllerTest.CreateClaimWithFiles_InvalidClaimType_ReturnsBadRequest","DisplayName":"CreateClaimWithFiles_InvalidClaimType_ReturnsBadRequest","ExecutorUri":"executor://NUnit3TestExecutor","Source":"C:\\Johnny\\Celsior_Training\\Day33\\PolicyClaimWebApiSolution\\ClaimPolicyTest\\bin\\Debug\\net6.0\\fine-code-coverage\\build-output\\ClaimPolicyTest.dll","CodeFilePath":null,"LineNumber":0,"Properties":[{"Key":{"Id":"NUnit.Seed","Label":"Seed","Category":"","Description":"","Attributes":0,"ValueType":"System.String"},"Value":"999171663"}]},"Attachments":[],"Outcome":2,"ErrorMessage":"  Expected string length 33 but was 53. Strings differ at index 0.\r\n  Expected: \"one or more fields validate error\"\r\n  But was:  \"Object reference not set to an instance of an object.\"\r\n  -----------^\r\n","ErrorStackTrace":"   at PolicyClaimTest.ClaimControllerTest.CreateClaimWithFiles_InvalidClaimType_ReturnsBadRequest() in C:\\Johnny\\Celsior_Training\\Day33\\PolicyClaimWebApiSolution\\ClaimPolicyTest\\ClaimControllerTest.cs:line 214\r\n   at NUnit.Framework.Internal.TaskAwaitAdapter.GenericAdapter`1.GetResult()\r\n   at NUnit.Framework.Internal.AsyncToSyncAdapter.Await(Func`1 invoke)\r\n   at NUnit.Framework.Internal.Commands.TestMethodCommand.RunTestMethod(TestExecutionContext context)\r\n   at NUnit.Framework.Internal.Commands.TestMethodCommand.Execute(TestExecutionContext context)\r\n   at NUnit.Framework.Internal.Commands.BeforeAndAfterTestCommand.<>c__DisplayClass1_0.<Execute>b__0()\r\n   at NUnit.Framework.Internal.Commands.DelegatingTestCommand.RunTestMethodInThreadAbortSafeZone(TestExecutionContext context, Action action)\r\n\n1)    at PolicyClaimTest.ClaimControllerTest.CreateClaimWithFiles_InvalidClaimType_ReturnsBadRequest() in C:\\Johnny\\Celsior_Training\\Day33\\PolicyClaimWebApiSolution\\ClaimPolicyTest\\ClaimControllerTest.cs:line 214\r\n   at System.Runtime.CompilerServices.AsyncMethodBuilderCore.Start[TStateMachine](TStateMachine& stateMachine)\r\n   at PolicyClaimTest.ClaimControllerTest.CreateClaimWithFiles_InvalidClaimType_ReturnsBadRequest()\r\n\n","DisplayName":"CreateClaimWithFiles_InvalidClaimType_ReturnsBadRequest","Messages":[],"ComputerName":"5CD413DKRZ","Duration":"00:00:00.1332990","StartTime":"2024-10-30T04:01:20.106135+00:00","EndTime":"2024-10-30T04:01:20.2394338+00:00","Properties":[{"Key":{"Id":"NUnit.Seed","Label":"Seed","Category":"","Description":"","Attributes":0,"ValueType":"System.String"},"Value":"999171663"}]},{"TestCase":{"Id":"a02474e6-11cf-5f77-0b25-59e30f76583f","FullyQualifiedName":"PolicyClaimTest.ClaimControllerTest.CreateClaimWithFiles_InvalidEmailFormat_ReturnsBadRequest","DisplayName":"CreateClaimWithFiles_InvalidEmailFormat_ReturnsBadRequest","ExecutorUri":"executor://NUnit3TestExecutor","Source":"C:\\Johnny\\Celsior_Training\\Day33\\PolicyClaimWebApiSolution\\ClaimPolicyTest\\bin\\Debug\\net6.0\\fine-code-coverage\\build-output\\ClaimPolicyTest.dll","CodeFilePath":null,"LineNumber":0,"Properties":[{"Key":{"Id":"NUnit.Seed","Label":"Seed","Category":"","Description":"","Attributes":0,"ValueType":"System.String"},"Value":"1513328768"}]},"Attachments":[],"Outcome":1,"ErrorMessage":null,"ErrorStackTrace":null,"DisplayName":"CreateClaimWithFiles_InvalidEmailFormat_ReturnsBadRequest","Messages":[],"ComputerName":"5CD413DKRZ","Duration":"00:00:00.0024870","StartTime":"2024-10-30T04:01:20.2394703+00:00","EndTime":"2024-10-30T04:01:20.2419568+00:00","Properties":[{"Key":{"Id":"NUnit.Seed","Label":"Seed","Category":"","Description":"","Attributes":0,"ValueType":"System.String"},"Value":"1513328768"}]},{"TestCase":{"Id":"7fc47628-7ca1-1cb2-d4e6-b68d445264e2","FullyQualifiedName":"PolicyClaimTest.ClaimControllerTest.CreateClaimWithFiles_MissingPolicyNumber_ReturnsBadRequest","DisplayName":"CreateClaimWithFiles_MissingPolicyNumber_ReturnsBadRequest","ExecutorUri":"executor://NUnit3TestExecutor","Source":"C:\\Johnny\\Celsior_Training\\Day33\\PolicyClaimWebApiSolution\\ClaimPolicyTest\\bin\\Debug\\net6.0\\fine-code-coverage\\build-output\\ClaimPolicyTest.dll","CodeFilePath":null,"LineNumber":0,"Properties":[{"Key":{"Id":"NUnit.Seed","Label":"Seed","Category":"","Description":"","Attributes":0,"ValueType":"System.String"},"Value":"652694043"}]},"Attachments":[],"Outcome":2,"ErrorMessage":"  Expected: \"At least one file must be uploaded.\"\r\n  But was:  <PolicyClaimWebApi.Models.DTOs.ErrorResponseDTO>\r\n","ErrorStackTrace":"   at PolicyClaimTest.ClaimControllerTest.CreateClaimWithFiles_MissingPolicyNumber_ReturnsBadRequest() in C:\\Johnny\\Celsior_Training\\Day33\\PolicyClaimWebApiSolution\\ClaimPolicyTest\\ClaimControllerTest.cs:line 163\r\n   at NUnit.Framework.Internal.TaskAwaitAdapter.GenericAdapter`1.GetResult()\r\n   at NUnit.Framework.Internal.AsyncToSyncAdapter.Await(Func`1 invoke)\r\n   at NUnit.Framework.Internal.Commands.TestMethodCommand.RunTestMethod(TestExecutionContext context)\r\n   at NUnit.Framework.Internal.Commands.TestMethodCommand.Execute(TestExecutionContext context)\r\n   at NUnit.Framework.Internal.Commands.BeforeAndAfterTestCommand.<>c__DisplayClass1_0.<Execute>b__0()\r\n   at NUnit.Framework.Internal.Commands.DelegatingTestCommand.RunTestMethodInThreadAbortSafeZone(TestExecutionContext context, Action action)\r\n\n1)    at PolicyClaimTest.ClaimControllerTest.CreateClaimWithFiles_MissingPolicyNumber_ReturnsBadRequest() in C:\\Johnny\\Celsior_Training\\Day33\\PolicyClaimWebApiSolution\\ClaimPolicyTest\\ClaimControllerTest.cs:line 163\r\n   at System.Runtime.CompilerServices.AsyncMethodBuilderCore.Start[TStateMachine](TStateMachine& stateMachine)\r\n   at PolicyClaimTest.ClaimControllerTest.CreateClaimWithFiles_MissingPolicyNumber_ReturnsBadRequest()\r\n\n","DisplayName":"CreateClaimWithFiles_MissingPolicyNumber_ReturnsBadRequest","Messages":[],"ComputerName":"5CD413DKRZ","Duration":"00:00:00.0294790","StartTime":"2024-10-30T04:01:20.2419763+00:00","EndTime":"2024-10-30T04:01:20.271455+00:00","Properties":[{"Key":{"Id":"NUnit.Seed","Label":"Seed","Category":"","Description":"","Attributes":0,"ValueType":"System.String"},"Value":"652694043"}]},{"TestCase":{"Id":"be652cb9-70da-3b35-faa0-86c508bed86c","FullyQualifiedName":"PolicyClaimTest.ClaimControllerTest.CreateClaimWithFiles_NoFiles_ReturnsBadRequest","DisplayName":"CreateClaimWithFiles_NoFiles_ReturnsBadRequest","ExecutorUri":"executor://NUnit3TestExecutor","Source":"C:\\Johnny\\Celsior_Training\\Day33\\PolicyClaimWebApiSolution\\ClaimPolicyTest\\bin\\Debug\\net6.0\\fine-code-coverage\\build-output\\ClaimPolicyTest.dll","CodeFilePath":null,"LineNumber":0,"Properties":[{"Key":{"Id":"NUnit.Seed","Label":"Seed","Category":"","Description":"","Attributes":0,"ValueType":"System.String"},"Value":"461633152"}]},"Attachments":[],"Outcome":1,"ErrorMessage":null,"ErrorStackTrace":null,"DisplayName":"CreateClaimWithFiles_NoFiles_ReturnsBadRequest","Messages":[],"ComputerName":"5CD413DKRZ","Duration":"00:00:00.0008810","StartTime":"2024-10-30T04:01:20.271488+00:00","EndTime":"2024-10-30T04:01:20.2723692+00:00","Properties":[{"Key":{"Id":"NUnit.Seed","Label":"Seed","Category":"","Description":"","Attributes":0,"ValueType":"System.String"},"Value":"461633152"}]},{"TestCase":{"Id":"a5d1a5f1-70f4-a8f8-a83b-13a276487a25","FullyQualifiedName":"PolicyClaimTest.ClaimControllerTest.CreateClaimWithFiles_ValidRequest_ReturnsOk","DisplayName":"CreateClaimWithFiles_ValidRequest_ReturnsOk","ExecutorUri":"executor://NUnit3TestExecutor","Source":"C:\\Johnny\\Celsior_Training\\Day33\\PolicyClaimWebApiSolution\\ClaimPolicyTest\\bin\\Debug\\net6.0\\fine-code-coverage\\build-output\\ClaimPolicyTest.dll","CodeFilePath":null,"LineNumber":0,"Properties":[{"Key":{"Id":"NUnit.Seed","Label":"Seed","Category":"","Description":"","Attributes":0,"ValueType":"System.String"},"Value":"1630133740"}]},"Attachments":[],"Outcome":1,"ErrorMessage":null,"ErrorStackTrace":null,"DisplayName":"CreateClaimWithFiles_ValidRequest_ReturnsOk","Messages":[],"ComputerName":"5CD413DKRZ","Duration":"00:00:00.0082190","StartTime":"2024-10-30T04:01:20.2723839+00:00","EndTime":"2024-10-30T04:01:20.2806029+00:00","Properties":[{"Key":{"Id":"NUnit.Seed","Label":"Seed","Category":"","Description":"","Attributes":0,"ValueType":"System.String"},"Value":"1630133740"}]},{"TestCase":{"Id":"91bd6e54-88a9-770d-1d67-71cfdbabc732","FullyQualifiedName":"PolicyClaimTest.ClaimControllerTest.GetAll_ReturnsBadRequest","DisplayName":"GetAll_ReturnsBadRequest","ExecutorUri":"executor://NUnit3TestExecutor","Source":"C:\\Johnny\\Celsior_Training\\Day33\\PolicyClaimWebApiSolution\\ClaimPolicyTest\\bin\\Debug\\net6.0\\fine-code-coverage\\build-output\\ClaimPolicyTest.dll","CodeFilePath":null,"LineNumber":0,"Properties":[{"Key":{"Id":"NUnit.Seed","Label":"Seed","Category":"","Description":"","Attributes":0,"ValueType":"System.String"},"Value":"1709376503"}]},"Attachments":[],"Outcome":1,"ErrorMessage":null,"ErrorStackTrace":null,"DisplayName":"GetAll_ReturnsBadRequest","Messages":[],"ComputerName":"5CD413DKRZ","Duration":"00:00:00.0022940","StartTime":"2024-10-30T04:01:20.280766+00:00","EndTime":"2024-10-30T04:01:20.2830601+00:00","Properties":[{"Key":{"Id":"NUnit.Seed","Label":"Seed","Category":"","Description":"","Attributes":0,"ValueType":"System.String"},"Value":"1709376503"}]}],"TestRunStatistics":{"ExecutedTests":12,"Stats":{"Passed":8,"Failed":4}},"ActiveTests":[{"Id":"79dd52bc-e557-a7f7-9308-d97f96298834","FullyQualifiedName":"PolicyClaimTest.ClaimControllerTest.GetAllClaims_ReturnsOk","DisplayName":"GetAllClaims_ReturnsOk","ExecutorUri":"executor://NUnit3TestExecutor","Source":"C:\\Johnny\\Celsior_Training\\Day33\\PolicyClaimWebApiSolution\\ClaimPolicyTest\\bin\\Debug\\net6.0\\fine-code-coverage\\build-output\\ClaimPolicyTest.dll","CodeFilePath":null,"LineNumber":0,"Properties":[{"Key":{"Id":"NUnit.Seed","Label":"Seed","Category":"","Description":"","Attributes":0,"ValueType":"System.String"},"Value":"552313954"}]}]}}
TpTrace Verbose: 0 : 28140, 12, 2024/10/30, 09:31:20.289, 5893816016339, vstest.console.dll, TestRunRequest:SendTestRunStatsChange: Starting.
TpTrace Verbose: 0 : 28140, 12, 2024/10/30, 09:31:20.289, 5893816017325, vstest.console.dll, InProgress is GetAllClaims_ReturnsOk
TpTrace Verbose: 0 : 28140, 12, 2024/10/30, 09:31:20.289, 5893816018491, vstest.console.dll, MulticastDelegateUtilities.SafeInvoke: TestRun.RunStatsChanged: Invoking callbacks was skipped because there are no subscribers.
TpTrace Information: 0 : 28140, 12, 2024/10/30, 09:31:20.289, 5893816019278, vstest.console.dll, TestRunRequest:SendTestRunStatsChange: Completed.
TpTrace Verbose: 0 : 28140, 4, 2024/10/30, 09:31:20.289, 5893816018925, vstest.console.dll, MulticastDelegateUtilities.SafeInvoke: InternalTestLoggerEvents.SendTestResult: Invoking callback 1/1 for Microsoft.VisualStudio.TestPlatform.CommandLine.Internal.ConsoleLogger., took 0 ms.
TpTrace Verbose: 0 : 28140, 12, 2024/10/30, 09:31:20.290, 5893816019748, vstest.console.dll, MulticastDelegateUtilities.SafeInvoke: LengthPrefixCommunicationChannel: MessageReceived: Invoking callback 1/1 for Microsoft.VisualStudio.TestPlatform.CommunicationUtilities.TestRequestSender+<>c__DisplayClass34_0., took 1 ms.
TpTrace Verbose: 0 : 28140, 12, 2024/10/30, 09:31:20.290, 5893816020808, vstest.console.dll, TcpClientExtensions.MessageLoopAsync: Polling on remoteEndPoint: 127.0.0.1:53953 localEndPoint: 127.0.0.1:53952 after 121 ms
TpTrace Verbose: 0 : 28140, 4, 2024/10/30, 09:31:20.290, 5893816023043, vstest.console.dll, MulticastDelegateUtilities.SafeInvoke: InternalTestLoggerEvents.SendTestResult: Invoking callback 1/1 for Microsoft.VisualStudio.TestPlatform.CommandLine.Internal.ConsoleLogger., took 0 ms.
TpTrace Verbose: 0 : 28140, 4, 2024/10/30, 09:31:20.290, 5893816024169, vstest.console.dll, MulticastDelegateUtilities.SafeInvoke: InternalTestLoggerEvents.SendTestResult: Invoking callback 1/1 for Microsoft.VisualStudio.TestPlatform.CommandLine.Internal.ConsoleLogger., took 0 ms.
TpTrace Verbose: 0 : 28140, 4, 2024/10/30, 09:31:20.291, 5893816031598, vstest.console.dll, MulticastDelegateUtilities.SafeInvoke: InternalTestLoggerEvents.SendTestResult: Invoking callback 1/1 for Microsoft.VisualStudio.TestPlatform.CommandLine.Internal.ConsoleLogger., took 0 ms.
TpTrace Verbose: 0 : 28140, 4, 2024/10/30, 09:31:20.291, 5893816032803, vstest.console.dll, MulticastDelegateUtilities.SafeInvoke: InternalTestLoggerEvents.SendTestResult: Invoking callback 1/1 for Microsoft.VisualStudio.TestPlatform.CommandLine.Internal.ConsoleLogger., took 0 ms.
TpTrace Verbose: 0 : 28140, 4, 2024/10/30, 09:31:20.291, 5893816035359, vstest.console.dll, MulticastDelegateUtilities.SafeInvoke: InternalTestLoggerEvents.SendTestResult: Invoking callback 1/1 for Microsoft.VisualStudio.TestPlatform.CommandLine.Internal.ConsoleLogger., took 0 ms.
TpTrace Verbose: 0 : 28140, 4, 2024/10/30, 09:31:20.291, 5893816036057, vstest.console.dll, MulticastDelegateUtilities.SafeInvoke: InternalTestLoggerEvents.SendTestResult: Invoking callback 1/1 for Microsoft.VisualStudio.TestPlatform.CommandLine.Internal.ConsoleLogger., took 0 ms.
TpTrace Verbose: 0 : 28140, 4, 2024/10/30, 09:31:20.291, 5893816036587, vstest.console.dll, MulticastDelegateUtilities.SafeInvoke: InternalTestLoggerEvents.SendTestResult: Invoking callback 1/1 for Microsoft.VisualStudio.TestPlatform.CommandLine.Internal.ConsoleLogger., took 0 ms.
TpTrace Verbose: 0 : 28140, 4, 2024/10/30, 09:31:20.291, 5893816037277, vstest.console.dll, MulticastDelegateUtilities.SafeInvoke: InternalTestLoggerEvents.SendTestResult: Invoking callback 1/1 for Microsoft.VisualStudio.TestPlatform.CommandLine.Internal.ConsoleLogger., took 0 ms.
TpTrace Verbose: 0 : 28140, 12, 2024/10/30, 09:31:20.348, 5893816605736, vstest.console.dll, TcpClientExtensions.MessageLoopAsync: NotifyDataAvailable remoteEndPoint: 127.0.0.1:53953 localEndPoint: 127.0.0.1:53952
TpTrace Verbose: 0 : 28140, 12, 2024/10/30, 09:31:20.349, 5893816611287, vstest.console.dll, TestRequestSender.OnExecutionMessageReceived: Received message: {"Version":7,"MessageType":"TestExecution.StatsChange","Payload":{"NewTestResults":[{"TestCase":{"Id":"79dd52bc-e557-a7f7-9308-d97f96298834","FullyQualifiedName":"PolicyClaimTest.ClaimControllerTest.GetAllClaims_ReturnsOk","DisplayName":"GetAllClaims_ReturnsOk","ExecutorUri":"executor://NUnit3TestExecutor","Source":"C:\\Johnny\\Celsior_Training\\Day33\\PolicyClaimWebApiSolution\\ClaimPolicyTest\\bin\\Debug\\net6.0\\fine-code-coverage\\build-output\\ClaimPolicyTest.dll","CodeFilePath":null,"LineNumber":0,"Properties":[{"Key":{"Id":"NUnit.Seed","Label":"Seed","Category":"","Description":"","Attributes":0,"ValueType":"System.String"},"Value":"552313954"}]},"Attachments":[],"Outcome":1,"ErrorMessage":null,"ErrorStackTrace":null,"DisplayName":"GetAllClaims_ReturnsOk","Messages":[],"ComputerName":"5CD413DKRZ","Duration":"00:00:00.0026319","StartTime":"2024-10-30T04:01:20.2830768+00:00","EndTime":"2024-10-30T04:01:20.2857087+00:00","Properties":[{"Key":{"Id":"NUnit.Seed","Label":"Seed","Category":"","Description":"","Attributes":0,"ValueType":"System.String"},"Value":"552313954"}]},{"TestCase":{"Id":"9bd5617c-a67a-445c-c617-909efb84d5a5","FullyQualifiedName":"PolicyClaimTest.ClaimControllerTest.UpdateClaimStatus_ValidRequest_ReturnsOk","DisplayName":"UpdateClaimStatus_ValidRequest_ReturnsOk","ExecutorUri":"executor://NUnit3TestExecutor","Source":"C:\\Johnny\\Celsior_Training\\Day33\\PolicyClaimWebApiSolution\\ClaimPolicyTest\\bin\\Debug\\net6.0\\fine-code-coverage\\build-output\\ClaimPolicyTest.dll","CodeFilePath":null,"LineNumber":0,"Properties":[{"Key":{"Id":"NUnit.Seed","Label":"Seed","Category":"","Description":"","Attributes":0,"ValueType":"System.String"},"Value":"899437018"}]},"Attachments":[],"Outcome":1,"ErrorMessage":null,"ErrorStackTrace":null,"DisplayName":"UpdateClaimStatus_ValidRequest_ReturnsOk","Messages":[],"ComputerName":"5CD413DKRZ","Duration":"00:00:00.0017440","StartTime":"2024-10-30T04:01:20.2857284+00:00","EndTime":"2024-10-30T04:01:20.2874722+00:00","Properties":[{"Key":{"Id":"NUnit.Seed","Label":"Seed","Category":"","Description":"","Attributes":0,"ValueType":"System.String"},"Value":"899437018"}]},{"TestCase":{"Id":"e6095085-cfd1-6e31-f0c4-d04e1af2310f","FullyQualifiedName":"PolicyClaimTest.ClaimFileRepositoryTest.AddClaimFile_Test","DisplayName":"AddClaimFile_Test","ExecutorUri":"executor://NUnit3TestExecutor","Source":"C:\\Johnny\\Celsior_Training\\Day33\\PolicyClaimWebApiSolution\\ClaimPolicyTest\\bin\\Debug\\net6.0\\fine-code-coverage\\build-output\\ClaimPolicyTest.dll","CodeFilePath":null,"LineNumber":0,"Properties":[{"Key":{"Id":"NUnit.Seed","Label":"Seed","Category":"","Description":"","Attributes":0,"ValueType":"System.String"},"Value":"2091586580"}]},"Attachments":[],"Outcome":1,"ErrorMessage":null,"ErrorStackTrace":null,"DisplayName":"AddClaimFile_Test","Messages":[],"ComputerName":"5CD413DKRZ","Duration":"00:00:00.0122040","StartTime":"2024-10-30T04:01:20.287584+00:00","EndTime":"2024-10-30T04:01:20.2997871+00:00","Properties":[{"Key":{"Id":"NUnit.Seed","Label":"Seed","Category":"","Description":"","Attributes":0,"ValueType":"System.String"},"Value":"2091586580"}]},{"TestCase":{"Id":"f211ad2c-2748-2520-8bf0-7bc071de3da1","FullyQualifiedName":"PolicyClaimTest.ClaimFileRepositoryTest.ClaimFileRepositoryAdd_CouldNotAddException","DisplayName":"ClaimFileRepositoryAdd_CouldNotAddException","ExecutorUri":"executor://NUnit3TestExecutor","Source":"C:\\Johnny\\Celsior_Training\\Day33\\PolicyClaimWebApiSolution\\ClaimPolicyTest\\bin\\Debug\\net6.0\\fine-code-coverage\\build-output\\ClaimPolicyTest.dll","CodeFilePath":null,"LineNumber":0,"Properties":[{"Key":{"Id":"NUnit.Seed","Label":"Seed","Category":"","Description":"","Attributes":0,"ValueType":"System.String"},"Value":"1706285490"}]},"Attachments":[],"Outcome":1,"ErrorMessage":null,"ErrorStackTrace":null,"DisplayName":"ClaimFileRepositoryAdd_CouldNotAddException","Messages":[],"ComputerName":"5CD413DKRZ","Duration":"00:00:00.0016210","StartTime":"2024-10-30T04:01:20.2998225+00:00","EndTime":"2024-10-30T04:01:20.3014425+00:00","Properties":[{"Key":{"Id":"NUnit.Seed","Label":"Seed","Category":"","Description":"","Attributes":0,"ValueType":"System.String"},"Value":"1706285490"}]},{"TestCase":{"Id":"bc2c250c-3362-c9b2-8c23-dd9bd707688e","FullyQualifiedName":"PolicyClaimTest.ClaimFileRepositoryTest.ClaimFileRepositoryGetAll_EmptyCollectionException","DisplayName":"ClaimFileRepositoryGetAll_EmptyCollectionException","ExecutorUri":"executor://NUnit3TestExecutor","Source":"C:\\Johnny\\Celsior_Training\\Day33\\PolicyClaimWebApiSolution\\ClaimPolicyTest\\bin\\Debug\\net6.0\\fine-code-coverage\\build-output\\ClaimPolicyTest.dll","CodeFilePath":null,"LineNumber":0,"Properties":[{"Key":{"Id":"NUnit.Seed","Label":"Seed","Category":"","Description":"","Attributes":0,"ValueType":"System.String"},"Value":"1231106020"}]},"Attachments":[],"Outcome":2,"ErrorMessage":"  Expected: <PolicyClaimWebApi.Exceptions.EmptyCollectionException>\r\n  But was:  null\r\n","ErrorStackTrace":"   at PolicyClaimTest.ClaimFileRepositoryTest.ClaimFileRepositoryGetAll_EmptyCollectionException() in C:\\Johnny\\Celsior_Training\\Day33\\PolicyClaimWebApiSolution\\ClaimPolicyTest\\ClaimFileRepositoryTest.cs:line 84\r\n   at NUnit.Framework.Internal.TaskAwaitAdapter.GenericAdapter`1.GetResult()\r\n   at NUnit.Framework.Internal.AsyncToSyncAdapter.Await(Func`1 invoke)\r\n   at NUnit.Framework.Internal.Commands.TestMethodCommand.RunTestMethod(TestExecutionContext context)\r\n   at NUnit.Framework.Internal.Commands.TestMethodCommand.Execute(TestExecutionContext context)\r\n   at NUnit.Framework.Internal.Commands.BeforeAndAfterTestCommand.<>c__DisplayClass1_0.<Execute>b__0()\r\n   at NUnit.Framework.Internal.Commands.DelegatingTestCommand.RunTestMethodInThreadAbortSafeZone(TestExecutionContext context, Action action)\r\n\n1)    at PolicyClaimTest.ClaimFileRepositoryTest.ClaimFileRepositoryGetAll_EmptyCollectionException() in C:\\Johnny\\Celsior_Training\\Day33\\PolicyClaimWebApiSolution\\ClaimPolicyTest\\ClaimFileRepositoryTest.cs:line 84\r\n   at System.Runtime.CompilerServices.AsyncMethodBuilderCore.Start[TStateMachine](TStateMachine& stateMachine)\r\n   at PolicyClaimTest.ClaimFileRepositoryTest.ClaimFileRepositoryGetAll_EmptyCollectionException()\r\n\n","DisplayName":"ClaimFileRepositoryGetAll_EmptyCollectionException","Messages":[],"ComputerName":"5CD413DKRZ","Duration":"00:00:00.0085530","StartTime":"2024-10-30T04:01:20.3014671+00:00","EndTime":"2024-10-30T04:01:20.3100196+00:00","Properties":[{"Key":{"Id":"NUnit.Seed","Label":"Seed","Category":"","Description":"","Attributes":0,"ValueType":"System.String"},"Value":"1231106020"}]},{"TestCase":{"Id":"3553f2d0-820b-0be8-3616-306d35437703","FullyQualifiedName":"PolicyClaimTest.ClaimFileRepositoryTest.GetClaimFile_Test","DisplayName":"GetClaimFile_Test","ExecutorUri":"executor://NUnit3TestExecutor","Source":"C:\\Johnny\\Celsior_Training\\Day33\\PolicyClaimWebApiSolution\\ClaimPolicyTest\\bin\\Debug\\net6.0\\fine-code-coverage\\build-output\\ClaimPolicyTest.dll","CodeFilePath":null,"LineNumber":0,"Properties":[{"Key":{"Id":"NUnit.Seed","Label":"Seed","Category":"","Description":"","Attributes":0,"ValueType":"System.String"},"Value":"209060447"}]},"Attachments":[],"Outcome":1,"ErrorMessage":null,"ErrorStackTrace":null,"DisplayName":"GetClaimFile_Test","Messages":[],"ComputerName":"5CD413DKRZ","Duration":"00:00:00.0013150","StartTime":"2024-10-30T04:01:20.3100544+00:00","EndTime":"2024-10-30T04:01:20.3113692+00:00","Properties":[{"Key":{"Id":"NUnit.Seed","Label":"Seed","Category":"","Description":"","Attributes":0,"ValueType":"System.String"},"Value":"209060447"}]},{"TestCase":{"Id":"bdfc4a69-b531-9cec-9aa5-6d67886fefe8","FullyQualifiedName":"PolicyClaimTest.ClaimRepositoryTest.AddClaim_Test","DisplayName":"AddClaim_Test","ExecutorUri":"executor://NUnit3TestExecutor","Source":"C:\\Johnny\\Celsior_Training\\Day33\\PolicyClaimWebApiSolution\\ClaimPolicyTest\\bin\\Debug\\net6.0\\fine-code-coverage\\build-output\\ClaimPolicyTest.dll","CodeFilePath":null,"LineNumber":0,"Properties":[{"Key":{"Id":"NUnit.Seed","Label":"Seed","Category":"","Description":"","Attributes":0,"ValueType":"System.String"},"Value":"1341509843"}]},"Attachments":[],"Outcome":1,"ErrorMessage":null,"ErrorStackTrace":null,"DisplayName":"AddClaim_Test","Messages":[],"ComputerName":"5CD413DKRZ","Duration":"00:00:00.0191120","StartTime":"2024-10-30T04:01:20.3115293+00:00","EndTime":"2024-10-30T04:01:20.3306412+00:00","Properties":[{"Key":{"Id":"NUnit.Seed","Label":"Seed","Category":"","Description":"","Attributes":0,"ValueType":"System.String"},"Value":"1341509843"}]},{"TestCase":{"Id":"22d25c55-c140-96d4-57e7-614bf3a7a440","FullyQualifiedName":"PolicyClaimTest.ClaimRepositoryTest.ClaimRepositoryAdd_CouldNotAddException","DisplayName":"ClaimRepositoryAdd_CouldNotAddException","ExecutorUri":"executor://NUnit3TestExecutor","Source":"C:\\Johnny\\Celsior_Training\\Day33\\PolicyClaimWebApiSolution\\ClaimPolicyTest\\bin\\Debug\\net6.0\\fine-code-coverage\\build-output\\ClaimPolicyTest.dll","CodeFilePath":null,"LineNumber":0,"Properties":[{"Key":{"Id":"NUnit.Seed","Label":"Seed","Category":"","Description":"","Attributes":0,"ValueType":"System.String"},"Value":"1494866908"}]},"Attachments":[],"Outcome":1,"ErrorMessage":null,"ErrorStackTrace":null,"DisplayName":"ClaimRepositoryAdd_CouldNotAddException","Messages":[],"ComputerName":"5CD413DKRZ","Duration":"00:00:00.0028540","StartTime":"2024-10-30T04:01:20.330675+00:00","EndTime":"2024-10-30T04:01:20.3335286+00:00","Properties":[{"Key":{"Id":"NUnit.Seed","Label":"Seed","Category":"","Description":"","Attributes":0,"ValueType":"System.String"},"Value":"1494866908"}]},{"TestCase":{"Id":"9a37bbc5-6aa0-5c08-d65d-1c7192548441","FullyQualifiedName":"PolicyClaimTest.ClaimRepositoryTest.ClaimRepositoryGetAll_EmptyCollectionException","DisplayName":"ClaimRepositoryGetAll_EmptyCollectionException","ExecutorUri":"executor://NUnit3TestExecutor","Source":"C:\\Johnny\\Celsior_Training\\Day33\\PolicyClaimWebApiSolution\\ClaimPolicyTest\\bin\\Debug\\net6.0\\fine-code-coverage\\build-output\\ClaimPolicyTest.dll","CodeFilePath":null,"LineNumber":0,"Properties":[{"Key":{"Id":"NUnit.Seed","Label":"Seed","Category":"","Description":"","Attributes":0,"ValueType":"System.String"},"Value":"361132088"}]},"Attachments":[],"Outcome":2,"ErrorMessage":"  Expected: <PolicyClaimWebApi.Exceptions.EmptyCollectionException>\r\n  But was:  null\r\n","ErrorStackTrace":"   at PolicyClaimTest.ClaimRepositoryTest.ClaimRepositoryGetAll_EmptyCollectionException() in C:\\Johnny\\Celsior_Training\\Day33\\PolicyClaimWebApiSolution\\ClaimPolicyTest\\ClaimRepositoryTest.cs:line 90\r\n   at NUnit.Framework.Internal.TaskAwaitAdapter.GenericAdapter`1.GetResult()\r\n   at NUnit.Framework.Internal.AsyncToSyncAdapter.Await(Func`1 invoke)\r\n   at NUnit.Framework.Internal.Commands.TestMethodCommand.RunTestMethod(TestExecutionContext context)\r\n   at NUnit.Framework.Internal.Commands.TestMethodCommand.Execute(TestExecutionContext context)\r\n   at NUnit.Framework.Internal.Commands.BeforeAndAfterTestCommand.<>c__DisplayClass1_0.<Execute>b__0()\r\n   at NUnit.Framework.Internal.Commands.DelegatingTestCommand.RunTestMethodInThreadAbortSafeZone(TestExecutionContext context, Action action)\r\n\n1)    at PolicyClaimTest.ClaimRepositoryTest.ClaimRepositoryGetAll_EmptyCollectionException() in C:\\Johnny\\Celsior_Training\\Day33\\PolicyClaimWebApiSolution\\ClaimPolicyTest\\ClaimRepositoryTest.cs:line 90\r\n   at System.Runtime.CompilerServices.AsyncMethodBuilderCore.Start[TStateMachine](TStateMachine& stateMachine)\r\n   at PolicyClaimTest.ClaimRepositoryTest.ClaimRepositoryGetAll_EmptyCollectionException()\r\n\n","DisplayName":"ClaimRepositoryGetAll_EmptyCollectionException","Messages":[],"ComputerName":"5CD413DKRZ","Duration":"00:00:00.0111850","StartTime":"2024-10-30T04:01:20.333549+00:00","EndTime":"2024-10-30T04:01:20.3447332+00:00","Properties":[{"Key":{"Id":"NUnit.Seed","Label":"Seed","Category":"","Description":"","Attributes":0,"ValueType":"System.String"},"Value":"361132088"}]}],"TestRunStatistics":{"ExecutedTests":21,"Stats":{"Passed":15,"Failed":6}},"ActiveTests":[{"Id":"40f297d2-92e5-09cd-2a49-cdf79ffcafdc","FullyQualifiedName":"PolicyClaimTest.ClaimRepositoryTest.GetClaim_Test","DisplayName":"GetClaim_Test","ExecutorUri":"executor://NUnit3TestExecutor","Source":"C:\\Johnny\\Celsior_Training\\Day33\\PolicyClaimWebApiSolution\\ClaimPolicyTest\\bin\\Debug\\net6.0\\fine-code-coverage\\build-output\\ClaimPolicyTest.dll","CodeFilePath":null,"LineNumber":0,"Properties":[{"Key":{"Id":"NUnit.Seed","Label":"Seed","Category":"","Description":"","Attributes":0,"ValueType":"System.String"},"Value":"2045129979"}]}]}}
TpTrace Verbose: 0 : 28140, 12, 2024/10/30, 09:31:20.352, 5893816642047, vstest.console.dll, TestRunRequest:SendTestRunStatsChange: Starting.
TpTrace Verbose: 0 : 28140, 12, 2024/10/30, 09:31:20.352, 5893816643881, vstest.console.dll, InProgress is GetClaim_Test
TpTrace Verbose: 0 : 28140, 4, 2024/10/30, 09:31:20.352, 5893816646905, vstest.console.dll, MulticastDelegateUtilities.SafeInvoke: InternalTestLoggerEvents.SendTestResult: Invoking callback 1/1 for Microsoft.VisualStudio.TestPlatform.CommandLine.Internal.ConsoleLogger., took 0 ms.
TpTrace Verbose: 0 : 28140, 12, 2024/10/30, 09:31:20.352, 5893816647045, vstest.console.dll, MulticastDelegateUtilities.SafeInvoke: TestRun.RunStatsChanged: Invoking callbacks was skipped because there are no subscribers.
TpTrace Information: 0 : 28140, 12, 2024/10/30, 09:31:20.353, 5893816650158, vstest.console.dll, TestRunRequest:SendTestRunStatsChange: Completed.
TpTrace Verbose: 0 : 28140, 12, 2024/10/30, 09:31:20.353, 5893816651384, vstest.console.dll, MulticastDelegateUtilities.SafeInvoke: LengthPrefixCommunicationChannel: MessageReceived: Invoking callback 1/1 for Microsoft.VisualStudio.TestPlatform.CommunicationUtilities.TestRequestSender+<>c__DisplayClass34_0., took 4 ms.
TpTrace Verbose: 0 : 28140, 12, 2024/10/30, 09:31:20.353, 5893816652534, vstest.console.dll, TcpClientExtensions.MessageLoopAsync: Polling on remoteEndPoint: 127.0.0.1:53953 localEndPoint: 127.0.0.1:53952 after 63 ms
TpTrace Verbose: 0 : 28140, 4, 2024/10/30, 09:31:20.354, 5893816665686, vstest.console.dll, MulticastDelegateUtilities.SafeInvoke: InternalTestLoggerEvents.SendTestResult: Invoking callback 1/1 for Microsoft.VisualStudio.TestPlatform.CommandLine.Internal.ConsoleLogger., took 1 ms.
TpTrace Verbose: 0 : 28140, 4, 2024/10/30, 09:31:20.354, 5893816667823, vstest.console.dll, MulticastDelegateUtilities.SafeInvoke: InternalTestLoggerEvents.SendTestResult: Invoking callback 1/1 for Microsoft.VisualStudio.TestPlatform.CommandLine.Internal.ConsoleLogger., took 0 ms.
TpTrace Verbose: 0 : 28140, 4, 2024/10/30, 09:31:20.354, 5893816668943, vstest.console.dll, MulticastDelegateUtilities.SafeInvoke: InternalTestLoggerEvents.SendTestResult: Invoking callback 1/1 for Microsoft.VisualStudio.TestPlatform.CommandLine.Internal.ConsoleLogger., took 0 ms.
TpTrace Verbose: 0 : 28140, 4, 2024/10/30, 09:31:20.355, 5893816674386, vstest.console.dll, MulticastDelegateUtilities.SafeInvoke: InternalTestLoggerEvents.SendTestResult: Invoking callback 1/1 for Microsoft.VisualStudio.TestPlatform.CommandLine.Internal.ConsoleLogger., took 0 ms.
TpTrace Verbose: 0 : 28140, 4, 2024/10/30, 09:31:20.355, 5893816676072, vstest.console.dll, MulticastDelegateUtilities.SafeInvoke: InternalTestLoggerEvents.SendTestResult: Invoking callback 1/1 for Microsoft.VisualStudio.TestPlatform.CommandLine.Internal.ConsoleLogger., took 0 ms.
TpTrace Verbose: 0 : 28140, 4, 2024/10/30, 09:31:20.355, 5893816677849, vstest.console.dll, MulticastDelegateUtilities.SafeInvoke: InternalTestLoggerEvents.SendTestResult: Invoking callback 1/1 for Microsoft.VisualStudio.TestPlatform.CommandLine.Internal.ConsoleLogger., took 0 ms.
TpTrace Verbose: 0 : 28140, 4, 2024/10/30, 09:31:20.355, 5893816678710, vstest.console.dll, MulticastDelegateUtilities.SafeInvoke: InternalTestLoggerEvents.SendTestResult: Invoking callback 1/1 for Microsoft.VisualStudio.TestPlatform.CommandLine.Internal.ConsoleLogger., took 0 ms.
TpTrace Verbose: 0 : 28140, 4, 2024/10/30, 09:31:20.356, 5893816682399, vstest.console.dll, MulticastDelegateUtilities.SafeInvoke: InternalTestLoggerEvents.SendTestResult: Invoking callback 1/1 for Microsoft.VisualStudio.TestPlatform.CommandLine.Internal.ConsoleLogger., took 0 ms.
TpTrace Verbose: 0 : 28140, 12, 2024/10/30, 09:31:20.427, 5893817394657, vstest.console.dll, TcpClientExtensions.MessageLoopAsync: NotifyDataAvailable remoteEndPoint: 127.0.0.1:53953 localEndPoint: 127.0.0.1:53952
TpTrace Verbose: 0 : 28140, 12, 2024/10/30, 09:31:20.433, 5893817453633, vstest.console.dll, TestRequestSender.OnExecutionMessageReceived: Received message: {"Version":7,"MessageType":"TestExecution.StatsChange","Payload":{"NewTestResults":[{"TestCase":{"Id":"40f297d2-92e5-09cd-2a49-cdf79ffcafdc","FullyQualifiedName":"PolicyClaimTest.ClaimRepositoryTest.GetClaim_Test","DisplayName":"GetClaim_Test","ExecutorUri":"executor://NUnit3TestExecutor","Source":"C:\\Johnny\\Celsior_Training\\Day33\\PolicyClaimWebApiSolution\\ClaimPolicyTest\\bin\\Debug\\net6.0\\fine-code-coverage\\build-output\\ClaimPolicyTest.dll","CodeFilePath":null,"LineNumber":0,"Properties":[{"Key":{"Id":"NUnit.Seed","Label":"Seed","Category":"","Description":"","Attributes":0,"ValueType":"System.String"},"Value":"2045129979"}]},"Attachments":[],"Outcome":1,"ErrorMessage":null,"ErrorStackTrace":null,"DisplayName":"GetClaim_Test","Messages":[],"ComputerName":"5CD413DKRZ","Duration":"00:00:00.0024170","StartTime":"2024-10-30T04:01:20.344788+00:00","EndTime":"2024-10-30T04:01:20.3472045+00:00","Properties":[{"Key":{"Id":"NUnit.Seed","Label":"Seed","Category":"","Description":"","Attributes":0,"ValueType":"System.String"},"Value":"2045129979"}]},{"TestCase":{"Id":"646d8dd1-0f31-5104-8815-f56112cf2395","FullyQualifiedName":"PolicyClaimTest.ClaimServiceTest.ClaimCreate_Test","DisplayName":"ClaimCreate_Test","ExecutorUri":"executor://NUnit3TestExecutor","Source":"C:\\Johnny\\Celsior_Training\\Day33\\PolicyClaimWebApiSolution\\ClaimPolicyTest\\bin\\Debug\\net6.0\\fine-code-coverage\\build-output\\ClaimPolicyTest.dll","CodeFilePath":null,"LineNumber":0,"Properties":[{"Key":{"Id":"NUnit.Seed","Label":"Seed","Category":"","Description":"","Attributes":0,"ValueType":"System.String"},"Value":"1705139449"}]},"Attachments":[],"Outcome":1,"ErrorMessage":null,"ErrorStackTrace":null,"DisplayName":"ClaimCreate_Test","Messages":[],"ComputerName":"5CD413DKRZ","Duration":"00:00:00.0218560","StartTime":"2024-10-30T04:01:20.3476477+00:00","EndTime":"2024-10-30T04:01:20.3695034+00:00","Properties":[{"Key":{"Id":"NUnit.Seed","Label":"Seed","Category":"","Description":"","Attributes":0,"ValueType":"System.String"},"Value":"1705139449"}]},{"TestCase":{"Id":"b6b23056-1114-a39b-71f4-87022de13a08","FullyQualifiedName":"PolicyClaimTest.ClaimServiceTest.ClaimGet_Test","DisplayName":"ClaimGet_Test","ExecutorUri":"executor://NUnit3TestExecutor","Source":"C:\\Johnny\\Celsior_Training\\Day33\\PolicyClaimWebApiSolution\\ClaimPolicyTest\\bin\\Debug\\net6.0\\fine-code-coverage\\build-output\\ClaimPolicyTest.dll","CodeFilePath":null,"LineNumber":0,"Properties":[{"Key":{"Id":"NUnit.Seed","Label":"Seed","Category":"","Description":"","Attributes":0,"ValueType":"System.String"},"Value":"1100759914"}]},"Attachments":[],"Outcome":1,"ErrorMessage":null,"ErrorStackTrace":null,"DisplayName":"ClaimGet_Test","Messages":[],"ComputerName":"5CD413DKRZ","Duration":"00:00:00.0020230","StartTime":"2024-10-30T04:01:20.3695446+00:00","EndTime":"2024-10-30T04:01:20.3715668+00:00","Properties":[{"Key":{"Id":"NUnit.Seed","Label":"Seed","Category":"","Description":"","Attributes":0,"ValueType":"System.String"},"Value":"1100759914"}]},{"TestCase":{"Id":"acbbc730-9ff2-afae-0867-fa1b8c1e5478","FullyQualifiedName":"PolicyClaimTest.ClaimTypeControllerTesting.claimTypeController_StatusCode200_Test","DisplayName":"claimTypeController_StatusCode200_Test","ExecutorUri":"executor://NUnit3TestExecutor","Source":"C:\\Johnny\\Celsior_Training\\Day33\\PolicyClaimWebApiSolution\\ClaimPolicyTest\\bin\\Debug\\net6.0\\fine-code-coverage\\build-output\\ClaimPolicyTest.dll","CodeFilePath":null,"LineNumber":0,"Properties":[{"Key":{"Id":"NUnit.Seed","Label":"Seed","Category":"","Description":"","Attributes":0,"ValueType":"System.String"},"Value":"457813204"}]},"Attachments":[],"Outcome":1,"ErrorMessage":null,"ErrorStackTrace":null,"DisplayName":"claimTypeController_StatusCode200_Test","Messages":[],"ComputerName":"5CD413DKRZ","Duration":"00:00:00.0233950","StartTime":"2024-10-30T04:01:20.3717317+00:00","EndTime":"2024-10-30T04:01:20.3951258+00:00","Properties":[{"Key":{"Id":"NUnit.Seed","Label":"Seed","Category":"","Description":"","Attributes":0,"ValueType":"System.String"},"Value":"457813204"}]},{"TestCase":{"Id":"bb4b2f1f-ed71-b511-b32b-060d38629cc7","FullyQualifiedName":"PolicyClaimTest.ClaimTypeControllerTesting.Validate_Fail_Exception_ClaimType","DisplayName":"Validate_Fail_Exception_ClaimType","ExecutorUri":"executor://NUnit3TestExecutor","Source":"C:\\Johnny\\Celsior_Training\\Day33\\PolicyClaimWebApiSolution\\ClaimPolicyTest\\bin\\Debug\\net6.0\\fine-code-coverage\\build-output\\ClaimPolicyTest.dll","CodeFilePath":null,"LineNumber":0,"Properties":[{"Key":{"Id":"NUnit.Seed","Label":"Seed","Category":"","Description":"","Attributes":0,"ValueType":"System.String"},"Value":"436074111"}]},"Attachments":[],"Outcome":1,"ErrorMessage":null,"ErrorStackTrace":null,"DisplayName":"Validate_Fail_Exception_ClaimType","Messages":[],"ComputerName":"5CD413DKRZ","Duration":"00:00:00.0033070","StartTime":"2024-10-30T04:01:20.3951687+00:00","EndTime":"2024-10-30T04:01:20.3984754+00:00","Properties":[{"Key":{"Id":"NUnit.Seed","Label":"Seed","Category":"","Description":"","Attributes":0,"ValueType":"System.String"},"Value":"436074111"}]},{"TestCase":{"Id":"0730af79-82a8-d610-065f-4d66f4fc1c86","FullyQualifiedName":"PolicyClaimTest.ClaimTypeRepositoryTesting.AddClaimType_Test","DisplayName":"AddClaimType_Test","ExecutorUri":"executor://NUnit3TestExecutor","Source":"C:\\Johnny\\Celsior_Training\\Day33\\PolicyClaimWebApiSolution\\ClaimPolicyTest\\bin\\Debug\\net6.0\\fine-code-coverage\\build-output\\ClaimPolicyTest.dll","CodeFilePath":null,"LineNumber":0,"Properties":[{"Key":{"Id":"NUnit.Seed","Label":"Seed","Category":"","Description":"","Attributes":0,"ValueType":"System.String"},"Value":"1454449166"}]},"Attachments":[],"Outcome":2,"ErrorMessage":"PolicyClaimWebApi.Exceptions.CouldNotAddException : Fail to add ClaimType","ErrorStackTrace":"   at PolicyClaimWebApi.Repositories.ClaimTypeRepository.Add(ClaimType entity) in C:\\Johnny\\Celsior_Training\\Day33\\PolicyClaimWebApiSolution\\PolicyClaimWebApi\\Repositories\\ClaimTypeRepository.cs:line 26\r\n   at PolicyClaimTest.ClaimTypeRepositoryTesting.AddClaimType_Test() in C:\\Johnny\\Celsior_Training\\Day33\\PolicyClaimWebApiSolution\\ClaimPolicyTest\\ClaimTypeRepositoryTesting.cs:line 42\r\n   at NUnit.Framework.Internal.TaskAwaitAdapter.GenericAdapter`1.GetResult()\r\n   at NUnit.Framework.Internal.AsyncToSyncAdapter.Await(Func`1 invoke)\r\n   at NUnit.Framework.Internal.Commands.TestMethodCommand.RunTestMethod(TestExecutionContext context)\r\n   at NUnit.Framework.Internal.Commands.TestMethodCommand.Execute(TestExecutionContext context)\r\n   at NUnit.Framework.Internal.Commands.BeforeAndAfterTestCommand.<>c__DisplayClass1_0.<Execute>b__0()\r\n   at NUnit.Framework.Internal.Commands.DelegatingTestCommand.RunTestMethodInThreadAbortSafeZone(TestExecutionContext context, Action action)\n","DisplayName":"AddClaimType_Test","Messages":[],"ComputerName":"5CD413DKRZ","Duration":"00:00:00.0152710","StartTime":"2024-10-30T04:01:20.3986731+00:00","EndTime":"2024-10-30T04:01:20.4139435+00:00","Properties":[{"Key":{"Id":"NUnit.Seed","Label":"Seed","Category":"","Description":"","Attributes":0,"ValueType":"System.String"},"Value":"1454449166"}]},{"TestCase":{"Id":"1d61c4f7-c1f0-aeca-9cfe-96bc60dd36ef","FullyQualifiedName":"PolicyClaimTest.ClaimTypeRepositoryTesting.ClaimTypeRepositoryAdd_CouldNotAddException","DisplayName":"ClaimTypeRepositoryAdd_CouldNotAddException","ExecutorUri":"executor://NUnit3TestExecutor","Source":"C:\\Johnny\\Celsior_Training\\Day33\\PolicyClaimWebApiSolution\\ClaimPolicyTest\\bin\\Debug\\net6.0\\fine-code-coverage\\build-output\\ClaimPolicyTest.dll","CodeFilePath":null,"LineNumber":0,"Properties":[{"Key":{"Id":"NUnit.Seed","Label":"Seed","Category":"","Description":"","Attributes":0,"ValueType":"System.String"},"Value":"2105903286"}]},"Attachments":[],"Outcome":1,"ErrorMessage":null,"ErrorStackTrace":null,"DisplayName":"ClaimTypeRepositoryAdd_CouldNotAddException","Messages":[],"ComputerName":"5CD413DKRZ","Duration":"00:00:00.0020890","StartTime":"2024-10-30T04:01:20.4139743+00:00","EndTime":"2024-10-30T04:01:20.4160636+00:00","Properties":[{"Key":{"Id":"NUnit.Seed","Label":"Seed","Category":"","Description":"","Attributes":0,"ValueType":"System.String"},"Value":"2105903286"}]},{"TestCase":{"Id":"791eeea4-6628-394c-0e27-92b778d9ca0c","FullyQualifiedName":"PolicyClaimTest.ClaimTypeRepositoryTesting.ClaimTypeRepositoryGetAll_EmptyCollectionException","DisplayName":"ClaimTypeRepositoryGetAll_EmptyCollectionException","ExecutorUri":"executor://NUnit3TestExecutor","Source":"C:\\Johnny\\Celsior_Training\\Day33\\PolicyClaimWebApiSolution\\ClaimPolicyTest\\bin\\Debug\\net6.0\\fine-code-coverage\\build-output\\ClaimPolicyTest.dll","CodeFilePath":null,"LineNumber":0,"Properties":[{"Key":{"Id":"NUnit.Seed","Label":"Seed","Category":"","Description":"","Attributes":0,"ValueType":"System.String"},"Value":"1385978785"}]},"Attachments":[],"Outcome":2,"ErrorMessage":"  Expected: <PolicyClaimWebApi.Exceptions.EmptyCollectionException>\r\n  But was:  null\r\n","ErrorStackTrace":"   at PolicyClaimTest.ClaimTypeRepositoryTesting.ClaimTypeRepositoryGetAll_EmptyCollectionException() in C:\\Johnny\\Celsior_Training\\Day33\\PolicyClaimWebApiSolution\\ClaimPolicyTest\\ClaimTypeRepositoryTesting.cs:line 88\r\n   at NUnit.Framework.Internal.TaskAwaitAdapter.GenericAdapter`1.GetResult()\r\n   at NUnit.Framework.Internal.AsyncToSyncAdapter.Await(Func`1 invoke)\r\n   at NUnit.Framework.Internal.Commands.TestMethodCommand.RunTestMethod(TestExecutionContext context)\r\n   at NUnit.Framework.Internal.Commands.TestMethodCommand.Execute(TestExecutionContext context)\r\n   at NUnit.Framework.Internal.Commands.BeforeAndAfterTestCommand.<>c__DisplayClass1_0.<Execute>b__0()\r\n   at NUnit.Framework.Internal.Commands.DelegatingTestCommand.RunTestMethodInThreadAbortSafeZone(TestExecutionContext context, Action action)\r\n\n1)    at PolicyClaimTest.ClaimTypeRepositoryTesting.ClaimTypeRepositoryGetAll_EmptyCollectionException() in C:\\Johnny\\Celsior_Training\\Day33\\PolicyClaimWebApiSolution\\ClaimPolicyTest\\ClaimTypeRepositoryTesting.cs:line 88\r\n   at System.Runtime.CompilerServices.AsyncMethodBuilderCore.Start[TStateMachine](TStateMachine& stateMachine)\r\n   at PolicyClaimTest.ClaimTypeRepositoryTesting.ClaimTypeRepositoryGetAll_EmptyCollectionException()\r\n\n","DisplayName":"ClaimTypeRepositoryGetAll_EmptyCollectionException","Messages":[],"ComputerName":"5CD413DKRZ","Duration":"00:00:00.0068330","StartTime":"2024-10-30T04:01:20.4160834+00:00","EndTime":"2024-10-30T04:01:20.4229161+00:00","Properties":[{"Key":{"Id":"NUnit.Seed","Label":"Seed","Category":"","Description":"","Attributes":0,"ValueType":"System.String"},"Value":"1385978785"}]},{"TestCase":{"Id":"18163466-6692-7660-375e-b80a369f73a2","FullyQualifiedName":"PolicyClaimTest.ClaimTypeRepositoryTesting.GetClaimType_Test","DisplayName":"GetClaimType_Test","ExecutorUri":"executor://NUnit3TestExecutor","Source":"C:\\Johnny\\Celsior_Training\\Day33\\PolicyClaimWebApiSolution\\ClaimPolicyTest\\bin\\Debug\\net6.0\\fine-code-coverage\\build-output\\ClaimPolicyTest.dll","CodeFilePath":null,"LineNumber":0,"Properties":[{"Key":{"Id":"NUnit.Seed","Label":"Seed","Category":"","Description":"","Attributes":0,"ValueType":"System.String"},"Value":"1892149897"}]},"Attachments":[],"Outcome":2,"ErrorMessage":"PolicyClaimWebApi.Exceptions.CouldNotAddException : Fail to add ClaimType","ErrorStackTrace":"   at PolicyClaimWebApi.Repositories.ClaimTypeRepository.Add(ClaimType entity) in C:\\Johnny\\Celsior_Training\\Day33\\PolicyClaimWebApiSolution\\PolicyClaimWebApi\\Repositories\\ClaimTypeRepository.cs:line 26\r\n   at PolicyClaimTest.ClaimTypeRepositoryTesting.GetClaimType_Test() in C:\\Johnny\\Celsior_Training\\Day33\\PolicyClaimWebApiSolution\\ClaimPolicyTest\\ClaimTypeRepositoryTesting.cs:line 60\r\n   at NUnit.Framework.Internal.TaskAwaitAdapter.GenericAdapter`1.GetResult()\r\n   at NUnit.Framework.Internal.AsyncToSyncAdapter.Await(Func`1 invoke)\r\n   at NUnit.Framework.Internal.Commands.TestMethodCommand.RunTestMethod(TestExecutionContext context)\r\n   at NUnit.Framework.Internal.Commands.TestMethodCommand.Execute(TestExecutionContext context)\r\n   at NUnit.Framework.Internal.Commands.BeforeAndAfterTestCommand.<>c__DisplayClass1_0.<Execute>b__0()\r\n   at NUnit.Framework.Internal.Commands.DelegatingTestCommand.RunTestMethodInThreadAbortSafeZone(TestExecutionContext context, Action action)\n","DisplayName":"GetClaimType_Test","Messages":[],"ComputerName":"5CD413DKRZ","Duration":"00:00:00.0012100","StartTime":"2024-10-30T04:01:20.4229454+00:00","EndTime":"2024-10-30T04:01:20.4241547+00:00","Properties":[{"Key":{"Id":"NUnit.Seed","Label":"Seed","Category":"","Description":"","Attributes":0,"ValueType":"System.String"},"Value":"1892149897"}]}],"TestRunStatistics":{"ExecutedTests":30,"Stats":{"Passed":21,"Failed":9}},"ActiveTests":[{"Id":"b540781a-d0bb-3cd3-600e-439e7defc327","FullyQualifiedName":"PolicyClaimTest.ClaimTypeServiceTest.ClaimTypeCreate_Test","DisplayName":"ClaimTypeCreate_Test","ExecutorUri":"executor://NUnit3TestExecutor","Source":"C:\\Johnny\\Celsior_Training\\Day33\\PolicyClaimWebApiSolution\\ClaimPolicyTest\\bin\\Debug\\net6.0\\fine-code-coverage\\build-output\\ClaimPolicyTest.dll","CodeFilePath":null,"LineNumber":0,"Properties":[{"Key":{"Id":"NUnit.Seed","Label":"Seed","Category":"","Description":"","Attributes":0,"ValueType":"System.String"},"Value":"1278477619"}]}]}}
TpTrace Verbose: 0 : 28140, 12, 2024/10/30, 09:31:20.434, 5893817464001, vstest.console.dll, TestRunRequest:SendTestRunStatsChange: Starting.
TpTrace Verbose: 0 : 28140, 12, 2024/10/30, 09:31:20.434, 5893817464725, vstest.console.dll, InProgress is ClaimTypeCreate_Test
TpTrace Verbose: 0 : 28140, 12, 2024/10/30, 09:31:20.434, 5893817465439, vstest.console.dll, MulticastDelegateUtilities.SafeInvoke: TestRun.RunStatsChanged: Invoking callbacks was skipped because there are no subscribers.
TpTrace Information: 0 : 28140, 12, 2024/10/30, 09:31:20.434, 5893817465794, vstest.console.dll, TestRunRequest:SendTestRunStatsChange: Completed.
TpTrace Verbose: 0 : 28140, 12, 2024/10/30, 09:31:20.434, 5893817466186, vstest.console.dll, MulticastDelegateUtilities.SafeInvoke: LengthPrefixCommunicationChannel: MessageReceived: Invoking callback 1/1 for Microsoft.VisualStudio.TestPlatform.CommunicationUtilities.TestRequestSender+<>c__DisplayClass34_0., took 1 ms.
TpTrace Verbose: 0 : 28140, 4, 2024/10/30, 09:31:20.434, 5893817466234, vstest.console.dll, MulticastDelegateUtilities.SafeInvoke: InternalTestLoggerEvents.SendTestResult: Invoking callback 1/1 for Microsoft.VisualStudio.TestPlatform.CommandLine.Internal.ConsoleLogger., took 0 ms.
TpTrace Verbose: 0 : 28140, 12, 2024/10/30, 09:31:20.434, 5893817466715, vstest.console.dll, TcpClientExtensions.MessageLoopAsync: Polling on remoteEndPoint: 127.0.0.1:53953 localEndPoint: 127.0.0.1:53952 after 81 ms
TpTrace Verbose: 0 : 28140, 4, 2024/10/30, 09:31:20.434, 5893817467867, vstest.console.dll, MulticastDelegateUtilities.SafeInvoke: InternalTestLoggerEvents.SendTestResult: Invoking callback 1/1 for Microsoft.VisualStudio.TestPlatform.CommandLine.Internal.ConsoleLogger., took 0 ms.
TpTrace Verbose: 0 : 28140, 4, 2024/10/30, 09:31:20.435, 5893817470057, vstest.console.dll, MulticastDelegateUtilities.SafeInvoke: InternalTestLoggerEvents.SendTestResult: Invoking callback 1/1 for Microsoft.VisualStudio.TestPlatform.CommandLine.Internal.ConsoleLogger., took 0 ms.
TpTrace Verbose: 0 : 28140, 4, 2024/10/30, 09:31:20.435, 5893817471800, vstest.console.dll, MulticastDelegateUtilities.SafeInvoke: InternalTestLoggerEvents.SendTestResult: Invoking callback 1/1 for Microsoft.VisualStudio.TestPlatform.CommandLine.Internal.ConsoleLogger., took 0 ms.
TpTrace Verbose: 0 : 28140, 4, 2024/10/30, 09:31:20.435, 5893817472536, vstest.console.dll, MulticastDelegateUtilities.SafeInvoke: InternalTestLoggerEvents.SendTestResult: Invoking callback 1/1 for Microsoft.VisualStudio.TestPlatform.CommandLine.Internal.ConsoleLogger., took 0 ms.
TpTrace Verbose: 0 : 28140, 4, 2024/10/30, 09:31:20.435, 5893817475322, vstest.console.dll, MulticastDelegateUtilities.SafeInvoke: InternalTestLoggerEvents.SendTestResult: Invoking callback 1/1 for Microsoft.VisualStudio.TestPlatform.CommandLine.Internal.ConsoleLogger., took 0 ms.
TpTrace Verbose: 0 : 28140, 4, 2024/10/30, 09:31:20.435, 5893817476161, vstest.console.dll, MulticastDelegateUtilities.SafeInvoke: InternalTestLoggerEvents.SendTestResult: Invoking callback 1/1 for Microsoft.VisualStudio.TestPlatform.CommandLine.Internal.ConsoleLogger., took 0 ms.
TpTrace Verbose: 0 : 28140, 4, 2024/10/30, 09:31:20.435, 5893817478828, vstest.console.dll, MulticastDelegateUtilities.SafeInvoke: InternalTestLoggerEvents.SendTestResult: Invoking callback 1/1 for Microsoft.VisualStudio.TestPlatform.CommandLine.Internal.ConsoleLogger., took 0 ms.
TpTrace Verbose: 0 : 28140, 4, 2024/10/30, 09:31:20.436, 5893817481631, vstest.console.dll, MulticastDelegateUtilities.SafeInvoke: InternalTestLoggerEvents.SendTestResult: Invoking callback 1/1 for Microsoft.VisualStudio.TestPlatform.CommandLine.Internal.ConsoleLogger., took 0 ms.
TpTrace Verbose: 0 : 28140, 12, 2024/10/30, 09:31:20.455, 5893817673722, vstest.console.dll, TcpClientExtensions.MessageLoopAsync: NotifyDataAvailable remoteEndPoint: 127.0.0.1:53953 localEndPoint: 127.0.0.1:53952
TpTrace Verbose: 0 : 28140, 12, 2024/10/30, 09:31:20.455, 5893817675504, vstest.console.dll, TestRequestSender.OnExecutionMessageReceived: Received message: {"Version":7,"MessageType":"TestSession.Message","Payload":{"MessageLevel":0,"Message":"NUnit Adapter 4.4.0.0: Test execution complete"}}
TpTrace Verbose: 0 : 28140, 12, 2024/10/30, 09:31:20.455, 5893817676787, vstest.console.dll, TestRunRequest:SendTestRunMessage: Starting.
TpTrace Verbose: 0 : 28140, 12, 2024/10/30, 09:31:20.455, 5893817677484, vstest.console.dll, MulticastDelegateUtilities.SafeInvoke: TestRun.LogMessages: Invoking callback 1/1 for Microsoft.VisualStudio.TestPlatform.CommandLine.TestRunResultAggregator., took 0 ms.
TpTrace Information: 0 : 28140, 12, 2024/10/30, 09:31:20.455, 5893817677871, vstest.console.dll, TestRunRequest:SendTestRunMessage: Completed.
TpTrace Verbose: 0 : 28140, 12, 2024/10/30, 09:31:20.455, 5893817678345, vstest.console.dll, MulticastDelegateUtilities.SafeInvoke: LengthPrefixCommunicationChannel: MessageReceived: Invoking callback 1/1 for Microsoft.VisualStudio.TestPlatform.CommunicationUtilities.TestRequestSender+<>c__DisplayClass34_0., took 0 ms.
TpTrace Verbose: 0 : 28140, 4, 2024/10/30, 09:31:20.455, 5893817678244, vstest.console.dll, MulticastDelegateUtilities.SafeInvoke: InternalTestLoggerEvents.SendTestRunMessage: Invoking callback 1/1 for Microsoft.VisualStudio.TestPlatform.CommandLine.Internal.ConsoleLogger., took 0 ms.
TpTrace Verbose: 0 : 28140, 12, 2024/10/30, 09:31:20.455, 5893817678878, vstest.console.dll, TcpClientExtensions.MessageLoopAsync: Polling on remoteEndPoint: 127.0.0.1:53953 localEndPoint: 127.0.0.1:53952 after 21 ms
TpTrace Verbose: 0 : 28140, 12, 2024/10/30, 09:31:20.484, 5893817969006, vstest.console.dll, TcpClientExtensions.MessageLoopAsync: NotifyDataAvailable remoteEndPoint: 127.0.0.1:53953 localEndPoint: 127.0.0.1:53952
TpTrace Verbose: 0 : 28140, 12, 2024/10/30, 09:31:20.485, 5893817974079, vstest.console.dll, TestRequestSender.OnExecutionMessageReceived: Received message: {"Version":7,"MessageType":"TestExecution.Completed","Payload":{"TestRunCompleteArgs":{"TestRunStatistics":{"ExecutedTests":38,"Stats":{"Passed":24,"Failed":14}},"IsCanceled":false,"IsAborted":false,"Error":null,"AttachmentSets":[],"InvokedDataCollectors":[],"ElapsedTimeInRunningTests":"00:00:01.7733790","Metrics":{},"DiscoveredExtensions":{"TestDiscoverers":["NUnit.VisualStudio.TestAdapter.NUnit3TestDiscoverer, NUnit3.TestAdapter, Version=4.4.0.0, Culture=neutral, PublicKeyToken=4cb40d35494691ac"],"TestExecutors":["executor://NUnit3TestExecutor"],"TestExecutors2":[],"TestSettingsProviders":[]}},"LastRunTests":{"NewTestResults":[{"TestCase":{"Id":"b540781a-d0bb-3cd3-600e-439e7defc327","FullyQualifiedName":"PolicyClaimTest.ClaimTypeServiceTest.ClaimTypeCreate_Test","DisplayName":"ClaimTypeCreate_Test","ExecutorUri":"executor://NUnit3TestExecutor","Source":"C:\\Johnny\\Celsior_Training\\Day33\\PolicyClaimWebApiSolution\\ClaimPolicyTest\\bin\\Debug\\net6.0\\fine-code-coverage\\build-output\\ClaimPolicyTest.dll","CodeFilePath":null,"LineNumber":0,"Properties":[{"Key":{"Id":"NUnit.Seed","Label":"Seed","Category":"","Description":"","Attributes":0,"ValueType":"System.String"},"Value":"1278477619"}]},"Attachments":[],"Outcome":1,"ErrorMessage":null,"ErrorStackTrace":null,"DisplayName":"ClaimTypeCreate_Test","Messages":[],"ComputerName":"5CD413DKRZ","Duration":"00:00:00.0008830","StartTime":"2024-10-30T04:01:20.4242815+00:00","EndTime":"2024-10-30T04:01:20.4251644+00:00","Properties":[{"Key":{"Id":"NUnit.Seed","Label":"Seed","Category":"","Description":"","Attributes":0,"ValueType":"System.String"},"Value":"1278477619"}]},{"TestCase":{"Id":"7880fde7-e85c-ccbe-2f68-71c3e6abebac","FullyQualifiedName":"PolicyClaimTest.ClaimTypeServiceTest.ClaimTypeGet_Test","DisplayName":"ClaimTypeGet_Test","ExecutorUri":"executor://NUnit3TestExecutor","Source":"C:\\Johnny\\Celsior_Training\\Day33\\PolicyClaimWebApiSolution\\ClaimPolicyTest\\bin\\Debug\\net6.0\\fine-code-coverage\\build-output\\ClaimPolicyTest.dll","CodeFilePath":null,"LineNumber":0,"Properties":[{"Key":{"Id":"NUnit.Seed","Label":"Seed","Category":"","Description":"","Attributes":0,"ValueType":"System.String"},"Value":"593750889"}]},"Attachments":[],"Outcome":2,"ErrorMessage":"PolicyClaimWebApi.Exceptions.CouldNotAddException : Fail to add ClaimType","ErrorStackTrace":"   at PolicyClaimWebApi.Repositories.ClaimTypeRepository.Add(ClaimType entity) in C:\\Johnny\\Celsior_Training\\Day33\\PolicyClaimWebApiSolution\\PolicyClaimWebApi\\Repositories\\ClaimTypeRepository.cs:line 26\r\n   at PolicyClaimWebApi.Services.ClaimTypeService.CreateClaimType(ClaimTypeDTO entity) in C:\\Johnny\\Celsior_Training\\Day33\\PolicyClaimWebApiSolution\\PolicyClaimWebApi\\Services\\ClaimTypeService.cs:line 24\r\n   at PolicyClaimTest.ClaimTypeServiceTest.ClaimTypeGet_Test() in C:\\Johnny\\Celsior_Training\\Day33\\PolicyClaimWebApiSolution\\ClaimPolicyTest\\ClaimTypeServiceTest.cs:line 74\r\n   at NUnit.Framework.Internal.TaskAwaitAdapter.GenericAdapter`1.GetResult()\r\n   at NUnit.Framework.Internal.AsyncToSyncAdapter.Await(Func`1 invoke)\r\n   at NUnit.Framework.Internal.Commands.TestMethodCommand.RunTestMethod(TestExecutionContext context)\r\n   at NUnit.Framework.Internal.Commands.TestMethodCommand.Execute(TestExecutionContext context)\r\n   at NUnit.Framework.Internal.Commands.BeforeAndAfterTestCommand.<>c__DisplayClass1_0.<Execute>b__0()\r\n   at NUnit.Framework.Internal.Commands.DelegatingTestCommand.RunTestMethodInThreadAbortSafeZone(TestExecutionContext context, Action action)\n","DisplayName":"ClaimTypeGet_Test","Messages":[],"ComputerName":"5CD413DKRZ","Duration":"00:00:00.0011550","StartTime":"2024-10-30T04:01:20.4251785+00:00","EndTime":"2024-10-30T04:01:20.4263328+00:00","Properties":[{"Key":{"Id":"NUnit.Seed","Label":"Seed","Category":"","Description":"","Attributes":0,"ValueType":"System.String"},"Value":"593750889"}]},{"TestCase":{"Id":"54e5faf4-9d3e-b1fa-deda-cbe92228d693","FullyQualifiedName":"PolicyClaimTest.PolicyRepositoryTest.AddPolicy_Test","DisplayName":"AddPolicy_Test","ExecutorUri":"executor://NUnit3TestExecutor","Source":"C:\\Johnny\\Celsior_Training\\Day33\\PolicyClaimWebApiSolution\\ClaimPolicyTest\\bin\\Debug\\net6.0\\fine-code-coverage\\build-output\\ClaimPolicyTest.dll","CodeFilePath":null,"LineNumber":0,"Properties":[{"Key":{"Id":"NUnit.Seed","Label":"Seed","Category":"","Description":"","Attributes":0,"ValueType":"System.String"},"Value":"27462473"}]},"Attachments":[],"Outcome":1,"ErrorMessage":null,"ErrorStackTrace":null,"DisplayName":"AddPolicy_Test","Messages":[],"ComputerName":"5CD413DKRZ","Duration":"00:00:00.0060610","StartTime":"2024-10-30T04:01:20.4264566+00:00","EndTime":"2024-10-30T04:01:20.4325176+00:00","Properties":[{"Key":{"Id":"NUnit.Seed","Label":"Seed","Category":"","Description":"","Attributes":0,"ValueType":"System.String"},"Value":"27462473"}]},{"TestCase":{"Id":"86d3050c-e471-1bcf-dd88-eeae33ec44b5","FullyQualifiedName":"PolicyClaimTest.PolicyRepositoryTest.GetPolicy_Test","DisplayName":"GetPolicy_Test","ExecutorUri":"executor://NUnit3TestExecutor","Source":"C:\\Johnny\\Celsior_Training\\Day33\\PolicyClaimWebApiSolution\\ClaimPolicyTest\\bin\\Debug\\net6.0\\fine-code-coverage\\build-output\\ClaimPolicyTest.dll","CodeFilePath":null,"LineNumber":0,"Properties":[{"Key":{"Id":"NUnit.Seed","Label":"Seed","Category":"","Description":"","Attributes":0,"ValueType":"System.String"},"Value":"798112010"}]},"Attachments":[],"Outcome":2,"ErrorMessage":"PolicyClaimWebApi.Exceptions.CouldNotAddException : Fail to add Policy","ErrorStackTrace":"   at PolicyClaimWebApi.Repositories.PolicyRepository.Add(Policy entity) in C:\\Johnny\\Celsior_Training\\Day33\\PolicyClaimWebApiSolution\\PolicyClaimWebApi\\Repositories\\PolicyRepository.cs:line 26\r\n   at PolicyClaimTest.PolicyRepositoryTest.GetPolicy_Test() in C:\\Johnny\\Celsior_Training\\Day33\\PolicyClaimWebApiSolution\\ClaimPolicyTest\\PolicyRepositoryTest.cs:line 59\r\n   at NUnit.Framework.Internal.TaskAwaitAdapter.GenericAdapter`1.GetResult()\r\n   at NUnit.Framework.Internal.AsyncToSyncAdapter.Await(Func`1 invoke)\r\n   at NUnit.Framework.Internal.Commands.TestMethodCommand.RunTestMethod(TestExecutionContext context)\r\n   at NUnit.Framework.Internal.Commands.TestMethodCommand.Execute(TestExecutionContext context)\r\n   at NUnit.Framework.Internal.Commands.BeforeAndAfterTestCommand.<>c__DisplayClass1_0.<Execute>b__0()\r\n   at NUnit.Framework.Internal.Commands.DelegatingTestCommand.RunTestMethodInThreadAbortSafeZone(TestExecutionContext context, Action action)\n","DisplayName":"GetPolicy_Test","Messages":[],"ComputerName":"5CD413DKRZ","Duration":"00:00:00.0011840","StartTime":"2024-10-30T04:01:20.4325401+00:00","EndTime":"2024-10-30T04:01:20.4337236+00:00","Properties":[{"Key":{"Id":"NUnit.Seed","Label":"Seed","Category":"","Description":"","Attributes":0,"ValueType":"System.String"},"Value":"798112010"}]},{"TestCase":{"Id":"8eeadb84-c970-f094-8c31-8194a868f3bd","FullyQualifiedName":"PolicyClaimTest.PolicyRepositoryTest.PolicyRepositoryAdd_CouldNotAddException","DisplayName":"PolicyRepositoryAdd_CouldNotAddException","ExecutorUri":"executor://NUnit3TestExecutor","Source":"C:\\Johnny\\Celsior_Training\\Day33\\PolicyClaimWebApiSolution\\ClaimPolicyTest\\bin\\Debug\\net6.0\\fine-code-coverage\\build-output\\ClaimPolicyTest.dll","CodeFilePath":null,"LineNumber":0,"Properties":[{"Key":{"Id":"NUnit.Seed","Label":"Seed","Category":"","Description":"","Attributes":0,"ValueType":"System.String"},"Value":"893384891"}]},"Attachments":[],"Outcome":1,"ErrorMessage":null,"ErrorStackTrace":null,"DisplayName":"PolicyRepositoryAdd_CouldNotAddException","Messages":[],"ComputerName":"5CD413DKRZ","Duration":"00:00:00.0017390","StartTime":"2024-10-30T04:01:20.4337404+00:00","EndTime":"2024-10-30T04:01:20.435479+00:00","Properties":[{"Key":{"Id":"NUnit.Seed","Label":"Seed","Category":"","Description":"","Attributes":0,"ValueType":"System.String"},"Value":"893384891"}]},{"TestCase":{"Id":"ff4f96b5-11e9-a08a-633b-63d577fed85f","FullyQualifiedName":"PolicyClaimTest.PolicyRepositoryTest.PolicyRepositoryGetAll_EmptyCollectionException","DisplayName":"PolicyRepositoryGetAll_EmptyCollectionException","ExecutorUri":"executor://NUnit3TestExecutor","Source":"C:\\Johnny\\Celsior_Training\\Day33\\PolicyClaimWebApiSolution\\ClaimPolicyTest\\bin\\Debug\\net6.0\\fine-code-coverage\\build-output\\ClaimPolicyTest.dll","CodeFilePath":null,"LineNumber":0,"Properties":[{"Key":{"Id":"NUnit.Seed","Label":"Seed","Category":"","Description":"","Attributes":0,"ValueType":"System.String"},"Value":"789808478"}]},"Attachments":[],"Outcome":2,"ErrorMessage":"  Expected: <PolicyClaimWebApi.Exceptions.EmptyCollectionException>\r\n  But was:  null\r\n","ErrorStackTrace":"   at PolicyClaimTest.PolicyRepositoryTest.PolicyRepositoryGetAll_EmptyCollectionException() in C:\\Johnny\\Celsior_Training\\Day33\\PolicyClaimWebApiSolution\\ClaimPolicyTest\\PolicyRepositoryTest.cs:line 87\r\n   at NUnit.Framework.Internal.TaskAwaitAdapter.GenericAdapter`1.GetResult()\r\n   at NUnit.Framework.Internal.AsyncToSyncAdapter.Await(Func`1 invoke)\r\n   at NUnit.Framework.Internal.Commands.TestMethodCommand.RunTestMethod(TestExecutionContext context)\r\n   at NUnit.Framework.Internal.Commands.TestMethodCommand.Execute(TestExecutionContext context)\r\n   at NUnit.Framework.Internal.Commands.BeforeAndAfterTestCommand.<>c__DisplayClass1_0.<Execute>b__0()\r\n   at NUnit.Framework.Internal.Commands.DelegatingTestCommand.RunTestMethodInThreadAbortSafeZone(TestExecutionContext context, Action action)\r\n\n1)    at PolicyClaimTest.PolicyRepositoryTest.PolicyRepositoryGetAll_EmptyCollectionException() in C:\\Johnny\\Celsior_Training\\Day33\\PolicyClaimWebApiSolution\\ClaimPolicyTest\\PolicyRepositoryTest.cs:line 87\r\n   at System.Runtime.CompilerServices.AsyncMethodBuilderCore.Start[TStateMachine](TStateMachine& stateMachine)\r\n   at PolicyClaimTest.PolicyRepositoryTest.PolicyRepositoryGetAll_EmptyCollectionException()\r\n\n","DisplayName":"PolicyRepositoryGetAll_EmptyCollectionException","Messages":[],"ComputerName":"5CD413DKRZ","Duration":"00:00:00.0051800","StartTime":"2024-10-30T04:01:20.4354975+00:00","EndTime":"2024-10-30T04:01:20.4406769+00:00","Properties":[{"Key":{"Id":"NUnit.Seed","Label":"Seed","Category":"","Description":"","Attributes":0,"ValueType":"System.String"},"Value":"789808478"}]},{"TestCase":{"Id":"8d1b1f64-0a56-b403-a9b0-24dec806b47a","FullyQualifiedName":"PolicyClaimTest.PolicyServiceTest.PolicyCreate_Test","DisplayName":"PolicyCreate_Test","ExecutorUri":"executor://NUnit3TestExecutor","Source":"C:\\Johnny\\Celsior_Training\\Day33\\PolicyClaimWebApiSolution\\ClaimPolicyTest\\bin\\Debug\\net6.0\\fine-code-coverage\\build-output\\ClaimPolicyTest.dll","CodeFilePath":null,"LineNumber":0,"Properties":[{"Key":{"Id":"NUnit.Seed","Label":"Seed","Category":"","Description":"","Attributes":0,"ValueType":"System.String"},"Value":"1857149069"}]},"Attachments":[],"Outcome":2,"ErrorMessage":"PolicyClaimWebApi.Exceptions.CouldNotAddException : Fail to add Policy","ErrorStackTrace":"   at PolicyClaimWebApi.Repositories.PolicyRepository.Add(Policy entity) in C:\\Johnny\\Celsior_Training\\Day33\\PolicyClaimWebApiSolution\\PolicyClaimWebApi\\Repositories\\PolicyRepository.cs:line 26\r\n   at PolicyClaimWebApi.Services.PolicyService.CreatePolicy(PolicyDTO entity) in C:\\Johnny\\Celsior_Training\\Day33\\PolicyClaimWebApiSolution\\PolicyClaimWebApi\\Services\\PolicyService.cs:line 23\r\n   at PolicyClaimTest.PolicyServiceTest.PolicyCreate_Test() in C:\\Johnny\\Celsior_Training\\Day33\\PolicyClaimWebApiSolution\\ClaimPolicyTest\\PolicyServiceTest.cs:line 47\r\n   at NUnit.Framework.Internal.TaskAwaitAdapter.GenericAdapter`1.GetResult()\r\n   at NUnit.Framework.Internal.AsyncToSyncAdapter.Await(Func`1 invoke)\r\n   at NUnit.Framework.Internal.Commands.TestMethodCommand.RunTestMethod(TestExecutionContext context)\r\n   at NUnit.Framework.Internal.Commands.TestMethodCommand.Execute(TestExecutionContext context)\r\n   at NUnit.Framework.Internal.Commands.BeforeAndAfterTestCommand.<>c__DisplayClass1_0.<Execute>b__0()\r\n   at NUnit.Framework.Internal.Commands.DelegatingTestCommand.RunTestMethodInThreadAbortSafeZone(TestExecutionContext context, Action action)\n","DisplayName":"PolicyCreate_Test","Messages":[],"ComputerName":"5CD413DKRZ","Duration":"00:00:00.0019220","StartTime":"2024-10-30T04:01:20.4408029+00:00","EndTime":"2024-10-30T04:01:20.4427248+00:00","Properties":[{"Key":{"Id":"NUnit.Seed","Label":"Seed","Category":"","Description":"","Attributes":0,"ValueType":"System.String"},"Value":"1857149069"}]},{"TestCase":{"Id":"5caa1173-b1e2-3dce-1652-26eb8c5d7335","FullyQualifiedName":"PolicyClaimTest.PolicyServiceTest.PolicyGet_Test","DisplayName":"PolicyGet_Test","ExecutorUri":"executor://NUnit3TestExecutor","Source":"C:\\Johnny\\Celsior_Training\\Day33\\PolicyClaimWebApiSolution\\ClaimPolicyTest\\bin\\Debug\\net6.0\\fine-code-coverage\\build-output\\ClaimPolicyTest.dll","CodeFilePath":null,"LineNumber":0,"Properties":[{"Key":{"Id":"NUnit.Seed","Label":"Seed","Category":"","Description":"","Attributes":0,"ValueType":"System.String"},"Value":"1445522672"}]},"Attachments":[],"Outcome":2,"ErrorMessage":"PolicyClaimWebApi.Exceptions.CouldNotAddException : Fail to add Policy","ErrorStackTrace":"   at PolicyClaimWebApi.Repositories.PolicyRepository.Add(Policy entity) in C:\\Johnny\\Celsior_Training\\Day33\\PolicyClaimWebApiSolution\\PolicyClaimWebApi\\Repositories\\PolicyRepository.cs:line 26\r\n   at PolicyClaimWebApi.Services.PolicyService.CreatePolicy(PolicyDTO entity) in C:\\Johnny\\Celsior_Training\\Day33\\PolicyClaimWebApiSolution\\PolicyClaimWebApi\\Services\\PolicyService.cs:line 23\r\n   at PolicyClaimTest.PolicyServiceTest.PolicyGet_Test() in C:\\Johnny\\Celsior_Training\\Day33\\PolicyClaimWebApiSolution\\ClaimPolicyTest\\PolicyServiceTest.cs:line 69\r\n   at NUnit.Framework.Internal.TaskAwaitAdapter.GenericAdapter`1.GetResult()\r\n   at NUnit.Framework.Internal.AsyncToSyncAdapter.Await(Func`1 invoke)\r\n   at NUnit.Framework.Internal.Commands.TestMethodCommand.RunTestMethod(TestExecutionContext context)\r\n   at NUnit.Framework.Internal.Commands.TestMethodCommand.Execute(TestExecutionContext context)\r\n   at NUnit.Framework.Internal.Commands.BeforeAndAfterTestCommand.<>c__DisplayClass1_0.<Execute>b__0()\r\n   at NUnit.Framework.Internal.Commands.DelegatingTestCommand.RunTestMethodInThreadAbortSafeZone(TestExecutionContext context, Action action)\n","DisplayName":"PolicyGet_Test","Messages":[],"ComputerName":"5CD413DKRZ","Duration":"00:00:00.0010839","StartTime":"2024-10-30T04:01:20.4427401+00:00","EndTime":"2024-10-30T04:01:20.4438238+00:00","Properties":[{"Key":{"Id":"NUnit.Seed","Label":"Seed","Category":"","Description":"","Attributes":0,"ValueType":"System.String"},"Value":"1445522672"}]}],"TestRunStatistics":{"ExecutedTests":38,"Stats":{"Passed":24,"Failed":14}},"ActiveTests":[]},"RunAttachments":[],"ExecutorUris":["executor://nunit3testexecutor/"]}}
TpTrace Verbose: 0 : 28140, 12, 2024/10/30, 09:31:20.485, 5893817976872, vstest.console.dll, TestRequestSender.EndSession: Sending end session.
TpTrace Verbose: 0 : 28140, 12, 2024/10/30, 09:31:20.485, 5893817979242, vstest.console.dll, ProxyOperationManager.Close: waiting for test host to exit for 100 ms
TpTrace Verbose: 0 : 28140, 11, 2024/10/30, 09:31:20.503, 5893818152530, vstest.console.dll, TestHostManagerCallbacks.StandardOutputReceivedCallback Test host standard output line: 
TpTrace Warning: 0 : 28140, 7, 2024/10/30, 09:31:20.503, 5893818152537, vstest.console.dll, TestHostManagerCallbacks.ErrorReceivedCallback Test host standard error line: 
TpTrace Verbose: 0 : 28140, 7, 2024/10/30, 09:31:20.516, 5893818281520, vstest.console.dll, TestHostProvider.ExitCallBack: Host exited starting callback.
TpTrace Information: 0 : 28140, 7, 2024/10/30, 09:31:20.516, 5893818283686, vstest.console.dll, TestHostManagerCallbacks.ExitCallBack: Testhost processId: 15844 exited with exitcode: 0 error: ''
TpTrace Verbose: 0 : 28140, 7, 2024/10/30, 09:31:20.516, 5893818284384, vstest.console.dll, DotnetTestHostManager.OnHostExited: invoking OnHostExited callback
TpTrace Verbose: 0 : 28140, 7, 2024/10/30, 09:31:20.516, 5893818285178, vstest.console.dll, CrossPlatEngine.TestHostManagerHostExited: calling on client process exit callback.
TpTrace Information: 0 : 28140, 7, 2024/10/30, 09:31:20.516, 5893818286078, vstest.console.dll, TestRequestSender.OnClientProcessExit: Test host process exited. Standard error: 
TpTrace Information: 0 : 28140, 7, 2024/10/30, 09:31:20.516, 5893818286731, vstest.console.dll, SocketServer.Stop: Stop server endPoint: 127.0.0.1:53952
TpTrace Information: 0 : 28140, 12, 2024/10/30, 09:31:20.516, 5893818286750, vstest.console.dll, SocketServer.Stop: Stop server endPoint: 127.0.0.1:53952
TpTrace Information: 0 : 28140, 12, 2024/10/30, 09:31:20.516, 5893818288100, vstest.console.dll, SocketServer.Stop: Cancellation requested. Stopping message loop.
TpTrace Information: 0 : 28140, 7, 2024/10/30, 09:31:20.516, 5893818287283, vstest.console.dll, SocketServer.Stop: Cancellation requested. Stopping message loop.
TpTrace Verbose: 0 : 28140, 7, 2024/10/30, 09:31:20.516, 5893818289669, vstest.console.dll, MulticastDelegateUtilities.SafeInvoke: HostProviderEvents.OnHostExited: Invoking callback 1/1 for Microsoft.VisualStudio.TestPlatform.CrossPlatEngine.Client.ProxyOperationManager., took 0 ms.
TpTrace Information: 0 : 28140, 12, 2024/10/30, 09:31:20.517, 5893818289826, vstest.console.dll, Closing the connection
TpTrace Verbose: 0 : 28140, 12, 2024/10/30, 09:31:20.517, 5893818293830, vstest.console.dll, ProxyDataCollectionManager.InvokeDataCollectionServiceAction: Starting.
TpTrace Information: 0 : 28140, 12, 2024/10/30, 09:31:20.517, 5893818294800, vstest.console.dll, ProxyDataCollectionManager.AfterTestRunEnd: Get attachment set and invoked data collectors processId: 17252 port: 53949
TpTrace Verbose: 0 : 28140, 12, 2024/10/30, 09:31:20.517, 5893818295629, vstest.console.dll, DataCollectionRequestSender.SendAfterTestRunStartAndGetResult: Send AfterTestRunEnd message with isCancelled: False
TpTrace Verbose: 0 : 28140, 12, 2024/10/30, 09:31:20.523, 5893818354786, vstest.console.dll, DataCollectionRequestSender.SendAfterTestRunStartAndGetResult: Received message: (DataCollection.AfterTestRunEndResult) -> {"MessageType":"DataCollection.AfterTestRunEndResult","Payload":{"AttachmentSets":[],"InvokedDataCollectors":[{"Uri":"datacollector://Microsoft/TestPlatform/Extensions/Blame/v1","FriendlyName":"Blame","AssemblyQualifiedName":"Microsoft.TestPlatform.Extensions.BlameDataCollector.BlameCollector, Microsoft.TestPlatform.Extensions.BlameDataCollector, Version=15.0.0.0, Culture=neutral, PublicKeyToken=b03f5f7f11d50a3a","FilePath":"C:\\Program Files\\dotnet\\sdk\\8.0.400\\Extensions\\Microsoft.TestPlatform.Extensions.BlameDataCollector.dll","HasAttachmentProcessor":false}],"Metrics":{}}}
TpTrace Information: 0 : 28140, 12, 2024/10/30, 09:31:20.530, 5893818425738, vstest.console.dll, ProxyDataCollectionManager.InvokeDataCollectionServiceAction: Completed.
TpTrace Warning: 0 : 28140, 10, 2024/10/30, 09:31:20.530, 5893818425662, vstest.console.dll, DataCollectionLauncher.ErrorReceivedCallback datacollector standard error line: 
TpTrace Information: 0 : 28140, 10, 2024/10/30, 09:31:20.538, 5893818506359, vstest.console.dll, DataCollectionLauncher.ExitCallBack: Data collector exited with exitcode: 0 error: ''
TpTrace Verbose: 0 : 28140, 12, 2024/10/30, 09:31:20.569, 5893818812122, vstest.console.dll, TestRunRequest:SendTestRunStatsChange: Starting.
TpTrace Verbose: 0 : 28140, 12, 2024/10/30, 09:31:20.569, 5893818814389, vstest.console.dll, MulticastDelegateUtilities.SafeInvoke: TestRun.RunStatsChanged: Invoking callbacks was skipped because there are no subscribers.
TpTrace Information: 0 : 28140, 12, 2024/10/30, 09:31:20.569, 5893818815084, vstest.console.dll, TestRunRequest:SendTestRunStatsChange: Completed.
TpTrace Verbose: 0 : 28140, 4, 2024/10/30, 09:31:20.569, 5893818815324, vstest.console.dll, MulticastDelegateUtilities.SafeInvoke: InternalTestLoggerEvents.SendTestResult: Invoking callback 1/1 for Microsoft.VisualStudio.TestPlatform.CommandLine.Internal.ConsoleLogger., took 0 ms.
TpTrace Verbose: 0 : 28140, 4, 2024/10/30, 09:31:20.569, 5893818819567, vstest.console.dll, MulticastDelegateUtilities.SafeInvoke: InternalTestLoggerEvents.SendTestResult: Invoking callback 1/1 for Microsoft.VisualStudio.TestPlatform.CommandLine.Internal.ConsoleLogger., took 0 ms.
TpTrace Verbose: 0 : 28140, 12, 2024/10/30, 09:31:20.570, 5893818819731, vstest.console.dll, ParallelProxyExecutionManager: HandlePartialRunComplete: Total workloads = 1, Total started clients = 1 Total completed clients = 1, Run complete = True, Run canceled: False.
TpTrace Verbose: 0 : 28140, 12, 2024/10/30, 09:31:20.570, 5893818822036, vstest.console.dll, ParallelProxyExecutionManager: HandlePartialRunComplete: All runs completed stopping all managers.
TpTrace Verbose: 0 : 28140, 4, 2024/10/30, 09:31:20.570, 5893818821016, vstest.console.dll, MulticastDelegateUtilities.SafeInvoke: InternalTestLoggerEvents.SendTestResult: Invoking callback 1/1 for Microsoft.VisualStudio.TestPlatform.CommandLine.Internal.ConsoleLogger., took 0 ms.
TpTrace Verbose: 0 : 28140, 12, 2024/10/30, 09:31:20.570, 5893818822875, vstest.console.dll, ParallelOperationManager.StopAllManagers: Stopping all managers.
TpTrace Verbose: 0 : 28140, 12, 2024/10/30, 09:31:20.570, 5893818824721, vstest.console.dll, ParallelOperationManager.ClearSlots: Clearing all slots. Slots should accept more work: False
TpTrace Verbose: 0 : 28140, 12, 2024/10/30, 09:31:20.570, 5893818825681, vstest.console.dll, ParallelOperationManager.SetOccupiedSlotCount: Setting slot counts AvailableSlotCount = 1, OccupiedSlotCount = 0.
TpTrace Verbose: 0 : 28140, 4, 2024/10/30, 09:31:20.570, 5893818826583, vstest.console.dll, MulticastDelegateUtilities.SafeInvoke: InternalTestLoggerEvents.SendTestResult: Invoking callback 1/1 for Microsoft.VisualStudio.TestPlatform.CommandLine.Internal.ConsoleLogger., took 0 ms.
TpTrace Verbose: 0 : 28140, 12, 2024/10/30, 09:31:20.570, 5893818826635, vstest.console.dll, Occupied slots:

TpTrace Verbose: 0 : 28140, 4, 2024/10/30, 09:31:20.570, 5893818828022, vstest.console.dll, MulticastDelegateUtilities.SafeInvoke: InternalTestLoggerEvents.SendTestResult: Invoking callback 1/1 for Microsoft.VisualStudio.TestPlatform.CommandLine.Internal.ConsoleLogger., took 0 ms.
TpTrace Verbose: 0 : 28140, 4, 2024/10/30, 09:31:20.571, 5893818831361, vstest.console.dll, MulticastDelegateUtilities.SafeInvoke: InternalTestLoggerEvents.SendTestResult: Invoking callback 1/1 for Microsoft.VisualStudio.TestPlatform.CommandLine.Internal.ConsoleLogger., took 0 ms.
TpTrace Verbose: 0 : 28140, 4, 2024/10/30, 09:31:20.571, 5893818834500, vstest.console.dll, MulticastDelegateUtilities.SafeInvoke: InternalTestLoggerEvents.SendTestResult: Invoking callback 1/1 for Microsoft.VisualStudio.TestPlatform.CommandLine.Internal.ConsoleLogger., took 0 ms.
TpTrace Verbose: 0 : 28140, 4, 2024/10/30, 09:31:20.571, 5893818837282, vstest.console.dll, MulticastDelegateUtilities.SafeInvoke: InternalTestLoggerEvents.SendTestResult: Invoking callback 1/1 for Microsoft.VisualStudio.TestPlatform.CommandLine.Internal.ConsoleLogger., took 0 ms.
TpTrace Verbose: 0 : 28140, 4, 2024/10/30, 09:31:20.581, 5893818933427, vstest.console.dll, MulticastDelegateUtilities.SafeInvoke: InternalTestLoggerEvents.SendTestRunComplete: Invoking callback 1/2 for Microsoft.TestPlatform.Extensions.BlameDataCollector.BlameLogger., took 0 ms.
TpTrace Verbose: 0 : 28140, 4, 2024/10/30, 09:31:20.588, 5893818999866, vstest.console.dll, MulticastDelegateUtilities.SafeInvoke: InternalTestLoggerEvents.SendTestRunComplete: Invoking callback 2/2 for Microsoft.VisualStudio.TestPlatform.CommandLine.Internal.ConsoleLogger., took 6 ms.
TpTrace Verbose: 0 : 28140, 12, 2024/10/30, 09:31:20.588, 5893819003572, vstest.console.dll, TestRunRequest:TestRunComplete: Starting. IsAborted:False IsCanceled:False.
TpTrace Verbose: 0 : 28140, 12, 2024/10/30, 09:31:20.588, 5893819005684, vstest.console.dll, ParallelOperationManager.DoActionOnAllManagers: Calling an action on all managers.
TpTrace Verbose: 0 : 28140, 12, 2024/10/30, 09:31:20.589, 5893819012593, vstest.console.dll, TestLoggerManager.HandleTestRunComplete: Ignoring as the object is disposed.
TpTrace Verbose: 0 : 28140, 12, 2024/10/30, 09:31:20.589, 5893819014424, vstest.console.dll, MulticastDelegateUtilities.SafeInvoke: TestRun.TestRunComplete: Invoking callback 1/2 for Microsoft.VisualStudio.TestPlatform.CommandLine.TestRunResultAggregator., took 0 ms.
TpTrace Verbose: 0 : 28140, 12, 2024/10/30, 09:31:20.589, 5893819015484, vstest.console.dll, MulticastDelegateUtilities.SafeInvoke: TestRun.TestRunComplete: Invoking callback 2/2 for Microsoft.VisualStudio.TestPlatform.CommandLine.Processors.RunTestsArgumentExecutor+TestRunRequestEventsRegistrar., took 0 ms.
TpTrace Information: 0 : 28140, 12, 2024/10/30, 09:31:20.589, 5893819016424, vstest.console.dll, TestRunRequest:TestRunComplete: Completed.
TpTrace Verbose: 0 : 28140, 12, 2024/10/30, 09:31:20.589, 5893819016869, vstest.console.dll, TestRequestSender.SetOperationComplete: Setting operation complete.
TpTrace Verbose: 0 : 28140, 1, 2024/10/30, 09:31:20.589, 5893819017097, vstest.console.dll, TestRunRequest.Dispose: Starting.
TpTrace Information: 0 : 28140, 1, 2024/10/30, 09:31:20.589, 5893819018261, vstest.console.dll, TestRunRequest.Dispose: Completed.
TpTrace Information: 0 : 28140, 1, 2024/10/30, 09:31:20.589, 5893819018839, vstest.console.dll, TestRequestManager.RunTests: run tests completed.
TpTrace Information: 0 : 28140, 12, 2024/10/30, 09:31:20.589, 5893819017273, vstest.console.dll, SocketServer.Stop: Stop server endPoint: 127.0.0.1:53952
TpTrace Information: 0 : 28140, 1, 2024/10/30, 09:31:20.589, 5893819019526, vstest.console.dll, RunTestsArgumentProcessor:Execute: Test run is completed.
TpTrace Information: 0 : 28140, 12, 2024/10/30, 09:31:20.590, 5893819020442, vstest.console.dll, SocketServer.Stop: Cancellation requested. Stopping message loop.
TpTrace Verbose: 0 : 28140, 1, 2024/10/30, 09:31:20.590, 5893819022969, vstest.console.dll, Executor.Execute: Exiting with exit code of 1
TpTrace Verbose: 0 : 28140, 12, 2024/10/30, 09:31:20.590, 5893819022939, vstest.console.dll, MulticastDelegateUtilities.SafeInvoke: LengthPrefixCommunicationChannel: MessageReceived: Invoking callback 1/1 for Microsoft.VisualStudio.TestPlatform.CommunicationUtilities.TestRequestSender+<>c__DisplayClass34_0., took 104 ms.
TpTrace Information: 0 : 28140, 12, 2024/10/30, 09:31:20.590, 5893819024966, vstest.console.dll, SocketServer.PrivateStop: Stopping server endPoint: 127.0.0.1:53952 error: 
